\BOOKMARK [-1][-]{part.1}{I STAT528 Topics}{}% 1
\BOOKMARK [0][-]{chapter.1}{Data, Models, Statistics, Parameters}{part.1}% 2
\BOOKMARK [1][-]{section.1.1}{Distributions of Functions of a Random Variable}{chapter.1}% 3
\BOOKMARK [0][-]{chapter.2}{Decision Theory \(Bayes and Minimax Criteria, Risk Functions, Estimation and Testing in Terms of the Decision Theoretic Framework}{part.1}% 4
\BOOKMARK [0][-]{chapter.3}{Bayesian Models, Conjugate \(and Other\) Prior Distributions}{part.1}% 5
\BOOKMARK [0][-]{chapter.4}{Prediction \(Optimal MSPE and Optimal Linear MSPE\)}{part.1}% 6
\BOOKMARK [0][-]{chapter.5}{Sufficiency \(Factorization Theorem\)}{part.1}% 7
\BOOKMARK [0][-]{chapter.6}{Natural Sufficient Statistics}{part.1}% 8
\BOOKMARK [0][-]{chapter.7}{Minimal Sufficiency}{part.1}% 9
\BOOKMARK [0][-]{chapter.8}{Estimation \(Least Squares, MLE, Frequency Plug-in, Method of Moments, Combinations of These\)}{part.1}% 10
\BOOKMARK [0][-]{chapter.9}{Exponential Families \046 Properties, Canonical Exponential Families \(\046 Fisher Information\)}{part.1}% 11
\BOOKMARK [0][-]{chapter.10}{Information Inequality, Fisher Information, UMVU Estimates, Cramer-Rao Lower Bound}{part.1}% 12
\BOOKMARK [0][-]{chapter.11}{Neyman-Pearson Testing Theory \(Form, MP Test, UMP Test, MLR Family, Likelihood Ratio Tests\)}{part.1}% 13
\BOOKMARK [0][-]{chapter.12}{Asymptotic Approximation / Large Sample Theory \(Consistency, Delta Method, Asymptotic Normality of MLE, Slutsky's Theorem, Efficiency, Pearson's Chi-Square\)}{part.1}% 14
\BOOKMARK [-1][-]{part.2}{II Stat 553 Topics}{}% 15
\BOOKMARK [0][-]{chapter.13}{Linear Models, Estimable Functions, Least Squares Estimates=LSE, Normal Equations, Projections, Gauss Markov Theorem, BLUE}{part.2}% 16
\BOOKMARK [0][-]{chapter.14}{Multivariate Normal Distribution and Distribution of Linear and Quadratic Forms}{part.2}% 17
\BOOKMARK [0][-]{chapter.15}{Properties of LSE and Generalized LSE}{part.2}% 18
\BOOKMARK [0][-]{chapter.16}{General Linear Hypothesis=GLH, Testing of GLH}{part.2}% 19
\BOOKMARK [0][-]{chapter.17}{Orthogonalization of Design Matrix and Canonical Reduction of GLH; Adding Variables To The Model}{part.2}% 20
\BOOKMARK [0][-]{chapter.18}{Correlation, Multiple Correlation and Partial Correlation}{part.2}% 21
\BOOKMARK [0][-]{chapter.19}{Confidence Regions and Prediction Regions}{part.2}% 22
\BOOKMARK [0][-]{chapter.20}{Simultaneous Confidence Sets, Bonferroni, Scheffe Projection Method, Tukey Studentized Range}{part.2}% 23
\BOOKMARK [0][-]{chapter.21}{Introduction to Design of Experiments, ANOVA and ANOCOVA, Factorial and Block Designs, Random, Fixed and Mixed Models, Components of Variance}{part.2}% 24
\BOOKMARK [0][-]{chapter.22}{Hierarchial Bayes Analysis of Variance; \(Schervish Ch. 8, 8.1,8.2\) Partial Exchangeability and Hierarchical, Models, Examples and Representations, Normal One Way ANOVA and Two Way Mixed Model ANOVA}{part.2}% 25
