Traceback (most recent call last):
  File "c:\users\ximta\appdata\local\programs\python\python37\lib\site-packages\jupyter_cache\executors\utils.py", line 56, in single_nb_execution
    record_timing=False,
  File "c:\users\ximta\appdata\local\programs\python\python37\lib\site-packages\nbclient\client.py", line 1112, in execute
    return NotebookClient(nb=nb, resources=resources, km=km, **kwargs).execute()
  File "c:\users\ximta\appdata\local\programs\python\python37\lib\site-packages\nbclient\util.py", line 74, in wrapped
    return just_run(coro(*args, **kwargs))
  File "c:\users\ximta\appdata\local\programs\python\python37\lib\site-packages\nbclient\util.py", line 53, in just_run
    return loop.run_until_complete(coro)
  File "c:\users\ximta\appdata\local\programs\python\python37\lib\asyncio\base_events.py", line 583, in run_until_complete
    return future.result()
  File "c:\users\ximta\appdata\local\programs\python\python37\lib\site-packages\nbclient\client.py", line 554, in async_execute
    cell, index, execution_count=self.code_cells_executed + 1
  File "c:\users\ximta\appdata\local\programs\python\python37\lib\site-packages\nbclient\client.py", line 857, in async_execute_cell
    self._check_raise_for_error(cell, exec_reply)
  File "c:\users\ximta\appdata\local\programs\python\python37\lib\site-packages\nbclient\client.py", line 760, in _check_raise_for_error
    raise CellExecutionError.from_cell_and_msg(cell, exec_reply_content)
nbclient.exceptions.CellExecutionError: An error occurred while executing the following cell:
------------------
# The Quant Handbook

You can also create content with Jupyter Notebooks. This means that you can include
code blocks and their outputs in your book.

## Markdown + notebooks

As it is markdown, you can embed images, HTML, etc into your posts!

![](https://myst-parser.readthedocs.io/en/latest/_static/logo.png)

You an also $add_{math}$ and

$$
math^{blocks}
$$

or

$$
\begin{aligned}
\mbox{mean} la_{tex} \\ \\
math blocks
\end{aligned}
$$

But make sure you \$Escape \$your \$dollar signs \$you want to keep!

$$
\int_0^\infty \sin (x) dx
$$

## MyST markdown

MyST markdown works in Jupyter Notebooks as well. For more information about MyST markdown, check
out [the MyST guide in Jupyter Book](https://jupyterbook.org/content/myst.html),
or see [the MyST markdown documentation](https://myst-parser.readthedocs.io/en/latest/).

## Code blocks and outputs

Jupyter Book will also embed your code blocks and output in your book.
For example, here's some sample Matplotlib code:
------------------

[1;36m  File [1;32m"<ipython-input-1-264c66a61ad9>"[1;36m, line [1;32m3[0m
[1;33m    You can also create content with Jupyter Notebooks. This means that you can include[0m
[1;37m          ^[0m
[1;31mSyntaxError[0m[1;31m:[0m invalid syntax

SyntaxError: invalid syntax (<ipython-input-1-264c66a61ad9>, line 3)

