\BOOKMARK [-1][-]{part.1}{I Theory}{}% 1
\BOOKMARK [0][-]{chapter.1}{Preliminaries}{part.1}% 2
\BOOKMARK [0][-]{chapter.2}{Vector Calculus}{part.1}% 3
\BOOKMARK [1][-]{section.2.1}{Vector Algebra}{chapter.2}% 4
\BOOKMARK [2][-]{subsection.2.1.1}{Dot Product}{section.2.1}% 5
\BOOKMARK [2][-]{subsection.2.1.2}{Cross Product}{section.2.1}% 6
\BOOKMARK [2][-]{subsection.2.1.3}{Scalar Triple Product}{section.2.1}% 7
\BOOKMARK [2][-]{subsection.2.1.4}{Vector Triple Product}{section.2.1}% 8
\BOOKMARK [1][-]{section.2.2}{Line, Surface, and Volume Integrals}{chapter.2}% 9
\BOOKMARK [0][-]{chapter.3}{Vector Spaces}{part.1}% 10
\BOOKMARK [1][-]{section.3.1}{Vector Space}{chapter.3}% 11
\BOOKMARK [1][-]{section.3.2}{Subspaces}{chapter.3}% 12
\BOOKMARK [2][-]{subsection.3.2.1}{Four Important Subspaces: the row, column, null, and left null space}{section.3.2}% 13
\BOOKMARK [1][-]{section.3.3}{Bases and Dimension}{chapter.3}% 14
\BOOKMARK [1][-]{section.3.4}{Coordinates}{chapter.3}% 15
\BOOKMARK [0][-]{chapter.4}{Vector and Matrix Calculus}{part.1}% 16
\BOOKMARK [1][-]{section.4.1}{Functions of Vectors}{chapter.4}% 17
\BOOKMARK [2][-]{subsection.4.1.1}{Inner Product}{section.4.1}% 18
\BOOKMARK [2][-]{subsection.4.1.2}{Outer Product}{section.4.1}% 19
\BOOKMARK [2][-]{subsection.4.1.3}{Cross Product}{section.4.1}% 20
\BOOKMARK [1][-]{section.4.2}{Functions of Matrices}{chapter.4}% 21
\BOOKMARK [2][-]{subsection.4.2.1}{Matrix Determinant}{section.4.2}% 22
\BOOKMARK [2][-]{subsection.4.2.2}{Matrix Exponential}{section.4.2}% 23
\BOOKMARK [1][-]{section.4.3}{Functions of Vectors and Matrices}{chapter.4}% 24
\BOOKMARK [2][-]{subsection.4.3.1}{Linear Forms: One Vector as Argument}{section.4.3}% 25
\BOOKMARK [2][-]{subsection.4.3.2}{Bilinear and Quadratic Forms: Two Vectors as Argument}{section.4.3}% 26
\BOOKMARK [1][-]{section.4.4}{Derivatives of Vectors and Matrices}{chapter.4}% 27
\BOOKMARK [2][-]{subsection.4.4.1}{Derivatives of a Vector or Matrix with Respect to a Scalar}{section.4.4}% 28
\BOOKMARK [1][-]{section.4.5}{Integration of Vectors and Matrices}{chapter.4}% 29
\BOOKMARK [0][-]{chapter.5}{Some Intuitive Explanations}{part.1}% 30
\BOOKMARK [1][-]{section.5.1}{Eigenvalues and Singular Values}{chapter.5}% 31
\BOOKMARK [1][-]{section.5.2}{SVD, PCA, and Change of Basis}{chapter.5}% 32
\BOOKMARK [-1][-]{part.2}{II Techniques}{}% 33
\BOOKMARK [0][-]{chapter.6}{Schur Complement and LU Decomposition}{part.2}% 34
\BOOKMARK [1][-]{section.6.1}{Preliminaries}{chapter.6}% 35
\BOOKMARK [1][-]{section.6.2}{Schur Complement and LU Decomposition}{chapter.6}% 36
\BOOKMARK [0][-]{chapter.7}{The Ax=b Problem}{part.2}% 37
\BOOKMARK [1][-]{section.7.1}{Solving a Linear System of Equations}{chapter.7}% 38
\BOOKMARK [1][-]{section.7.2}{The Vector Spaces of a Matrix}{chapter.7}% 39
\BOOKMARK [1][-]{section.7.3}{Matrix Inverse: redBinomial inverse theorem, Schur Complement, Blockwise Inversion}{chapter.7}% 40
\BOOKMARK [0][-]{chapter.8}{The Ax=x Problem}{part.2}% 41
\BOOKMARK [0][-]{chapter.9}{Special Square Matrices}{part.2}% 42
\BOOKMARK [1][-]{section.9.1}{Elementary Matrices}{chapter.9}% 43
\BOOKMARK [1][-]{section.9.2}{Permutation Matrices}{chapter.9}% 44
\BOOKMARK [1][-]{section.9.3}{Projection Matrices}{chapter.9}% 45
\BOOKMARK [1][-]{section.9.4}{Orthogonal Matrices}{chapter.9}% 46
\BOOKMARK [1][-]{section.9.5}{Positive Definite Matrices}{chapter.9}% 47
\BOOKMARK [0][-]{chapter.10}{Matrix Decomposition}{part.2}% 48
\BOOKMARK [1][-]{section.10.1}{LU Decomposition}{chapter.10}% 49
\BOOKMARK [1][-]{section.10.2}{QR Decomposition}{chapter.10}% 50
\BOOKMARK [1][-]{section.10.3}{Cholesky Decomposition}{chapter.10}% 51
\BOOKMARK [1][-]{section.10.4}{Symmetric Positive Definite \(s.p.d.\) Matrices}{chapter.10}% 52
\BOOKMARK [2][-]{subsection.10.4.1}{Cholesky Decomposition}{section.10.4}% 53
\BOOKMARK [2][-]{subsection.10.4.2}{Cholesky Decomposition}{section.10.4}% 54
\BOOKMARK [1][-]{section.10.5}{Singular Value Decomposition \(SVD\)}{chapter.10}% 55
\BOOKMARK [1][-]{section.10.6}{Eigendecomposition}{chapter.10}% 56
\BOOKMARK [1][-]{section.10.7}{Jordan Decomposition}{chapter.10}% 57
\BOOKMARK [1][-]{section.10.8}{Schur Decomposition}{chapter.10}% 58
\BOOKMARK [-1][-]{part.3}{III Topics}{}% 59
\BOOKMARK [0][-]{chapter.11}{Minors and Cofactors}{part.3}% 60
\BOOKMARK [1][-]{section.11.1}{Definition}{chapter.11}% 61
\BOOKMARK [1][-]{section.11.2}{The Cramer's Rule and the Adjugate Matrix}{chapter.11}% 62
