This is pdfTeX, Version 3.14159265-2.6-1.40.21 (MiKTeX 21.1) (preloaded format=pdflatex 2021.2.18)  12 APR 2021 15:54
entering extended mode
**./LaTeX/InterviewQuestionBank.tex
(LaTeX/InterviewQuestionBank.tex
LaTeX2e <2020-10-01> patch level 4
L3 programming layer <2021-01-09> xparse <2020-03-03>
(C:\Users\XiMTa\AppData\Roaming\MiKTeX\tex/latex/memoir\memoir.cls
Document Class: memoir 2020/10/04 v3.7n configurable book, report, article docu
ment class
\onelineskip=\skip47
\lxvchars=\skip48
\xlvchars=\skip49
\@memcnta=\count177
\c@@memmarkcntra=\count178
("C:\Program Files\MiKTeX\tex/generic/iftex\iftex.sty"
Package: iftex 2020/03/06 v1.0d TeX engine tests
)
\stockheight=\skip50
\stockwidth=\skip51
\trimtop=\skip52
\trimedge=\skip53

(C:\Users\XiMTa\AppData\Roaming\MiKTeX\tex/latex/memoir\mem10.clo
File: mem10.clo 2008/01/30 v0.3 memoir class 10pt size option
)
\binding=\skip54
\spinemargin=\skip55
\foremargin=\skip56
\uppermargin=\skip57
\lowermargin=\skip58
\headdrop=\skip59
\normalrulethickness=\skip60
\mem@maxheadheight=\skip61
\mem@maxfootheight=\skip62
\headwidth=\skip63
\c@storedpagenumber=\count179
\memPD=\dimen138
\m@mabparskip=\skip64
\thanksmarkwidth=\skip65
\thanksmarksep=\skip66
\droptitle=\skip67
\c@book=\count180
\c@part=\count181
\c@chapter=\count182
\c@section=\count183
\c@subsection=\count184
\c@subsubsection=\count185
\c@paragraph=\count186
\c@subparagraph=\count187
\beforechapskip=\skip68
\midchapskip=\skip69
\afterchapskip=\skip70
\chapindent=\skip71
\bottomsectionskip=\skip72
\secindent=\skip73
\beforesecskip=\skip74
\aftersecskip=\skip75
\subsecindent=\skip76
\beforesubsecskip=\skip77
\aftersubsecskip=\skip78
\subsubsecindent=\skip79
\beforesubsubsecskip=\skip80
\aftersubsubsecskip=\skip81
\paraindent=\skip82
\beforeparaskip=\skip83
\afterparaskip=\skip84
\subparaindent=\skip85
\beforesubparaskip=\skip86
\aftersubparaskip=\skip87
\pfbreakskip=\skip88
\c@@ppsavesec=\count188
\c@@ppsaveapp=\count189
\ragrparindent=\dimen139
\everylistparindent=\dimen140
\parsepi=\skip89
\topsepi=\skip90
\itemsepi=\skip91
\parsepii=\skip92
\topsepii=\skip93
\topsepiii=\skip94
\itemsepii=\skip95
\itemsepiii=\skip96
\partopsepii=\skip97
\partopsepiii=\skip98
\m@msavetopsep=\skip99
\m@msavepartopsep=\skip100
\@enLab=\toks15
\abstitleskip=\skip101
\absleftindent=\skip102
\abs@leftindent=\dimen141
\absrightindent=\skip103
\absparindent=\skip104
\absparsep=\skip105
\c@vslineno=\count190
\c@poemline=\count191
\c@modulo@vs=\count192
\c@memfvsline=\count193
\vleftskip=\skip106
\vrightskip=\skip107
\stanzaskip=\skip108
\versewidth=\skip109
\vgap=\skip110
\vindent=\skip111
\vleftmargin=\dimen142
\c@verse=\count194
\c@chrsinstr=\count195
\beforepoemtitleskip=\skip112
\afterpoemtitleskip=\skip113
\c@poem=\count196
\beforePoemTitleskip=\skip114
\midPoemTitleskip=\skip115
\afterPoemTitleskip=\skip116

("C:\Program Files\MiKTeX\tex/latex/latex-tools\array.sty"
Package: array 2020/10/01 v2.5c Tabular extension package (FMi)
\col@sep=\dimen143
\ar@mcellbox=\box47
\extrarowheight=\dimen144
\NC@list=\toks16
\extratabsurround=\skip117
\backup@length=\skip118
\ar@cellbox=\box48
)
("C:\Program Files\MiKTeX\tex/latex/latex-tools\dcolumn.sty"
Package: dcolumn 2014/10/28 v1.06 decimal alignment package (DPC)
)
("C:\Program Files\MiKTeX\tex/latex/latex-tools\delarray.sty"
Package: delarray 2014/10/28 v1.01 array delimiter package (DPC)
)
("C:\Program Files\MiKTeX\tex/latex/latex-tools\tabularx.sty"
Package: tabularx 2020/01/15 v2.11c `tabularx' package (DPC)
\TX@col@width=\dimen145
\TX@old@table=\dimen146
\TX@old@col=\dimen147
\TX@target=\dimen148
\TX@delta=\dimen149
\TX@cols=\count197
\TX@ftn=\toks17
)
\heavyrulewidth=\dimen150
\lightrulewidth=\dimen151
\cmidrulewidth=\dimen152
\belowrulesep=\dimen153
\belowbottomsep=\dimen154
\aboverulesep=\dimen155
\abovetopsep=\dimen156
\cmidrulesep=\dimen157
\cmidrulekern=\dimen158
\defaultaddspace=\dimen159
\@cmidla=\count198
\@cmidlb=\count199
\@aboverulesep=\dimen160
\@belowrulesep=\dimen161
\@thisruleclass=\count266
\@lastruleclass=\count267
\@thisrulewidth=\dimen162
\ctableftskip=\skip119
\ctabrightskip=\skip120
\abovecolumnspenalty=\count268
\@linestogo=\count269
\@cellstogo=\count270
\@cellsincolumn=\count271
\crtok=\toks18
\@mincolumnwidth=\dimen163
\c@newflo@tctr=\count272
\mem@margin@floatbox=\box49
\@contcwidth=\skip121
\@contindw=\skip122
\abovecaptionskip=\skip123
\belowcaptionskip=\skip124
\subfloattopskip=\skip125
\subfloatcapskip=\skip126
\subfloatcaptopadj=\skip127
\subfloatbottomskip=\skip128
\subfloatlabelskip=\skip129
\subfloatcapmargin=\dimen164
\c@@contsubnum=\count273
\m@mscap@capbox=\box50
\m@mscap@fbox=\box51
\sidecapsep=\dimen165
\sidecapwidth=\dimen166
\m@m@tempdima=\dimen167
\m@mscapraise=\dimen168
\sidecapraise=\dimen169
\m@mscapmainwidth=\dimen170
\m@mscaplkern=\dimen171
\beforeepigraphskip=\skip130
\afterepigraphskip=\skip131
\epigraphwidth=\skip132
\epigraphrule=\skip133
LaTeX Info: Redefining \em on input line 7678.
LaTeX Info: Redefining \emph on input line 7686.
\tocentryskip=\skip134
\tocbaseline=\skip135
\cftparskip=\skip136
\cftbeforebookskip=\skip137
\cftbookindent=\dimen172
\cftbooknumwidth=\dimen173
\cftbeforepartskip=\skip138
\cftpartindent=\skip139
\cftpartnumwidth=\skip140
\cftbeforechapterskip=\skip141
\cftchapterindent=\skip142
\cftchapternumwidth=\skip143
\cftbeforesectionskip=\skip144
\cftsectionindent=\skip145
\cftsectionnumwidth=\skip146
\cftbeforesubsectionskip=\skip147
\cftsubsectionindent=\skip148
\cftsubsectionnumwidth=\skip149
\cftbeforesubsubsectionskip=\skip150
\cftsubsubsectionindent=\skip151
\cftsubsubsectionnumwidth=\skip152
\cftbeforeparagraphskip=\skip153
\cftparagraphindent=\skip154
\cftparagraphnumwidth=\skip155
\cftbeforesubparagraphskip=\skip156
\cftsubparagraphindent=\skip157
\cftsubparagraphnumwidth=\skip158
\prechapterprecisshift=\dimen174
\c@maxsecnumdepth=\count274
\bibindent=\dimen175
\bibitemsep=\skip159
\indexcolsep=\skip160
\indexrule=\skip161
\indexmarkstyle=\toks19
\@indexbox=\insert252
\glossarycolsep=\dimen176
\glossaryrule=\dimen177
\sideparvshift=\skip162
\sideins=\insert251
\sidebartopsep=\skip163
\sidebarhsep=\skip164
\sidebarvsep=\skip165
\sidebarwidth=\skip166
\footmarkwidth=\skip167
\footmarksep=\skip168
\footparindent=\skip169
\footinsdim=\skip170
\footinsv@r=\insert250
\@mpfootinsv@r=\insert249
\m@m@k=\count275
\m@m@h=\dimen178
\m@mipn@skip=\skip171
\sidefootins=\insert248
\sidefootadjust=\skip172
\sidefootheight=\skip173
\sidefoothsep=\skip174
\sidefootvsep=\skip175
\sidefootwidth=\skip176
\m@mdownsf=\skip177
\c@sidefootnote=\count276
\sidefootmarkwidth=\skip178
\sidefootmarksep=\skip179
\sidefootparindent=\skip180
\c@pagenote=\count277
\c@pagenoteshadow=\count278
\mem@pn@lastkern=\skip181
\every@verbatim=\toks20
\afterevery@verbatim=\toks21
\verbatim@line=\toks22
\tab@position=\count279
\verbatim@in@stream=\read2
\verbatimindent=\skip182
\verbatim@out=\write3
\bvboxsep=\skip183
\c@memfbvline=\count280
\c@bvlinectr=\count281
\bvnumlength=\skip184
\fb@frw=\dimen179
\fb@frh=\dimen180
\FrameRule=\dimen181
\FrameSep=\dimen182
\c@cp@cntr=\count282
\c@ism@mctr=\count283
\c@xsm@mctr=\count284
\c@csm@mctr=\count285
\c@ksm@mctr=\count286
\c@xksm@mctr=\count287
\c@cksm@mctr=\count288
\c@msm@mctr=\count289
\c@xmsm@mctr=\count290
\c@cmsm@mctr=\count291
\c@bsm@mctr=\count292
\c@workm@mctr=\count293
\c@sheetsequence=\count294
\c@lastsheet=\count295
\c@lastpage=\count296

(C:\Users\XiMTa\AppData\Roaming\MiKTeX\tex/latex/textcase\textcase.sty
Package: textcase 2019/09/14 v1.00 Text only upper/lower case changing (DPC)
)
\c@figure=\count297
\c@lofdepth=\count298
\cftbeforefigureskip=\skip185
\cftfigureindent=\skip186
\cftfigurenumwidth=\skip187
\c@table=\count299
\c@lotdepth=\count300
\cftbeforetableskip=\skip188
\cfttableindent=\skip189
\cfttablenumwidth=\skip190
Package abstract [2008/07/23] emulated by memoir.
Package appendix [2008/07/23] emulated by memoir.
Package booktabs [2016/05/16] emulated by memoir.
Package ccaption [2008/07/23] emulated by memoir.
Package changepage [2008/07/23] emulated by memoir.
Package chngcntr [2008/07/23] emulated by memoir.
Package chngpage [2008/07/23] emulated by memoir.
Package crop emulated by memoir.
Package enumerate [2008/07/23] emulated by memoir.
Package epigraph [2008/07/23] emulated by memoir.
Package ifmtarg [2008/07/23] emulated by memoir.
Package index [2008/07/23] emulated by memoir.
Package makeidx [2008/07/23] emulated by memoir.
Package moreverb [2008/07/23] emulated by memoir.
Package mparhack [2008/07/23] emulated by memoir.
Package needspace [2008/07/23] emulated by memoir.
Package newfile [2008/07/23] emulated by memoir.
Package nextpage [2008/07/23] emulated by memoir.
Package pagenote [2008/07/23] emulated by memoir.
Package parskip [2008/07/23] emulated by memoir.
Package patchcmd [2008/07/23] emulated by memoir.
Package setspace [2008/07/23] emulated by memoir.
Package shortvrb [2008/07/23] emulated by memoir.
Package showidx [2008/07/23] emulated by memoir.
Package titleref [2008/07/23] emulated by memoir.
Package titling [2008/07/23] emulated by memoir.
Package tocbibind [2008/07/23] emulated by memoir.
Package tocloft [2008/07/23] emulated by memoir.
Package tocvsec2 [2008/07/23] emulated by memoir.
Package verbatim [2008/07/23] emulated by memoir.
Package verse [2008/07/23] emulated by memoir.
)
(LaTeX/LaTeXMacros.tex ("C:\Program Files\MiKTeX\tex/latex/amsfonts\amssymb.sty
"
Package: amssymb 2013/01/14 v3.01 AMS font symbols
 ("C:\Program Files\MiKTeX\tex/latex/amsfonts\amsfonts.sty"
Package: amsfonts 2013/01/14 v3.01 Basic AMSFonts support
\@emptytoks=\toks23
\symAMSa=\mathgroup4
\symAMSb=\mathgroup5
LaTeX Font Info:    Redeclaring math symbol \hbar on input line 98.
LaTeX Font Info:    Overwriting math alphabet `\mathfrak' in version `bold'
(Font)                  U/euf/m/n --> U/euf/b/n on input line 106.
))
("C:\Program Files\MiKTeX\tex/latex/amsmath\amsmath.sty"
Package: amsmath 2020/09/23 v2.17i AMS math features
\@mathmargin=\skip191

For additional information on amsmath, use the `?' option.
("C:\Program Files\MiKTeX\tex/latex/amsmath\amstext.sty"
Package: amstext 2000/06/29 v2.01 AMS text

("C:\Program Files\MiKTeX\tex/latex/amsmath\amsgen.sty"
File: amsgen.sty 1999/11/30 v2.0 generic functions
\@emptytoks=\toks24
\ex@=\dimen183
))
("C:\Program Files\MiKTeX\tex/latex/amsmath\amsbsy.sty"
Package: amsbsy 1999/11/29 v1.2d Bold Symbols
\pmbraise@=\dimen184
)
("C:\Program Files\MiKTeX\tex/latex/amsmath\amsopn.sty"
Package: amsopn 2016/03/08 v2.02 operator names
)
\inf@bad=\count301
LaTeX Info: Redefining \frac on input line 234.
\uproot@=\count302
\leftroot@=\count303
LaTeX Info: Redefining \overline on input line 399.
\classnum@=\count304
\DOTSCASE@=\count305
LaTeX Info: Redefining \ldots on input line 496.
LaTeX Info: Redefining \dots on input line 499.
LaTeX Info: Redefining \cdots on input line 620.
\Mathstrutbox@=\box52
\strutbox@=\box53
\big@size=\dimen185
LaTeX Font Info:    Redeclaring font encoding OML on input line 743.
LaTeX Font Info:    Redeclaring font encoding OMS on input line 744.
\macc@depth=\count306
\c@MaxMatrixCols=\count307
\dotsspace@=\muskip16
\c@parentequation=\count308
\dspbrk@lvl=\count309
\tag@help=\toks25
\row@=\count310
\column@=\count311
\maxfields@=\count312
\andhelp@=\toks26
\eqnshift@=\dimen186
\alignsep@=\dimen187
\tagshift@=\dimen188
\tagwidth@=\dimen189
\totwidth@=\dimen190
\lineht@=\dimen191
\@envbody=\toks27
\multlinegap=\skip192
\multlinetaggap=\skip193
\mathdisplay@stack=\toks28
LaTeX Info: Redefining \[ on input line 2923.
LaTeX Info: Redefining \] on input line 2924.
)
(C:\Users\XiMTa\AppData\Roaming\MiKTeX\tex/latex/mathtools\mathtools.sty
Package: mathtools 2020/03/24 v1.24 mathematical typesetting tools

("C:\Program Files\MiKTeX\tex/latex/graphics\keyval.sty"
Package: keyval 2014/10/28 v1.15 key=value parser (DPC)
\KV@toks@=\toks29
)
("C:\Program Files\MiKTeX\tex/latex/latex-tools\calc.sty"
Package: calc 2017/05/25 v4.3 Infix arithmetic (KKT,FJ)
\calc@Acount=\count313
\calc@Bcount=\count314
\calc@Adimen=\dimen192
\calc@Bdimen=\dimen193
\calc@Askip=\skip194
\calc@Bskip=\skip195
LaTeX Info: Redefining \setlength on input line 80.
LaTeX Info: Redefining \addtolength on input line 81.
\calc@Ccount=\count315
\calc@Cskip=\skip196
)
(C:\Users\XiMTa\AppData\Roaming\MiKTeX\tex/latex/mathtools\mhsetup.sty
Package: mhsetup 2017/03/31 v1.3 programming setup (MH)
)
LaTeX Info: Thecontrolsequence`\('isalreadyrobust on input line 130.
LaTeX Info: Thecontrolsequence`\)'isalreadyrobust on input line 130.
LaTeX Info: Thecontrolsequence`\['isalreadyrobust on input line 130.
LaTeX Info: Thecontrolsequence`\]'isalreadyrobust on input line 130.
\g_MT_multlinerow_int=\count316
\l_MT_multwidth_dim=\dimen194
\origjot=\skip197
\l_MT_shortvdotswithinadjustabove_dim=\dimen195
\l_MT_shortvdotswithinadjustbelow_dim=\dimen196
\l_MT_above_intertext_sep=\dimen197
\l_MT_below_intertext_sep=\dimen198
\l_MT_above_shortintertext_sep=\dimen199
\l_MT_below_shortintertext_sep=\dimen256
\xmathstrut@box=\box54
\xmathstrut@dim=\dimen257
)
(C:\Users\XiMTa\AppData\Roaming\MiKTeX\tex/latex/algorithm2e\algorithm2e.sty
Package: algorithm2e 2017/07/18 v5.2 algorithms environments
\c@AlgoLine=\count317

("C:\Program Files\MiKTeX\tex/latex/base\ifthen.sty"
Package: ifthen 2014/09/29 v1.1c Standard LaTeX ifthen package (DPC)
)
\algocf@hangindent=\skip198

(C:\Users\XiMTa\AppData\Roaming\MiKTeX\tex/latex/ifoddpage\ifoddpage.sty
Package: ifoddpage 2016/04/23 v1.1 Conditionals for odd/even page detection
\c@checkoddpage=\count318
LaTeX Info: Redefining \checkoddpage on input line 45.
)
("C:\Program Files\MiKTeX\tex/latex/latex-tools\xspace.sty"
Package: xspace 2014/10/28 v1.13 Space after command names (DPC,MH)
)
(C:\Users\XiMTa\AppData\Roaming\MiKTeX\tex/latex/relsize\relsize.sty
Package: relsize 2013/03/29 ver 4.1
)
\skiptotal=\skip199
\skiplinenumber=\skip256
\skiprule=\skip257
\skiphlne=\skip258
\skiptext=\skip259
\skiplength=\skip260
\algomargin=\skip261
\skipalgocfslide=\skip262
\algowidth=\dimen258
\inoutsize=\dimen259
\inoutindent=\dimen260
\interspacetitleruled=\dimen261
\interspacealgoruled=\dimen262
\interspacetitleboxruled=\dimen263
\algocf@ruledwidth=\skip263
\algocf@inoutbox=\box55
\algocf@inputbox=\box56
\AlCapSkip=\skip264
\AlCapHSkip=\skip265
\algoskipindent=\skip266
\algocf@nlbox=\box57
\algocf@hangingbox=\box58
\algocf@untilbox=\box59
\algocf@skipuntil=\skip267
\algocf@capbox=\box60
\algocf@lcaptionbox=\skip268
\algoheightruledefault=\skip269
\algoheightrule=\skip270
\algotitleheightruledefault=\skip271
\algotitleheightrule=\skip272
\c@algocfline=\count319
\c@algocfproc=\count320
\c@algocf=\count321
\algocf@algoframe=\box61
\algocf@algobox=\box62
)
(C:\Users\XiMTa\AppData\Roaming\MiKTeX\tex/latex/algorithms\algorithmic.sty
Package: algorithmic 2009/08/24 v0.1 Document Style `algorithmic'
\c@ALC@unique=\count322
\c@ALC@line=\count323
\c@ALC@rem=\count324
\c@ALC@depth=\count325
\ALC@tlm=\skip273
\algorithmicindent=\skip274
)
("C:\Program Files\MiKTeX\tex/latex/listings\listings.sty"
\lst@mode=\count326
\lst@gtempboxa=\box63
\lst@token=\toks30
\lst@length=\count327
\lst@currlwidth=\dimen264
\lst@column=\count328
\lst@pos=\count329
\lst@lostspace=\dimen265
\lst@width=\dimen266
\lst@newlines=\count330
\lst@lineno=\count331
\lst@maxwidth=\dimen267

("C:\Program Files\MiKTeX\tex/latex/listings\lstmisc.sty"
File: lstmisc.sty 2020/03/24 1.8d (Carsten Heinz)
\c@lstnumber=\count332
\lst@skipnumbers=\count333
\lst@framebox=\box64
)
("C:\Program Files\MiKTeX\tex/latex/listings\listings.cfg"
File: listings.cfg 2020/03/24 1.8d listings configuration
))
Package: listings 2020/03/24 1.8d (Carsten Heinz)

("C:\Program Files\MiKTeX\tex/latex/xcolor\xcolor.sty"
Package: xcolor 2016/05/11 v2.12 LaTeX color extensions (UK)

("C:\Program Files\MiKTeX\tex/latex/graphics-cfg\color.cfg"
File: color.cfg 2016/01/02 v1.6 sample color configuration
)
Package xcolor Info: Driver file: pdftex.def on input line 225.

("C:\Program Files\MiKTeX\tex/latex/graphics-def\pdftex.def"
File: pdftex.def 2020/10/05 v1.2a Graphics/color driver for pdftex
)
Package xcolor Info: Model `cmy' substituted by `cmy0' on input line 1348.
Package xcolor Info: Model `hsb' substituted by `rgb' on input line 1352.
Package xcolor Info: Model `RGB' extended on input line 1364.
Package xcolor Info: Model `HTML' substituted by `rgb' on input line 1366.
Package xcolor Info: Model `Hsb' substituted by `hsb' on input line 1367.
Package xcolor Info: Model `tHsb' substituted by `hsb' on input line 1368.
Package xcolor Info: Model `HSB' substituted by `hsb' on input line 1369.
Package xcolor Info: Model `Gray' substituted by `gray' on input line 1370.
Package xcolor Info: Model `wave' substituted by `hsb' on input line 1371.
)
("C:\Program Files\MiKTeX\tex/latex/listings\lstlang1.sty"
File: lstlang1.sty 2020/03/24 1.8d listings language file
)
("C:\Program Files\MiKTeX\tex/latex/listings\lstlang1.sty"
File: lstlang1.sty 2020/03/24 1.8d listings language file
)
("C:\Program Files\MiKTeX\tex/latex/listings\lstmisc.sty"
File: lstmisc.sty 2020/03/24 1.8d (Carsten Heinz)
)
(C:\Users\XiMTa\AppData\Roaming\MiKTeX\tex/latex/jknappen\mathrsfs.sty
Package: mathrsfs 1996/01/01 Math RSFS package v1.0 (jk)
\symrsfs=\mathgroup6
)
(C:\Users\XiMTa\AppData\Roaming\MiKTeX\tex/latex/paralist\paralist.sty
Package: paralist 2017/01/22 v2.7 Extended list environments
\pltopsep=\skip275
\plpartopsep=\skip276
\plitemsep=\skip277
\plparsep=\skip278
\pl@lab=\toks31
)
(C:\Users\XiMTa\AppData\Roaming\MiKTeX\tex/latex/svg\svg.sty
Package: svg 2020/11/26 v2.02k (include SVG pictures)

(C:\Users\XiMTa\AppData\Roaming\MiKTeX\tex/latex/koma-script\scrbase.sty
Package: scrbase 2020/09/21 v3.32 KOMA-Script package (KOMA-Script-independent 
basics and keyval usage)

(C:\Users\XiMTa\AppData\Roaming\MiKTeX\tex/latex/koma-script\scrlfile.sty
Package: scrlfile 2020/09/21 v3.32 KOMA-Script package (file load hooks)

(C:\Users\XiMTa\AppData\Roaming\MiKTeX\tex/latex/koma-script\scrlfile-hook.sty
Package: scrlfile-hook 2020/09/21 v3.32 KOMA-Script package (using LaTeX hooks)


LaTeX3 Info: Defining command \BeforeFile with sig. 'm' on line 61.


LaTeX3 Info: Defining command \AfterFile with sig. 'm' on line 65.


LaTeX3 Info: Defining command \BeforeClass with sig. 'm' on line 69.


LaTeX3 Info: Defining command \BeforePackage with sig. 'm' on line 73.


LaTeX3 Info: Defining command \AfterAtEndOfClass with sig. 'smo+m' on line 83.


LaTeX3 Info: Defining command \AfterAtEndOfPackage with sig. 'smo+m' on line
(LaTeX3)     93.


LaTeX3 Info: Defining command \scrlfile@AfterClass with sig. 'smo+m' on line
(LaTeX3)     173.


LaTeX3 Info: Defining command \AfterClass with sig. '' on line 174.


LaTeX3 Info: Defining command \scrlfile@AfterPackage with sig. 'smo+m' on line
(LaTeX3)     191.


LaTeX3 Info: Defining command \AfterPackage with sig. '' on line 192.


LaTeX3 Info: Defining command \ReplaceInput with sig. '' on line 193.


LaTeX3 Info: Defining command \ReplaceClass with sig. 'mm' on line 196.


LaTeX3 Info: Defining command \ReplacePackage with sig. 'mm' on line 199.


LaTeX3 Info: Defining command \UnReplaceInput with sig. '' on line 200.


LaTeX3 Info: Defining command \UnReplaceClass with sig. 'm' on line 203.


LaTeX3 Info: Defining command \UnReplacePackage with sig. 'mm' on line 206.


LaTeX3 Info: Defining command \PreventPackageFromLoading with sig. 's+om' on
(LaTeX3)     line 234.


LaTeX3 Info: Defining command \StorePreventPackageFromLoading with sig. 'm' on
(LaTeX3)     line 242.


LaTeX3 Info: Defining command \ResetPreventPackageFromLoading with sig. '' on
(LaTeX3)     line 247.


LaTeX3 Info: Defining command \UnPreventPackageFromLoading with sig. 'sm' on
(LaTeX3)     line 261.


LaTeX3 Info: Defining command \BeforeClosingMainAux with sig. 'om' on line
(LaTeX3)     274.


LaTeX3 Info: Defining command \AfterReadingMainAux with sig. 'om' on line 287.


LaTeX3 Info: Defining command \protected@immediate@write with sig. 'm+m+m' on
(LaTeX3)     line 298.


(C:\Users\XiMTa\AppData\Roaming\MiKTeX\tex/latex/koma-script\scrlogo.sty
Package: scrlogo 2020/09/21 v3.32 KOMA-Script package (logo)
))))
("C:\Program Files\MiKTeX\tex/generic/pdftexcmds\pdftexcmds.sty"
Package: pdftexcmds 2020-06-27 v0.33 Utility functions of pdfTeX for LuaTeX (HO
)

(C:\Users\XiMTa\AppData\Roaming\MiKTeX\tex/generic/infwarerr\infwarerr.sty
Package: infwarerr 2019/12/03 v1.5 Providing info/warning/error messages (HO)
)
(C:\Users\XiMTa\AppData\Roaming\MiKTeX\tex/generic/ltxcmds\ltxcmds.sty
Package: ltxcmds 2020-05-10 v1.25 LaTeX kernel commands for general use (HO)
)
Package pdftexcmds Info: \pdf@primitive is available.
Package pdftexcmds Info: \pdf@ifprimitive is available.
Package pdftexcmds Info: \pdfdraftmode found.
)
("C:\Program Files\MiKTeX\tex/latex/trimspaces\trimspaces.sty"
Package: trimspaces 2009/09/17 v1.1 Trim spaces around a token list
)
("C:\Program Files\MiKTeX\tex/latex/graphics\graphicx.sty"
Package: graphicx 2020/09/09 v1.2b Enhanced LaTeX Graphics (DPC,SPQR)

("C:\Program Files\MiKTeX\tex/latex/graphics\graphics.sty"
Package: graphics 2020/08/30 v1.4c Standard LaTeX Graphics (DPC,SPQR)

("C:\Program Files\MiKTeX\tex/latex/graphics\trig.sty"
Package: trig 2016/01/03 v1.10 sin cos tan (DPC)
)
("C:\Program Files\MiKTeX\tex/latex/graphics-cfg\graphics.cfg"
File: graphics.cfg 2016/06/04 v1.11 sample graphics configuration
)
Package graphics Info: Driver file: pdftex.def on input line 105.
)
\Gin@req@height=\dimen268
\Gin@req@width=\dimen269
)
("C:\Program Files\MiKTeX\tex/latex/latex-tools\shellesc.sty"
Package: shellesc 2019/11/08 v1.0c unified shell escape interface for LaTeX
Package shellesc Info: Restricted shell escape enabled on input line 77.
)
\c@svg@param@lastpage=\count334
\svg@box=\box65
\c@svg@param@currpage=\count335
)
(C:\Users\XiMTa\AppData\Roaming\MiKTeX\tex/latex/transparent\transparent.sty
Package: transparent 2019/11/29 v1.4 Transparency via pdfTeX's color stack (HO)


(C:\Users\XiMTa\AppData\Roaming\MiKTeX\tex/latex/auxhook\auxhook.sty
Package: auxhook 2019-12-17 v1.6 Hooks for auxiliary files (HO)
))
("C:\Program Files\MiKTeX\tex/latex/pgf/systemlayer\pgfsys.sty"
("C:\Program Files\MiKTeX\tex/latex/pgf/utilities\pgfrcs.sty"
("C:\Program Files\MiKTeX\tex/generic/pgf/utilities\pgfutil-common.tex"
\pgfutil@everybye=\toks32
\pgfutil@tempdima=\dimen270
\pgfutil@tempdimb=\dimen271

("C:\Program Files\MiKTeX\tex/generic/pgf/utilities\pgfutil-common-lists.tex"))
("C:\Program Files\MiKTeX\tex/generic/pgf/utilities\pgfutil-latex.def"
\pgfutil@abb=\box66
)
("C:\Program Files\MiKTeX\tex/generic/pgf/utilities\pgfrcs.code.tex"
("C:\Program Files\MiKTeX\tex/generic/pgf\pgf.revision.tex")
Package: pgfrcs 2020/12/27 v3.1.8b (3.1.8b)
))
("C:\Program Files\MiKTeX\tex/generic/pgf/systemlayer\pgfsys.code.tex"
Package: pgfsys 2020/12/27 v3.1.8b (3.1.8b)

("C:\Program Files\MiKTeX\tex/generic/pgf/utilities\pgfkeys.code.tex"
\pgfkeys@pathtoks=\toks33
\pgfkeys@temptoks=\toks34

("C:\Program Files\MiKTeX\tex/generic/pgf/utilities\pgfkeysfiltered.code.tex"
\pgfkeys@tmptoks=\toks35
))
\pgf@x=\dimen272
\pgf@y=\dimen273
\pgf@xa=\dimen274
\pgf@ya=\dimen275
\pgf@xb=\dimen276
\pgf@yb=\dimen277
\pgf@xc=\dimen278
\pgf@yc=\dimen279
\pgf@xd=\dimen280
\pgf@yd=\dimen281
\w@pgf@writea=\write4
\r@pgf@reada=\read3
\c@pgf@counta=\count336
\c@pgf@countb=\count337
\c@pgf@countc=\count338
\c@pgf@countd=\count339
\t@pgf@toka=\toks36
\t@pgf@tokb=\toks37
\t@pgf@tokc=\toks38
\pgf@sys@id@count=\count340
("C:\Program Files\MiKTeX\tex/generic/pgf/systemlayer\pgf.cfg"
File: pgf.cfg 2020/12/27 v3.1.8b (3.1.8b)
)
Driver file for pgf: pgfsys-pdftex.def

("C:\Program Files\MiKTeX\tex/generic/pgf/systemlayer\pgfsys-pdftex.def"
File: pgfsys-pdftex.def 2020/12/27 v3.1.8b (3.1.8b)

("C:\Program Files\MiKTeX\tex/generic/pgf/systemlayer\pgfsys-common-pdf.def"
File: pgfsys-common-pdf.def 2020/12/27 v3.1.8b (3.1.8b)
))) ("C:\Program Files\MiKTeX\tex/generic/pgf/systemlayer\pgfsyssoftpath.code.t
ex"
File: pgfsyssoftpath.code.tex 2020/12/27 v3.1.8b (3.1.8b)
\pgfsyssoftpath@smallbuffer@items=\count341
\pgfsyssoftpath@bigbuffer@items=\count342
) ("C:\Program Files\MiKTeX\tex/generic/pgf/systemlayer\pgfsysprotocol.code.tex
"
File: pgfsysprotocol.code.tex 2020/12/27 v3.1.8b (3.1.8b)
)) ("C:\Program Files\MiKTeX\tex/latex/pgf/frontendlayer\tikz.sty"
("C:\Program Files\MiKTeX\tex/latex/pgf/basiclayer\pgf.sty"
Package: pgf 2020/12/27 v3.1.8b (3.1.8b)

("C:\Program Files\MiKTeX\tex/latex/pgf/basiclayer\pgfcore.sty"
("C:\Program Files\MiKTeX\tex/generic/pgf/basiclayer\pgfcore.code.tex"
Package: pgfcore 2020/12/27 v3.1.8b (3.1.8b)

("C:\Program Files\MiKTeX\tex/generic/pgf/math\pgfmath.code.tex"
("C:\Program Files\MiKTeX\tex/generic/pgf/math\pgfmathcalc.code.tex"
("C:\Program Files\MiKTeX\tex/generic/pgf/math\pgfmathutil.code.tex")
("C:\Program Files\MiKTeX\tex/generic/pgf/math\pgfmathparser.code.tex"
\pgfmath@dimen=\dimen282
\pgfmath@count=\count343
\pgfmath@box=\box67
\pgfmath@toks=\toks39
\pgfmath@stack@operand=\toks40
\pgfmath@stack@operation=\toks41
)
("C:\Program Files\MiKTeX\tex/generic/pgf/math\pgfmathfunctions.code.tex"
("C:\Program Files\MiKTeX\tex/generic/pgf/math\pgfmathfunctions.basic.code.tex"
)
("C:\Program Files\MiKTeX\tex/generic/pgf/math\pgfmathfunctions.trigonometric.c
ode.tex")
("C:\Program Files\MiKTeX\tex/generic/pgf/math\pgfmathfunctions.random.code.tex
")
("C:\Program Files\MiKTeX\tex/generic/pgf/math\pgfmathfunctions.comparison.code
.tex")
("C:\Program Files\MiKTeX\tex/generic/pgf/math\pgfmathfunctions.base.code.tex")
("C:\Program Files\MiKTeX\tex/generic/pgf/math\pgfmathfunctions.round.code.tex"
) ("C:\Program Files\MiKTeX\tex/generic/pgf/math\pgfmathfunctions.misc.code.tex
")
("C:\Program Files\MiKTeX\tex/generic/pgf/math\pgfmathfunctions.integerarithmet
ics.code.tex")))
("C:\Program Files\MiKTeX\tex/generic/pgf/math\pgfmathfloat.code.tex"
\c@pgfmathroundto@lastzeros=\count344
))
("C:\Program Files\MiKTeX\tex/generic/pgf/math\pgfint.code.tex")
("C:\Program Files\MiKTeX\tex/generic/pgf/basiclayer\pgfcorepoints.code.tex"
File: pgfcorepoints.code.tex 2020/12/27 v3.1.8b (3.1.8b)
\pgf@picminx=\dimen283
\pgf@picmaxx=\dimen284
\pgf@picminy=\dimen285
\pgf@picmaxy=\dimen286
\pgf@pathminx=\dimen287
\pgf@pathmaxx=\dimen288
\pgf@pathminy=\dimen289
\pgf@pathmaxy=\dimen290
\pgf@xx=\dimen291
\pgf@xy=\dimen292
\pgf@yx=\dimen293
\pgf@yy=\dimen294
\pgf@zx=\dimen295
\pgf@zy=\dimen296
)
("C:\Program Files\MiKTeX\tex/generic/pgf/basiclayer\pgfcorepathconstruct.code.
tex"
File: pgfcorepathconstruct.code.tex 2020/12/27 v3.1.8b (3.1.8b)
\pgf@path@lastx=\dimen297
\pgf@path@lasty=\dimen298
)
("C:\Program Files\MiKTeX\tex/generic/pgf/basiclayer\pgfcorepathusage.code.tex"
File: pgfcorepathusage.code.tex 2020/12/27 v3.1.8b (3.1.8b)
\pgf@shorten@end@additional=\dimen299
\pgf@shorten@start@additional=\dimen300
) ("C:\Program Files\MiKTeX\tex/generic/pgf/basiclayer\pgfcorescopes.code.tex"
File: pgfcorescopes.code.tex 2020/12/27 v3.1.8b (3.1.8b)
\pgfpic=\box68
\pgf@hbox=\box69
\pgf@layerbox@main=\box70
\pgf@picture@serial@count=\count345
)
("C:\Program Files\MiKTeX\tex/generic/pgf/basiclayer\pgfcoregraphicstate.code.t
ex"
File: pgfcoregraphicstate.code.tex 2020/12/27 v3.1.8b (3.1.8b)
\pgflinewidth=\dimen301
)
("C:\Program Files\MiKTeX\tex/generic/pgf/basiclayer\pgfcoretransformations.cod
e.tex"
File: pgfcoretransformations.code.tex 2020/12/27 v3.1.8b (3.1.8b)
\pgf@pt@x=\dimen302
\pgf@pt@y=\dimen303
\pgf@pt@temp=\dimen304
)
("C:\Program Files\MiKTeX\tex/generic/pgf/basiclayer\pgfcorequick.code.tex"
File: pgfcorequick.code.tex 2020/12/27 v3.1.8b (3.1.8b)
)
("C:\Program Files\MiKTeX\tex/generic/pgf/basiclayer\pgfcoreobjects.code.tex"
File: pgfcoreobjects.code.tex 2020/12/27 v3.1.8b (3.1.8b)
)
("C:\Program Files\MiKTeX\tex/generic/pgf/basiclayer\pgfcorepathprocessing.code
.tex"
File: pgfcorepathprocessing.code.tex 2020/12/27 v3.1.8b (3.1.8b)
)
("C:\Program Files\MiKTeX\tex/generic/pgf/basiclayer\pgfcorearrows.code.tex"
File: pgfcorearrows.code.tex 2020/12/27 v3.1.8b (3.1.8b)
\pgfarrowsep=\dimen305
)
("C:\Program Files\MiKTeX\tex/generic/pgf/basiclayer\pgfcoreshade.code.tex"
File: pgfcoreshade.code.tex 2020/12/27 v3.1.8b (3.1.8b)
\pgf@max=\dimen306
\pgf@sys@shading@range@num=\count346
\pgf@shadingcount=\count347
)
("C:\Program Files\MiKTeX\tex/generic/pgf/basiclayer\pgfcoreimage.code.tex"
File: pgfcoreimage.code.tex 2020/12/27 v3.1.8b (3.1.8b)

("C:\Program Files\MiKTeX\tex/generic/pgf/basiclayer\pgfcoreexternal.code.tex"
File: pgfcoreexternal.code.tex 2020/12/27 v3.1.8b (3.1.8b)
\pgfexternal@startupbox=\box71
)) ("C:\Program Files\MiKTeX\tex/generic/pgf/basiclayer\pgfcorelayers.code.tex"
File: pgfcorelayers.code.tex 2020/12/27 v3.1.8b (3.1.8b)
)
("C:\Program Files\MiKTeX\tex/generic/pgf/basiclayer\pgfcoretransparency.code.t
ex"
File: pgfcoretransparency.code.tex 2020/12/27 v3.1.8b (3.1.8b)
)
("C:\Program Files\MiKTeX\tex/generic/pgf/basiclayer\pgfcorepatterns.code.tex"
File: pgfcorepatterns.code.tex 2020/12/27 v3.1.8b (3.1.8b)
) ("C:\Program Files\MiKTeX\tex/generic/pgf/basiclayer\pgfcorerdf.code.tex"
File: pgfcorerdf.code.tex 2020/12/27 v3.1.8b (3.1.8b)
)))
("C:\Program Files\MiKTeX\tex/generic/pgf/modules\pgfmoduleshapes.code.tex"
File: pgfmoduleshapes.code.tex 2020/12/27 v3.1.8b (3.1.8b)
\pgfnodeparttextbox=\box72
)
("C:\Program Files\MiKTeX\tex/generic/pgf/modules\pgfmoduleplot.code.tex"
File: pgfmoduleplot.code.tex 2020/12/27 v3.1.8b (3.1.8b)
)
("C:\Program Files\MiKTeX\tex/latex/pgf/compatibility\pgfcomp-version-0-65.sty"
Package: pgfcomp-version-0-65 2020/12/27 v3.1.8b (3.1.8b)
\pgf@nodesepstart=\dimen307
\pgf@nodesepend=\dimen308
) ("C:\Program Files\MiKTeX\tex/latex/pgf/compatibility\pgfcomp-version-1-18.st
y"
Package: pgfcomp-version-1-18 2020/12/27 v3.1.8b (3.1.8b)
)) ("C:\Program Files\MiKTeX\tex/latex/pgf/utilities\pgffor.sty"
("C:\Program Files\MiKTeX\tex/latex/pgf/utilities\pgfkeys.sty"
("C:\Program Files\MiKTeX\tex/generic/pgf/utilities\pgfkeys.code.tex"))
("C:\Program Files\MiKTeX\tex/latex/pgf/math\pgfmath.sty"
("C:\Program Files\MiKTeX\tex/generic/pgf/math\pgfmath.code.tex"))
("C:\Program Files\MiKTeX\tex/generic/pgf/utilities\pgffor.code.tex"
Package: pgffor 2020/12/27 v3.1.8b (3.1.8b)

("C:\Program Files\MiKTeX\tex/generic/pgf/math\pgfmath.code.tex")
\pgffor@iter=\dimen309
\pgffor@skip=\dimen310
\pgffor@stack=\toks42
\pgffor@toks=\toks43
))
("C:\Program Files\MiKTeX\tex/generic/pgf/frontendlayer/tikz\tikz.code.tex"
Package: tikz 2020/12/27 v3.1.8b (3.1.8b)

("C:\Program Files\MiKTeX\tex/generic/pgf/libraries\pgflibraryplothandlers.code
.tex"
File: pgflibraryplothandlers.code.tex 2020/12/27 v3.1.8b (3.1.8b)
\pgf@plot@mark@count=\count348
\pgfplotmarksize=\dimen311
)
\tikz@lastx=\dimen312
\tikz@lasty=\dimen313
\tikz@lastxsaved=\dimen314
\tikz@lastysaved=\dimen315
\tikz@lastmovetox=\dimen316
\tikz@lastmovetoy=\dimen317
\tikzleveldistance=\dimen318
\tikzsiblingdistance=\dimen319
\tikz@figbox=\box73
\tikz@figbox@bg=\box74
\tikz@tempbox=\box75
\tikz@tempbox@bg=\box76
\tikztreelevel=\count349
\tikznumberofchildren=\count350
\tikznumberofcurrentchild=\count351
\tikz@fig@count=\count352

("C:\Program Files\MiKTeX\tex/generic/pgf/modules\pgfmodulematrix.code.tex"
File: pgfmodulematrix.code.tex 2020/12/27 v3.1.8b (3.1.8b)
\pgfmatrixcurrentrow=\count353
\pgfmatrixcurrentcolumn=\count354
\pgf@matrix@numberofcolumns=\count355
)
\tikz@expandcount=\count356

("C:\Program Files\MiKTeX\tex/generic/pgf/frontendlayer/tikz/libraries\tikzlibr
arytopaths.code.tex"
File: tikzlibrarytopaths.code.tex 2020/12/27 v3.1.8b (3.1.8b)
)))
("C:\Program Files\MiKTeX\tex/generic/pgf/frontendlayer/tikz/libraries\tikzlibr
arydecorations.pathreplacing.code.tex"
("C:\Program Files\MiKTeX\tex/generic/pgf/frontendlayer/tikz/libraries\tikzlibr
arydecorations.code.tex"
("C:\Program Files\MiKTeX\tex/generic/pgf/modules\pgfmoduledecorations.code.tex
"
\pgfdecoratedcompleteddistance=\dimen320
\pgfdecoratedremainingdistance=\dimen321
\pgfdecoratedinputsegmentcompleteddistance=\dimen322
\pgfdecoratedinputsegmentremainingdistance=\dimen323
\pgf@decorate@distancetomove=\dimen324
\pgf@decorate@repeatstate=\count357
\pgfdecorationsegmentamplitude=\dimen325
\pgfdecorationsegmentlength=\dimen326
)
\tikz@lib@dec@box=\box77
)
("C:\Program Files\MiKTeX\tex/generic/pgf/libraries/decorations\pgflibrarydecor
ations.pathreplacing.code.tex"))
("C:\Program Files\MiKTeX\tex/generic/pgf/frontendlayer/tikz/libraries\tikzlibr
arycalc.code.tex"
File: tikzlibrarycalc.code.tex 2020/12/27 v3.1.8b (3.1.8b)
)
("C:\Program Files\MiKTeX\tex/generic/pgf/frontendlayer/tikz/libraries\tikzlibr
arypatterns.code.tex"
File: tikzlibrarypatterns.code.tex 2020/12/27 v3.1.8b (3.1.8b)

("C:\Program Files\MiKTeX\tex/generic/pgf/libraries\pgflibrarypatterns.code.tex
"
File: pgflibrarypatterns.code.tex 2020/12/27 v3.1.8b (3.1.8b)
))
("C:\Program Files\MiKTeX\tex/generic/pgf/frontendlayer/tikz/libraries/datavisu
alization\tikzlibrarydatavisualization.formats.functions.code.tex"
File: tikzlibrarydatavisualization.formats.functions.code.tex 2020/12/27 v3.1.8
b (3.1.8b)

("C:\Program Files\MiKTeX\tex/generic/pgf/frontendlayer/tikz/libraries/datavisu
alization\tikzlibrarydatavisualization.code.tex"
File: tikzlibrarydatavisualization.code.tex 2020/12/27 v3.1.8b (3.1.8b)

("C:\Program Files\MiKTeX\tex/generic/pgf/modules\pgfmoduledatavisualization.co
de.tex"
File: pgfmoduledatavisualization.code.tex 2020/12/27 v3.1.8b (3.1.8b)
 ("C:\Program Files\MiKTeX\tex/generic/pgf/modules\pgfmoduleoo.code.tex"
\pgfoo@objectcount=\count358
\pgfoothis@count=\count359
\pgfoo@toks=\toks44
) ("C:\Program Files\MiKTeX\tex/generic/pgf/libraries\pgflibraryfpu.code.tex")
\pgf@lib@dv@cache@count=\count360
\pgf@lib@dv@cache@count=\count361
)
("C:\Program Files\MiKTeX\tex/generic/pgf/frontendlayer/tikz/libraries\tikzlibr
arybackgrounds.code.tex"
File: tikzlibrarybackgrounds.code.tex 2020/12/27 v3.1.8b (3.1.8b)
\pgf@layerbox@background=\box78
\pgf@layerboxsaved@background=\box79
)
\tikzdvvisualizercounter=\count362
)
("C:\Program Files\MiKTeX\tex/generic/pgf/libraries/datavisualization\pgflibrar
ydatavisualization.formats.functions.code.tex"
File: pgflibrarydatavisualization.formats.functions.code.tex 2020/12/27 v3.1.8b
 (3.1.8b)
))
("C:\Program Files\MiKTeX\tex/latex/pgf/frontendlayer/libraries\tikzlibraryexte
rnal.code.tex" ("C:\Program Files\MiKTeX\tex/latex/base\atveryend-ltx.sty"
Package: atveryend-ltx 2020/08/19 v1.0a Emulation of the original atvery packag
e
with kernel methods
)
("C:\Program Files\MiKTeX\tex/generic/pgf/frontendlayer/tikz/libraries\tikzexte
rnalshared.code.tex"))
("C:\Program Files\MiKTeX\tex/generic/pgf/frontendlayer/tikz/libraries\tikzlibr
aryshapes.code.tex"
File: tikzlibraryshapes.code.tex 2020/12/27 v3.1.8b (3.1.8b)

("C:\Program Files\MiKTeX\tex/generic/pgf/frontendlayer/tikz/libraries\tikzlibr
aryshapes.geometric.code.tex"
File: tikzlibraryshapes.geometric.code.tex 2020/12/27 v3.1.8b (3.1.8b)

("C:\Program Files\MiKTeX\tex/generic/pgf/libraries/shapes\pgflibraryshapes.geo
metric.code.tex"
File: pgflibraryshapes.geometric.code.tex 2020/12/27 v3.1.8b (3.1.8b)
))
("C:\Program Files\MiKTeX\tex/generic/pgf/frontendlayer/tikz/libraries\tikzlibr
aryshapes.misc.code.tex"
File: tikzlibraryshapes.misc.code.tex 2020/12/27 v3.1.8b (3.1.8b)

("C:\Program Files\MiKTeX\tex/generic/pgf/libraries/shapes\pgflibraryshapes.mis
c.code.tex"
File: pgflibraryshapes.misc.code.tex 2020/12/27 v3.1.8b (3.1.8b)
))
("C:\Program Files\MiKTeX\tex/generic/pgf/frontendlayer/tikz/libraries\tikzlibr
aryshapes.symbols.code.tex"
File: tikzlibraryshapes.symbols.code.tex 2020/12/27 v3.1.8b (3.1.8b)

("C:\Program Files\MiKTeX\tex/generic/pgf/libraries/shapes\pgflibraryshapes.sym
bols.code.tex"
File: pgflibraryshapes.symbols.code.tex 2020/12/27 v3.1.8b (3.1.8b)
))
("C:\Program Files\MiKTeX\tex/generic/pgf/frontendlayer/tikz/libraries\tikzlibr
aryshapes.arrows.code.tex"
File: tikzlibraryshapes.arrows.code.tex 2020/12/27 v3.1.8b (3.1.8b)

("C:\Program Files\MiKTeX\tex/generic/pgf/libraries/shapes\pgflibraryshapes.arr
ows.code.tex"
File: pgflibraryshapes.arrows.code.tex 2020/12/27 v3.1.8b (3.1.8b)
))
("C:\Program Files\MiKTeX\tex/generic/pgf/frontendlayer/tikz/libraries\tikzlibr
aryshapes.callouts.code.tex"
("C:\Program Files\MiKTeX\tex/generic/pgf/libraries/shapes\pgflibraryshapes.cal
louts.code.tex"))
("C:\Program Files\MiKTeX\tex/generic/pgf/frontendlayer/tikz/libraries\tikzlibr
aryshapes.multipart.code.tex"
File: tikzlibraryshapes.multipart.code.tex 2020/12/27 v3.1.8b (3.1.8b)

("C:\Program Files\MiKTeX\tex/generic/pgf/libraries/shapes\pgflibraryshapes.mul
tipart.code.tex"
File: pgflibraryshapes.multipart.code.tex 2020/12/27 v3.1.8b (3.1.8b)
\pgfnodepartlowerbox=\box80
\pgfnodeparttwobox=\box81
\pgfnodepartthreebox=\box82
\pgfnodepartfourbox=\box83
\pgfnodeparttwentybox=\box84
\pgfnodepartnineteenbox=\box85
\pgfnodeparteighteenbox=\box86
\pgfnodepartseventeenbox=\box87
\pgfnodepartsixteenbox=\box88
\pgfnodepartfifteenbox=\box89
\pgfnodepartfourteenbox=\box90
\pgfnodepartthirteenbox=\box91
\pgfnodeparttwelvebox=\box92
\pgfnodepartelevenbox=\box93
\pgfnodeparttenbox=\box94
\pgfnodepartninebox=\box95
\pgfnodeparteightbox=\box96
\pgfnodepartsevenbox=\box97
\pgfnodepartsixbox=\box98
\pgfnodepartfivebox=\box99
)))
(C:\Users\XiMTa\AppData\Roaming\MiKTeX\tex/latex/esint\esint.sty
Package: esint 
\symlargesymbolsA=\mathgroup7
)
Class memoir Info: For the caption package to function properly with memoir, we
 will now reset \caption and friends to kernel defaults and then let the
caption package take over. Remember: all caption configuration now goes via the
 caption package interface, not the interface from the memoir class.  on input 
line 45.

(C:\Users\XiMTa\AppData\Roaming\MiKTeX\tex/latex/caption\caption.sty
Package: caption 2020/10/26 v3.5g Customizing captions (AR)

(C:\Users\XiMTa\AppData\Roaming\MiKTeX\tex/latex/caption\caption3.sty
Package: caption3 2020/10/21 v2.2e caption3 kernel (AR)
\captionmargin=\dimen327
\captionmargin@=\dimen328
\captionwidth=\dimen329
\caption@tempdima=\dimen330
\caption@indent=\dimen331
\caption@parindent=\dimen332
\caption@hangindent=\dimen333
Package caption Info: memoir document class detected.

(C:\Users\XiMTa\AppData\Roaming\MiKTeX\tex/latex/caption\caption-memoir.sto
File: caption-memoir.sto 2020/10/10 v2.1 Adaption of the caption package to the
 memoir document class (AR)
))
\c@caption@flags=\count363
\c@continuedfloat=\count364
Package caption Info: changepage package is loaded.
\caption@adjustwidth@hsize=\dimen334
\caption@adjustwidth@linewidth=\dimen335
Package caption Info: listings package is loaded.
)
(C:\Users\XiMTa\AppData\Roaming\MiKTeX\tex/latex/caption\subcaption.sty
Package: subcaption 2020/10/07 v1.3j Sub-captions (AR)
\c@subfigure=\count365
\c@subtable=\count366
)
(C:\Users\XiMTa\AppData\Roaming\MiKTeX\tex/latex/multirow\multirow.sty
Package: multirow 2021/01/29 v2.7 Span multiple rows of a table
\multirow@colwidth=\skip279
\multirow@cntb=\count367
\multirow@dima=\skip280
\bigstrutjot=\dimen336
)
("C:\Program Files\MiKTeX\tex/latex/latex-tools\multicol.sty"
Package: multicol 2019/12/09 v1.8y multicolumn formatting (FMi)
\c@tracingmulticols=\count368
\mult@box=\box100
\multicol@leftmargin=\dimen337
\c@unbalance=\count369
\c@collectmore=\count370
\doublecol@number=\count371
\multicoltolerance=\count372
\multicolpretolerance=\count373
\full@width=\dimen338
\page@free=\dimen339
\premulticols=\dimen340
\postmulticols=\dimen341
\multicolsep=\skip281
\multicolbaselineskip=\skip282
\partial@page=\box101
\last@line=\box102
\maxbalancingoverflow=\dimen342
\mult@rightbox=\box103
\mult@grightbox=\box104
\mult@gfirstbox=\box105
\mult@firstbox=\box106
\@tempa=\box107
\@tempa=\box108
\@tempa=\box109
\@tempa=\box110
\@tempa=\box111
\@tempa=\box112
\@tempa=\box113
\@tempa=\box114
\@tempa=\box115
\@tempa=\box116
\@tempa=\box117
\@tempa=\box118
\@tempa=\box119
\@tempa=\box120
\@tempa=\box121
\@tempa=\box122
\@tempa=\box123
\@tempa=\box124
\@tempa=\box125
\@tempa=\box126
\@tempa=\box127
\@tempa=\box128
\@tempa=\box129
\@tempa=\box130
\@tempa=\box131
\@tempa=\box132
\@tempa=\box133
\@tempa=\box134
\@tempa=\box135
\@tempa=\box136
\@tempa=\box137
\@tempa=\box138
\@tempa=\box139
\@tempa=\box140
\@tempa=\box141
\@tempa=\box142
\@tempa=\box143
\c@minrows=\count374
\c@columnbadness=\count375
\c@finalcolumnbadness=\count376
\last@try=\dimen343
\multicolovershoot=\dimen344
\multicolundershoot=\dimen345
\mult@nat@firstbox=\box144
\colbreak@box=\box145
\mc@col@check@num=\count377
)
(C:\Users\XiMTa\AppData\Roaming\MiKTeX\tex/latex/cancel\cancel.sty
Package: cancel 2013/04/12 v2.2 Cancel math terms
)
(C:\Users\XiMTa\AppData\Roaming\MiKTeX\tex/latex/import\import.sty
Package: import 2020/04/01  v 6.2
)
(C:\Users\XiMTa\AppData\Roaming\MiKTeX\tex/latex/imakeidx\imakeidx.sty
Package: imakeidx 2016/10/15 v1.3e Package for typesetting indices in a synchro
nous mode

("C:\Program Files\MiKTeX\tex/latex/xkeyval\xkeyval.sty"
Package: xkeyval 2020/11/20 v2.8 package option processing (HA)

("C:\Program Files\MiKTeX\tex/generic/xkeyval\xkeyval.tex"
("C:\Program Files\MiKTeX\tex/generic/xkeyval\xkvutils.tex"
\XKV@toks=\toks45
\XKV@tempa@toks=\toks46
)
\XKV@depth=\count378
File: xkeyval.tex 2014/12/03 v2.7a key=value parser (HA)
))
("C:\Program Files\MiKTeX\tex/generic/iftex\ifxetex.sty"
Package: ifxetex 2019/10/25 v0.7 ifxetex legacy package. Use iftex instead.
)
("C:\Program Files\MiKTeX\tex/generic/iftex\ifluatex.sty"
Package: ifluatex 2019/10/25 v1.5 ifluatex legacy package. Use iftex instead.
))
(C:\Users\XiMTa\AppData\Roaming\MiKTeX\tex/latex/shorttoc\shorttoc.sty
Package: shorttoc 2002/08/20 v1.3 Short table of contents (JPFD)
)
(C:\Users\XiMTa\AppData\Roaming\MiKTeX\tex/latex/minitoc\minitoc.sty
Package: minitoc 2018/07/12 v62 Package minitoc

(C:\Users\XiMTa\AppData\Roaming\MiKTeX\tex/latex/minitoc\mtcmess.sty
Package: mtcmess 2006/03/14
)
Package minitoc Info: I0001
(minitoc)             *** minitoc package, version 62 ***.
\tf@mtc=\write5
\mtcindent=\skip283
\mtcskipamount=\skip284
Package minitoc Info: I0005
(minitoc)             compatible with hyperref.
Package minitoc Info: I0030
(minitoc)             the memoir class is loaded: 
(minitoc)             compatibility attempted.
Package minitoc Info: I0027
(minitoc)             recent version of the memoir class.
Package minitoc Info: I0032
(minitoc)             This version of the memoir class uses 
(minitoc)             a version of \chapter which is 
(minitoc)             incompatible with the minitoc package. 
(minitoc)             We try to patch.
Package minitoc Info: I0023
(minitoc)             part level macros available.
Package minitoc Info: I0003
(minitoc)             chapter level macros available.
\mtc@toks=\toks47
\mtc@strutbox=\box146
\mtc@hstrutbox=\box147
Package minitoc Info: I0002
(minitoc)             Autoconfiguration of extensions.
\openout5 = `InterviewQuestionBank.mtc0'.

\openout5 = `InterviewQuestionBank.mtc'.


(C:\Users\XiMTa\Dropbox\Writings\tan19.github.io\Interview\InterviewQuestionBan
k\_build\InterviewQuestionBank.mtc0)
Package minitoc Info: I0012
(minitoc)             Long extensions (Unix-like) will be used.
Package minitoc Info: I0031
(minitoc)             ==> this version is configured for UNIX-like 
(minitoc)                 (long extensions) file names.
\openout5 = `InterviewQuestionBank.mtc'.

\openout5 = `InterviewQuestionBank.mtc0'.

\c@mtc=\count379
\c@minitocdepth=\count380
\c@ptc=\count381
\c@parttocdepth=\count382
\ptcindent=\skip285
Package minitoc Info: I0010
(minitoc)             The english language is selected.
(minitoc)              on input line 4910.

(C:\Users\XiMTa\AppData\Roaming\MiKTeX\tex/latex/minitoc\english.mld
File: english.mld 2006/01/13
)
(C:\Users\XiMTa\AppData\Roaming\MiKTeX\tex/latex/minitoc\english.mld
File: english.mld 2006/01/13
))
("C:\Program Files\MiKTeX\tex/latex/hyperref\hyperref.sty"
Package: hyperref 2020-05-15 v7.00e Hypertext links for LaTeX

(C:\Users\XiMTa\AppData\Roaming\MiKTeX\tex/generic/kvsetkeys\kvsetkeys.sty
Package: kvsetkeys 2019/12/15 v1.18 Key value parser (HO)
)
(C:\Users\XiMTa\AppData\Roaming\MiKTeX\tex/generic/kvdefinekeys\kvdefinekeys.st
y
Package: kvdefinekeys 2019-12-19 v1.6 Define keys (HO)
) (C:\Users\XiMTa\AppData\Roaming\MiKTeX\tex/generic/pdfescape\pdfescape.sty
Package: pdfescape 2019/12/09 v1.15 Implements pdfTeX's escape features (HO)
)
(C:\Users\XiMTa\AppData\Roaming\MiKTeX\tex/latex/hycolor\hycolor.sty
Package: hycolor 2020-01-27 v1.10 Color options for hyperref/bookmark (HO)
)
(C:\Users\XiMTa\AppData\Roaming\MiKTeX\tex/latex/letltxmacro\letltxmacro.sty
Package: letltxmacro 2019/12/03 v1.6 Let assignment for LaTeX macros (HO)
)
(C:\Users\XiMTa\AppData\Roaming\MiKTeX\tex/latex/kvoptions\kvoptions.sty
Package: kvoptions 2020-10-07 v3.14 Key value format for package options (HO)
)
\@linkdim=\dimen346
\Hy@linkcounter=\count383
\Hy@pagecounter=\count384

("C:\Program Files\MiKTeX\tex/latex/hyperref\pd1enc.def"
File: pd1enc.def 2020-05-15 v7.00e Hyperref: PDFDocEncoding definition (HO)
Now handling font encoding PD1 ...
... no UTF-8 mapping file for font encoding PD1
)
(C:\Users\XiMTa\AppData\Roaming\MiKTeX\tex/generic/intcalc\intcalc.sty
Package: intcalc 2019/12/15 v1.3 Expandable calculations with integers (HO)
)
(C:\Users\XiMTa\AppData\Roaming\MiKTeX\tex/generic/etexcmds\etexcmds.sty
Package: etexcmds 2019/12/15 v1.7 Avoid name clashes with e-TeX commands (HO)
)
\Hy@SavedSpaceFactor=\count385
Package hyperref Info: Option `colorlinks' set `true' on input line 4338.
Package hyperref Info: Hyper figures OFF on input line 4464.
Package hyperref Info: Link nesting OFF on input line 4469.
Package hyperref Info: Hyper index ON on input line 4472.
Package hyperref Info: Plain pages OFF on input line 4479.
Package hyperref Info: Backreferencing OFF on input line 4484.
Package hyperref Info: Implicit mode ON; LaTeX internals redefined.
Package hyperref Info: Bookmarks ON on input line 4717.
\c@Hy@tempcnt=\count386

("C:\Program Files\MiKTeX\tex/latex/url\url.sty"
\Urlmuskip=\muskip17
Package: url 2013/09/16  ver 3.4  Verb mode for urls, etc.
)
LaTeX Info: Redefining \url on input line 5076.
\XeTeXLinkMargin=\dimen347

(C:\Users\XiMTa\AppData\Roaming\MiKTeX\tex/generic/bitset\bitset.sty
Package: bitset 2019/12/09 v1.3 Handle bit-vector datatype (HO)

(C:\Users\XiMTa\AppData\Roaming\MiKTeX\tex/generic/bigintcalc\bigintcalc.sty
Package: bigintcalc 2019/12/15 v1.5 Expandable calculations on big integers (HO
)
))
\Fld@menulength=\count387
\Field@Width=\dimen348
\Fld@charsize=\dimen349
Package hyperref Info: Hyper figures OFF on input line 6347.
Package hyperref Info: Link nesting OFF on input line 6352.
Package hyperref Info: Hyper index ON on input line 6355.
Package hyperref Info: backreferencing OFF on input line 6362.
Package hyperref Info: Link coloring ON on input line 6365.
Package hyperref Info: Link coloring with OCG OFF on input line 6372.
Package hyperref Info: PDF/A mode OFF on input line 6377.
LaTeX Info: Redefining \ref on input line 6417.
LaTeX Info: Redefining \pageref on input line 6421.

("C:\Program Files\MiKTeX\tex/latex/base\atbegshi-ltx.sty"
Package: atbegshi-ltx 2020/08/17 v1.0a Emulation of the original atbegshi packa
ge
with kernel methods
)
\Hy@abspage=\count388
\c@Item=\count389
\c@Hfootnote=\count390
)
(C:\Users\XiMTa\AppData\Roaming\MiKTeX\tex/latex/memoir\memhfixc.sty
Package: memhfixc 2019/10/24 v1.18 nameref/hyperref package fixes for memoir cl
ass
\c@memhycontfloat=\count391
\c@Hpagenote=\count392
)
Package hyperref Info: Driver (autodetected): hpdftex.

("C:\Program Files\MiKTeX\tex/latex/hyperref\hpdftex.def"
File: hpdftex.def 2020-05-15 v7.00e Hyperref driver for pdfTeX
\Fld@listcount=\count393
\c@bookmark@seq@number=\count394

(C:\Users\XiMTa\AppData\Roaming\MiKTeX\tex/latex/rerunfilecheck\rerunfilecheck.
sty
Package: rerunfilecheck 2019/12/05 v1.9 Rerun checks for auxiliary files (HO)

(C:\Users\XiMTa\AppData\Roaming\MiKTeX\tex/generic/uniquecounter\uniquecounter.
sty
Package: uniquecounter 2019/12/15 v1.4 Provide unlimited unique counter (HO)
)
Package uniquecounter Info: New unique counter `rerunfilecheck' on input line 2
86.
)
\Hy@SectionHShift=\skip286
) (C:\Users\XiMTa\AppData\Roaming\MiKTeX\tex/latex/ntheorem\ntheorem.sty
Style `ntheorem', Version 1.33 <2011/08/15>
Package: ntheorem 2011/08/15 1.33
\theorem@style=\toks48
\theorem@@style=\toks49
\theorembodyfont=\toks50
\theoremnumbering=\toks51
\theorempreskipamount=\skip287
\theorempostskipamount=\skip288
\theoremframepreskipamount=\skip289
\theoremframepostskipamount=\skip290
\theoreminframepreskipamount=\skip291
\theoreminframepostskipamount=\skip292
\theorem@preskip=\toks52
\theorem@postskip=\toks53
\theorem@framepreskip=\toks54
\theorem@framepostskip=\toks55
\theorem@inframepreskip=\toks56
\theorem@inframepostskip=\toks57
\theoremindent=\dimen350
\theorem@indent=\dimen351
\theoremrightindent=\dimen352
\theorem@rightindent=\dimen353
\theoremheaderfont=\toks58
\theoremseparator=\toks59
\theoremprework=\toks60
\theorempostwork=\toks61
\theoremsymbol=\toks62
\qedsymbol=\toks63
\theoremkeyword=\toks64
\qedsymbol=\toks65
\thm@topsep=\skip293
\thm@topsepadd=\skip294
Package ntheorem Info: Option `thmmarks' loaded on input line 1175.
\c@endNonectr=\count395
\c@currNonectr=\count396
\mysavskip=\skip295
Package ntheorem Info: option `amsmath' handling for `thmmarks' loaded on input
 line 1175.
\thm@amstmpdepth=\dimen354
\tagwidth=\dimen355
)
\c@currdeffctr=\count397
\c@enddeffctr=\count398
\c@deff=\count399
\c@currthmctr=\count400
\c@endthmctr=\count401
\c@thm=\count402
\c@currpropctr=\count403
\c@endpropctr=\count404
\c@prop=\count405
\c@currlemctr=\count406
\c@endlemctr=\count407
\c@lem=\count408
\c@currcorctr=\count409
\c@endcorctr=\count410
\c@cor=\count411
\c@currrmkctr=\count412
\c@endrmkctr=\count413
\c@rmk=\count414
\c@curralgctr=\count415
\c@endalgctr=\count416
\c@alg=\count417
\c@currexctr=\count418
\c@endexctr=\count419
\c@ex=\count420
\c@currquesctr=\count421
\c@endquesctr=\count422
\c@ques=\count423
\c@curransctr=\count424
\c@endansctr=\count425
\c@ans=\count426
\c@currprobctr=\count427
\c@endprobctr=\count428
\c@prob=\count429
\c@currsolctr=\count430
\c@endsolctr=\count431
\c@sol=\count432
\c@currprofctr=\count433
\c@endprofctr=\count434
\c@prof=\count435
 ("C:\Program Files\MiKTeX\tex/latex/l3packages/xparse\xparse.sty"
("C:\Program Files\MiKTeX\tex/latex/l3kernel\expl3.sty"
Package: expl3 2021-01-09 L3 programming layer (loader) 

("C:\Program Files\MiKTeX\tex/latex/l3backend\l3backend-pdftex.def"
File: l3backend-pdftex.def 2021-01-09 L3 backend support: PDF output (pdfTeX)
\l__kernel_color_stack_int=\count436
\l__pdf_internal_box=\box148
))
Package: xparse 2020-10-27 L3 Experimental document command parser

("C:\Program Files\MiKTeX\tex/latex/l3packages/xparse\xparse-generic.tex"))
(C:\Users\XiMTa\AppData\Roaming\MiKTeX\tex/latex/listofitems\listofitems.sty
(C:\Users\XiMTa\AppData\Roaming\MiKTeX\tex/generic/listofitems\listofitems.tex
\loi_cnt_foreach_nest=\count437
\loi_nestcnt=\count438
)
Package: listofitems 2019/08/21 v1.63 Grab items in lists using user-specified 
sep char (CT)
)
\c@currntquestionctr=\count439
\c@endntquestionctr=\count440
\c@ntquestion=\count441
\c@currntanswerctr=\count442
\c@endntanswerctr=\count443
\c@ntanswer=\count444
\c@indexlink=\count445
)
\InterviewQuestionBank@idxfile=\write6
\openout6 = `InterviewQuestionBank.idx'.


Writing index file InterviewQuestionBank.idx
Package minitoc Info: I0024
(minitoc)             PREPARING MINITOCS FROM InterviewQuestionBank.toc on inpu
t line 14.
Package minitoc Info: I0033
(minitoc)             Writing InterviewQuestionBank.mtc1.
\openout5 = `InterviewQuestionBank.mtc1'.

Package minitoc Info: I0033
(minitoc)             Writing InterviewQuestionBank.mtc2.
\openout5 = `InterviewQuestionBank.mtc2'.

Package minitoc Info: I0033
(minitoc)             Writing InterviewQuestionBank.mtc3.
\openout5 = `InterviewQuestionBank.mtc3'.

Package minitoc Info: I0033
(minitoc)             Writing InterviewQuestionBank.mtc4.
\openout5 = `InterviewQuestionBank.mtc4'.

Package minitoc Info: I0033
(minitoc)             Writing InterviewQuestionBank.mtc5.
\openout5 = `InterviewQuestionBank.mtc5'.

Package minitoc Info: I0033
(minitoc)             Writing InterviewQuestionBank.mtc6.
\openout5 = `InterviewQuestionBank.mtc6'.

Package minitoc Info: I0033
(minitoc)             Writing InterviewQuestionBank.mtc7.
\openout5 = `InterviewQuestionBank.mtc7'.

Package minitoc Info: I0033
(minitoc)             Writing InterviewQuestionBank.mtc8.
\openout5 = `InterviewQuestionBank.mtc8'.

Package minitoc Info: I0033
(minitoc)             Writing InterviewQuestionBank.mtc9.
\openout5 = `InterviewQuestionBank.mtc9'.

Package minitoc Info: I0033
(minitoc)             Writing InterviewQuestionBank.mtc10.
\openout5 = `InterviewQuestionBank.mtc10'.

Package minitoc Info: I0033
(minitoc)             Writing InterviewQuestionBank.mtc11.
\openout5 = `InterviewQuestionBank.mtc11'.

Package minitoc Info: I0033
(minitoc)             Writing InterviewQuestionBank.mtc12.
\openout5 = `InterviewQuestionBank.mtc12'.

Package minitoc Info: I0033
(minitoc)             Writing InterviewQuestionBank.mtc13.
\openout5 = `InterviewQuestionBank.mtc13'.

Package minitoc Info: I0033
(minitoc)             Writing InterviewQuestionBank.mtc14.
\openout5 = `InterviewQuestionBank.mtc14'.

Package minitoc Info: I0033
(minitoc)             Writing InterviewQuestionBank.mtc15.
\openout5 = `InterviewQuestionBank.mtc15'.

Package minitoc Info: I0033
(minitoc)             Writing InterviewQuestionBank.mtc16.
\openout5 = `InterviewQuestionBank.mtc16'.


(C:\Users\XiMTa\Dropbox\Writings\tan19.github.io\Interview\InterviewQuestionBan
k\_build\InterviewQuestionBank.aux

LaTeX Warning: Label `q:Coin Game' multiply defined.


LaTeX Warning: Label `a:Coin Game' multiply defined.


LaTeX Warning: Label `q:Empty Class' multiply defined.


LaTeX Warning: Label `a:Empty Class' multiply defined.


LaTeX Warning: Label `q:NA' multiply defined.


LaTeX Warning: Label `a:NA' multiply defined.

)
\openout1 = `InterviewQuestionBank.aux'.

LaTeX Font Info:    Checking defaults for OML/cmm/m/it on input line 15.
LaTeX Font Info:    ... okay on input line 15.
LaTeX Font Info:    Checking defaults for OMS/cmsy/m/n on input line 15.
LaTeX Font Info:    ... okay on input line 15.
LaTeX Font Info:    Checking defaults for OT1/cmr/m/n on input line 15.
LaTeX Font Info:    ... okay on input line 15.
LaTeX Font Info:    Checking defaults for T1/cmr/m/n on input line 15.
LaTeX Font Info:    ... okay on input line 15.
LaTeX Font Info:    Checking defaults for TS1/cmr/m/n on input line 15.
LaTeX Font Info:    ... okay on input line 15.
LaTeX Font Info:    Checking defaults for OMX/cmex/m/n on input line 15.
LaTeX Font Info:    ... okay on input line 15.
LaTeX Font Info:    Checking defaults for U/cmr/m/n on input line 15.
LaTeX Font Info:    ... okay on input line 15.
LaTeX Font Info:    Checking defaults for PD1/pdf/m/n on input line 15.
LaTeX Font Info:    ... okay on input line 15.
\c@lstlisting=\count446
 ("C:\Program Files\MiKTeX\tex/context/base/mkii\supp-pdf.mkii"
[Loading MPS to PDF converter (version 2006.09.02).]
\scratchcounter=\count447
\scratchdimen=\dimen356
\scratchbox=\box149
\nofMPsegments=\count448
\nofMParguments=\count449
\everyMPshowfont=\toks66
\MPscratchCnt=\count450
\MPscratchDim=\dimen357
\MPnumerator=\count451
\makeMPintoPDFobject=\count452
\everyMPtoPDFconversion=\toks67
) ("C:\Program Files\MiKTeX\tex/latex/epstopdf-pkg\epstopdf-base.sty"
Package: epstopdf-base 2020-01-24 v2.11 Base part for package epstopdf
Package epstopdf-base Info: Redefining graphics rule for `.eps' on input line 4
85.
)
Package caption Info: Begin \AtBeginDocument code.
Package caption Info: hyperref package is loaded.
Package caption Info: End \AtBeginDocument code.
\c@minilofdepth=\count453
\c@minilotdepth=\count454
\c@partlofdepth=\count455
\c@partlotdepth=\count456
\c@sectlofdepth=\count457
\c@sectlotdepth=\count458
Package minitoc(hints) Info: I0049
(minitoc(hints))             ==> You requested the hints option. 
(minitoc(hints))             Some hints are eventually given below.
Package minitoc(hints) Info: I0042
(minitoc(hints))             --- The appendix package is loaded. 
(minitoc(hints))             See the minitoc package documentation 
(minitoc(hints))             for specific precautions.
Package minitoc(hints) Info: I0046
(minitoc(hints))             --- The tocbibind package is loaded. 
(minitoc(hints))             See the minitoc package documentation 
(minitoc(hints))             for specific precautions.
Package minitoc(hints) Info: I0047
(minitoc(hints))             --- The tocloft package is loaded. 
(minitoc(hints))             See the minitoc package documentation 
(minitoc(hints))             for specific precautions.
Package minitoc(hints) Info: I0044
(minitoc(hints))             --- The memoir class is loaded. 
(minitoc(hints))             See the minitoc package documentation 
(minitoc(hints))             for specific precautions.


Package minitoc(hints) Warning: W0030
(minitoc(hints))                --- The \part command is altered 
(minitoc(hints))                after minitoc.


Package minitoc(hints) Warning: W0023
(minitoc(hints))                --- It may be the consequence 
(minitoc(hints))                of loading the ``hyperref'' package.


Package minitoc(hints) Warning: W0028
(minitoc(hints))                --- The \chapter command is altered 
(minitoc(hints))                after minitoc.


Package minitoc(hints) Warning: W0023
(minitoc(hints))                --- It may be the consequence 
(minitoc(hints))                of loading the ``hyperref'' package.

Package hyperref Info: Link coloring ON on input line 15.
("C:\Program Files\MiKTeX\tex/latex/hyperref\nameref.sty"
Package: nameref 2019/09/16 v2.46 Cross-referencing by name of section

(C:\Users\XiMTa\AppData\Roaming\MiKTeX\tex/latex/refcount\refcount.sty
Package: refcount 2019/12/15 v3.6 Data extraction from label references (HO)
)
(C:\Users\XiMTa\AppData\Roaming\MiKTeX\tex/generic/gettitlestring\gettitlestrin
g.sty
Package: gettitlestring 2019/12/15 v1.6 Cleanup title references (HO)
)
\c@section@level=\count459
)
Redoing nameref's sectioning
Redoing nameref's label
LaTeX Info: Redefining \nameref on input line 15.
LaTeX Info: Redefining \ref on input line 15.
LaTeX Info: Redefining \pageref on input line 15.
LaTeX Info: Redefining \nameref on input line 15.

(C:\Users\XiMTa\Dropbox\Writings\tan19.github.io\Interview\InterviewQuestionBan
k\_build\InterviewQuestionBank.out)
(C:\Users\XiMTa\Dropbox\Writings\tan19.github.io\Interview\InterviewQuestionBan
k\_build\InterviewQuestionBank.out)
\@outlinefile=\write7
\openout7 = `InterviewQuestionBank.out'.

LaTeX Font Info:    Trying to load font information for U+msa on input line 18.


("C:\Program Files\MiKTeX\tex/latex/amsfonts\umsa.fd"
File: umsa.fd 2013/01/14 v3.01 AMS symbols A
)
LaTeX Font Info:    Trying to load font information for U+msb on input line 18.


("C:\Program Files\MiKTeX\tex/latex/amsfonts\umsb.fd"
File: umsb.fd 2013/01/14 v3.01 AMS symbols B
)
LaTeX Font Info:    Trying to load font information for U+rsfs on input line 18
.

(C:\Users\XiMTa\AppData\Roaming\MiKTeX\tex/latex/jknappen\ursfs.fd
File: ursfs.fd 1998/03/24 rsfs font definition file (jk)
)
LaTeX Font Info:    Trying to load font information for U+esint on input line 1
8.

(C:\Users\XiMTa\AppData\Roaming\MiKTeX\tex/latex/esint\uesint.fd
File: uesint.fd 
)
(C:\Users\XiMTa\Dropbox\Writings\tan19.github.io\Interview\InterviewQuestionBan
k\_build\InterviewQuestionBank.toc [1

{C:/Users/XiMTa/AppData/Local/MiKTeX/pdftex/config/pdftex.map}] [2]) [3] [4

] [5] [6]
\openout5 = `InterviewQuestionBank.mtc'.

\openout5 = `InterviewQuestionBank.mtc'.


(C:\Users\XiMTa\Dropbox\Writings\tan19.github.io\Interview\InterviewQuestionBan
k\_build\InterviewQuestionBank.mtc2)
Package hyperref Info: bookmark level for unknown ntquestion defaults to 0 on i
nput line 27.

Underfull \hbox (badness 10000) in paragraph at lines 27--27

 []

[7

]
Package hyperref Info: bookmark level for unknown ntanswer defaults to 0 on inp
ut line 32.


Class memoir Warning: The \bf font command is deprecated. 
(memoir)              Use \textbf{...} or {\bfseries... } instead on input line
 32.


Underfull \hbox (badness 10000) in paragraph at lines 32--33

 []


Underfull \hbox (badness 10000) in paragraph at lines 32--33

 []

[8]
\openout5 = `InterviewQuestionBank.mtc'.

\openout5 = `InterviewQuestionBank.mtc'.


(C:\Users\XiMTa\Dropbox\Writings\tan19.github.io\Interview\InterviewQuestionBan
k\_build\InterviewQuestionBank.mtc3)
Underfull \hbox (badness 10000) in paragraph at lines 37--37

 []


Underfull \hbox (badness 10000) in paragraph at lines 42--42

 []

[9

]
Underfull \hbox (badness 10000) in paragraph at lines 47--48

 []


Underfull \hbox (badness 10000) in paragraph at lines 49--50

 []


Underfull \hbox (badness 10000) in paragraph at lines 49--50

 []

[10] [11

] [12]
\openout5 = `InterviewQuestionBank.mtc'.

\openout5 = `InterviewQuestionBank.mtc'.


(C:\Users\XiMTa\Dropbox\Writings\tan19.github.io\Interview\InterviewQuestionBan
k\_build\InterviewQuestionBank.mtc4)
Underfull \hbox (badness 10000) in paragraph at lines 55--55

 []


Overfull \hbox (3.93846pt too wide) in paragraph at lines 60--60
[]$[]$ \OT1/cmr/m/n/10 (Easy) (Tags: [][][]#2008.md[][]; [][][]Cal-cu-lus[][]; 
[][][]150 Book[][];) 
 []


Underfull \hbox (badness 10000) in paragraph at lines 60--60

 []


Underfull \hbox (badness 10000) in paragraph at lines 66--66

 []


Underfull \hbox (badness 10000) in paragraph at lines 71--71

 []

[13

] [14]
Underfull \hbox (badness 10000) in paragraph at lines 76--77

 []


Underfull \hbox (badness 10000) in paragraph at lines 76--77

 []


Underfull \hbox (badness 10000) in paragraph at lines 93--94

 []


Underfull \hbox (badness 10000) in paragraph at lines 95--97

 []


Underfull \hbox (badness 10000) in paragraph at lines 107--108

 []

[15] [16]
\openout5 = `InterviewQuestionBank.mtc'.

\openout5 = `InterviewQuestionBank.mtc'.


(C:\Users\XiMTa\Dropbox\Writings\tan19.github.io\Interview\InterviewQuestionBan
k\_build\InterviewQuestionBank.mtc5)
Underfull \hbox (badness 10000) in paragraph at lines 112--112

 []


Underfull \hbox (badness 10000) in paragraph at lines 117--117

 []


Underfull \hbox (badness 10000) in paragraph at lines 122--122

 []

[17

]
Underfull \hbox (badness 10000) in paragraph at lines 127--127

 []


Overfull \hbox (1.59732pt too wide) in paragraph at lines 133--133
[]$[]$ \OT1/cmr/m/n/10 (Easy) (Tags: [][][]#2103.md[][]; [][][]Bayes The-o-rem[
][]; [][][]Con-
 []


Underfull \hbox (badness 10000) in paragraph at lines 133--133

 []


Underfull \hbox (badness 10000) in paragraph at lines 139--139

 []


Underfull \hbox (badness 10000) in paragraph at lines 145--145

 []


Underfull \hbox (badness 10000) in paragraph at lines 151--151

 []

[18]
Underfull \hbox (badness 10000) in paragraph at lines 156--156

 []


Underfull \hbox (badness 10000) in paragraph at lines 161--161

 []


Underfull \hbox (badness 10000) in paragraph at lines 166--166

 []

[19]
Underfull \hbox (badness 10000) in paragraph at lines 171--172

 []


Underfull \hbox (badness 10000) in paragraph at lines 173--174

 []


Overfull \hbox (1.46696pt too wide) in paragraph at lines 173--174
\OT1/cmr/m/n/10 The an-swer is 10.6. Setup an in-di-ca-tor func-tion $\OML/cmm/
m/it/10 X[] \OT1/cmr/m/n/10 = []\OML/cmm/m/it/10 i$\OT1/cmr/m/n/10 .
 []


Underfull \hbox (badness 10000) in paragraph at lines 175--176

 []


Underfull \hbox (badness 10000) in paragraph at lines 175--176

 []


Overfull \hbox (51.6123pt too wide) detected at line 181
[]
 []


Underfull \hbox (badness 10000) in paragraph at lines 182--183

 []


Underfull \hbox (badness 10000) in paragraph at lines 182--183

 []


Underfull \hbox (badness 10000) in paragraph at lines 184--186

 []

[20]
Underfull \hbox (badness 10000) in paragraph at lines 203--205

 []


Underfull \hbox (badness 10000) in paragraph at lines 212--214

 []

[21]
Underfull \hbox (badness 10000) in paragraph at lines 227--229

 []


Underfull \hbox (badness 10000) in paragraph at lines 279--281

 []

[22]
Underfull \hbox (badness 10000) in paragraph at lines 293--294

 []


Underfull \hbox (badness 10000) in paragraph at lines 295--298

 []

[23] [24

]
\openout5 = `InterviewQuestionBank.mtc'.

\openout5 = `InterviewQuestionBank.mtc'.


(C:\Users\XiMTa\Dropbox\Writings\tan19.github.io\Interview\InterviewQuestionBan
k\_build\InterviewQuestionBank.mtc6)
Underfull \hbox (badness 10000) in paragraph at lines 306--306

 []


Underfull \hbox (badness 10000) in paragraph at lines 312--312

 []


Underfull \hbox (badness 10000) in paragraph at lines 318--318

 []

[25]
Underfull \hbox (badness 10000) in paragraph at lines 324--324

 []

[26]
Underfull \hbox (badness 10000) in paragraph at lines 329--330

 []


Underfull \hbox (badness 10000) in paragraph at lines 331--333

 []


Underfull \hbox (badness 10000) in paragraph at lines 346--348

 []


Overfull \hbox (8.14008pt too wide) detected at line 351
[]
 []


Underfull \hbox (badness 10000) in paragraph at lines 363--365

 []

[27] [28] [29

] [30]
\openout5 = `InterviewQuestionBank.mtc'.

\openout5 = `InterviewQuestionBank.mtc'.


(C:\Users\XiMTa\Dropbox\Writings\tan19.github.io\Interview\InterviewQuestionBan
k\_build\InterviewQuestionBank.mtc7)
Underfull \hbox (badness 10000) in paragraph at lines 381--381

 []

[31

]
Underfull \hbox (badness 10000) in paragraph at lines 386--388

 []

[32] [33

] [34]
\openout5 = `InterviewQuestionBank.mtc'.

\openout5 = `InterviewQuestionBank.mtc'.


(C:\Users\XiMTa\Dropbox\Writings\tan19.github.io\Interview\InterviewQuestionBan
k\_build\InterviewQuestionBank.mtc8)
Underfull \hbox (badness 10000) in paragraph at lines 393--393

 []

[35

]
Underfull \hbox (badness 10000) in paragraph at lines 398--403

 []

[36]
\openout5 = `InterviewQuestionBank.mtc'.

\openout5 = `InterviewQuestionBank.mtc'.


(C:\Users\XiMTa\Dropbox\Writings\tan19.github.io\Interview\InterviewQuestionBan
k\_build\InterviewQuestionBank.mtc9)
Underfull \hbox (badness 10000) in paragraph at lines 407--407

 []

[37

]
Underfull \hbox (badness 10000) in paragraph at lines 412--413

 []


Underfull \hbox (badness 10000) in paragraph at lines 412--413

 []

[38]
\openout5 = `InterviewQuestionBank.mtc'.

\openout5 = `InterviewQuestionBank.mtc'.


(C:\Users\XiMTa\Dropbox\Writings\tan19.github.io\Interview\InterviewQuestionBan
k\_build\InterviewQuestionBank.mtc10)
Underfull \hbox (badness 10000) in paragraph at lines 417--417

 []

[39

]
Underfull \hbox (badness 10000) in paragraph at lines 422--423

 []


Underfull \hbox (badness 10000) in paragraph at lines 422--423

 []

[40]
\openout5 = `InterviewQuestionBank.mtc'.

\openout5 = `InterviewQuestionBank.mtc'.


(C:\Users\XiMTa\Dropbox\Writings\tan19.github.io\Interview\InterviewQuestionBan
k\_build\InterviewQuestionBank.mtc11)
Underfull \hbox (badness 10000) in paragraph at lines 427--427

 []

[41

]
Underfull \hbox (badness 10000) in paragraph at lines 432--433

 []


Underfull \hbox (badness 10000) in paragraph at lines 432--433

 []

[42]
\openout5 = `InterviewQuestionBank.mtc'.

\openout5 = `InterviewQuestionBank.mtc'.


(C:\Users\XiMTa\Dropbox\Writings\tan19.github.io\Interview\InterviewQuestionBan
k\_build\InterviewQuestionBank.mtc12)
Underfull \hbox (badness 10000) in paragraph at lines 437--437

 []

[43

]
Underfull \hbox (badness 10000) in paragraph at lines 463--463

 []


Underfull \hbox (badness 10000) in paragraph at lines 468--468

 []


Overfull \hbox (9.93678pt too wide) in paragraph at lines 473--473
[]$[]$ \OT1/cmr/m/n/10 (Easy) (Tags: [][][]#4004.md[][]; [][][]Com-puter Sci-en
ce, Empty
 []


Underfull \hbox (badness 10000) in paragraph at lines 473--473

 []


Overfull \hbox (10.9168pt too wide) in paragraph at lines 478--478
[]$[]$ \OT1/cmr/m/n/10 (Easy) (Tags: [][][]#4005.md[][]; [][][]Pri-vate Mem-
 []


Underfull \hbox (badness 10000) in paragraph at lines 478--478

 []


Overfull \hbox (3.88313pt too wide) in paragraph at lines 483--483
[]$[]$ \OT1/cmr/m/n/10 (Easy) (Tags: [][][]#4006.md[][]; [][][]Value
 []


Underfull \hbox (badness 10000) in paragraph at lines 483--483

 []


Underfull \hbox (badness 10000) in paragraph at lines 488--488

 []


Underfull \hbox (badness 10000) in paragraph at lines 493--493

 []


Underfull \hbox (badness 10000) in paragraph at lines 498--498

 []

[44]
Underfull \hbox (badness 10000) in paragraph at lines 503--503

 []


Overfull \hbox (3.99594pt too wide) in paragraph at lines 508--508
[]$[]$ \OT1/cmr/m/n/10 (Easy) (Tags: [][][]#4011.md[][]; [][][]C++, Mem-ory[][]
; [][][]NA[][];) 
 []


Underfull \hbox (badness 10000) in paragraph at lines 508--508

 []


Overfull \hbox (17.32645pt too wide) in paragraph at lines 513--513
[]$[]$ \OT1/cmr/m/n/10 (Easy) (Tags: [][][]#4012.md[][];
 []


Underfull \hbox (badness 10000) in paragraph at lines 513--513

 []


Overfull \hbox (2.86958pt too wide) in paragraph at lines 518--518
[]$[]$ \OT1/cmr/m/n/10 (Easy) (Tags: [][][]#4013.md[][]; [][][]C++, Point-
 []


Underfull \hbox (badness 10000) in paragraph at lines 518--518

 []


Underfull \hbox (badness 10000) in paragraph at lines 523--523

 []


Underfull \hbox (badness 10000) in paragraph at lines 528--528

 []


Underfull \hbox (badness 10000) in paragraph at lines 533--533

 []

[45]
Underfull \hbox (badness 10000) in paragraph at lines 538--538

 []


Overfull \hbox (8.54562pt too wide) in paragraph at lines 543--543
[]$[]$ \OT1/cmr/m/n/10 (Easy) (Tags: [][][]#4018.md[][]; [][][]Vir-
 []


Underfull \hbox (badness 10000) in paragraph at lines 543--543

 []


Underfull \hbox (badness 10000) in paragraph at lines 549--549

 []

[46]
Underfull \hbox (badness 10000) in paragraph at lines 554--556

 []


Underfull \hbox (badness 10000) in paragraph at lines 560--561

 []


Underfull \hbox (badness 10000) in paragraph at lines 560--561

 []


Underfull \hbox (badness 10000) in paragraph at lines 562--563

 []


Underfull \hbox (badness 10000) in paragraph at lines 562--563

 []


Underfull \hbox (badness 10000) in paragraph at lines 564--566

 []


Underfull \hbox (badness 10000) in paragraph at lines 572--573

 []


Underfull \hbox (badness 10000) in paragraph at lines 572--573

 []


Underfull \hbox (badness 10000) in paragraph at lines 574--575

 []


Underfull \hbox (badness 10000) in paragraph at lines 574--575

 []


Underfull \hbox (badness 10000) in paragraph at lines 576--577

 []


Underfull \hbox (badness 10000) in paragraph at lines 576--577

 []


Underfull \hbox (badness 10000) in paragraph at lines 578--579

 []


Underfull \hbox (badness 10000) in paragraph at lines 578--579

 []


Underfull \hbox (badness 10000) in paragraph at lines 580--582

 []

[47]
Underfull \hbox (badness 10000) in paragraph at lines 583--584

 []


Underfull \hbox (badness 10000) in paragraph at lines 583--584

 []


Underfull \hbox (badness 10000) in paragraph at lines 585--586

 []


Underfull \hbox (badness 10000) in paragraph at lines 585--586

 []


Underfull \hbox (badness 10000) in paragraph at lines 587--588

 []


Underfull \hbox (badness 10000) in paragraph at lines 587--588

 []


Underfull \hbox (badness 10000) in paragraph at lines 590--591

 []


Underfull \hbox (badness 10000) in paragraph at lines 590--591

 []


Underfull \hbox (badness 10000) in paragraph at lines 593--594

 []


Underfull \hbox (badness 10000) in paragraph at lines 593--594

 []


Underfull \hbox (badness 10000) in paragraph at lines 596--602

 []


Underfull \hbox (badness 10000) in paragraph at lines 603--604

 []


Underfull \hbox (badness 10000) in paragraph at lines 603--604

 []


Underfull \hbox (badness 10000) in paragraph at lines 605--606

 []


Underfull \hbox (badness 10000) in paragraph at lines 605--606

 []


Underfull \hbox (badness 10000) in paragraph at lines 607--609

 []


Underfull \hbox (badness 10000) in paragraph at lines 611--612

 []

[48] [49

] [50]
\openout5 = `InterviewQuestionBank.mtc'.

\openout5 = `InterviewQuestionBank.mtc'.


(C:\Users\XiMTa\Dropbox\Writings\tan19.github.io\Interview\InterviewQuestionBan
k\_build\InterviewQuestionBank.mtc13)
Underfull \hbox (badness 10000) in paragraph at lines 617--617

 []

[51

]
Underfull \hbox (badness 10000) in paragraph at lines 622--624

 []

[52]
\openout5 = `InterviewQuestionBank.mtc'.

\openout5 = `InterviewQuestionBank.mtc'.


(C:\Users\XiMTa\Dropbox\Writings\tan19.github.io\Interview\InterviewQuestionBan
k\_build\InterviewQuestionBank.mtc14)
Underfull \hbox (badness 10000) in paragraph at lines 631--631

 []

[53

]
Underfull \hbox (badness 10000) in paragraph at lines 636--638

 []

[54] [55

] [56]
\openout5 = `InterviewQuestionBank.mtc'.

\openout5 = `InterviewQuestionBank.mtc'.


(C:\Users\XiMTa\Dropbox\Writings\tan19.github.io\Interview\InterviewQuestionBan
k\_build\InterviewQuestionBank.mtc15)
Underfull \hbox (badness 10000) in paragraph at lines 643--643

 []

[57

]
Underfull \hbox (badness 10000) in paragraph at lines 648--650

 []

[58]
runsystem(makeindex -s LaTeX/index_style.ist InterviewQuestionBank.idx)...execu
ted (allowed).


No file InterviewQuestionBank.ind.
Package minitoc Info: I0009
(minitoc)             Listing minitoc auxiliary files. 
(minitoc)             Creating the InterviewQuestionBank.maf file.
\openout5 = `InterviewQuestionBank.maf'.


Package minitoc(hints) Warning: W0024
(minitoc(hints))                Some hints have been written 
(minitoc(hints))                in the InterviewQuestionBank.log file.

\tf@thm=\write8
\openout8 = `InterviewQuestionBank.thm'.

\tf@toc=\write9
\openout9 = `InterviewQuestionBank.toc'.


(C:\Users\XiMTa\Dropbox\Writings\tan19.github.io\Interview\InterviewQuestionBan
k\_build\InterviewQuestionBank.aux)

LaTeX Warning: There were multiply-defined labels.

Package rerunfilecheck Info: File `InterviewQuestionBank.out' has not changed.
(rerunfilecheck)             Checksum: 79E5D49587906D2389357F004BF7D445;3647.
 )
(\end occurred inside a group at level 1)

### simple group (level 1) entered at line 16 ({)
### bottom level 
Here is how much of TeX's memory you used:
 34079 strings out of 479618
 672427 string characters out of 2874902
 1090087 words of memory out of 3000000
 50091 multiletter control sequences out of 15000+200000
 419947 words of font info for 96 fonts, out of 3000000 for 9000
 1141 hyphenation exceptions out of 8191
 102i,14n,105p,734b,660s stack positions out of 5000i,500n,10000p,200000b,50000s
pdfTeX warning (dest): name{0} has been referenced but does not
 exist, replaced by a fixed one

 <C:\Users\XiMTa\AppData\Local\MiKTeX\fonts/pk/ljfour/jknappen/ec/dpi600\tcrm10
00.pk><C:/Program Files/MiKTeX/fonts/type1/public/amsfonts/cm/cmbx10.pfb><C:/Pr
ogram Files/MiKTeX/fonts/type1/public/amsfonts/cm/cmbx12.pfb><C:/Program Files/
MiKTeX/fonts/type1/public/amsfonts/cm/cmbx9.pfb><C:/Program Files/MiKTeX/fonts/
type1/public/amsfonts/cm/cmex10.pfb><C:/Program Files/MiKTeX/fonts/type1/public
/amsfonts/cm/cmmi10.pfb><C:/Program Files/MiKTeX/fonts/type1/public/amsfonts/cm
/cmmi7.pfb><C:/Program Files/MiKTeX/fonts/type1/public/amsfonts/cm/cmmib10.pfb>
<C:/Program Files/MiKTeX/fonts/type1/public/amsfonts/cmextra/cmmib7.pfb><C:/Pro
gram Files/MiKTeX/fonts/type1/public/amsfonts/cm/cmr10.pfb><C:/Program Files/Mi
KTeX/fonts/type1/public/amsfonts/cm/cmr12.pfb><C:/Program Files/MiKTeX/fonts/ty
pe1/public/amsfonts/cm/cmr7.pfb><C:/Program Files/MiKTeX/fonts/type1/public/ams
fonts/cm/cmr9.pfb><C:/Program Files/MiKTeX/fonts/type1/public/amsfonts/cm/cmsl1
0.pfb><C:/Program Files/MiKTeX/fonts/type1/public/amsfonts/cm/cmsy10.pfb><C:/Pr
ogram Files/MiKTeX/fonts/type1/public/amsfonts/cm/cmsy7.pfb><C:/Program Files/M
iKTeX/fonts/type1/public/amsfonts/cm/cmti10.pfb><C:/Program Files/MiKTeX/fonts/
type1/public/amsfonts/cm/cmtt10.pfb><C:/Program Files/MiKTeX/fonts/type1/public
/amsfonts/symbols/msbm10.pfb>
Output written on C:\Users\XiMTa\Dropbox\Writings\tan19.github.io\Interview\Int
erviewQuestionBank\_build\InterviewQuestionBank.pdf (58 pages, 425895 bytes).
PDF statistics:
 1123 PDF objects out of 1200 (max. 8388607)
 238 named destinations out of 1000 (max. 500000)
 485 words of extra memory for PDF output out of 10000 (max. 10000000)

