\BOOKMARK [0][-]{section*.1}{Contents}{}% 1
\BOOKMARK [-1][-]{part.0.1}{Brainteaser}{}% 2
\BOOKMARK [0][-]{chapter.0.1}{Logic Brainteaser}{part.0.1}% 3
\BOOKMARK [1][-]{section.0.1.1}{Games}{chapter.0.1}% 4
\BOOKMARK [1][-]{section.0.1.2}{Chapter Answers}{chapter.0.1}% 5
\BOOKMARK [0][-]{chapter.0.2}{Math Brainteaser}{part.0.1}% 6
\BOOKMARK [1][-]{section.0.2.1}{Games}{chapter.0.2}% 7
\BOOKMARK [1][-]{section.0.2.2}{Chapter Answers}{chapter.0.2}% 8
\BOOKMARK [-1][-]{part.0.2}{Mathematics}{}% 9
\BOOKMARK [0][-]{chapter.0.3}{Calculus}{part.0.2}% 10
\BOOKMARK [1][-]{section.0.3.1}{Comparison}{chapter.0.3}% 11
\BOOKMARK [1][-]{section.0.3.2}{Derivative}{chapter.0.3}% 12
\BOOKMARK [1][-]{section.0.3.3}{Chapter Answers}{chapter.0.3}% 13
\BOOKMARK [0][-]{chapter.0.4}{Combinatorics and Probability}{part.0.2}% 14
\BOOKMARK [1][-]{section.0.4.1}{Expectation}{chapter.0.4}% 15
\BOOKMARK [1][-]{section.0.4.2}{Conditional Probability}{chapter.0.4}% 16
\BOOKMARK [1][-]{section.0.4.3}{Uniform Random Variables}{chapter.0.4}% 17
\BOOKMARK [1][-]{section.0.4.4}{Coin Games}{chapter.0.4}% 18
\BOOKMARK [1][-]{section.0.4.5}{Deterministic Games}{chapter.0.4}% 19
\BOOKMARK [1][-]{section.0.4.6}{Chapter Answers}{chapter.0.4}% 20
\BOOKMARK [0][-]{chapter.0.5}{Linear Algebra}{part.0.2}% 21
\BOOKMARK [1][-]{section.0.5.1}{Positive Definiteness and Covariance Matrices}{chapter.0.5}% 22
\BOOKMARK [1][-]{section.0.5.2}{Trace}{chapter.0.5}% 23
\BOOKMARK [1][-]{section.0.5.3}{Determinant}{chapter.0.5}% 24
\BOOKMARK [1][-]{section.0.5.4}{Matrix Decomposition}{chapter.0.5}% 25
\BOOKMARK [1][-]{section.0.5.5}{Chapter Answers}{chapter.0.5}% 26
\BOOKMARK [-1][-]{part.0.3}{Finance}{}% 27
\BOOKMARK [0][-]{chapter.0.6}{Quant Finance}{part.0.3}% 28
\BOOKMARK [1][-]{section.0.6.1}{Stochastic Calculus}{chapter.0.6}% 29
\BOOKMARK [1][-]{section.0.6.2}{Chapter Answers}{chapter.0.6}% 30
\BOOKMARK [-1][-]{part.0.4}{Computer Science}{}% 31
\BOOKMARK [0][-]{chapter.0.7}{Compiler}{part.0.4}% 32
\BOOKMARK [1][-]{section.0.7.1}{Compiling Process}{chapter.0.7}% 33
\BOOKMARK [1][-]{section.0.7.2}{Chapter Answers}{chapter.0.7}% 34
\BOOKMARK [0][-]{chapter.0.8}{Database}{part.0.4}% 35
\BOOKMARK [1][-]{section.0.8.1}{Database}{chapter.0.8}% 36
\BOOKMARK [1][-]{section.0.8.2}{Chapter Answers}{chapter.0.8}% 37
\BOOKMARK [0][-]{chapter.0.9}{Network}{part.0.4}% 38
\BOOKMARK [1][-]{section.0.9.1}{DNS}{chapter.0.9}% 39
\BOOKMARK [1][-]{section.0.9.2}{Chapter Answers}{chapter.0.9}% 40
\BOOKMARK [0][-]{chapter.0.10}{Operating System}{part.0.4}% 41
\BOOKMARK [1][-]{section.0.10.1}{Thread}{chapter.0.10}% 42
\BOOKMARK [1][-]{section.0.10.2}{Chapter Answers}{chapter.0.10}% 43
\BOOKMARK [0][-]{chapter.0.11}{Programming Languages}{part.0.4}% 44
\BOOKMARK [1][-]{section.0.11.1}{C++}{chapter.0.11}% 45
\BOOKMARK [1][-]{section.0.11.2}{Python}{chapter.0.11}% 46
\BOOKMARK [1][-]{section.0.11.3}{Chapter Answers}{chapter.0.11}% 47
\BOOKMARK [-1][-]{part.0.5}{Algorithm and Optimization}{}% 48
\BOOKMARK [0][-]{chapter.0.12}{Optimization}{part.0.5}% 49
\BOOKMARK [1][-]{section.0.12.1}{Root Finding}{chapter.0.12}% 50
\BOOKMARK [1][-]{section.0.12.2}{Chapter Answers}{chapter.0.12}% 51
\BOOKMARK [0][-]{chapter.0.13}{Algorithm}{part.0.5}% 52
\BOOKMARK [1][-]{section.0.13.1}{Dynamic Programming}{chapter.0.13}% 53
\BOOKMARK [1][-]{section.0.13.2}{Chapter Answers}{chapter.0.13}% 54
\BOOKMARK [-1][-]{part.0.6}{Data Science}{}% 55
\BOOKMARK [0][-]{chapter.0.14}{Data Science}{part.0.6}% 56
\BOOKMARK [1][-]{section.0.14.1}{Data Science}{chapter.0.14}% 57
\BOOKMARK [1][-]{section.0.14.2}{Chapter Answers}{chapter.0.14}% 58
\BOOKMARK [0][-]{ntanswer.49}{Index}{part.0.6}% 59
