\BOOKMARK [0][-]{chapter*.2}{Preface}{}% 1
\BOOKMARK [0][-]{chapter.1}{Introduction}{}% 2
\BOOKMARK [1][-]{section.1.1}{Some Distinctions}{chapter.1}% 3
\BOOKMARK [2][-]{subsection.1.1.1}{Machine Learning v.s. Statistical Learning}{section.1.1}% 4
\BOOKMARK [2][-]{subsection.1.1.2}{Parametric v.s. Non-parametric Models}{section.1.1}% 5
\BOOKMARK [0][-]{chapter.2}{A Brief History of Machine Learning}{}% 6
\BOOKMARK [0][-]{chapter.3}{Regression v.s. Classification}{}% 7
\BOOKMARK [0][-]{chapter.4}{Parametric v.s. Nonparametric Models}{}% 8
\BOOKMARK [0][-]{chapter.5}{Decision Trees}{}% 9
\BOOKMARK [0][-]{chapter.6}{Clustering}{}% 10
\BOOKMARK [0][-]{chapter.7}{Dimension Reduction}{}% 11
\BOOKMARK [0][-]{chapter.8}{Graphical Models}{}% 12
\BOOKMARK [0][-]{chapter.9}{Neural Networks}{}% 13
\BOOKMARK [0][-]{chapter.10}{Kernel Methods}{}% 14
\BOOKMARK [1][-]{section.10.1}{Support Vector Machines \(SVM\)}{chapter.10}% 15
\BOOKMARK [1][-]{section.10.2}{Gaussian Processes \(GP\)}{chapter.10}% 16
\BOOKMARK [0][-]{chapter.11}{Statistical Learning Theory}{}% 17
\BOOKMARK [0][-]{chapter.12}{Latent Dirichlet allocation \(LDA\)}{}% 18
\BOOKMARK [0][-]{chapter.13}{Principle Component Analysis \(PCA\)}{}% 19
\BOOKMARK [0][-]{chapter.14}{Linear Discriminant Analysis \(LDA\)}{}% 20
\BOOKMARK [0][-]{chapter.15}{Expectation Maximization \(EM\)}{}% 21
\BOOKMARK [1][-]{section.15.1}{The EM algorithm}{chapter.15}% 22
\BOOKMARK [1][-]{section.15.2}{The ECM and ECME algorithms}{chapter.15}% 23
\BOOKMARK [1][-]{section.15.3}{The PX-EM algorithm}{chapter.15}% 24
\BOOKMARK [0][-]{chapter.16}{Expectation Propagation \(EP\)}{}% 25
\BOOKMARK [0][-]{chapter.17}{Markov Chain Monte Carlo Methods}{}% 26
\BOOKMARK [1][-]{section.17.1}{Introduction}{chapter.17}% 27
\BOOKMARK [1][-]{section.17.2}{Notation}{chapter.17}% 28
\BOOKMARK [1][-]{section.17.3}{Introduction}{chapter.17}% 29
\BOOKMARK [1][-]{section.17.4}{Independence Chains}{chapter.17}% 30
\BOOKMARK [1][-]{section.17.5}{Random walk chains}{chapter.17}% 31
\BOOKMARK [1][-]{section.17.6}{Gibbs sampler}{chapter.17}% 32
\BOOKMARK [1][-]{section.17.7}{Test for Convergence}{chapter.17}% 33
\BOOKMARK [1][-]{section.17.8}{How it is used}{chapter.17}% 34
\BOOKMARK [1][-]{section.17.9}{Advanced MCMC methods}{chapter.17}% 35
\BOOKMARK [2][-]{subsection.17.9.1}{Slice sampling}{section.17.9}% 36
\BOOKMARK [2][-]{subsection.17.9.2}{Reversible Jump MCMC}{section.17.9}% 37
\BOOKMARK [1][-]{section.17.10}{Introduction}{chapter.17}% 38
\BOOKMARK [2][-]{subsection.17.10.1}{Sampling Methods in General}{section.17.10}% 39
\BOOKMARK [2][-]{subsection.17.10.2}{Rejection Sampling}{section.17.10}% 40
\BOOKMARK [1][-]{section.17.11}{Markov Chains}{chapter.17}% 41
\BOOKMARK [1][-]{section.17.12}{Metropolis-Hastings Algorithm}{chapter.17}% 42
\BOOKMARK [2][-]{subsection.17.12.1}{Metropolis Algorithm}{section.17.12}% 43
\BOOKMARK [2][-]{subsection.17.12.2}{Gibbs Sampling}{section.17.12}% 44
\BOOKMARK [2][-]{subsection.17.12.3}{Collapsed Gibbs Sampling}{section.17.12}% 45
\BOOKMARK [2][-]{subsection.17.12.4}{Metropolis-Within-Gibbs}{section.17.12}% 46
\BOOKMARK [1][-]{section.17.13}{Slice Sampling}{chapter.17}% 47
\BOOKMARK [2][-]{subsection.17.13.1}{Elliptical Slice Sampling}{section.17.13}% 48
\BOOKMARK [1][-]{section.17.14}{Split-Merge Sampling}{chapter.17}% 49
\BOOKMARK [1][-]{section.17.15}{Hamiltonian Monte Carlo}{chapter.17}% 50
\BOOKMARK [1][-]{section.17.16}{Data Fusion and Particle Filter \(Sequential MCMC\)}{chapter.17}% 51
\BOOKMARK [1][-]{section.17.17}{Reversible jump MCMC}{chapter.17}% 52
\BOOKMARK [1][-]{section.17.18}{Convergence Diagnostics}{chapter.17}% 53
\BOOKMARK [0][-]{chapter.18}{Bayesian Nonparametrics}{}% 54
\BOOKMARK [1][-]{section.18.1}{Introduction}{chapter.18}% 55
\BOOKMARK [1][-]{section.18.2}{Notation}{chapter.18}% 56
\BOOKMARK [1][-]{section.18.3}{Terminology}{chapter.18}% 57
\BOOKMARK [2][-]{subsection.18.3.1}{Parametric and nonparametric models}{section.18.3}% 58
\BOOKMARK [2][-]{subsection.18.3.2}{Bayesian and Bayesian nonparametric models}{section.18.3}% 59
\BOOKMARK [1][-]{section.18.4}{Clustering and the Dirichlet process}{chapter.18}% 60
\BOOKMARK [2][-]{subsection.18.4.1}{Finite mixture models}{section.18.4}% 61
\BOOKMARK [2][-]{subsection.18.4.2}{Bayesian mixture models}{section.18.4}% 62
\BOOKMARK [2][-]{subsection.18.4.3}{Dirichlet Process}{section.18.4}% 63
\BOOKMARK [0][-]{appendix.A}{Glossary}{}% 64
\BOOKMARK [0][-]{appendix.B}{Q \046 A}{}% 65
\BOOKMARK [0][-]{appendix.C}{Useful Resources}{}% 66
\BOOKMARK [1][-]{section.C.1}{Data Sets}{appendix.C}% 67
\BOOKMARK [1][-]{section.C.2}{Packages and Source Codes}{appendix.C}% 68
\BOOKMARK [1][-]{section.C.3}{Important Papers}{appendix.C}% 69
