\BOOKMARK [0][-]{section*.1}{Contents}{}% 1
\BOOKMARK [-1][-]{part.1}{Elementary Theory of Probability}{}% 2
\BOOKMARK [0][-]{chapter.1}{Combinatorial Analysis}{part.1}% 3
\BOOKMARK [1][-]{section.1.1}{Axioms}{chapter.1}% 4
\BOOKMARK [1][-]{section.1.2}{Binomial Coefficient and Its Applications}{chapter.1}% 5
\BOOKMARK [1][-]{section.1.3}{Multinomial Coefficient and Its Applications}{chapter.1}% 6
\BOOKMARK [1][-]{section.1.4}{Categorical Distribution}{chapter.1}% 7
\BOOKMARK [1][-]{section.1.5}{Multinomial Distribution}{chapter.1}% 8
\BOOKMARK [1][-]{section.1.6}{Multiset Coefficient and Its Applications}{chapter.1}% 9
\BOOKMARK [1][-]{section.1.7}{Selected Topics}{chapter.1}% 10
\BOOKMARK [1][-]{section.1.8}{The Bertrand's Ballot prob}{chapter.1}% 11
\BOOKMARK [1][-]{section.1.9}{Catalan Number}{chapter.1}% 12
\BOOKMARK [0][-]{chapter.2}{Conditional Probability}{part.1}% 13
\BOOKMARK [1][-]{section.2.1}{Conditional Probability}{chapter.2}% 14
\BOOKMARK [1][-]{section.2.2}{Conditional Expectation}{chapter.2}% 15
\BOOKMARK [1][-]{section.2.3}{Conditional Independence}{chapter.2}% 16
\BOOKMARK [0][-]{chapter.3}{Probaility Space}{part.1}% 17
\BOOKMARK [1][-]{section.3.1}{Sample Space, Events, and Probability}{chapter.3}% 18
\BOOKMARK [1][-]{section.3.2}{Probability Axioms}{chapter.3}% 19
\BOOKMARK [1][-]{section.3.3}{Types of Probabilities: Frequentism and Bayesian}{chapter.3}% 20
\BOOKMARK [0][-]{chapter.4}{Random Variables}{part.1}% 21
\BOOKMARK [1][-]{section.4.1}{Continuous Random Variables}{chapter.4}% 22
\BOOKMARK [1][-]{section.4.2}{Discrete Random Variables}{chapter.4}% 23
\BOOKMARK [1][-]{section.4.3}{Joint Distributed Random Variables}{chapter.4}% 24
\BOOKMARK [1][-]{section.4.4}{Random Vectors/Matrices}{chapter.4}% 25
\BOOKMARK [1][-]{section.4.5}{Function of Random Variables}{chapter.4}% 26
\BOOKMARK [0][-]{chapter.5}{Useful Distributions}{part.1}% 27
\BOOKMARK [1][-]{section.5.1}{Discrete Distributions}{chapter.5}% 28
\BOOKMARK [1][-]{section.5.2}{Continuous Distributions}{chapter.5}% 29
\BOOKMARK [0][-]{chapter.6}{Quantitative Measure and Characteristic Functions}{part.1}% 30
\BOOKMARK [1][-]{section.6.1}{Describing Shape of a Distribution: Skewness, Kurtosis}{chapter.6}% 31
\BOOKMARK [1][-]{section.6.2}{Describing a Sample: Mean, Variance}{chapter.6}% 32
\BOOKMARK [1][-]{section.6.3}{Degrees of Freedom, Mean, Variance, and Moment, Central Moment, Cumulant, Law of the unconscious statistician}{chapter.6}% 33
\BOOKMARK [1][-]{section.6.4}{Percentile and Median}{chapter.6}% 34
\BOOKMARK [1][-]{section.6.5}{Coefficient of Variation}{chapter.6}% 35
\BOOKMARK [1][-]{section.6.6}{Covariance and Correlation}{chapter.6}% 36
\BOOKMARK [1][-]{section.6.7}{Moment Generating Function}{chapter.6}% 37
\BOOKMARK [1][-]{section.6.8}{Characteristic Function}{chapter.6}% 38
\BOOKMARK [0][-]{chapter.7}{Limit Theorems}{part.1}% 39
\BOOKMARK [1][-]{section.7.1}{Markov and Chebyshev Inequalities}{chapter.7}% 40
\BOOKMARK [1][-]{section.7.2}{Weak Law of Large Numbers}{chapter.7}% 41
\BOOKMARK [1][-]{section.7.3}{Central Limit theorem}{chapter.7}% 42
\BOOKMARK [0][-]{chapter.8}{Selected Topics of Probability}{part.1}% 43
\BOOKMARK [1][-]{section.8.1}{Indicator Variables}{chapter.8}% 44
\BOOKMARK [1][-]{section.8.2}{Ordered Statistics}{chapter.8}% 45
\BOOKMARK [1][-]{section.8.3}{Copula}{chapter.8}% 46
\BOOKMARK [1][-]{section.8.4}{coupling}{chapter.8}% 47
\BOOKMARK [1][-]{section.8.5}{The Reflection Principle}{chapter.8}% 48
\BOOKMARK [-1][-]{part.2}{Elementary Theory of Stochastic Processes}{}% 49
\BOOKMARK [0][-]{chapter.9}{Introduction}{part.2}% 50
\BOOKMARK [0][-]{chapter.10}{Markov Chains}{part.2}% 51
\BOOKMARK [1][-]{section.10.1}{Introduction}{chapter.10}% 52
\BOOKMARK [1][-]{section.10.2}{Discrete Time Markov Chains}{chapter.10}% 53
\BOOKMARK [1][-]{section.10.3}{Continuous Time Markov Chains}{chapter.10}% 54
\BOOKMARK [0][-]{chapter.11}{Poisson Processes}{part.2}% 55
\BOOKMARK [1][-]{section.11.1}{Poisson Processes on the Line}{chapter.11}% 56
\BOOKMARK [1][-]{section.11.2}{Variable Rate Poisson Processes}{chapter.11}% 57
\BOOKMARK [1][-]{section.11.3}{Poisson Processes in Higher Dimensions}{chapter.11}% 58
\BOOKMARK [0][-]{chapter.12}{Renewal Theory}{part.2}% 59
\BOOKMARK [1][-]{section.12.1}{Renewal theory for positive lattice valued random variables as connected with Markov chains: Blackwell's renewal theorem for positive lattice valued random variables}{chapter.12}% 60
\BOOKMARK [0][-]{chapter.13}{Selected Topics of Stochastic Processes}{part.2}% 61
\BOOKMARK [1][-]{section.13.1}{Martingales which are functions of discrete time Markov chains}{chapter.13}% 62
\BOOKMARK [1][-]{section.13.2}{Brownian motion: Path properties, reflection principle, random walk approximation.}{chapter.13}% 63
\BOOKMARK [1][-]{section.13.3}{Random Fields}{chapter.13}% 64
\BOOKMARK [1][-]{section.13.4}{Discrete and Continuous Time Birth and Death processes}{chapter.13}% 65
\BOOKMARK [1][-]{section.13.5}{Discrete and Continuous Time Queuing processes}{chapter.13}% 66
\BOOKMARK [1][-]{section.13.6}{Finite State Space Pure Jump Processes}{chapter.13}% 67
\BOOKMARK [1][-]{section.13.7}{Infinite Server Queue}{chapter.13}% 68
\BOOKMARK [-1][-]{part.3}{Measure-theoretical Probability}{}% 69
\BOOKMARK [0][-]{chapter.14}{Introduction}{part.3}% 70
\BOOKMARK [1][-]{section.14.1}{Why Do We Need Rigorous Probability Theory?}{chapter.14}% 71
\BOOKMARK [1][-]{section.14.2}{Normal Numbers}{chapter.14}% 72
\BOOKMARK [1][-]{section.14.3}{Formal Definition of Probability Space}{chapter.14}% 73
\BOOKMARK [0][-]{chapter.15}{Lecture 5 \(1/21/2015 Wednesday\): }{part.3}% 74
\BOOKMARK [0][-]{chapter.16}{Probability Space and Measure}{part.3}% 75
\BOOKMARK [1][-]{section.16.1}{Algebra of Sets}{chapter.16}% 76
\BOOKMARK [0][-]{chapter.17}{Integration Theory}{part.3}% 77
\BOOKMARK [0][-]{chapter.18}{Random Variables}{part.3}% 78
\BOOKMARK [0][-]{chapter.19}{Law of Large Numbers}{part.3}% 79
\BOOKMARK [1][-]{section.19.1}{Types of Convergence}{chapter.19}% 80
\BOOKMARK [1][-]{section.19.2}{Weak Law of Large Numbers \(WLLN\)}{chapter.19}% 81
\BOOKMARK [1][-]{section.19.3}{Strong Law of Large Numbers \(SLLN\)}{chapter.19}% 82
\BOOKMARK [0][-]{chapter.20}{Central Limit theorem}{part.3}% 83
\BOOKMARK [0][-]{chapter.21}{Some Tricks}{part.3}% 84
\BOOKMARK [1][-]{section.21.1}{Prove by Contraposition}{chapter.21}% 85
\BOOKMARK [1][-]{section.21.2}{Construct Finer Partition}{chapter.21}% 86
\BOOKMARK [1][-]{section.21.3}{Prove Equality}{chapter.21}% 87
\BOOKMARK [1][-]{section.21.4}{An Epsilon of Room}{chapter.21}% 88
\BOOKMARK [1][-]{section.21.5}{Interpretations of Probability}{chapter.21}% 89
\BOOKMARK [-1][-]{part.4}{Measure-theoretical Stochastic Processes}{}% 90
\BOOKMARK [-1][-]{part.5}{Appendix}{}% 91
