This is pdfTeX, Version 3.1415926-2.3-1.40.12 (TeX Live 2011) (format=pdflatex 2011.7.3)  30 JUL 2013 17:01
entering extended mode
 restricted \write18 enabled.
 %&-line parsing enabled.
**RealAnalysis.tex
(./RealAnalysis.tex
LaTeX2e <2009/09/24>
Babel <v3.8l> and hyphenation patterns for english, dumylang, nohyphenation, ge
rman-x-2009-06-19, ngerman-x-2009-06-19, afrikaans, ancientgreek, ibycus, arabi
c, armenian, basque, bulgarian, catalan, pinyin, coptic, croatian, czech, danis
h, dutch, ukenglish, usenglishmax, esperanto, estonian, ethiopic, farsi, finnis
h, french, galician, german, ngerman, swissgerman, monogreek, greek, hungarian,
 icelandic, assamese, bengali, gujarati, hindi, kannada, malayalam, marathi, or
iya, panjabi, tamil, telugu, indonesian, interlingua, irish, italian, kurmanji,
 lao, latin, latvian, lithuanian, mongolian, mongolianlmc, bokmal, nynorsk, pol
ish, portuguese, romanian, russian, sanskrit, serbian, serbianc, slovak, sloven
ian, spanish, swedish, turkish, turkmen, ukrainian, uppersorbian, welsh, loaded
.
(/usr/local/texlive/2011/texmf-dist/tex/latex/base/report.cls
Document Class: report 2007/10/19 v1.4h Standard LaTeX document class
(/usr/local/texlive/2011/texmf-dist/tex/latex/base/size10.clo
File: size10.clo 2007/10/19 v1.4h Standard LaTeX file (size option)
)
\c@part=\count79
\c@chapter=\count80
\c@section=\count81
\c@subsection=\count82
\c@subsubsection=\count83
\c@paragraph=\count84
\c@subparagraph=\count85
\c@figure=\count86
\c@table=\count87
\abovecaptionskip=\skip41
\belowcaptionskip=\skip42
\bibindent=\dimen102
)
(/usr/local/texlive/2011/texmf-dist/tex/latex/amsfonts/amssymb.sty
Package: amssymb 2009/06/22 v3.00

(/usr/local/texlive/2011/texmf-dist/tex/latex/amsfonts/amsfonts.sty
Package: amsfonts 2009/06/22 v3.00 Basic AMSFonts support
\@emptytoks=\toks14
\symAMSa=\mathgroup4
\symAMSb=\mathgroup5
LaTeX Font Info:    Overwriting math alphabet `\mathfrak' in version `bold'
(Font)                  U/euf/m/n --> U/euf/b/n on input line 96.
))
(/usr/local/texlive/2011/texmf-dist/tex/latex/amsmath/amsmath.sty
Package: amsmath 2000/07/18 v2.13 AMS math features
\@mathmargin=\skip43

For additional information on amsmath, use the `?' option.
(/usr/local/texlive/2011/texmf-dist/tex/latex/amsmath/amstext.sty
Package: amstext 2000/06/29 v2.01

(/usr/local/texlive/2011/texmf-dist/tex/latex/amsmath/amsgen.sty
File: amsgen.sty 1999/11/30 v2.0
\@emptytoks=\toks15
\ex@=\dimen103
))
(/usr/local/texlive/2011/texmf-dist/tex/latex/amsmath/amsbsy.sty
Package: amsbsy 1999/11/29 v1.2d
\pmbraise@=\dimen104
)
(/usr/local/texlive/2011/texmf-dist/tex/latex/amsmath/amsopn.sty
Package: amsopn 1999/12/14 v2.01 operator names
)
\inf@bad=\count88
LaTeX Info: Redefining \frac on input line 211.
\uproot@=\count89
\leftroot@=\count90
LaTeX Info: Redefining \overline on input line 307.
\classnum@=\count91
\DOTSCASE@=\count92
LaTeX Info: Redefining \ldots on input line 379.
LaTeX Info: Redefining \dots on input line 382.
LaTeX Info: Redefining \cdots on input line 467.
\Mathstrutbox@=\box26
\strutbox@=\box27
\big@size=\dimen105
LaTeX Font Info:    Redeclaring font encoding OML on input line 567.
LaTeX Font Info:    Redeclaring font encoding OMS on input line 568.
\macc@depth=\count93
\c@MaxMatrixCols=\count94
\dotsspace@=\muskip10
\c@parentequation=\count95
\dspbrk@lvl=\count96
\tag@help=\toks16
\row@=\count97
\column@=\count98
\maxfields@=\count99
\andhelp@=\toks17
\eqnshift@=\dimen106
\alignsep@=\dimen107
\tagshift@=\dimen108
\tagwidth@=\dimen109
\totwidth@=\dimen110
\lineht@=\dimen111
\@envbody=\toks18
\multlinegap=\skip44
\multlinetaggap=\skip45
\mathdisplay@stack=\toks19
LaTeX Info: Redefining \[ on input line 2666.
LaTeX Info: Redefining \] on input line 2667.
)
(/usr/local/texlive/2011/texmf-dist/tex/latex/ntheorem/ntheorem.sty
Style `ntheorem', Version 1.31 <2011/02/16>
Package: ntheorem 2011/02/16 1.31
(/usr/local/texlive/2011/texmf-dist/tex/latex/base/ifthen.sty
Package: ifthen 2001/05/26 v1.1c Standard LaTeX ifthen package (DPC)
)
\theorem@style=\toks20
\theorem@@style=\toks21
\theorembodyfont=\toks22
\theoremnumbering=\toks23
\theorempreskipamount=\skip46
\theorempostskipamount=\skip47
\theoremframepreskipamount=\skip48
\theoremframepostskipamount=\skip49
\theoremindent=\dimen112
\theorem@indent=\dimen113
\theoremheaderfont=\toks24
\theoremseparator=\toks25
\theoremprework=\toks26
\theorempostwork=\toks27
\theoremsymbol=\toks28
\qedsymbol=\toks29
\theoremkeyword=\toks30
\qedsymbol=\toks31
\thm@topsepadd=\skip50
Package ntheorem Info: Option `thmmarks' loaded on input line 1066.
\c@endNonectr=\count100
\c@currNonectr=\count101
\mysavskip=\skip51
Package ntheorem Info: option `amsmath' handling for `thmmarks' loaded on input
 line 1066.
\thm@amstmpdepth=\dimen114
\tagwidth=\dimen115
)
(/usr/local/texlive/2011/texmf-dist/tex/latex/jknapltx/mathrsfs.sty
Package: mathrsfs 1996/01/01 Math RSFS package v1.0 (jk)
\symrsfs=\mathgroup6
)
(/usr/local/texlive/2011/texmf-dist/tex/latex/graphics/color.sty
Package: color 2005/11/14 v1.0j Standard LaTeX Color (DPC)

(/usr/local/texlive/2011/texmf-dist/tex/latex/latexconfig/color.cfg
File: color.cfg 2007/01/18 v1.5 color configuration of teTeX/TeXLive
)
Package color Info: Driver file: pdftex.def on input line 130.

(/usr/local/texlive/2011/texmf-dist/tex/latex/pdftex-def/pdftex.def
File: pdftex.def 2011/05/27 v0.06d Graphics/color for pdfTeX

(/usr/local/texlive/2011/texmf-dist/tex/generic/oberdiek/infwarerr.sty
Package: infwarerr 2010/04/08 v1.3 Providing info/warning/message (HO)
)
(/usr/local/texlive/2011/texmf-dist/tex/generic/oberdiek/ltxcmds.sty
Package: ltxcmds 2011/04/18 v1.20 LaTeX kernel commands for general use (HO)
)
\Gread@gobject=\count102
))
(/usr/local/texlive/2011/texmf-dist/tex/latex/hyperref/hyperref.sty
Package: hyperref 2011/04/17 v6.82g Hypertext links for LaTeX

(/usr/local/texlive/2011/texmf-dist/tex/generic/oberdiek/hobsub-hyperref.sty
Package: hobsub-hyperref 2011/04/23 v1.4 Bundle oberdiek, subset hyperref (HO)

(/usr/local/texlive/2011/texmf-dist/tex/generic/oberdiek/hobsub-generic.sty
Package: hobsub-generic 2011/04/23 v1.4 Bundle oberdiek, subset generic (HO)
Package: hobsub 2011/04/23 v1.4 Subsetting bundle oberdiek (HO)
Package hobsub Info: Skipping package `infwarerr' (already loaded).
Package hobsub Info: Skipping package `ltxcmds' (already loaded).
Package: ifluatex 2010/03/01 v1.3 Provides the ifluatex switch (HO)
Package ifluatex Info: LuaTeX not detected.
Package: ifvtex 2010/03/01 v1.5 Switches for detecting VTeX and its modes (HO)
Package ifvtex Info: VTeX not detected.
Package: intcalc 2007/09/27 v1.1 Expandable integer calculations (HO)
Package: ifpdf 2011/01/30 v2.3 Provides the ifpdf switch (HO)
Package ifpdf Info: pdfTeX in PDF mode is detected.
Package: etexcmds 2011/02/16 v1.5 Prefix for e-TeX command names (HO)
Package etexcmds Info: Could not find \expanded.
(etexcmds)             That can mean that you are not using pdfTeX 1.50 or
(etexcmds)             that some package has redefined \expanded.
(etexcmds)             In the latter case, load this package earlier.
Package: kvsetkeys 2011/04/07 v1.13 Key value parser (HO)
Package: kvdefinekeys 2011/04/07 v1.3 Defining keys (HO)
Package: pdftexcmds 2011/04/22 v0.16 Utilities of pdfTeX for LuaTeX (HO)
Package pdftexcmds Info: LuaTeX not detected.
Package pdftexcmds Info: \pdf@primitive is available.
Package pdftexcmds Info: \pdf@ifprimitive is available.
Package pdftexcmds Info: \pdfdraftmode found.
Package: pdfescape 2011/04/04 v1.12 Provides string conversions (HO)
Package: bigintcalc 2011/01/30 v1.2 Expandable big integer calculations (HO)
Package: bitset 2011/01/30 v1.1 Data type bit set (HO)
Package: uniquecounter 2011/01/30 v1.2 Provides unlimited unique counter (HO)
)
Package hobsub Info: Skipping package `hobsub' (already loaded).
Package: letltxmacro 2010/09/02 v1.4 Let assignment for LaTeX macros (HO)
Package: hopatch 2011/01/30 v1.0 Wrapper for package hooks (HO)
Package: xcolor-patch 2011/01/30 xcolor patch
Package: atveryend 2011/04/23 v1.7 Hooks at very end of document (HO)
Package atveryend Info: \enddocument detected (standard).
Package: atbegshi 2011/01/30 v1.15 At begin shipout hook (HO)
Package: refcount 2010/12/01 v3.2 Data extraction from references (HO)
Package: hycolor 2011/01/30 v1.7 Color options of hyperref/bookmark (HO)
)
(/usr/local/texlive/2011/texmf-dist/tex/latex/graphics/keyval.sty
Package: keyval 1999/03/16 v1.13 key=value parser (DPC)
\KV@toks@=\toks32
)
(/usr/local/texlive/2011/texmf-dist/tex/generic/ifxetex/ifxetex.sty
Package: ifxetex 2010/09/12 v0.6 Provides ifxetex conditional
)
(/usr/local/texlive/2011/texmf-dist/tex/latex/oberdiek/kvoptions.sty
Package: kvoptions 2010/12/23 v3.10 Keyval support for LaTeX options (HO)
)
\@linkdim=\dimen116
\Hy@linkcounter=\count103
\Hy@pagecounter=\count104

(/usr/local/texlive/2011/texmf-dist/tex/latex/hyperref/pd1enc.def
File: pd1enc.def 2011/04/17 v6.82g Hyperref: PDFDocEncoding definition (HO)
)
\Hy@SavedSpaceFactor=\count105

(/usr/local/texlive/2011/texmf-dist/tex/latex/latexconfig/hyperref.cfg
File: hyperref.cfg 2002/06/06 v1.2 hyperref configuration of TeXLive
)
Package hyperref Info: Hyper figures OFF on input line 4026.
Package hyperref Info: Link nesting OFF on input line 4031.
Package hyperref Info: Hyper index ON on input line 4034.
Package hyperref Info: Plain pages OFF on input line 4041.
Package hyperref Info: Backreferencing OFF on input line 4046.
Package hyperref Info: Implicit mode ON; LaTeX internals redefined.
Package hyperref Info: Bookmarks ON on input line 4264.
\c@Hy@tempcnt=\count106

(/usr/local/texlive/2011/texmf-dist/tex/latex/url/url.sty
\Urlmuskip=\muskip11
Package: url 2006/04/12  ver 3.3  Verb mode for urls, etc.
)
LaTeX Info: Redefining \url on input line 4617.
\Fld@menulength=\count107
\Field@Width=\dimen117
\Fld@charsize=\dimen118
Package hyperref Info: Hyper figures OFF on input line 5701.
Package hyperref Info: Link nesting OFF on input line 5706.
Package hyperref Info: Hyper index ON on input line 5709.
Package hyperref Info: backreferencing OFF on input line 5716.
Package hyperref Info: Link coloring OFF on input line 5721.
Package hyperref Info: Link coloring with OCG OFF on input line 5726.
Package hyperref Info: PDF/A mode OFF on input line 5731.
LaTeX Info: Redefining \ref on input line 5771.
LaTeX Info: Redefining \pageref on input line 5775.
\Hy@abspage=\count108
\c@Item=\count109
\c@Hfootnote=\count110
)

Package hyperref Message: Driver (autodetected): hpdftex.

(/usr/local/texlive/2011/texmf-dist/tex/latex/hyperref/hpdftex.def
File: hpdftex.def 2011/04/17 v6.82g Hyperref driver for pdfTeX
\Fld@listcount=\count111
\c@bookmark@seq@number=\count112

(/usr/local/texlive/2011/texmf-dist/tex/latex/oberdiek/rerunfilecheck.sty
Package: rerunfilecheck 2011/04/15 v1.7 Rerun checks for auxiliary files (HO)
Package uniquecounter Info: New unique counter `rerunfilecheck' on input line 2
82.
)
\Hy@SectionHShift=\skip52
)
(/usr/local/texlive/2011/texmf-dist/tex/latex/tools/enumerate.sty
Package: enumerate 1999/03/05 v3.00 enumerate extensions (DPC)
\@enLab=\toks33
)
\c@currdefinitionctr=\count113
\c@enddefinitionctr=\count114
\c@definition=\count115
\c@currtheoremctr=\count116
\c@endtheoremctr=\count117
\c@theorem=\count118
\c@currcorollaryctr=\count119
\c@endcorollaryctr=\count120
\c@corollary=\count121
\c@currproblemctr=\count122
\c@endproblemctr=\count123
\c@problem=\count124

(./RealAnalysis.aux)
\openout1 = `RealAnalysis.aux'.

LaTeX Font Info:    Checking defaults for OML/cmm/m/it on input line 36.
LaTeX Font Info:    ... okay on input line 36.
LaTeX Font Info:    Checking defaults for T1/cmr/m/n on input line 36.
LaTeX Font Info:    ... okay on input line 36.
LaTeX Font Info:    Checking defaults for OT1/cmr/m/n on input line 36.
LaTeX Font Info:    ... okay on input line 36.
LaTeX Font Info:    Checking defaults for OMS/cmsy/m/n on input line 36.
LaTeX Font Info:    ... okay on input line 36.
LaTeX Font Info:    Checking defaults for OMX/cmex/m/n on input line 36.
LaTeX Font Info:    ... okay on input line 36.
LaTeX Font Info:    Checking defaults for U/cmr/m/n on input line 36.
LaTeX Font Info:    ... okay on input line 36.
LaTeX Font Info:    Checking defaults for PD1/pdf/m/n on input line 36.
LaTeX Font Info:    ... okay on input line 36.

(/usr/local/texlive/2011/texmf-dist/tex/context/base/supp-pdf.mkii
[Loading MPS to PDF converter (version 2006.09.02).]
\scratchcounter=\count125
\scratchdimen=\dimen119
\scratchbox=\box28
\nofMPsegments=\count126
\nofMParguments=\count127
\everyMPshowfont=\toks34
\MPscratchCnt=\count128
\MPscratchDim=\dimen120
\MPnumerator=\count129
\makeMPintoPDFobject=\count130
\everyMPtoPDFconversion=\toks35
)
\AtBeginShipoutBox=\box29
Package hyperref Info: Link coloring OFF on input line 36.
 (/usr/local/texlive/2011/texmf-dist/tex/latex/hyperref/nameref.sty
Package: nameref 2010/04/30 v2.40 Cross-referencing by name of section

(/usr/local/texlive/2011/texmf-dist/tex/generic/oberdiek/gettitlestring.sty
Package: gettitlestring 2010/12/03 v1.4 Cleanup title references (HO)
)
\c@section@level=\count131
)
LaTeX Info: Redefining \ref on input line 36.
LaTeX Info: Redefining \pageref on input line 36.
LaTeX Info: Redefining \nameref on input line 36.

(./RealAnalysis.out) (./RealAnalysis.out)
\@outlinefile=\write3
\openout3 = `RealAnalysis.out'.

LaTeX Font Info:    Try loading font information for U+msa on input line 38.

(/usr/local/texlive/2011/texmf-dist/tex/latex/amsfonts/umsa.fd
File: umsa.fd 2009/06/22 v3.00 AMS symbols A
)
LaTeX Font Info:    Try loading font information for U+msb on input line 38.

(/usr/local/texlive/2011/texmf-dist/tex/latex/amsfonts/umsb.fd
File: umsb.fd 2009/06/22 v3.00 AMS symbols B
)
LaTeX Font Info:    Try loading font information for U+rsfs on input line 38.

(/usr/local/texlive/2011/texmf-dist/tex/latex/jknapltx/ursfs.fd
File: ursfs.fd 1998/03/24 rsfs font definition file (jk)
) [1

{/usr/local/texlive/2011/texmf-var/fonts/map/pdftex/updmap/pdftex.map}] (./Real
Analysis.tocpdfTeX warning (ext4): destination with the same identifier (name{p
age.1}) has been already used, duplicate ignored
<to be read again> 
                   \relax 
l.34 ...{\numberline {3.6}Series}{18}{section.3.6}
                                                   [1

] [2] [3])
\tf@toc=\write4
\openout4 = `RealAnalysis.toc'.

 [4]
(./Chapter1.tex
Chapter 1.
Package hyperref Info: bookmark level for unknown definition defaults to 0 on i
nput line 5.
[5

]) [6] (./Chapter2.tex
Chapter 2.

Underfull \hbox (badness 1173) in paragraph at lines 15--15
\OT1/cmr/m/n/9 sar-ily a sub-set
 []


LaTeX Warning: The counter will not be printed.
             The label is:  on input line 20.

[7

]
Package hyperref Info: bookmark level for unknown theorem defaults to 0 on inpu
t line 50.

Overfull \hbox (21.75012pt too wide) in paragraph at lines 50--51
[]$\OML/cmm/m/it/10 A$ \OT1/cmr/m/n/10 is in-fi-nite if and only if $\OML/cmm/m
/it/10 A$ \OT1/cmr/m/n/10 is equiv-a-lent to one of its $[]$. 
 []

[8]
Package hyperref Info: bookmark level for unknown corollary defaults to 0 on in
put line 66.
 [9]
Underfull \hbox (badness 1888) in paragraph at lines 104--104
[]\OT1/cmr/m/n/10 An equiv-a-lent
 []


Underfull \hbox (badness 10000) in paragraph at lines 104--104
\OT1/cmr/m/n/10 def-i-ni-tion:
 []


Underfull \hbox (badness 10000) in paragraph at lines 104--104
\OT1/cmr/m/n/10 neigh-bor-hood
 []


Underfull \hbox (badness 3428) in paragraph at lines 104--104
\OT1/cmr/m/n/10 the only el-e-
 []


Underfull \hbox (badness 2772) in paragraph at lines 104--104
\OT1/cmr/m/n/10 ment $[]$ it
 []


Underfull \hbox (badness 3291) in paragraph at lines 104--104
\OT1/cmr/m/n/10 con-tains is $\OML/cmm/m/it/10 p$
 []


Underfull \hbox (badness 10000) in paragraph at lines 104--104
[]\OT1/cmr/m/n/9 An equiv-a-lent
 []


Underfull \hbox (badness 10000) in paragraph at lines 104--104
\OT1/cmr/m/n/9 def-i-ni-tion:
 []


Underfull \hbox (badness 1796) in paragraph at lines 104--104
\OT1/cmr/m/n/9 There exsits a
 []


Underfull \hbox (badness 10000) in paragraph at lines 104--104
\OT1/cmr/m/n/9 only el-e-ment
 []

LaTeX Font Info:    Try loading font information for OMS+cmr on input line 141.

(/usr/local/texlive/2011/texmf-dist/tex/latex/base/omscmr.fd
File: omscmr.fd 1999/05/25 v2.5h Standard LaTeX font definitions
)
LaTeX Font Info:    Font shape `OMS/cmr/m/n' in size <10> not available
(Font)              Font shape `OMS/cmsy/m/n' tried instead on input line 141.
 [10]
Underfull \hbox (badness 10000) in paragraph at lines 187--187
[]\OT1/cmr/m/n/10 Every met-ric
 []


Underfull \hbox (badness 10000) in paragraph at lines 187--187
\OT1/cmr/m/n/10 closed sub-set
 []


Underfull \hbox (badness 10000) in paragraph at lines 187--187
[]\OT1/cmr/m/n/9 Every met-ric
 []


Underfull \hbox (badness 1082) in paragraph at lines 187--187
\OT1/cmr/m/n/9 open sub-set of
 []

[11]
Underfull \hbox (badness 2393) in paragraph at lines 248--248
\OT1/cmr/m/n/10 are of course
 []


Underfull \hbox (badness 10000) in paragraph at lines 248--248
\OT1/cmr/m/n/10 dis-joint, but
 []


Underfull \hbox (badness 10000) in paragraph at lines 248--248
\OT1/cmr/m/n/10 dis-joint sets
 []


Underfull \hbox (badness 6792) in paragraph at lines 248--248
\OT1/cmr/m/n/10 need not be
 []


Underfull \hbox (badness 10000) in paragraph at lines 248--248
[]\OT1/cmr/m/n/9 Separated sets
 []


Underfull \hbox (badness 10000) in paragraph at lines 248--248
\OT1/cmr/m/n/9 are of course
 []


Underfull \hbox (badness 10000) in paragraph at lines 248--248
\OT1/cmr/m/n/9 dis-joint, but
 []


Underfull \hbox (badness 10000) in paragraph at lines 248--248
\OT1/cmr/m/n/9 dis-joint sets
 []


Underfull \hbox (badness 10000) in paragraph at lines 248--248
\OT1/cmr/m/n/9 need not be
 []

[12]) [13] (./Chapter3.tex
Chapter 3.

Underfull \hbox (badness 4621) in paragraph at lines 6--6
[]\OT1/cmr/m/n/10 If $\OMS/cmsy/m/n/10 f\OML/cmm/m/it/10 p[]\OMS/cmsy/m/n/10 g$
 \OT1/cmr/m/n/10 does
 []


Underfull \hbox (badness 7133) in paragraph at lines 6--6
\OT1/cmr/m/n/10 not con-verge,
 []


Underfull \hbox (badness 1838) in paragraph at lines 6--6
\OT1/cmr/m/n/9 con-verge, it is
 []


Overfull \hbox (4.84229pt too wide) in paragraph at lines 10--11
[]\OT1/cmr/m/n/10 The se-quence $\OMS/cmsy/m/n/10 f\OML/cmm/m/it/10 p[]\OMS/cms
y/m/n/10 g$ \OT1/cmr/m/n/10 is said to be []\OT1/cmr/m/it/10 bounded[] \OT1/cmr
/m/n/10 if its range is bounded. 
 []


Underfull \hbox (badness 1742) in paragraph at lines 20--20
[]\OT1/cmr/m/n/10 A point $\OML/cmm/m/it/10 p$ \OT1/cmr/m/n/10 is
 []


Underfull \hbox (badness 2689) in paragraph at lines 20--20
\OT1/cmr/m/n/10 a limit point
 []


Underfull \hbox (badness 10000) in paragraph at lines 20--20
\OT1/cmr/m/n/10 and only if
 []


Overfull \hbox (20.56958pt too wide) in paragraph at lines 20--20
[]$
 []


Underfull \hbox (badness 5548) in paragraph at lines 20--20
\OT1/cmr/m/n/10 con-verg-ing to
 []


Underfull \hbox (badness 4859) in paragraph at lines 20--20
[]\OT1/cmr/m/n/9 A point $\OML/cmm/m/it/9 p$ \OT1/cmr/m/n/9 is
 []


Underfull \hbox (badness 10000) in paragraph at lines 20--20
\OT1/cmr/m/n/9 a limit point
 []


Underfull \hbox (badness 1917) in paragraph at lines 20--20
\OT1/cmr/m/n/9 of a set $\OML/cmm/m/it/9 E$ \OT1/cmr/m/n/9 if
 []


Underfull \hbox (badness 10000) in paragraph at lines 20--20
\OT1/cmr/m/n/9 and only if
 []


Underfull \hbox (badness 2469) in paragraph at lines 20--20
\OT1/cmr/m/n/9 there is a se-
 []


Overfull \hbox (14.10919pt too wide) in paragraph at lines 20--20
[]$
 []


Overfull \hbox (1.6483pt too wide) in paragraph at lines 25--26
[]\OT1/cmr/m/n/10 Suppose $\OMS/cmsy/m/n/10 f\OML/cmm/m/it/10 s[]\OMS/cmsy/m/n/
10 g\OML/cmm/m/it/10 ; \OMS/cmsy/m/n/10 f\OML/cmm/m/it/10 t[]\OMS/cmsy/m/n/10 g
$ \OT1/cmr/m/n/10 are com-plex se-quences, and $[][]\OMS/cmsy/m/n/10 f\OML/cmm/
m/it/10 s[]\OMS/cmsy/m/n/10 g \OT1/cmr/m/n/10 =
 []

[14

] [15] [16] [17] [18]

Package hyperref Warning: Token not allowed in a PDF string (PDFDocEncoding):
(hyperref)                removing `math shift' on input line 201.


Package hyperref Warning: Token not allowed in a PDF string (PDFDocEncoding):
(hyperref)                removing `math shift' on input line 201.

[19] [20] [21] [22]) [23] (./Chapter4.tex
Chapter 4.

Underfull \hbox (badness 10000) in paragraph at lines 6--6
[]\OT1/cmr/m/n/10 The def-i-ni-
 []


Underfull \hbox (badness 1112) in paragraph at lines 6--6
\OT1/cmr/m/n/10 tion does not
 []


Underfull \hbox (badness 10000) in paragraph at lines 6--6
\OT1/cmr/m/n/10 say any-thing
 []


Underfull \hbox (badness 10000) in paragraph at lines 6--6
[]\OT1/cmr/m/n/9 The def-i-ni-tion
 []


Underfull \hbox (badness 10000) in paragraph at lines 6--6
\OT1/cmr/m/n/9 does not say
 []

[24

]
Underfull \hbox (badness 10000) in paragraph at lines 35--35
[]\OT1/cmr/m/n/10 If $\OML/cmm/m/it/10 p$ \OT1/cmr/m/n/10 is an
 []


Underfull \hbox (badness 10000) in paragraph at lines 35--35
[]$
 []


Underfull \hbox (badness 10000) in paragraph at lines 35--35
\OT1/cmr/m/n/10 of $\OML/cmm/m/it/10 E$\OT1/cmr/m/n/10 , then
 []


Underfull \hbox (badness 4792) in paragraph at lines 35--35
\OT1/cmr/m/n/10 con-tin-u-ous at
 []


Underfull \hbox (badness 10000) in paragraph at lines 35--35
[]\OT1/cmr/m/n/9 If $\OML/cmm/m/it/9 p$ \OT1/cmr/m/n/9 is an
 []


Underfull \hbox (badness 10000) in paragraph at lines 35--35
[]$
 []


Underfull \hbox (badness 10000) in paragraph at lines 35--35
\OT1/cmr/m/n/9 of $\OML/cmm/m/it/9 E$\OT1/cmr/m/n/9 , then
 []


Underfull \hbox (badness 10000) in paragraph at lines 35--35
\OT1/cmr/m/n/9 ev-ery func-tion
 []


Underfull \hbox (badness 4454) in paragraph at lines 35--35
\OT1/cmr/m/n/9 as its do-main
 []


Underfull \hbox (badness 3364) in paragraph at lines 35--35
\OT1/cmr/m/n/9 of defin-tion is
 []

[25]
Underfull \hbox (badness 4303) in paragraph at lines 84--84
\OML/cmm/m/it/10 f$ \OT1/cmr/m/n/10 at-tains its
 []


Underfull \hbox (badness 3690) in paragraph at lines 84--84
\OT1/cmr/m/n/10 max-i-mum (at
 []

[26]
Underfull \hbox (badness 10000) in paragraph at lines 121--121
\OT1/cmr/m/n/10 dis-con-ti-nu-
 []


Underfull \hbox (badness 10000) in paragraph at lines 121--121
\OT1/cmr/m/n/10 ity: ei-ther
 []


Underfull \hbox (badness 10000) in paragraph at lines 121--121
\OML/cmm/m/it/10 f\OT1/cmr/m/n/10 (\OML/cmm/m/it/10 x\OT1/cmr/m/n/10 +) \OMS/cm
sy/m/n/10 6\OT1/cmr/m/n/10 =
 []


Underfull \hbox (badness 10000) in paragraph at lines 121--121
\OML/cmm/m/it/10 f\OT1/cmr/m/n/10 (\OML/cmm/m/it/10 x\OMS/cmsy/m/n/10 ^^@\OT1/c
mr/m/n/10 )$, in
 []


Underfull \hbox (badness 2418) in paragraph at lines 121--121
\OT1/cmr/m/n/10 value $\OML/cmm/m/it/10 f\OT1/cmr/m/n/10 (\OML/cmm/m/it/10 x\OT
1/cmr/m/n/10 )$ is
 []


Underfull \hbox (badness 10000) in paragraph at lines 121--121
\OT1/cmr/m/n/10 im-ma-te-rial,
 []


Underfull \hbox (badness 3803) in paragraph at lines 121--121
\OT1/cmr/m/n/10 or $\OML/cmm/m/it/10 f\OT1/cmr/m/n/10 (\OML/cmm/m/it/10 x\OT1/c
mr/m/n/10 +) =
 []


Underfull \hbox (badness 2035) in paragraph at lines 121--121
[]\OT1/cmr/m/n/9 There are two
 []


Underfull \hbox (badness 2035) in paragraph at lines 121--121
\OT1/cmr/m/n/9 ways in which
 []


Underfull \hbox (badness 1264) in paragraph at lines 121--121
\OT1/cmr/m/n/9 a func-tion can
 []


Underfull \hbox (badness 3623) in paragraph at lines 121--121
\OT1/cmr/m/n/9 have a sim-ple
 []


Underfull \hbox (badness 10000) in paragraph at lines 121--121
\OT1/cmr/m/n/9 dis-con-ti-nu-ity:
 []


Underfull \hbox (badness 2213) in paragraph at lines 121--121
\OT1/cmr/m/n/9 case the value
 []

[27]
Underfull \hbox (badness 10000) in paragraph at lines 136--136
[]\OT1/cmr/m/n/9 Compare with
 []

) [28] (./Chapter5.tex
Chapter 5.

Underfull \hbox (badness 2478) in paragraph at lines 11--11
\OT1/cmr/m/n/10 the fact that
 []


Underfull \hbox (badness 10000) in paragraph at lines 11--11
[]\OT1/cmr/m/n/9 Prove by us-
 []


Underfull \hbox (badness 10000) in paragraph at lines 11--11
\OT1/cmr/m/n/9 ing the fact
 []


Underfull \hbox (badness 10000) in paragraph at lines 11--11
\OT1/cmr/m/n/9 that limit of
 []


Underfull \hbox (badness 10000) in paragraph at lines 11--11
\OT1/cmr/m/n/9 a prod-uct is
 []


Underfull \hbox (badness 1122) in paragraph at lines 11--11
\OT1/cmr/m/n/9 the prod-uct of
 []

[29

]
Underfull \hbox (badness 10000) in paragraph at lines 36--36
[]\OT1/cmr/m/n/10 Prove by
 []


Underfull \hbox (badness 10000) in paragraph at lines 36--36
\OT1/cmr/m/n/10 show-ing the
 []


Underfull \hbox (badness 5622) in paragraph at lines 36--36
\OT1/cmr/m/n/10 left-hand and
 []


Underfull \hbox (badness 10000) in paragraph at lines 36--36
\OT1/cmr/m/n/10 right-hand
 []


Underfull \hbox (badness 10000) in paragraph at lines 36--36
[]\OT1/cmr/m/n/9 Prove by
 []


Underfull \hbox (badness 10000) in paragraph at lines 36--36
\OT1/cmr/m/n/9 show-ing the
 []


Underfull \hbox (badness 10000) in paragraph at lines 36--36
\OT1/cmr/m/n/9 left-hand and
 []


Underfull \hbox (badness 10000) in paragraph at lines 36--36
\OT1/cmr/m/n/9 right-hand
 []


Underfull \hbox (badness 10000) in paragraph at lines 64--64
[]\OT1/cmr/m/n/9 Compare with
 []

[30]
Missing character: There is no â in font cmr10!
Missing character: There is no € in font cmr10!
Missing character: There is no ˜ in font cmr10!
 [31]) [32] (./Chapter6.tex
Chapter 6.
[33

] [34] [35]) [36] (./Chapter7.tex
Chapter 7.
[37

] [38] [39]
Overfull \hbox (0.13411pt too wide) in paragraph at lines 91--98
[]\OT1/cmr/m/n/10 If $\OML/cmm/m/it/10 K$ \OT1/cmr/m/n/10 is a com-pact met-ric
 space, if $\OML/cmm/m/it/10 f[] \OMS/cmsy/m/n/10 2 C\OT1/cmr/m/n/10 (\OML/cmm/
m/it/10 K\OT1/cmr/m/n/10 )$ for $\OML/cmm/m/it/10 n \OT1/cmr/m/n/10 = 1\OML/cmm
/m/it/10 ; \OT1/cmr/m/n/10 2\OML/cmm/m/it/10 ; \OT1/cmr/m/n/10 3\OML/cmm/m/it/1
0 ; [] $\OT1/cmr/m/n/10 ,
 []

[40]) [41] (./Chapter8.tex
Chapter 8.
) [42

] (./Chapter9.tex
Chapter 9.

Underfull \hbox (badness 2653) in paragraph at lines 6--6
\OT1/cmr/m/n/10 trac-tion map-
 []


Underfull \hbox (badness 10000) in paragraph at lines 6--6
\OT1/cmr/m/n/9 tion map-ping
 []


Underfull \hbox (badness 10000) in paragraph at lines 6--6
\OT1/cmr/m/n/9 a con-tin-u-ous
 []


Underfull \hbox (badness 5050) in paragraph at lines 6--6
\OT1/cmr/m/n/9 re-verse is not
 []

) [43

] (./excercises.tex
Chapter 10.
Package hyperref Info: bookmark level for unknown problem defaults to 0 on inpu
t line 7.
)
\tf@thm=\write5
\openout5 = `RealAnalysis.thm'.

Package atveryend Info: Empty hook `BeforeClearDocument' on input line 70.
 [44

]
Package atveryend Info: Empty hook `AfterLastShipout' on input line 70.
 (./RealAnalysis.aux)
Package atveryend Info: Executing hook `AtVeryEndDocument' on input line 70.
Package atveryend Info: Executing hook `AtEndAfterFileList' on input line 70.
Package rerunfilecheck Info: File `RealAnalysis.out' has not changed.
(rerunfilecheck)             Checksum: 5CBA64273C669BDC8755FD96902CC0D0;8421.
Package atveryend Info: Empty hook `AtVeryVeryEnd' on input line 70.
 ) 
Here is how much of TeX's memory you used:
 6716 strings out of 493633
 95174 string characters out of 3143378
 178173 words of memory out of 3000000
 9442 multiletter control sequences out of 15000+200000
 18756 words of font info for 74 fonts, out of 3000000 for 9000
 831 hyphenation exceptions out of 8191
 29i,8n,31p,845b,503s stack positions out of 5000i,500n,10000p,200000b,50000s
</usr/local/texlive/2011/texmf-dist/fonts/type1/public/amsfonts/cm/cmbx10.pfb
></usr/local/texlive/2011/texmf-dist/fonts/type1/public/amsfonts/cm/cmbx12.pfb>
</usr/local/texlive/2011/texmf-dist/fonts/type1/public/amsfonts/cm/cmex10.pfb><
/usr/local/texlive/2011/texmf-dist/fonts/type1/public/amsfonts/cm/cmmi10.pfb></
usr/local/texlive/2011/texmf-dist/fonts/type1/public/amsfonts/cm/cmmi12.pfb></u
sr/local/texlive/2011/texmf-dist/fonts/type1/public/amsfonts/cm/cmmi5.pfb></usr
/local/texlive/2011/texmf-dist/fonts/type1/public/amsfonts/cm/cmmi6.pfb></usr/l
ocal/texlive/2011/texmf-dist/fonts/type1/public/amsfonts/cm/cmmi7.pfb></usr/loc
al/texlive/2011/texmf-dist/fonts/type1/public/amsfonts/cm/cmmi9.pfb></usr/local
/texlive/2011/texmf-dist/fonts/type1/public/amsfonts/cm/cmr10.pfb></usr/local/t
exlive/2011/texmf-dist/fonts/type1/public/amsfonts/cm/cmr12.pfb></usr/local/tex
live/2011/texmf-dist/fonts/type1/public/amsfonts/cm/cmr17.pfb></usr/local/texli
ve/2011/texmf-dist/fonts/type1/public/amsfonts/cm/cmr5.pfb></usr/local/texlive/
2011/texmf-dist/fonts/type1/public/amsfonts/cm/cmr7.pfb></usr/local/texlive/201
1/texmf-dist/fonts/type1/public/amsfonts/cm/cmr9.pfb></usr/local/texlive/2011/t
exmf-dist/fonts/type1/public/amsfonts/cm/cmsy10.pfb></usr/local/texlive/2011/te
xmf-dist/fonts/type1/public/amsfonts/cm/cmsy5.pfb></usr/local/texlive/2011/texm
f-dist/fonts/type1/public/amsfonts/cm/cmsy7.pfb></usr/local/texlive/2011/texmf-
dist/fonts/type1/public/amsfonts/cm/cmsy9.pfb></usr/local/texlive/2011/texmf-di
st/fonts/type1/public/amsfonts/cm/cmti10.pfb></usr/local/texlive/2011/texmf-dis
t/fonts/type1/public/amsfonts/cm/cmti9.pfb>
Output written on RealAnalysis.pdf (45 pages, 357326 bytes).
PDF statistics:
 1351 PDF objects out of 1440 (max. 8388607)
 1268 compressed objects within 13 object streams
 476 named destinations out of 1000 (max. 500000)
 1025 words of extra memory for PDF output out of 10000 (max. 10000000)

