\BOOKMARK [0][-]{chapter*.2}{Preface}{}% 1
\BOOKMARK [-1][-]{part.1}{I Background}{}% 2
\BOOKMARK [0][-]{chapter.1}{Economical Finance}{part.1}% 3
\BOOKMARK [1][-]{section.1.1}{Capital Market Overview}{chapter.1}% 4
\BOOKMARK [1][-]{section.1.2}{Trading and Exchanges}{chapter.1}% 5
\BOOKMARK [1][-]{section.1.3}{Macroeconomic Environment}{chapter.1}% 6
\BOOKMARK [1][-]{section.1.4}{Classic Finance Theory}{chapter.1}% 7
\BOOKMARK [2][-]{subsection.1.4.1}{Time Value of Money}{section.1.4}% 8
\BOOKMARK [2][-]{subsection.1.4.2}{Capital Asset Pricing Model \(CAPM\)}{section.1.4}% 9
\BOOKMARK [0][-]{chapter.2}{Mathematical Finance}{part.1}% 10
\BOOKMARK [1][-]{section.2.1}{Probability Theory}{chapter.2}% 11
\BOOKMARK [2][-]{subsection.2.1.1}{Probability Space}{section.2.1}% 12
\BOOKMARK [2][-]{subsection.2.1.2}{Information and -Algebra}{section.2.1}% 13
\BOOKMARK [2][-]{subsection.2.1.3}{Conditional Expectation}{section.2.1}% 14
\BOOKMARK [2][-]{subsection.2.1.4}{Martingales}{section.2.1}% 15
\BOOKMARK [2][-]{subsection.2.1.5}{Change of Measure and Girsanov's Theorem}{section.2.1}% 16
\BOOKMARK [1][-]{section.2.2}{Brownian Motion and Stochastic Calculus}{chapter.2}% 17
\BOOKMARK [2][-]{subsection.2.2.1}{Stochastic Processes}{section.2.2}% 18
\BOOKMARK [2][-]{subsection.2.2.2}{Brownian Motion}{section.2.2}% 19
\BOOKMARK [2][-]{subsection.2.2.3}{Geometric Brownian Motion}{section.2.2}% 20
\BOOKMARK [2][-]{subsection.2.2.4}{It\364 Integral and It\364 Process}{section.2.2}% 21
\BOOKMARK [2][-]{subsection.2.2.5}{Function of It\364 Processes and It\364's Lemma}{section.2.2}% 22
\BOOKMARK [1][-]{section.2.3}{Stochastic Differential Equations}{chapter.2}% 23
\BOOKMARK [2][-]{subsection.2.3.1}{The Feynman\205Kac Formula}{section.2.3}% 24
\BOOKMARK [2][-]{subsection.2.3.2}{Kolmogorov Forward and Backward Equations}{section.2.3}% 25
\BOOKMARK [2][-]{subsection.2.3.3}{Explicitly Solvable Stochastic Differential Equations}{section.2.3}% 26
\BOOKMARK [2][-]{subsection.2.3.4}{Backward Induction \(BI\)}{section.2.3}% 27
\BOOKMARK [1][-]{section.2.4}{Probability Distribution}{chapter.2}% 28
\BOOKMARK [2][-]{subsection.2.4.1}{Poisson Distribution}{section.2.4}% 29
\BOOKMARK [2][-]{subsection.2.4.2}{Gaussian Distribution}{section.2.4}% 30
\BOOKMARK [2][-]{subsection.2.4.3}{Lognormal Distribution}{section.2.4}% 31
\BOOKMARK [2][-]{subsection.2.4.4}{2 Distribution}{section.2.4}% 32
\BOOKMARK [0][-]{chapter.3}{Statistical Finance}{part.1}% 33
\BOOKMARK [1][-]{section.3.1}{Regression}{chapter.3}% 34
\BOOKMARK [1][-]{section.3.2}{Classification}{chapter.3}% 35
\BOOKMARK [1][-]{section.3.3}{Machine Learning}{chapter.3}% 36
\BOOKMARK [1][-]{section.3.4}{Monte Carlo Simulation Methods}{chapter.3}% 37
\BOOKMARK [1][-]{section.3.5}{Moment Matching Methods}{chapter.3}% 38
\BOOKMARK [1][-]{section.3.6}{Copula Methods}{chapter.3}% 39
\BOOKMARK [0][-]{chapter.4}{Computational Finance}{part.1}% 40
\BOOKMARK [1][-]{section.4.1}{Linear Algebra}{chapter.4}% 41
\BOOKMARK [1][-]{section.4.2}{Numerical Analysis}{chapter.4}% 42
\BOOKMARK [1][-]{section.4.3}{Interpolation Methods}{chapter.4}% 43
\BOOKMARK [1][-]{section.4.4}{Root-finding Methods}{chapter.4}% 44
\BOOKMARK [2][-]{subsection.4.4.1}{The Bisection Method}{section.4.4}% 45
\BOOKMARK [2][-]{subsection.4.4.2}{The Newton\205Raphson Method}{section.4.4}% 46
\BOOKMARK [2][-]{subsection.4.4.3}{The Secant Method}{section.4.4}% 47
\BOOKMARK [1][-]{section.4.5}{Optimization Methods}{chapter.4}% 48
\BOOKMARK [2][-]{subsection.4.5.1}{Linear Optimization}{section.4.5}% 49
\BOOKMARK [2][-]{subsection.4.5.2}{Non-linear Optimization}{section.4.5}% 50
\BOOKMARK [1][-]{section.4.6}{Software Engineering}{chapter.4}% 51
\BOOKMARK [-1][-]{part.2}{II Pricing, Investment, and Risk Management}{}% 52
\BOOKMARK [0][-]{chapter.5}{Financial Modeling}{part.2}% 53
\BOOKMARK [1][-]{section.5.1}{Overview of \(Arbitrage\) Pricing Strategies}{chapter.5}% 54
\BOOKMARK [1][-]{section.5.2}{The Black\205Scholes Model and Its Variants}{chapter.5}% 55
\BOOKMARK [2][-]{subsection.5.2.1}{The Black\205Scholes Model}{section.5.2}% 56
\BOOKMARK [2][-]{subsection.5.2.2}{The Back\205Scholes Model with Constant Dividend Yield \(BS-D\)}{section.5.2}% 57
\BOOKMARK [2][-]{subsection.5.2.3}{The Black's Model}{section.5.2}% 58
\BOOKMARK [1][-]{section.5.3}{Forward Models}{chapter.5}% 59
\BOOKMARK [2][-]{subsection.5.3.1}{Funding Spread Models}{section.5.3}% 60
\BOOKMARK [2][-]{subsection.5.3.2}{Dividend Models}{section.5.3}% 61
\BOOKMARK [1][-]{section.5.4}{Short Rate Models}{chapter.5}% 62
\BOOKMARK [2][-]{subsection.5.4.1}{Overview}{section.5.4}% 63
\BOOKMARK [2][-]{subsection.5.4.2}{Ornstein\205Uhlenbeck Process}{section.5.4}% 64
\BOOKMARK [2][-]{subsection.5.4.3}{Square-root Process}{section.5.4}% 65
\BOOKMARK [1][-]{section.5.5}{Volatility Models}{chapter.5}% 66
\BOOKMARK [2][-]{subsection.5.5.1}{Implied Volatility Surface}{section.5.5}% 67
\BOOKMARK [2][-]{subsection.5.5.2}{Local Volatility Model}{section.5.5}% 68
\BOOKMARK [2][-]{subsection.5.5.3}{Stochastic Volatility Models}{section.5.5}% 69
\BOOKMARK [1][-]{section.5.6}{Jump Models}{chapter.5}% 70
\BOOKMARK [0][-]{chapter.6}{Investment Management}{part.2}% 71
\BOOKMARK [1][-]{section.6.1}{Asset Classes}{chapter.6}% 72
\BOOKMARK [2][-]{subsection.6.1.1}{Fixed Income}{section.6.1}% 73
\BOOKMARK [2][-]{subsection.6.1.2}{Equities}{section.6.1}% 74
\BOOKMARK [2][-]{subsection.6.1.3}{Foreign Exchange}{section.6.1}% 75
\BOOKMARK [2][-]{subsection.6.1.4}{Credit Derivatives}{section.6.1}% 76
\BOOKMARK [2][-]{subsection.6.1.5}{Interest Rate Derivatives}{section.6.1}% 77
\BOOKMARK [0][-]{chapter.7}{Risk Management}{part.2}% 78
\BOOKMARK [1][-]{section.7.1}{Risk Management Overview}{chapter.7}% 79
\BOOKMARK [2][-]{subsection.7.1.1}{Short-term Risk Management: Politics, Macroeconomics, Fundamental Analysis}{section.7.1}% 80
\BOOKMARK [2][-]{subsection.7.1.2}{Mid-term Risk Management: Technical Analysis, Sensitivity Analysis}{section.7.1}% 81
\BOOKMARK [2][-]{subsection.7.1.3}{Short-term Risk Management}{section.7.1}% 82
\BOOKMARK [1][-]{section.7.2}{Option Greeks}{chapter.7}% 83
\BOOKMARK [2][-]{subsection.7.2.1}{Delta}{section.7.2}% 84
\BOOKMARK [2][-]{subsection.7.2.2}{Gamma}{section.7.2}% 85
\BOOKMARK [2][-]{subsection.7.2.3}{Vega}{section.7.2}% 86
\BOOKMARK [2][-]{subsection.7.2.4}{Theta}{section.7.2}% 87
\BOOKMARK [2][-]{subsection.7.2.5}{Hedging}{section.7.2}% 88
\BOOKMARK [1][-]{section.7.3}{Correlation and Skew}{chapter.7}% 89
\BOOKMARK [2][-]{subsection.7.3.1}{Implied Volatility Surface}{section.7.3}% 90
\BOOKMARK [2][-]{subsection.7.3.2}{Correlation}{section.7.3}% 91
\BOOKMARK [2][-]{subsection.7.3.3}{Skew}{section.7.3}% 92
\BOOKMARK [1][-]{section.7.4}{Term Structure, Duration, and Convexity}{chapter.7}% 93
\BOOKMARK [2][-]{subsection.7.4.1}{Term Structure of Interest Rate}{section.7.4}% 94
\BOOKMARK [2][-]{subsection.7.4.2}{Duration}{section.7.4}% 95
\BOOKMARK [2][-]{subsection.7.4.3}{Convexity}{section.7.4}% 96
\BOOKMARK [-1][-]{part.3}{III Miscellaneous}{}% 97
\BOOKMARK [0][-]{chapter.8}{Study Notes}{part.3}% 98
