This is pdfTeX, Version 3.14159265-2.6-1.40.18 (TeX Live 2017) (preloaded format=pdflatex 2017.5.23)  30 MAR 2018 06:15
entering extended mode
 restricted \write18 enabled.
 %&-line parsing enabled.
**AdvancedCalculus.tex
(./AdvancedCalculus.tex
LaTeX2e <2017-04-15>
Babel <3.10> and hyphenation patterns for 84 language(s) loaded.
(/usr/local/texlive/2017/texmf-dist/tex/latex/base/book.cls
Document Class: book 2014/09/29 v1.4h Standard LaTeX document class
(/usr/local/texlive/2017/texmf-dist/tex/latex/base/bk10.clo
File: bk10.clo 2014/09/29 v1.4h Standard LaTeX file (size option)
)
\c@part=\count79
\c@chapter=\count80
\c@section=\count81
\c@subsection=\count82
\c@subsubsection=\count83
\c@paragraph=\count84
\c@subparagraph=\count85
\c@figure=\count86
\c@table=\count87
\abovecaptionskip=\skip41
\belowcaptionskip=\skip42
\bibindent=\dimen102
)
(/Users/tan19/Dropbox/LaTeXMacros.tex
(/usr/local/texlive/2017/texmf-dist/tex/latex/amsfonts/amssymb.sty
Package: amssymb 2013/01/14 v3.01 AMS font symbols

(/usr/local/texlive/2017/texmf-dist/tex/latex/amsfonts/amsfonts.sty
Package: amsfonts 2013/01/14 v3.01 Basic AMSFonts support
\@emptytoks=\toks14
\symAMSa=\mathgroup4
\symAMSb=\mathgroup5
LaTeX Font Info:    Overwriting math alphabet `\mathfrak' in version `bold'
(Font)                  U/euf/m/n --> U/euf/b/n on input line 106.
))
(/usr/local/texlive/2017/texmf-dist/tex/latex/amsmath/amsmath.sty
Package: amsmath 2016/11/05 v2.16a AMS math features
\@mathmargin=\skip43

For additional information on amsmath, use the `?' option.
(/usr/local/texlive/2017/texmf-dist/tex/latex/amsmath/amstext.sty
Package: amstext 2000/06/29 v2.01 AMS text

(/usr/local/texlive/2017/texmf-dist/tex/latex/amsmath/amsgen.sty
File: amsgen.sty 1999/11/30 v2.0 generic functions
\@emptytoks=\toks15
\ex@=\dimen103
))
(/usr/local/texlive/2017/texmf-dist/tex/latex/amsmath/amsbsy.sty
Package: amsbsy 1999/11/29 v1.2d Bold Symbols
\pmbraise@=\dimen104
)
(/usr/local/texlive/2017/texmf-dist/tex/latex/amsmath/amsopn.sty
Package: amsopn 2016/03/08 v2.02 operator names
)
\inf@bad=\count88
LaTeX Info: Redefining \frac on input line 213.
\uproot@=\count89
\leftroot@=\count90
LaTeX Info: Redefining \overline on input line 375.
\classnum@=\count91
\DOTSCASE@=\count92
LaTeX Info: Redefining \ldots on input line 472.
LaTeX Info: Redefining \dots on input line 475.
LaTeX Info: Redefining \cdots on input line 596.
\Mathstrutbox@=\box26
\strutbox@=\box27
\big@size=\dimen105
LaTeX Font Info:    Redeclaring font encoding OML on input line 712.
LaTeX Font Info:    Redeclaring font encoding OMS on input line 713.
\macc@depth=\count93
\c@MaxMatrixCols=\count94
\dotsspace@=\muskip10
\c@parentequation=\count95
\dspbrk@lvl=\count96
\tag@help=\toks16
\row@=\count97
\column@=\count98
\maxfields@=\count99
\andhelp@=\toks17
\eqnshift@=\dimen106
\alignsep@=\dimen107
\tagshift@=\dimen108
\tagwidth@=\dimen109
\totwidth@=\dimen110
\lineht@=\dimen111
\@envbody=\toks18
\multlinegap=\skip44
\multlinetaggap=\skip45
\mathdisplay@stack=\toks19
LaTeX Info: Redefining \[ on input line 2817.
LaTeX Info: Redefining \] on input line 2818.
)
(/usr/local/texlive/2017/texmf-dist/tex/latex/mathtools/mathtools.sty
Package: mathtools 2015/11/12 v1.18 mathematical typesetting tools

(/usr/local/texlive/2017/texmf-dist/tex/latex/graphics/keyval.sty
Package: keyval 2014/10/28 v1.15 key=value parser (DPC)
\KV@toks@=\toks20
)
(/usr/local/texlive/2017/texmf-dist/tex/latex/tools/calc.sty
Package: calc 2014/10/28 v4.3 Infix arithmetic (KKT,FJ)
\calc@Acount=\count100
\calc@Bcount=\count101
\calc@Adimen=\dimen112
\calc@Bdimen=\dimen113
\calc@Askip=\skip46
\calc@Bskip=\skip47
LaTeX Info: Redefining \setlength on input line 80.
LaTeX Info: Redefining \addtolength on input line 81.
\calc@Ccount=\count102
\calc@Cskip=\skip48
)
(/usr/local/texlive/2017/texmf-dist/tex/latex/mathtools/mhsetup.sty
Package: mhsetup 2010/01/21 v1.2a programming setup (MH)
)
LaTeX Info: Thecontrolsequence`\('isalreadyrobust on input line 129.
LaTeX Info: Thecontrolsequence`\)'isalreadyrobust on input line 129.
LaTeX Info: Thecontrolsequence`\['isalreadyrobust on input line 129.
LaTeX Info: Thecontrolsequence`\]'isalreadyrobust on input line 129.
\g_MT_multlinerow_int=\count103
\l_MT_multwidth_dim=\dimen114
\origjot=\skip49
\l_MT_shortvdotswithinadjustabove_dim=\dimen115
\l_MT_shortvdotswithinadjustbelow_dim=\dimen116
\l_MT_above_intertext_sep=\dimen117
\l_MT_below_intertext_sep=\dimen118
\l_MT_above_shortintertext_sep=\dimen119
\l_MT_below_shortintertext_sep=\dimen120
)
(/usr/local/texlive/2017/texmf-dist/tex/latex/algorithm2e/algorithm2e.sty
Package: algorithm2e 2013/01/06 v5.00 algorithms environments
\c@AlgoLine=\count104

(/usr/local/texlive/2017/texmf-dist/tex/latex/base/ifthen.sty
Package: ifthen 2014/09/29 v1.1c Standard LaTeX ifthen package (DPC)
)
\algocf@hangindent=\skip50

(/usr/local/texlive/2017/texmf-dist/tex/latex/tools/xspace.sty
Package: xspace 2014/10/28 v1.13 Space after command names (DPC,MH)
)
(/usr/local/texlive/2017/texmf-dist/tex/latex/relsize/relsize.sty
Package: relsize 2013/03/29 ver 4.1
)
********************************************************
Package `algorithm2e' Release 5.1 -- october 19 2015 --
- algorithm2e-announce@lirmm.fr mailing list for announcement about releases
- algorithm2e-discussion@lirmm.fr mailing list for discussion about package
subscribe by emailing sympa@lirmm.fr with 'subscribe <list> <firstname name>'
- Author: Christophe Fiorio (christophe.fiorio@umontpellier.fr)
********************************************************
\skiptotal=\skip51
\skiplinenumber=\skip52
\skiprule=\skip53
\skiphlne=\skip54
\skiptext=\skip55
\skiplength=\skip56
\algomargin=\skip57
\skipalgocfslide=\skip58
\algowidth=\dimen121
\inoutsize=\dimen122
\inoutindent=\dimen123
\interspacetitleruled=\dimen124
\interspacealgoruled=\dimen125
\interspacetitleboxruled=\dimen126
\algocf@ruledwidth=\skip59
\algocf@inoutbox=\box28
\algocf@inputbox=\box29
\AlCapSkip=\skip60
\AlCapHSkip=\skip61
\algoskipindent=\skip62
\algocf@nlbox=\box30
\algocf@hangingbox=\box31
\algocf@untilbox=\box32
\algocf@skipuntil=\skip63
\algocf@capbox=\box33
\algoheightruledefault=\skip64
\algoheightrule=\skip65
\algotitleheightruledefault=\skip66
\algotitleheightrule=\skip67
\c@algocfline=\count105
\c@algocfproc=\count106
\c@algocf=\count107
\algocf@algoframe=\box34
\algocf@algobox=\box35
) (/usr/local/texlive/2017/texmf-dist/tex/latex/algorithms/algorithmic.sty
Package: algorithmic 2009/08/24 v0.1 Document Style `algorithmic'
\c@ALC@unique=\count108
\c@ALC@line=\count109
\c@ALC@rem=\count110
\c@ALC@depth=\count111
\ALC@tlm=\skip68
\algorithmicindent=\skip69
)
(/usr/local/texlive/2017/texmf-dist/tex/latex/jknapltx/mathrsfs.sty
Package: mathrsfs 1996/01/01 Math RSFS package v1.0 (jk)
\symrsfs=\mathgroup6
)
(/usr/local/texlive/2017/texmf-dist/tex/latex/hyperref/hyperref.sty
Package: hyperref 2017/03/14 v6.85a Hypertext links for LaTeX

(/usr/local/texlive/2017/texmf-dist/tex/generic/oberdiek/hobsub-hyperref.sty
Package: hobsub-hyperref 2016/05/16 v1.14 Bundle oberdiek, subset hyperref (HO)


(/usr/local/texlive/2017/texmf-dist/tex/generic/oberdiek/hobsub-generic.sty
Package: hobsub-generic 2016/05/16 v1.14 Bundle oberdiek, subset generic (HO)
Package: hobsub 2016/05/16 v1.14 Construct package bundles (HO)
Package: infwarerr 2016/05/16 v1.4 Providing info/warning/error messages (HO)
Package: ltxcmds 2016/05/16 v1.23 LaTeX kernel commands for general use (HO)
Package: ifluatex 2016/05/16 v1.4 Provides the ifluatex switch (HO)
Package ifluatex Info: LuaTeX not detected.
Package: ifvtex 2016/05/16 v1.6 Detect VTeX and its facilities (HO)
Package ifvtex Info: VTeX not detected.
Package: intcalc 2016/05/16 v1.2 Expandable calculations with integers (HO)
Package: ifpdf 2017/03/15 v3.2 Provides the ifpdf switch
Package: etexcmds 2016/05/16 v1.6 Avoid name clashes with e-TeX commands (HO)
Package etexcmds Info: Could not find \expanded.
(etexcmds)             That can mean that you are not using pdfTeX 1.50 or
(etexcmds)             that some package has redefined \expanded.
(etexcmds)             In the latter case, load this package earlier.
Package: kvsetkeys 2016/05/16 v1.17 Key value parser (HO)
Package: kvdefinekeys 2016/05/16 v1.4 Define keys (HO)
Package: pdftexcmds 2017/03/19 v0.25 Utility functions of pdfTeX for LuaTeX (HO
)
Package pdftexcmds Info: LuaTeX not detected.
Package pdftexcmds Info: \pdf@primitive is available.
Package pdftexcmds Info: \pdf@ifprimitive is available.
Package pdftexcmds Info: \pdfdraftmode found.
Package: pdfescape 2016/05/16 v1.14 Implements pdfTeX's escape features (HO)
Package: bigintcalc 2016/05/16 v1.4 Expandable calculations on big integers (HO
)
Package: bitset 2016/05/16 v1.2 Handle bit-vector datatype (HO)
Package: uniquecounter 2016/05/16 v1.3 Provide unlimited unique counter (HO)
)
Package hobsub Info: Skipping package `hobsub' (already loaded).
Package: letltxmacro 2016/05/16 v1.5 Let assignment for LaTeX macros (HO)
Package: hopatch 2016/05/16 v1.3 Wrapper for package hooks (HO)
Package: xcolor-patch 2016/05/16 xcolor patch
Package: atveryend 2016/05/16 v1.9 Hooks at the very end of document (HO)
Package atveryend Info: \enddocument detected (standard20110627).
Package: atbegshi 2016/06/09 v1.18 At begin shipout hook (HO)
Package: refcount 2016/05/16 v3.5 Data extraction from label references (HO)
Package: hycolor 2016/05/16 v1.8 Color options for hyperref/bookmark (HO)
)
(/usr/local/texlive/2017/texmf-dist/tex/generic/ifxetex/ifxetex.sty
Package: ifxetex 2010/09/12 v0.6 Provides ifxetex conditional
)
(/usr/local/texlive/2017/texmf-dist/tex/latex/oberdiek/auxhook.sty
Package: auxhook 2016/05/16 v1.4 Hooks for auxiliary files (HO)
)
(/usr/local/texlive/2017/texmf-dist/tex/latex/oberdiek/kvoptions.sty
Package: kvoptions 2016/05/16 v3.12 Key value format for package options (HO)
)
\@linkdim=\dimen127
\Hy@linkcounter=\count112
\Hy@pagecounter=\count113

(/usr/local/texlive/2017/texmf-dist/tex/latex/hyperref/pd1enc.def
File: pd1enc.def 2017/03/14 v6.85a Hyperref: PDFDocEncoding definition (HO)
)
\Hy@SavedSpaceFactor=\count114

(/usr/local/texlive/2017/texmf-dist/tex/latex/latexconfig/hyperref.cfg
File: hyperref.cfg 2002/06/06 v1.2 hyperref configuration of TeXLive
)
Package hyperref Info: Hyper figures OFF on input line 4498.
Package hyperref Info: Link nesting OFF on input line 4503.
Package hyperref Info: Hyper index ON on input line 4506.
Package hyperref Info: Plain pages OFF on input line 4513.
Package hyperref Info: Backreferencing OFF on input line 4518.
Package hyperref Info: Implicit mode ON; LaTeX internals redefined.
Package hyperref Info: Bookmarks ON on input line 4751.
\c@Hy@tempcnt=\count115

(/usr/local/texlive/2017/texmf-dist/tex/latex/url/url.sty
\Urlmuskip=\muskip11
Package: url 2013/09/16  ver 3.4  Verb mode for urls, etc.
)
LaTeX Info: Redefining \url on input line 5104.
\XeTeXLinkMargin=\dimen128
\Fld@menulength=\count116
\Field@Width=\dimen129
\Fld@charsize=\dimen130
Package hyperref Info: Hyper figures OFF on input line 6358.
Package hyperref Info: Link nesting OFF on input line 6363.
Package hyperref Info: Hyper index ON on input line 6366.
Package hyperref Info: backreferencing OFF on input line 6373.
Package hyperref Info: Link coloring OFF on input line 6378.
Package hyperref Info: Link coloring with OCG OFF on input line 6383.
Package hyperref Info: PDF/A mode OFF on input line 6388.
LaTeX Info: Redefining \ref on input line 6428.
LaTeX Info: Redefining \pageref on input line 6432.
\Hy@abspage=\count117
\c@Item=\count118
\c@Hfootnote=\count119
)

Package hyperref Message: Driver (autodetected): hpdftex.

(/usr/local/texlive/2017/texmf-dist/tex/latex/hyperref/hpdftex.def
File: hpdftex.def 2017/03/14 v6.85a Hyperref driver for pdfTeX
\Fld@listcount=\count120
\c@bookmark@seq@number=\count121

(/usr/local/texlive/2017/texmf-dist/tex/latex/oberdiek/rerunfilecheck.sty
Package: rerunfilecheck 2016/05/16 v1.8 Rerun checks for auxiliary files (HO)
Package uniquecounter Info: New unique counter `rerunfilecheck' on input line 2
82.
)
\Hy@SectionHShift=\skip70
)
(/usr/local/texlive/2017/texmf-dist/tex/latex/paralist/paralist.sty
Package: paralist 2017/01/22 v2.7 Extended list environments
\pltopsep=\skip71
\plpartopsep=\skip72
\plitemsep=\skip73
\plparsep=\skip74
\pl@lab=\toks21
)
(/usr/local/texlive/2017/texmf-dist/tex/latex/esint/esint.sty
Package: esint 
\symlargesymbolsA=\mathgroup7
)
(/usr/local/texlive/2017/texmf-dist/tex/latex/graphics/color.sty
Package: color 2016/07/10 v1.1e Standard LaTeX Color (DPC)

(/usr/local/texlive/2017/texmf-dist/tex/latex/graphics-cfg/color.cfg
File: color.cfg 2016/01/02 v1.6 sample color configuration
)
Package color Info: Driver file: pdftex.def on input line 147.

(/usr/local/texlive/2017/texmf-dist/tex/latex/graphics-def/pdftex.def
File: pdftex.def 2017/01/12 v0.06k Graphics/color for pdfTeX
\Gread@gobject=\count122
))
(/usr/local/texlive/2017/texmf-dist/tex/latex/graphics/graphicx.sty
Package: graphicx 2014/10/28 v1.0g Enhanced LaTeX Graphics (DPC,SPQR)

(/usr/local/texlive/2017/texmf-dist/tex/latex/graphics/graphics.sty
Package: graphics 2017/04/14 v1.1b Standard LaTeX Graphics (DPC,SPQR)

(/usr/local/texlive/2017/texmf-dist/tex/latex/graphics/trig.sty
Package: trig 2016/01/03 v1.10 sin cos tan (DPC)
)
(/usr/local/texlive/2017/texmf-dist/tex/latex/graphics-cfg/graphics.cfg
File: graphics.cfg 2016/06/04 v1.11 sample graphics configuration
)
Package graphics Info: Driver file: pdftex.def on input line 99.
)
\Gin@req@height=\dimen131
\Gin@req@width=\dimen132
)
(/usr/local/texlive/2017/texmf-dist/tex/latex/tools/enumerate.sty
Package: enumerate 2015/07/23 v3.00 enumerate extensions (DPC)
\@enLab=\toks22
)
(/usr/local/texlive/2017/texmf-dist/tex/latex/caption/caption.sty
Package: caption 2016/02/21 v3.3-144 Customizing captions (AR)

(/usr/local/texlive/2017/texmf-dist/tex/latex/caption/caption3.sty
Package: caption3 2016/05/22 v1.7-166 caption3 kernel (AR)
Package caption3 Info: TeX engine: e-TeX on input line 67.
\captionmargin=\dimen133
\captionmargin@=\dimen134
\captionwidth=\dimen135
\caption@tempdima=\dimen136
\caption@indent=\dimen137
\caption@parindent=\dimen138
\caption@hangindent=\dimen139
)
\c@ContinuedFloat=\count123
Package caption Info: hyperref package is loaded.
)
(/usr/local/texlive/2017/texmf-dist/tex/latex/caption/subcaption.sty
Package: subcaption 2016/05/22 v1.1-161 Sub-captions (AR)
\c@subfigure=\count124
\c@subtable=\count125
)
(/usr/local/texlive/2017/texmf-dist/tex/latex/multirow/multirow.sty
Package: multirow 2016/11/25 v2.2 Span multiple rows of a table
\multirow@colwidth=\skip75
\multirow@cntb=\count126
\multirow@dima=\skip76
\bigstrutjot=\dimen140
)
(/usr/local/texlive/2017/texmf-dist/tex/latex/tools/multicol.sty
Package: multicol 2017/04/11 v1.8q multicolumn formatting (FMi)
\c@tracingmulticols=\count127
\mult@box=\box36
\multicol@leftmargin=\dimen141
\c@unbalance=\count128
\c@collectmore=\count129
\doublecol@number=\count130
\multicoltolerance=\count131
\multicolpretolerance=\count132
\full@width=\dimen142
\page@free=\dimen143
\premulticols=\dimen144
\postmulticols=\dimen145
\multicolsep=\skip77
\multicolbaselineskip=\skip78
\partial@page=\box37
\last@line=\box38
\maxbalancingoverflow=\dimen146
\mult@rightbox=\box39
\mult@grightbox=\box40
\mult@gfirstbox=\box41
\mult@firstbox=\box42
\@tempa=\box43
\@tempa=\box44
\@tempa=\box45
\@tempa=\box46
\@tempa=\box47
\@tempa=\box48
\@tempa=\box49
\@tempa=\box50
\@tempa=\box51
\@tempa=\box52
\@tempa=\box53
\@tempa=\box54
\@tempa=\box55
\@tempa=\box56
\@tempa=\box57
\@tempa=\box58
\@tempa=\box59
\c@columnbadness=\count133
\c@finalcolumnbadness=\count134
\last@try=\dimen147
\multicolovershoot=\dimen148
\multicolundershoot=\dimen149
\mult@nat@firstbox=\box60
\colbreak@box=\box61
\mc@col@check@num=\count135
)
(/usr/local/texlive/2017/texmf-dist/tex/latex/cancel/cancel.sty
Package: cancel 2013/04/12 v2.2 Cancel math terms
)
(/usr/local/texlive/2017/texmf-dist/tex/latex/tools/array.sty
Package: array 2016/10/06 v2.4d Tabular extension package (FMi)
\col@sep=\dimen150
\extrarowheight=\dimen151
\NC@list=\toks23
\extratabsurround=\skip79
\backup@length=\skip80
)
(/usr/local/texlive/2017/texmf-dist/tex/latex/pgf/utilities/pgffor.sty
(/usr/local/texlive/2017/texmf-dist/tex/latex/pgf/utilities/pgfrcs.sty
(/usr/local/texlive/2017/texmf-dist/tex/generic/pgf/utilities/pgfutil-common.te
x
\pgfutil@everybye=\toks24
\pgfutil@tempdima=\dimen152
\pgfutil@tempdimb=\dimen153

(/usr/local/texlive/2017/texmf-dist/tex/generic/pgf/utilities/pgfutil-common-li
sts.tex))
(/usr/local/texlive/2017/texmf-dist/tex/generic/pgf/utilities/pgfutil-latex.def
\pgfutil@abb=\box62
(/usr/local/texlive/2017/texmf-dist/tex/latex/ms/everyshi.sty
Package: everyshi 2001/05/15 v3.00 EveryShipout Package (MS)
))
(/usr/local/texlive/2017/texmf-dist/tex/generic/pgf/utilities/pgfrcs.code.tex
Package: pgfrcs 2015/08/07 v3.0.1a (rcs-revision 1.31)
)) (/usr/local/texlive/2017/texmf-dist/tex/latex/pgf/utilities/pgfkeys.sty
(/usr/local/texlive/2017/texmf-dist/tex/generic/pgf/utilities/pgfkeys.code.tex
\pgfkeys@pathtoks=\toks25
\pgfkeys@temptoks=\toks26

(/usr/local/texlive/2017/texmf-dist/tex/generic/pgf/utilities/pgfkeysfiltered.c
ode.tex
\pgfkeys@tmptoks=\toks27
))) (/usr/local/texlive/2017/texmf-dist/tex/latex/pgf/math/pgfmath.sty
(/usr/local/texlive/2017/texmf-dist/tex/generic/pgf/math/pgfmath.code.tex
(/usr/local/texlive/2017/texmf-dist/tex/generic/pgf/math/pgfmathcalc.code.tex
(/usr/local/texlive/2017/texmf-dist/tex/generic/pgf/math/pgfmathutil.code.tex
\pgf@x=\dimen154
\pgf@xa=\dimen155
\pgf@xb=\dimen156
\pgf@xc=\dimen157
\pgf@y=\dimen158
\pgf@ya=\dimen159
\pgf@yb=\dimen160
\pgf@yc=\dimen161
\c@pgf@counta=\count136
\c@pgf@countb=\count137
\c@pgf@countc=\count138
\c@pgf@countd=\count139
)
(/usr/local/texlive/2017/texmf-dist/tex/generic/pgf/math/pgfmathparser.code.tex
\pgfmath@dimen=\dimen162
\pgfmath@count=\count140
\pgfmath@box=\box63
\pgfmath@toks=\toks28
\pgfmath@stack@operand=\toks29
\pgfmath@stack@operation=\toks30
)
(/usr/local/texlive/2017/texmf-dist/tex/generic/pgf/math/pgfmathfunctions.code.
tex
(/usr/local/texlive/2017/texmf-dist/tex/generic/pgf/math/pgfmathfunctions.basic
.code.tex)
(/usr/local/texlive/2017/texmf-dist/tex/generic/pgf/math/pgfmathfunctions.trigo
nometric.code.tex)
(/usr/local/texlive/2017/texmf-dist/tex/generic/pgf/math/pgfmathfunctions.rando
m.code.tex)
(/usr/local/texlive/2017/texmf-dist/tex/generic/pgf/math/pgfmathfunctions.compa
rison.code.tex)
(/usr/local/texlive/2017/texmf-dist/tex/generic/pgf/math/pgfmathfunctions.base.
code.tex)
(/usr/local/texlive/2017/texmf-dist/tex/generic/pgf/math/pgfmathfunctions.round
.code.tex)
(/usr/local/texlive/2017/texmf-dist/tex/generic/pgf/math/pgfmathfunctions.misc.
code.tex)
(/usr/local/texlive/2017/texmf-dist/tex/generic/pgf/math/pgfmathfunctions.integ
erarithmetics.code.tex)))
(/usr/local/texlive/2017/texmf-dist/tex/generic/pgf/math/pgfmathfloat.code.tex
\c@pgfmathroundto@lastzeros=\count141
)))
(/usr/local/texlive/2017/texmf-dist/tex/generic/pgf/utilities/pgffor.code.tex
Package: pgffor 2013/12/13 v3.0.1a (rcs-revision 1.25)

(/usr/local/texlive/2017/texmf-dist/tex/generic/pgf/math/pgfmath.code.tex)
\pgffor@iter=\dimen163
\pgffor@skip=\dimen164
\pgffor@stack=\toks31
\pgffor@toks=\toks32
))
(/usr/local/texlive/2017/texmf-dist/tex/latex/ntheorem/ntheorem.sty
Style `ntheorem', Version 1.33 <2011/08/15>
Package: ntheorem 2011/08/15 1.33
\theorem@style=\toks33
\theorem@@style=\toks34
\theorembodyfont=\toks35
\theoremnumbering=\toks36
\theorempreskipamount=\skip81
\theorempostskipamount=\skip82
\theoremframepreskipamount=\skip83
\theoremframepostskipamount=\skip84
\theoreminframepreskipamount=\skip85
\theoreminframepostskipamount=\skip86
\theorem@preskip=\toks37
\theorem@postskip=\toks38
\theorem@framepreskip=\toks39
\theorem@framepostskip=\toks40
\theorem@inframepreskip=\toks41
\theorem@inframepostskip=\toks42
\theoremindent=\dimen165
\theorem@indent=\dimen166
\theoremrightindent=\dimen167
\theorem@rightindent=\dimen168
\theoremheaderfont=\toks43
\theoremseparator=\toks44
\theoremprework=\toks45
\theorempostwork=\toks46
\theoremsymbol=\toks47
\qedsymbol=\toks48
\theoremkeyword=\toks49
\qedsymbol=\toks50
\thm@topsep=\skip87
\thm@topsepadd=\skip88
Package ntheorem Info: Option `thmmarks' loaded on input line 1175.
\c@endNonectr=\count142
\c@currNonectr=\count143
\mysavskip=\skip89
Package ntheorem Info: option `amsmath' handling for `thmmarks' loaded on input
 line 1175.
\thm@amstmpdepth=\dimen169
\tagwidth=\dimen170
)
\c@currdeffctr=\count144
\c@enddeffctr=\count145
\c@deff=\count146
\c@currthmctr=\count147
\c@endthmctr=\count148
\c@thm=\count149
\c@currpropctr=\count150
\c@endpropctr=\count151
\c@prop=\count152
\c@currlemctr=\count153
\c@endlemctr=\count154
\c@lem=\count155
\c@currcorctr=\count156
\c@endcorctr=\count157
\c@cor=\count158
\c@currrmkctr=\count159
\c@endrmkctr=\count160
\c@rmk=\count161
\c@curralgctr=\count162
\c@endalgctr=\count163
\c@alg=\count164
\c@currexctr=\count165
\c@endexctr=\count166
\c@ex=\count167
\c@currquesctr=\count168
\c@endquesctr=\count169
\c@ques=\count170
\c@curransctr=\count171
\c@endansctr=\count172
\c@ans=\count173
\c@currprobctr=\count174
\c@endprobctr=\count175
\c@prob=\count176
\c@currsolctr=\count177
\c@endsolctr=\count178
\c@sol=\count179
\c@currprofctr=\count180
\c@endprofctr=\count181
\c@prof=\count182
) (./AdvancedCalculus.aux)
\openout1 = `AdvancedCalculus.aux'.

LaTeX Font Info:    Checking defaults for OML/cmm/m/it on input line 8.
LaTeX Font Info:    ... okay on input line 8.
LaTeX Font Info:    Checking defaults for T1/cmr/m/n on input line 8.
LaTeX Font Info:    ... okay on input line 8.
LaTeX Font Info:    Checking defaults for OT1/cmr/m/n on input line 8.
LaTeX Font Info:    ... okay on input line 8.
LaTeX Font Info:    Checking defaults for OMS/cmsy/m/n on input line 8.
LaTeX Font Info:    ... okay on input line 8.
LaTeX Font Info:    Checking defaults for OMX/cmex/m/n on input line 8.
LaTeX Font Info:    ... okay on input line 8.
LaTeX Font Info:    Checking defaults for U/cmr/m/n on input line 8.
LaTeX Font Info:    ... okay on input line 8.
LaTeX Font Info:    Checking defaults for PD1/pdf/m/n on input line 8.
LaTeX Font Info:    ... okay on input line 8.
\AtBeginShipoutBox=\box64
Package hyperref Info: Link coloring OFF on input line 8.

(/usr/local/texlive/2017/texmf-dist/tex/latex/hyperref/nameref.sty
Package: nameref 2016/05/21 v2.44 Cross-referencing by name of section

(/usr/local/texlive/2017/texmf-dist/tex/generic/oberdiek/gettitlestring.sty
Package: gettitlestring 2016/05/16 v1.5 Cleanup title references (HO)
)
\c@section@level=\count183
)
LaTeX Info: Redefining \ref on input line 8.
LaTeX Info: Redefining \pageref on input line 8.
LaTeX Info: Redefining \nameref on input line 8.

(./AdvancedCalculus.out) (./AdvancedCalculus.out)
\@outlinefile=\write3
\openout3 = `AdvancedCalculus.out'.


(/usr/local/texlive/2017/texmf-dist/tex/context/base/mkii/supp-pdf.mkii
[Loading MPS to PDF converter (version 2006.09.02).]
\scratchcounter=\count184
\scratchdimen=\dimen171
\scratchbox=\box65
\nofMPsegments=\count185
\nofMParguments=\count186
\everyMPshowfont=\toks51
\MPscratchCnt=\count187
\MPscratchDim=\dimen172
\MPnumerator=\count188
\makeMPintoPDFobject=\count189
\everyMPtoPDFconversion=\toks52
) (/usr/local/texlive/2017/texmf-dist/tex/latex/oberdiek/epstopdf-base.sty
Package: epstopdf-base 2016/05/15 v2.6 Base part for package epstopdf

(/usr/local/texlive/2017/texmf-dist/tex/latex/oberdiek/grfext.sty
Package: grfext 2016/05/16 v1.2 Manage graphics extensions (HO)
)
Package epstopdf-base Info: Redefining graphics rule for `.eps' on input line 4
38.
Package grfext Info: Graphics extension search list:
(grfext)             [.png,.pdf,.jpg,.mps,.jpeg,.jbig2,.jb2,.PNG,.PDF,.JPG,.JPE
G,.JBIG2,.JB2,.eps]
(grfext)             \AppendGraphicsExtensions on input line 456.

(/usr/local/texlive/2017/texmf-dist/tex/latex/latexconfig/epstopdf-sys.cfg
File: epstopdf-sys.cfg 2010/07/13 v1.3 Configuration of (r)epstopdf for TeX Liv
e
))
Package caption Info: Begin \AtBeginDocument code.
Package caption Info: End \AtBeginDocument code.

ABD: EveryShipout initializing macros
LaTeX Font Info:    Try loading font information for U+msa on input line 10.

(/usr/local/texlive/2017/texmf-dist/tex/latex/amsfonts/umsa.fd
File: umsa.fd 2013/01/14 v3.01 AMS symbols A
)
LaTeX Font Info:    Try loading font information for U+msb on input line 10.

(/usr/local/texlive/2017/texmf-dist/tex/latex/amsfonts/umsb.fd
File: umsb.fd 2013/01/14 v3.01 AMS symbols B
)
LaTeX Font Info:    Try loading font information for U+rsfs on input line 10.

(/usr/local/texlive/2017/texmf-dist/tex/latex/jknapltx/ursfs.fd
File: ursfs.fd 1998/03/24 rsfs font definition file (jk)
)
LaTeX Font Info:    Try loading font information for U+esint on input line 10.

(/usr/local/texlive/2017/texmf-dist/tex/latex/esint/uesint.fd
File: uesint.fd 
) [1


{/usr/local/texlive/2017/texmf-var/fonts/map/pdftex/updmap/pdftex.map}] [2

]
(./AdvancedCalculus.toc [3] [4] [5])
\tf@toc=\write4
\openout4 = `AdvancedCalculus.toc'.

 [6] (./Chapter1.tex
Chapter 1.
Package hyperref Info: bookmark level for unknown deff defaults to 0 on input l
ine 5.
[7

]) (./Chapter2.tex [8]
Chapter 2.

LaTeX Warning: The counter will not be printed.
             The label is:  on input line 20.

[9

]
Package hyperref Info: bookmark level for unknown thm defaults to 0 on input li
ne 50.

Overfull \hbox (21.75012pt too wide) in paragraph at lines 50--51
[]$\OML/cmm/m/it/10 A$ \OT1/cmr/m/n/10 is in-fi-nite if and only if $\OML/cmm/m
/it/10 A$ \OT1/cmr/m/n/10 is equiv-a-lent to one of its $[]$. 
 []

[10]
Package hyperref Info: bookmark level for unknown cor defaults to 0 on input li
ne 66.
 [11]
! Undefined control sequence.
l.104 ...an {\cem{isolated point}} \smallmarginpar
                                                  {An equivalent deff: There...
The control sequence at the end of the top line
of your error message was never \def'ed. If you have
misspelled it (e.g., `\hobx'), type `I' and the correct
spelling (e.g., `I\hbox'). Otherwise just continue,
and I'll forget about whatever was undefined.

LaTeX Font Info:    Try loading font information for OMS+cmr on input line 141.

(/usr/local/texlive/2017/texmf-dist/tex/latex/base/omscmr.fd
File: omscmr.fd 2014/09/29 v2.5h Standard LaTeX font definitions
)
LaTeX Font Info:    Font shape `OMS/cmr/m/n' in size <10> not available
(Font)              Font shape `OMS/cmsy/m/n' tried instead on input line 141.
 [12]
! Undefined control sequence.
l.182 ... {\cem{finite}} subcover. \smallmarginpar
                                                  {It is clear that every fi...
The control sequence at the end of the top line
of your error message was never \def'ed. If you have
misspelled it (e.g., `\hobx'), type `I' and the correct
spelling (e.g., `I\hbox'). Otherwise just continue,
and I'll forget about whatever was undefined.

! Undefined control sequence.
l.187 ... compact relative to $Y$. \smallmarginpar
                                                  {Every metric space $X$ is...
The control sequence at the end of the top line
of your error message was never \def'ed. If you have
misspelled it (e.g., `\hobx'), type `I' and the correct
spelling (e.g., `I\hbox'). Otherwise just continue,
and I'll forget about whatever was undefined.

[13]
! Undefined control sequence.
l.248 ... nonempty separated sets. \smallmarginpar
                                                  {Separated sets are of cou...
The control sequence at the end of the top line
of your error message was never \def'ed. If you have
misspelled it (e.g., `\hobx'), type `I' and the correct
spelling (e.g., `I\hbox'). Otherwise just continue,
and I'll forget about whatever was undefined.

[14]) (./Chapter3.tex [15] [16

]
Chapter 3.
! Undefined control sequence.
l.6 ...is said to {\cem{converge}} \smallmarginpar
                                                  {If $\{p_n\}$ does not con...
The control sequence at the end of the top line
of your error message was never \def'ed. If you have
misspelled it (e.g., `\hobx'), type `I' and the correct
spelling (e.g., `I\hbox'). Otherwise just continue,
and I'll forget about whatever was undefined.


Overfull \hbox (4.84229pt too wide) in paragraph at lines 10--11
[]\OT1/cmr/m/n/10 The se-quence $\OMS/cmsy/m/n/10 f\OML/cmm/m/it/10 p[]\OMS/cms
y/m/n/10 g$ \OT1/cmr/m/n/10 is said to be []\OT1/cmr/m/it/10 bounded[] \OT1/cmr
/m/n/10 if its range is bounded. 
 []

! Undefined control sequence.
l.20 ...nd if $p$ is a limit point \smallmarginpar
                                                  {A point $p$ is a limit po...
The control sequence at the end of the top line
of your error message was never \def'ed. If you have
misspelled it (e.g., `\hobx'), type `I' and the correct
spelling (e.g., `I\hbox'). Otherwise just continue,
and I'll forget about whatever was undefined.


Overfull \hbox (1.6483pt too wide) in paragraph at lines 25--26
[]\OT1/cmr/m/n/10 Suppose $\OMS/cmsy/m/n/10 f\OML/cmm/m/it/10 s[]\OMS/cmsy/m/n/
10 g\OML/cmm/m/it/10 ; \OMS/cmsy/m/n/10 f\OML/cmm/m/it/10 t[]\OMS/cmsy/m/n/10 g
$ \OT1/cmr/m/n/10 are com-plex se-quences, and $[][]\OMS/cmsy/m/n/10 f\OML/cmm/
m/it/10 s[]\OMS/cmsy/m/n/10 g \OT1/cmr/m/n/10 =
 []

[17] [18] [19] [20] [21]

Package hyperref Warning: Token not allowed in a PDF string (PDFDocEncoding):
(hyperref)                removing `math shift' on input line 201.


Package hyperref Warning: Token not allowed in a PDF string (PDFDocEncoding):
(hyperref)                removing `math shift' on input line 201.

[22] [23] [24] [25]) (./Chapter4.tex [26]
Chapter 4.
! Undefined control sequence.
l.6 ...p$ is a limit point of $E$. \smallmarginpar
                                                  {The deff does not say any...
The control sequence at the end of the top line
of your error message was never \def'ed. If you have
misspelled it (e.g., `\hobx'), type `I' and the correct
spelling (e.g., `I\hbox'). Otherwise just continue,
and I'll forget about whatever was undefined.

[27

]
! Undefined control sequence.
l.35 ...ine{$p$ is a limit point}} \smallmarginpar
                                                  {If $p$ is an {\underline{...
The control sequence at the end of the top line
of your error message was never \def'ed. If you have
misspelled it (e.g., `\hobx'), type `I' and the correct
spelling (e.g., `I\hbox'). Otherwise just continue,
and I'll forget about whatever was undefined.

[28]
! Undefined control sequence.
l.83 ...$f(p) = M$ and $f(q) = m$. \smallmarginpar
                                                  {This is to say, $f$ attai...
The control sequence at the end of the top line
of your error message was never \def'ed. If you have
misspelled it (e.g., `\hobx'), type `I' and the correct
spelling (e.g., `I\hbox'). Otherwise just continue,
and I'll forget about whatever was undefined.

[29]
! Undefined control sequence.
l.120 ...e discontinuity}} at $x$. \smallmarginpar
                                                  {There are two ways in whi...
The control sequence at the end of the top line
of your error message was never \def'ed. If you have
misspelled it (e.g., `\hobx'), type `I' and the correct
spelling (e.g., `I\hbox'). Otherwise just continue,
and I'll forget about whatever was undefined.

[30]
! Undefined control sequence.
l.135 ...ities of the second kind. \smallmarginpar
                                                  {Compare with Corollary~\r...
The control sequence at the end of the top line
of your error message was never \def'ed. If you have
misspelled it (e.g., `\hobx'), type `I' and the correct
spelling (e.g., `I\hbox'). Otherwise just continue,
and I'll forget about whatever was undefined.

) (./Chapter5.tex [31] [32]
Chapter 5.
! Undefined control sequence.
l.11 ... $f$ is continuous at $x$. \smallmarginpar
                                                  {Prove by using the fact t...
The control sequence at the end of the top line
of your error message was never \def'ed. If you have
misspelled it (e.g., `\hobx'), type `I' and the correct
spelling (e.g., `I\hbox'). Otherwise just continue,
and I'll forget about whatever was undefined.

[33

]
! Undefined control sequence.
l.36 ... exists, then $f'(x) = 0.$ \smallmarginpar
                                                  {Prove by showing the left...
The control sequence at the end of the top line
of your error message was never \def'ed. If you have
misspelled it (e.g., `\hobx'), type `I' and the correct
spelling (e.g., `I\hbox'). Otherwise just continue,
and I'll forget about whatever was undefined.

[34]
! Undefined control sequence.
l.63 ...iscontinuities on $[a,b]$. \smallmarginpar
                                                  {Compare with Corollary~\r...
The control sequence at the end of the top line
of your error message was never \def'ed. If you have
misspelled it (e.g., `\hobx'), type `I' and the correct
spelling (e.g., `I\hbox'). Otherwise just continue,
and I'll forget about whatever was undefined.

Missing character: There is no â in font cmr10!
Missing character: There is no € in font cmr10!
Missing character: There is no ˜ in font cmr10!
[35]) (./Chapter6.tex [36]
Chapter 6.
[37

] [38] [39]) (./Chapter7.tex [40]
Chapter 7.
[41

]
Overfull \hbox (1.42345pt too wide) in paragraph at lines 36--36
[]\OT1/cmr/m/n/10 If $\OML/cmm/m/it/10 X$ \OT1/cmr/m/n/10 is a met-ric space, $
\OT1/cmr/bx/n/10 C\OT1/cmr/m/n/10 (\OML/cmm/m/it/10 X\OT1/cmr/m/n/10 )$ will de
-note the set of all complex-
 []

[42] [43]
Overfull \hbox (2.59097pt too wide) in paragraph at lines 90--92
[]\OT1/cmr/m/n/10 If $\OML/cmm/m/it/10 K$ \OT1/cmr/m/n/10 is a com-pact met-ric
 space, if $\OML/cmm/m/it/10 f[] \OMS/cmsy/m/n/10 2 \OT1/cmr/bx/n/10 C\OT1/cmr/
m/n/10 (\OML/cmm/m/it/10 K\OT1/cmr/m/n/10 )$ for $\OML/cmm/m/it/10 n \OT1/cmr/m
/n/10 = 1\OML/cmm/m/it/10 ; \OT1/cmr/m/n/10 2\OML/cmm/m/it/10 ; \OT1/cmr/m/n/10
 3\OML/cmm/m/it/10 ; [] $\OT1/cmr/m/n/10 ,
 []

[44]) (./Chapter8.tex [45] [46

]
Chapter 8.
) (./Chapter9.tex [47] [48

]
Chapter 9.
! Undefined control sequence.
l.5 ...action}} of $X$ into $X$}}. \smallmarginpar
                                                  {If $f$ is a contraction m...
The control sequence at the end of the top line
of your error message was never \def'ed. If you have
misspelled it (e.g., `\hobx'), type `I' and the correct
spelling (e.g., `I\hbox'). Otherwise just continue,
and I'll forget about whatever was undefined.

) (./Excercises.tex [49] [50

]
Chapter 10.
Package hyperref Info: bookmark level for unknown prob defaults to 0 on input l
ine 3.

LaTeX Warning: Reference `theo:convergent seq' on page 51 undefined on input li
ne 6.

)
\tf@thm=\write5
\openout5 = `AdvancedCalculus.thm'.

 [51]
Package atveryend Info: Empty hook `BeforeClearDocument' on input line 25.
Package atveryend Info: Empty hook `AfterLastShipout' on input line 25.
 (./AdvancedCalculus.aux)
Package atveryend Info: Executing hook `AtVeryEndDocument' on input line 25.
Package atveryend Info: Executing hook `AtEndAfterFileList' on input line 25.
Package rerunfilecheck Info: File `AdvancedCalculus.out' has not changed.
(rerunfilecheck)             Checksum: 5CBA64273C669BDC8755FD96902CC0D0;8421.


LaTeX Warning: There were undefined references.

Package atveryend Info: Empty hook `AtVeryVeryEnd' on input line 25.
 )
(\end occurred inside a group at level 1)

### simple group (level 1) entered at line 1061 ({)
### bottom level 
Here is how much of TeX's memory you used:
 15574 strings out of 492995
 259868 string characters out of 6132704
 338261 words of memory out of 5000000
 18388 multiletter control sequences out of 15000+600000
 16903 words of font info for 72 fonts, out of 8000000 for 9000
 1141 hyphenation exceptions out of 8191
 42i,8n,40p,845b,12447s stack positions out of 5000i,500n,10000p,200000b,80000s
</usr/local/texlive/2017/texmf-dist/fonts/type1/public/amsfonts
/cm/cmbx10.pfb></usr/local/texlive/2017/texmf-dist/fonts/type1/public/amsfonts/
cm/cmbx12.pfb></usr/local/texlive/2017/texmf-dist/fonts/type1/public/amsfonts/c
m/cmex10.pfb></usr/local/texlive/2017/texmf-dist/fonts/type1/public/amsfonts/cm
/cmmi10.pfb></usr/local/texlive/2017/texmf-dist/fonts/type1/public/amsfonts/cm/
cmmi12.pfb></usr/local/texlive/2017/texmf-dist/fonts/type1/public/amsfonts/cm/c
mmi5.pfb></usr/local/texlive/2017/texmf-dist/fonts/type1/public/amsfonts/cm/cmm
i7.pfb></usr/local/texlive/2017/texmf-dist/fonts/type1/public/amsfonts/cm/cmr10
.pfb></usr/local/texlive/2017/texmf-dist/fonts/type1/public/amsfonts/cm/cmr12.p
fb></usr/local/texlive/2017/texmf-dist/fonts/type1/public/amsfonts/cm/cmr17.pfb
></usr/local/texlive/2017/texmf-dist/fonts/type1/public/amsfonts/cm/cmr5.pfb></
usr/local/texlive/2017/texmf-dist/fonts/type1/public/amsfonts/cm/cmr7.pfb></usr
/local/texlive/2017/texmf-dist/fonts/type1/public/amsfonts/cm/cmsl10.pfb></usr/
local/texlive/2017/texmf-dist/fonts/type1/public/amsfonts/cm/cmsy10.pfb></usr/l
ocal/texlive/2017/texmf-dist/fonts/type1/public/amsfonts/cm/cmsy5.pfb></usr/loc
al/texlive/2017/texmf-dist/fonts/type1/public/amsfonts/cm/cmsy7.pfb></usr/local
/texlive/2017/texmf-dist/fonts/type1/public/amsfonts/cm/cmti10.pfb></usr/local/
texlive/2017/texmf-dist/fonts/type1/public/esint-type1/esint10.pfb>
Output written on AdvancedCalculus.pdf (51 pages, 330381 bytes).
PDF statistics:
 1363 PDF objects out of 1440 (max. 8388607)
 1279 compressed objects within 13 object streams
 483 named destinations out of 1000 (max. 500000)
 1025 words of extra memory for PDF output out of 10000 (max. 10000000)

