\BOOKMARK [0][-]{chapter.1}{The Real and Complex Number Systems}{}% 1
\BOOKMARK [1][-]{section.1.1}{Introduction}{chapter.1}% 2
\BOOKMARK [2][-]{subsection.1.1.1}{Definitions}{section.1.1}% 3
\BOOKMARK [0][-]{chapter.2}{Basic Topology}{}% 4
\BOOKMARK [1][-]{section.2.1}{Finite, Countable, and Uncountable Sets}{chapter.2}% 5
\BOOKMARK [2][-]{subsection.2.1.1}{Definitions}{section.2.1}% 6
\BOOKMARK [2][-]{subsection.2.1.2}{Theorems}{section.2.1}% 7
\BOOKMARK [1][-]{section.2.2}{Metric Spaces}{chapter.2}% 8
\BOOKMARK [2][-]{subsection.2.2.1}{Definitions}{section.2.2}% 9
\BOOKMARK [2][-]{subsection.2.2.2}{Theorems}{section.2.2}% 10
\BOOKMARK [1][-]{section.2.3}{Compact Sets}{chapter.2}% 11
\BOOKMARK [2][-]{subsection.2.3.1}{Definitions}{section.2.3}% 12
\BOOKMARK [2][-]{subsection.2.3.2}{Theorems}{section.2.3}% 13
\BOOKMARK [1][-]{section.2.4}{Perfect Sets}{chapter.2}% 14
\BOOKMARK [2][-]{subsection.2.4.1}{Theorems}{section.2.4}% 15
\BOOKMARK [1][-]{section.2.5}{Connected Sets}{chapter.2}% 16
\BOOKMARK [2][-]{subsection.2.5.1}{Definitions}{section.2.5}% 17
\BOOKMARK [2][-]{subsection.2.5.2}{Theorems}{section.2.5}% 18
\BOOKMARK [0][-]{chapter.3}{Numerical Sequences and Series}{}% 19
\BOOKMARK [1][-]{section.3.1}{Convergent Sequences}{chapter.3}% 20
\BOOKMARK [2][-]{subsection.3.1.1}{Definitions}{section.3.1}% 21
\BOOKMARK [2][-]{subsection.3.1.2}{Thorems}{section.3.1}% 22
\BOOKMARK [1][-]{section.3.2}{Subsequences}{chapter.3}% 23
\BOOKMARK [2][-]{subsection.3.2.1}{Definitions}{section.3.2}% 24
\BOOKMARK [2][-]{subsection.3.2.2}{Theorems}{section.3.2}% 25
\BOOKMARK [1][-]{section.3.3}{Cauchy Sequences}{chapter.3}% 26
\BOOKMARK [2][-]{subsection.3.3.1}{Definitions}{section.3.3}% 27
\BOOKMARK [2][-]{subsection.3.3.2}{Theorems}{section.3.3}% 28
\BOOKMARK [1][-]{section.3.4}{Upper and Lower Limits}{chapter.3}% 29
\BOOKMARK [2][-]{subsection.3.4.1}{Definitions}{section.3.4}% 30
\BOOKMARK [2][-]{subsection.3.4.2}{Theorems}{section.3.4}% 31
\BOOKMARK [1][-]{section.3.5}{Some Special Sequences}{chapter.3}% 32
\BOOKMARK [2][-]{subsection.3.5.1}{Theorems}{section.3.5}% 33
\BOOKMARK [1][-]{section.3.6}{Series}{chapter.3}% 34
\BOOKMARK [2][-]{subsection.3.6.1}{Definitions}{section.3.6}% 35
\BOOKMARK [2][-]{subsection.3.6.2}{Theorems}{section.3.6}% 36
\BOOKMARK [1][-]{section.3.7}{Series of Nonnegative Terms}{chapter.3}% 37
\BOOKMARK [2][-]{subsection.3.7.1}{Theorems}{section.3.7}% 38
\BOOKMARK [1][-]{section.3.8}{The Number e}{chapter.3}% 39
\BOOKMARK [2][-]{subsection.3.8.1}{Definitions}{section.3.8}% 40
\BOOKMARK [2][-]{subsection.3.8.2}{Theorems}{section.3.8}% 41
\BOOKMARK [1][-]{section.3.9}{The Root and Ratio Tests}{chapter.3}% 42
\BOOKMARK [2][-]{subsection.3.9.1}{Theorems}{section.3.9}% 43
\BOOKMARK [1][-]{section.3.10}{Power Series}{chapter.3}% 44
\BOOKMARK [2][-]{subsection.3.10.1}{Definitions}{section.3.10}% 45
\BOOKMARK [2][-]{subsection.3.10.2}{Theorems}{section.3.10}% 46
\BOOKMARK [1][-]{section.3.11}{Summation by Parts}{chapter.3}% 47
\BOOKMARK [2][-]{subsection.3.11.1}{Theorems}{section.3.11}% 48
\BOOKMARK [1][-]{section.3.12}{Absolute Convergence}{chapter.3}% 49
\BOOKMARK [2][-]{subsection.3.12.1}{Definitions}{section.3.12}% 50
\BOOKMARK [2][-]{subsection.3.12.2}{Theorems}{section.3.12}% 51
\BOOKMARK [1][-]{section.3.13}{Addition and Multiplication of Series}{chapter.3}% 52
\BOOKMARK [2][-]{subsection.3.13.1}{Definitions}{section.3.13}% 53
\BOOKMARK [2][-]{subsection.3.13.2}{Theorems}{section.3.13}% 54
\BOOKMARK [1][-]{section.3.14}{Rearrangements}{chapter.3}% 55
\BOOKMARK [2][-]{subsection.3.14.1}{Definitions}{section.3.14}% 56
\BOOKMARK [2][-]{subsection.3.14.2}{Theorems}{section.3.14}% 57
\BOOKMARK [0][-]{chapter.4}{Continuity}{}% 58
\BOOKMARK [1][-]{section.4.1}{Limits of Functions}{chapter.4}% 59
\BOOKMARK [2][-]{subsection.4.1.1}{Definitions}{section.4.1}% 60
\BOOKMARK [2][-]{subsection.4.1.2}{Theorems}{section.4.1}% 61
\BOOKMARK [1][-]{section.4.2}{Continuous Functions}{chapter.4}% 62
\BOOKMARK [2][-]{subsection.4.2.1}{Definitions}{section.4.2}% 63
\BOOKMARK [2][-]{subsection.4.2.2}{Theorems}{section.4.2}% 64
\BOOKMARK [1][-]{section.4.3}{Continuity and Compactness}{chapter.4}% 65
\BOOKMARK [2][-]{subsection.4.3.1}{Definitions}{section.4.3}% 66
\BOOKMARK [2][-]{subsection.4.3.2}{Theorems}{section.4.3}% 67
\BOOKMARK [1][-]{section.4.4}{Continuity and Connectedness}{chapter.4}% 68
\BOOKMARK [2][-]{subsection.4.4.1}{Theorems}{section.4.4}% 69
\BOOKMARK [1][-]{section.4.5}{Discontinuities}{chapter.4}% 70
\BOOKMARK [2][-]{subsection.4.5.1}{Definitions}{section.4.5}% 71
\BOOKMARK [1][-]{section.4.6}{Monotonic Functions}{chapter.4}% 72
\BOOKMARK [2][-]{subsection.4.6.1}{Definitions}{section.4.6}% 73
\BOOKMARK [2][-]{subsection.4.6.2}{Theorems}{section.4.6}% 74
\BOOKMARK [1][-]{section.4.7}{Infinite Limits and Limits at Infinity}{chapter.4}% 75
\BOOKMARK [2][-]{subsection.4.7.1}{Definitions}{section.4.7}% 76
\BOOKMARK [2][-]{subsection.4.7.2}{Theorems}{section.4.7}% 77
\BOOKMARK [0][-]{chapter.5}{Differentiation}{}% 78
\BOOKMARK [1][-]{section.5.1}{The Derivative of a Real Function}{chapter.5}% 79
\BOOKMARK [2][-]{subsection.5.1.1}{Definitions}{section.5.1}% 80
\BOOKMARK [2][-]{subsection.5.1.2}{Theorems}{section.5.1}% 81
\BOOKMARK [1][-]{section.5.2}{Mean Value Theorems}{chapter.5}% 82
\BOOKMARK [2][-]{subsection.5.2.1}{Definitions}{section.5.2}% 83
\BOOKMARK [2][-]{subsection.5.2.2}{Theorems}{section.5.2}% 84
\BOOKMARK [1][-]{section.5.3}{The Continuity of Derivatives}{chapter.5}% 85
\BOOKMARK [2][-]{subsection.5.3.1}{Theorems}{section.5.3}% 86
\BOOKMARK [1][-]{section.5.4}{L'Hospital's Rule}{chapter.5}% 87
\BOOKMARK [2][-]{subsection.5.4.1}{Theorems}{section.5.4}% 88
\BOOKMARK [1][-]{section.5.5}{Derivatives of Higher Order}{chapter.5}% 89
\BOOKMARK [2][-]{subsection.5.5.1}{Definitions}{section.5.5}% 90
\BOOKMARK [1][-]{section.5.6}{Taylor's Theorem}{chapter.5}% 91
\BOOKMARK [2][-]{subsection.5.6.1}{Theorems}{section.5.6}% 92
\BOOKMARK [1][-]{section.5.7}{Differentiation of Vector-valued Functions}{chapter.5}% 93
\BOOKMARK [2][-]{subsection.5.7.1}{Theorems}{section.5.7}% 94
\BOOKMARK [0][-]{chapter.6}{The Riemann-Stieltjes Integral}{}% 95
\BOOKMARK [1][-]{section.6.1}{Definition and Existence of the Integral}{chapter.6}% 96
\BOOKMARK [2][-]{subsection.6.1.1}{Definitions}{section.6.1}% 97
\BOOKMARK [2][-]{subsection.6.1.2}{Theorems}{section.6.1}% 98
\BOOKMARK [1][-]{section.6.2}{Properties of the Integral}{chapter.6}% 99
\BOOKMARK [2][-]{subsection.6.2.1}{Definitions}{section.6.2}% 100
\BOOKMARK [2][-]{subsection.6.2.2}{Theorems}{section.6.2}% 101
\BOOKMARK [1][-]{section.6.3}{Integration and Differentiation}{chapter.6}% 102
\BOOKMARK [2][-]{subsection.6.3.1}{Theorems}{section.6.3}% 103
\BOOKMARK [0][-]{chapter.7}{Sequences and Series of Functions}{}% 104
\BOOKMARK [1][-]{section.7.1}{Discussion of Main Problem}{chapter.7}% 105
\BOOKMARK [2][-]{subsection.7.1.1}{Definitions}{section.7.1}% 106
\BOOKMARK [1][-]{section.7.2}{Uniform Convergence}{chapter.7}% 107
\BOOKMARK [2][-]{subsection.7.2.1}{Definitions}{section.7.2}% 108
\BOOKMARK [2][-]{subsection.7.2.2}{Theorems}{section.7.2}% 109
\BOOKMARK [1][-]{section.7.3}{Uniform Convergence and Continuity}{chapter.7}% 110
\BOOKMARK [2][-]{subsection.7.3.1}{Definitions}{section.7.3}% 111
\BOOKMARK [2][-]{subsection.7.3.2}{Theorems}{section.7.3}% 112
\BOOKMARK [1][-]{section.7.4}{Uniform Convergence and Integration}{chapter.7}% 113
\BOOKMARK [2][-]{subsection.7.4.1}{Theorems}{section.7.4}% 114
\BOOKMARK [1][-]{section.7.5}{Uniform Convergence and Differentiation}{chapter.7}% 115
\BOOKMARK [2][-]{subsection.7.5.1}{Theorems}{section.7.5}% 116
\BOOKMARK [1][-]{section.7.6}{Equicontinuous Families of Functions}{chapter.7}% 117
\BOOKMARK [2][-]{subsection.7.6.1}{Definitions}{section.7.6}% 118
\BOOKMARK [2][-]{subsection.7.6.2}{Theorems}{section.7.6}% 119
\BOOKMARK [1][-]{section.7.7}{The Stone-Weierstrass Theorem}{chapter.7}% 120
\BOOKMARK [2][-]{subsection.7.7.1}{Theorems}{section.7.7}% 121
\BOOKMARK [0][-]{chapter.8}{Some Special Functions}{}% 122
\BOOKMARK [0][-]{chapter.9}{Functions of Several Variables}{}% 123
\BOOKMARK [1][-]{section.9.1}{The Contraction Principle}{chapter.9}% 124
\BOOKMARK [2][-]{subsection.9.1.1}{Definitions}{section.9.1}% 125
\BOOKMARK [2][-]{subsection.9.1.2}{Theorems}{section.9.1}% 126
\BOOKMARK [0][-]{chapter.10}{Exercises}{}% 127
\BOOKMARK [1][-]{section.10.1}{Concept Questions}{chapter.10}% 128
