\BOOKMARK [0][-]{chapter*.2}{Preface}{}% 1
\BOOKMARK [-1][-]{part.1}{I Finance and Economics}{}% 2
\BOOKMARK [0][-]{chapter.1}{Economical Finance}{part.1}% 3
\BOOKMARK [1][-]{section.1.1}{Capital Market Overview}{chapter.1}% 4
\BOOKMARK [1][-]{section.1.2}{Trading and Exchanges}{chapter.1}% 5
\BOOKMARK [1][-]{section.1.3}{Macroeconomic Environment}{chapter.1}% 6
\BOOKMARK [1][-]{section.1.4}{Classic Finance Theory}{chapter.1}% 7
\BOOKMARK [2][-]{subsection.1.4.1}{Time Value of Money}{section.1.4}% 8
\BOOKMARK [2][-]{subsection.1.4.2}{Capital Asset Pricing Model \(CAPM\)}{section.1.4}% 9
\BOOKMARK [0][-]{chapter.2}{Mathematical Finance}{part.1}% 10
\BOOKMARK [1][-]{section.2.1}{Probability Theory}{chapter.2}% 11
\BOOKMARK [2][-]{subsection.2.1.1}{Probability Space}{section.2.1}% 12
\BOOKMARK [2][-]{subsection.2.1.2}{Information and -Algebra}{section.2.1}% 13
\BOOKMARK [2][-]{subsection.2.1.3}{Conditional Expectation}{section.2.1}% 14
\BOOKMARK [2][-]{subsection.2.1.4}{Martingales}{section.2.1}% 15
\BOOKMARK [2][-]{subsection.2.1.5}{Change of Measure and Girsanov's Theorem}{section.2.1}% 16
\BOOKMARK [1][-]{section.2.2}{Brownian Motion and Stochastic Calculus}{chapter.2}% 17
\BOOKMARK [2][-]{subsection.2.2.1}{Stochastic Processes}{section.2.2}% 18
\BOOKMARK [2][-]{subsection.2.2.2}{Brownian Motion}{section.2.2}% 19
\BOOKMARK [2][-]{subsection.2.2.3}{Geometric Brownian Motion}{section.2.2}% 20
\BOOKMARK [2][-]{subsection.2.2.4}{It\364 Integral and It\364 Process}{section.2.2}% 21
\BOOKMARK [2][-]{subsection.2.2.5}{Function of It\364 Processes and It\364's Lemma}{section.2.2}% 22
\BOOKMARK [1][-]{section.2.3}{Stochastic Differential Equations}{chapter.2}% 23
\BOOKMARK [2][-]{subsection.2.3.1}{The Feynman\205Kac Formula}{section.2.3}% 24
\BOOKMARK [2][-]{subsection.2.3.2}{Kolmogorov Forward and Backward Equations}{section.2.3}% 25
\BOOKMARK [2][-]{subsection.2.3.3}{Explicitly Solvable Stochastic Differential Equations}{section.2.3}% 26
\BOOKMARK [2][-]{subsection.2.3.4}{Backward Induction \(BI\)}{section.2.3}% 27
\BOOKMARK [2][-]{subsection.2.3.5}{Autonomous System}{section.2.3}% 28
\BOOKMARK [2][-]{subsection.2.3.6}{Milstein Method}{section.2.3}% 29
\BOOKMARK [2][-]{subsection.2.3.7}{Euler\205Maruyama Method}{section.2.3}% 30
\BOOKMARK [2][-]{subsection.2.3.8}{Runge\205Kutta Method}{section.2.3}% 31
\BOOKMARK [1][-]{section.2.4}{Probability Distribution}{chapter.2}% 32
\BOOKMARK [2][-]{subsection.2.4.1}{Poisson Distribution}{section.2.4}% 33
\BOOKMARK [2][-]{subsection.2.4.2}{Gaussian Distribution}{section.2.4}% 34
\BOOKMARK [2][-]{subsection.2.4.3}{Lognormal Distribution}{section.2.4}% 35
\BOOKMARK [2][-]{subsection.2.4.4}{2 Distribution}{section.2.4}% 36
\BOOKMARK [0][-]{chapter.3}{Statistical Finance}{part.1}% 37
\BOOKMARK [1][-]{section.3.1}{Regression}{chapter.3}% 38
\BOOKMARK [1][-]{section.3.2}{Classification}{chapter.3}% 39
\BOOKMARK [1][-]{section.3.3}{Machine Learning}{chapter.3}% 40
\BOOKMARK [1][-]{section.3.4}{Monte Carlo Simulation Methods}{chapter.3}% 41
\BOOKMARK [1][-]{section.3.5}{Moment Matching Methods}{chapter.3}% 42
\BOOKMARK [1][-]{section.3.6}{Copula Methods}{chapter.3}% 43
\BOOKMARK [0][-]{chapter.4}{Computational Finance}{part.1}% 44
\BOOKMARK [1][-]{section.4.1}{Linear Algebra}{chapter.4}% 45
\BOOKMARK [1][-]{section.4.2}{Numerical Analysis}{chapter.4}% 46
\BOOKMARK [1][-]{section.4.3}{Interpolation Methods}{chapter.4}% 47
\BOOKMARK [1][-]{section.4.4}{Root-finding Methods}{chapter.4}% 48
\BOOKMARK [2][-]{subsection.4.4.1}{The Bisection Method}{section.4.4}% 49
\BOOKMARK [2][-]{subsection.4.4.2}{The Newton\205Raphson Method}{section.4.4}% 50
\BOOKMARK [2][-]{subsection.4.4.3}{The Secant Method}{section.4.4}% 51
\BOOKMARK [1][-]{section.4.5}{Optimization Methods}{chapter.4}% 52
\BOOKMARK [2][-]{subsection.4.5.1}{Linear Optimization}{section.4.5}% 53
\BOOKMARK [2][-]{subsection.4.5.2}{Non-linear Optimization}{section.4.5}% 54
\BOOKMARK [1][-]{section.4.6}{Software Engineering}{chapter.4}% 55
\BOOKMARK [0][-]{chapter.5}{Financial Modeling}{part.1}% 56
\BOOKMARK [1][-]{section.5.1}{Overview of \(Arbitrage\) Pricing Strategies}{chapter.5}% 57
\BOOKMARK [1][-]{section.5.2}{The Black\205Scholes Model and Its Variants}{chapter.5}% 58
\BOOKMARK [2][-]{subsection.5.2.1}{The Black\205Scholes Model}{section.5.2}% 59
\BOOKMARK [2][-]{subsection.5.2.2}{The Back\205Scholes Model with Constant Dividend Yield \(BS-D\)}{section.5.2}% 60
\BOOKMARK [2][-]{subsection.5.2.3}{The Black's Model}{section.5.2}% 61
\BOOKMARK [1][-]{section.5.3}{Forward Models}{chapter.5}% 62
\BOOKMARK [2][-]{subsection.5.3.1}{Funding Spread Models}{section.5.3}% 63
\BOOKMARK [2][-]{subsection.5.3.2}{Dividend Models}{section.5.3}% 64
\BOOKMARK [1][-]{section.5.4}{Short Rate Models}{chapter.5}% 65
\BOOKMARK [2][-]{subsection.5.4.1}{Overview}{section.5.4}% 66
\BOOKMARK [2][-]{subsection.5.4.2}{Ornstein\205Uhlenbeck Process}{section.5.4}% 67
\BOOKMARK [2][-]{subsection.5.4.3}{Square-root Process}{section.5.4}% 68
\BOOKMARK [1][-]{section.5.5}{Volatility Models}{chapter.5}% 69
\BOOKMARK [2][-]{subsection.5.5.1}{Implied Volatility Surface}{section.5.5}% 70
\BOOKMARK [2][-]{subsection.5.5.2}{Local Volatility Model}{section.5.5}% 71
\BOOKMARK [2][-]{subsection.5.5.3}{Stochastic Volatility Models}{section.5.5}% 72
\BOOKMARK [1][-]{section.5.6}{Jump Models}{chapter.5}% 73
\BOOKMARK [0][-]{chapter.6}{Investment Management}{part.1}% 74
\BOOKMARK [1][-]{section.6.1}{Asset Classes}{chapter.6}% 75
\BOOKMARK [2][-]{subsection.6.1.1}{Fixed Income}{section.6.1}% 76
\BOOKMARK [2][-]{subsection.6.1.2}{Equities}{section.6.1}% 77
\BOOKMARK [2][-]{subsection.6.1.3}{Foreign Exchange}{section.6.1}% 78
\BOOKMARK [2][-]{subsection.6.1.4}{Credit Derivatives}{section.6.1}% 79
\BOOKMARK [2][-]{subsection.6.1.5}{Interest Rate Derivatives}{section.6.1}% 80
\BOOKMARK [0][-]{chapter.7}{Risk Management}{part.1}% 81
\BOOKMARK [1][-]{section.7.1}{Risk Management Overview}{chapter.7}% 82
\BOOKMARK [2][-]{subsection.7.1.1}{Short-term Risk Management: Politics, Macroeconomics, Fundamental Analysis}{section.7.1}% 83
\BOOKMARK [2][-]{subsection.7.1.2}{Mid-term Risk Management: Technical Analysis, Sensitivity Analysis}{section.7.1}% 84
\BOOKMARK [2][-]{subsection.7.1.3}{Short-term Risk Management}{section.7.1}% 85
\BOOKMARK [1][-]{section.7.2}{Option Greeks}{chapter.7}% 86
\BOOKMARK [2][-]{subsection.7.2.1}{Delta}{section.7.2}% 87
\BOOKMARK [2][-]{subsection.7.2.2}{Gamma}{section.7.2}% 88
\BOOKMARK [2][-]{subsection.7.2.3}{Vega}{section.7.2}% 89
\BOOKMARK [2][-]{subsection.7.2.4}{Theta}{section.7.2}% 90
\BOOKMARK [2][-]{subsection.7.2.5}{Hedging}{section.7.2}% 91
\BOOKMARK [1][-]{section.7.3}{Correlation and Skew}{chapter.7}% 92
\BOOKMARK [2][-]{subsection.7.3.1}{Implied Volatility Surface}{section.7.3}% 93
\BOOKMARK [2][-]{subsection.7.3.2}{Correlation}{section.7.3}% 94
\BOOKMARK [2][-]{subsection.7.3.3}{Skew}{section.7.3}% 95
\BOOKMARK [1][-]{section.7.4}{Term Structure, Duration, and Convexity}{chapter.7}% 96
\BOOKMARK [2][-]{subsection.7.4.1}{Term Structure of Interest Rate}{section.7.4}% 97
\BOOKMARK [2][-]{subsection.7.4.2}{Duration}{section.7.4}% 98
\BOOKMARK [2][-]{subsection.7.4.3}{Convexity}{section.7.4}% 99
\BOOKMARK [-1][-]{part.2}{II Mathematics and Physics}{}% 100
\BOOKMARK [0][-]{chapter.8}{Calculus}{part.2}% 101
\BOOKMARK [1][-]{section.8.1}{Convergence Tests}{chapter.8}% 102
\BOOKMARK [0][-]{chapter.9}{Advanced Calculus}{part.2}% 103
\BOOKMARK [1][-]{section.9.1}{liminf and limsup}{chapter.9}% 104
\BOOKMARK [1][-]{section.9.2}{Lines in Rn}{chapter.9}% 105
\BOOKMARK [1][-]{section.9.3}{Hyperplanes in Rn}{chapter.9}% 106
\BOOKMARK [1][-]{section.9.4}{The Real and Complex Number Systems}{chapter.9}% 107
\BOOKMARK [2][-]{subsection.9.4.1}{Definitions}{section.9.4}% 108
\BOOKMARK [1][-]{section.9.5}{Basic Topology}{chapter.9}% 109
\BOOKMARK [1][-]{section.9.6}{Finite, Countable, and Uncountable Sets}{chapter.9}% 110
\BOOKMARK [2][-]{subsection.9.6.1}{Definitions}{section.9.6}% 111
\BOOKMARK [2][-]{subsection.9.6.2}{Theorems}{section.9.6}% 112
\BOOKMARK [1][-]{section.9.7}{Metric Spaces}{chapter.9}% 113
\BOOKMARK [2][-]{subsection.9.7.1}{Definitions}{section.9.7}% 114
\BOOKMARK [2][-]{subsection.9.7.2}{Theorems}{section.9.7}% 115
\BOOKMARK [1][-]{section.9.8}{Compact Sets}{chapter.9}% 116
\BOOKMARK [2][-]{subsection.9.8.1}{Definitions}{section.9.8}% 117
\BOOKMARK [2][-]{subsection.9.8.2}{Theorems}{section.9.8}% 118
\BOOKMARK [1][-]{section.9.9}{Perfect Sets}{chapter.9}% 119
\BOOKMARK [2][-]{subsection.9.9.1}{Theorems}{section.9.9}% 120
\BOOKMARK [1][-]{section.9.10}{Connected Sets}{chapter.9}% 121
\BOOKMARK [2][-]{subsection.9.10.1}{Definitions}{section.9.10}% 122
\BOOKMARK [2][-]{subsection.9.10.2}{Theorems}{section.9.10}% 123
\BOOKMARK [1][-]{section.9.11}{Numerical Sequences and Series}{chapter.9}% 124
\BOOKMARK [1][-]{section.9.12}{Convergent Sequences}{chapter.9}% 125
\BOOKMARK [2][-]{subsection.9.12.1}{Definitions}{section.9.12}% 126
\BOOKMARK [2][-]{subsection.9.12.2}{Thorems}{section.9.12}% 127
\BOOKMARK [1][-]{section.9.13}{Subsequences}{chapter.9}% 128
\BOOKMARK [2][-]{subsection.9.13.1}{Definitions}{section.9.13}% 129
\BOOKMARK [2][-]{subsection.9.13.2}{Theorems}{section.9.13}% 130
\BOOKMARK [1][-]{section.9.14}{Cauchy Sequences}{chapter.9}% 131
\BOOKMARK [2][-]{subsection.9.14.1}{Definitions}{section.9.14}% 132
\BOOKMARK [2][-]{subsection.9.14.2}{Theorems}{section.9.14}% 133
\BOOKMARK [1][-]{section.9.15}{Upper and Lower Limits}{chapter.9}% 134
\BOOKMARK [2][-]{subsection.9.15.1}{Definitions}{section.9.15}% 135
\BOOKMARK [2][-]{subsection.9.15.2}{Theorems}{section.9.15}% 136
\BOOKMARK [1][-]{section.9.16}{Some Special Sequences}{chapter.9}% 137
\BOOKMARK [2][-]{subsection.9.16.1}{Theorems}{section.9.16}% 138
\BOOKMARK [1][-]{section.9.17}{Series}{chapter.9}% 139
\BOOKMARK [2][-]{subsection.9.17.1}{Definitions}{section.9.17}% 140
\BOOKMARK [2][-]{subsection.9.17.2}{Theorems}{section.9.17}% 141
\BOOKMARK [1][-]{section.9.18}{Series of Nonnegative Terms}{chapter.9}% 142
\BOOKMARK [2][-]{subsection.9.18.1}{Theorems}{section.9.18}% 143
\BOOKMARK [1][-]{section.9.19}{The Number e}{chapter.9}% 144
\BOOKMARK [2][-]{subsection.9.19.1}{Definitions}{section.9.19}% 145
\BOOKMARK [2][-]{subsection.9.19.2}{Theorems}{section.9.19}% 146
\BOOKMARK [1][-]{section.9.20}{The Root and Ratio Tests}{chapter.9}% 147
\BOOKMARK [2][-]{subsection.9.20.1}{Theorems}{section.9.20}% 148
\BOOKMARK [1][-]{section.9.21}{Power Series}{chapter.9}% 149
\BOOKMARK [2][-]{subsection.9.21.1}{Definitions}{section.9.21}% 150
\BOOKMARK [2][-]{subsection.9.21.2}{Theorems}{section.9.21}% 151
\BOOKMARK [1][-]{section.9.22}{Summation by Parts}{chapter.9}% 152
\BOOKMARK [2][-]{subsection.9.22.1}{Theorems}{section.9.22}% 153
\BOOKMARK [1][-]{section.9.23}{Absolute Convergence}{chapter.9}% 154
\BOOKMARK [2][-]{subsection.9.23.1}{Definitions}{section.9.23}% 155
\BOOKMARK [2][-]{subsection.9.23.2}{Theorems}{section.9.23}% 156
\BOOKMARK [1][-]{section.9.24}{Addition and Multiplication of Series}{chapter.9}% 157
\BOOKMARK [2][-]{subsection.9.24.1}{Definitions}{section.9.24}% 158
\BOOKMARK [2][-]{subsection.9.24.2}{Theorems}{section.9.24}% 159
\BOOKMARK [1][-]{section.9.25}{Rearrangements}{chapter.9}% 160
\BOOKMARK [2][-]{subsection.9.25.1}{Definitions}{section.9.25}% 161
\BOOKMARK [2][-]{subsection.9.25.2}{Theorems}{section.9.25}% 162
\BOOKMARK [1][-]{section.9.26}{Continuity}{chapter.9}% 163
\BOOKMARK [1][-]{section.9.27}{Limits of Functions}{chapter.9}% 164
\BOOKMARK [2][-]{subsection.9.27.1}{Definitions}{section.9.27}% 165
\BOOKMARK [2][-]{subsection.9.27.2}{Theorems}{section.9.27}% 166
\BOOKMARK [1][-]{section.9.28}{Continuous Functions}{chapter.9}% 167
\BOOKMARK [2][-]{subsection.9.28.1}{Definitions}{section.9.28}% 168
\BOOKMARK [2][-]{subsection.9.28.2}{Theorems}{section.9.28}% 169
\BOOKMARK [1][-]{section.9.29}{Continuity and Compactness}{chapter.9}% 170
\BOOKMARK [2][-]{subsection.9.29.1}{Definitions}{section.9.29}% 171
\BOOKMARK [2][-]{subsection.9.29.2}{Theorems}{section.9.29}% 172
\BOOKMARK [1][-]{section.9.30}{Continuity and Connectedness}{chapter.9}% 173
\BOOKMARK [2][-]{subsection.9.30.1}{Theorems}{section.9.30}% 174
\BOOKMARK [1][-]{section.9.31}{Discontinuities}{chapter.9}% 175
\BOOKMARK [2][-]{subsection.9.31.1}{Definitions}{section.9.31}% 176
\BOOKMARK [1][-]{section.9.32}{Monotonic Functions}{chapter.9}% 177
\BOOKMARK [2][-]{subsection.9.32.1}{Definitions}{section.9.32}% 178
\BOOKMARK [2][-]{subsection.9.32.2}{Theorems}{section.9.32}% 179
\BOOKMARK [1][-]{section.9.33}{Infinite Limits and Limits at Infinity}{chapter.9}% 180
\BOOKMARK [2][-]{subsection.9.33.1}{Definitions}{section.9.33}% 181
\BOOKMARK [2][-]{subsection.9.33.2}{Theorems}{section.9.33}% 182
\BOOKMARK [1][-]{section.9.34}{Differentiation}{chapter.9}% 183
\BOOKMARK [1][-]{section.9.35}{The Derivative of a Real Function}{chapter.9}% 184
\BOOKMARK [2][-]{subsection.9.35.1}{Definitions}{section.9.35}% 185
\BOOKMARK [2][-]{subsection.9.35.2}{Theorems}{section.9.35}% 186
\BOOKMARK [1][-]{section.9.36}{Mean Value Theorems}{chapter.9}% 187
\BOOKMARK [2][-]{subsection.9.36.1}{Definitions}{section.9.36}% 188
\BOOKMARK [2][-]{subsection.9.36.2}{Theorems}{section.9.36}% 189
\BOOKMARK [1][-]{section.9.37}{The Continuity of Derivatives}{chapter.9}% 190
\BOOKMARK [2][-]{subsection.9.37.1}{Theorems}{section.9.37}% 191
\BOOKMARK [1][-]{section.9.38}{L'Hospital's Rule}{chapter.9}% 192
\BOOKMARK [2][-]{subsection.9.38.1}{Theorems}{section.9.38}% 193
\BOOKMARK [1][-]{section.9.39}{Derivatives of Higher Order}{chapter.9}% 194
\BOOKMARK [2][-]{subsection.9.39.1}{Definitions}{section.9.39}% 195
\BOOKMARK [1][-]{section.9.40}{Taylor's Theorem}{chapter.9}% 196
\BOOKMARK [2][-]{subsection.9.40.1}{Theorems}{section.9.40}% 197
\BOOKMARK [1][-]{section.9.41}{Differentiation of Vector-valued Functions}{chapter.9}% 198
\BOOKMARK [2][-]{subsection.9.41.1}{Theorems}{section.9.41}% 199
\BOOKMARK [1][-]{section.9.42}{The Riemann-Stieltjes Integral}{chapter.9}% 200
\BOOKMARK [1][-]{section.9.43}{Definition and Existence of the Integral}{chapter.9}% 201
\BOOKMARK [2][-]{subsection.9.43.1}{Definitions}{section.9.43}% 202
\BOOKMARK [2][-]{subsection.9.43.2}{Theorems}{section.9.43}% 203
\BOOKMARK [1][-]{section.9.44}{Properties of the Integral}{chapter.9}% 204
\BOOKMARK [2][-]{subsection.9.44.1}{Definitions}{section.9.44}% 205
\BOOKMARK [2][-]{subsection.9.44.2}{Theorems}{section.9.44}% 206
\BOOKMARK [1][-]{section.9.45}{Integration and Differentiation}{chapter.9}% 207
\BOOKMARK [2][-]{subsection.9.45.1}{Theorems}{section.9.45}% 208
\BOOKMARK [1][-]{section.9.46}{Sequences and Series of Functions}{chapter.9}% 209
\BOOKMARK [1][-]{section.9.47}{Discussion of Main Problem}{chapter.9}% 210
\BOOKMARK [2][-]{subsection.9.47.1}{Definitions}{section.9.47}% 211
\BOOKMARK [1][-]{section.9.48}{Uniform Convergence}{chapter.9}% 212
\BOOKMARK [2][-]{subsection.9.48.1}{Definitions}{section.9.48}% 213
\BOOKMARK [2][-]{subsection.9.48.2}{Theorems}{section.9.48}% 214
\BOOKMARK [1][-]{section.9.49}{Uniform Convergence and Continuity}{chapter.9}% 215
\BOOKMARK [2][-]{subsection.9.49.1}{Definitions}{section.9.49}% 216
\BOOKMARK [2][-]{subsection.9.49.2}{Theorems}{section.9.49}% 217
\BOOKMARK [1][-]{section.9.50}{Uniform Convergence and Integration}{chapter.9}% 218
\BOOKMARK [2][-]{subsection.9.50.1}{Theorems}{section.9.50}% 219
\BOOKMARK [1][-]{section.9.51}{Uniform Convergence and Differentiation}{chapter.9}% 220
\BOOKMARK [2][-]{subsection.9.51.1}{Theorems}{section.9.51}% 221
\BOOKMARK [1][-]{section.9.52}{Equicontinuous Families of Functions}{chapter.9}% 222
\BOOKMARK [2][-]{subsection.9.52.1}{Definitions}{section.9.52}% 223
\BOOKMARK [2][-]{subsection.9.52.2}{Theorems}{section.9.52}% 224
\BOOKMARK [1][-]{section.9.53}{The Stone-Weierstrass Theorem}{chapter.9}% 225
\BOOKMARK [2][-]{subsection.9.53.1}{Theorems}{section.9.53}% 226
\BOOKMARK [1][-]{section.9.54}{Some Special Functions}{chapter.9}% 227
\BOOKMARK [1][-]{section.9.55}{Functions of Several Variables}{chapter.9}% 228
\BOOKMARK [1][-]{section.9.56}{The Contraction Principle}{chapter.9}% 229
\BOOKMARK [2][-]{subsection.9.56.1}{Definitions}{section.9.56}% 230
\BOOKMARK [2][-]{subsection.9.56.2}{Theorems}{section.9.56}% 231
\BOOKMARK [1][-]{section.9.57}{Exercises}{chapter.9}% 232
\BOOKMARK [2][-]{subsection.9.57.1}{Concept Questions}{section.9.57}% 233
\BOOKMARK [0][-]{chapter.10}{Real Analysis}{part.2}% 234
\BOOKMARK [1][-]{section.10.1}{Introduction}{chapter.10}% 235
\BOOKMARK [1][-]{section.10.2}{Set Theory}{chapter.10}% 236
\BOOKMARK [1][-]{section.10.3}{Point Topology}{chapter.10}% 237
\BOOKMARK [1][-]{section.10.4}{Real Number System}{chapter.10}% 238
\BOOKMARK [1][-]{section.10.5}{Measure Theory}{chapter.10}% 239
\BOOKMARK [1][-]{section.10.6}{Measurable Sets and Measurable Functions}{chapter.10}% 240
\BOOKMARK [1][-]{section.10.7}{Lebesgue Integration}{chapter.10}% 241
\BOOKMARK [1][-]{section.10.8}{Preface}{chapter.10}% 242
\BOOKMARK [1][-]{section.10.9}{Preliminaries}{chapter.10}% 243
\BOOKMARK [0][-]{chapter.11}{Linear Algebra}{part.2}% 244
\BOOKMARK [1][-]{section.11.1}{Vector Space}{chapter.11}% 245
\BOOKMARK [1][-]{section.11.2}{Subspaces}{chapter.11}% 246
\BOOKMARK [2][-]{subsection.11.2.1}{Four Important Subspaces: the row, column, null, and left null space}{section.11.2}% 247
\BOOKMARK [1][-]{section.11.3}{Bases and Dimension}{chapter.11}% 248
\BOOKMARK [1][-]{section.11.4}{Coordinates}{chapter.11}% 249
\BOOKMARK [1][-]{section.11.5}{Linear Forms: One Vector as Argument}{chapter.11}% 250
\BOOKMARK [1][-]{section.11.6}{Bilinear and Quadratic Forms: Two Vectors as Argument}{chapter.11}% 251
\BOOKMARK [1][-]{section.11.7}{Jordan Canoical Forms}{chapter.11}% 252
\BOOKMARK [1][-]{section.11.8}{Eigenvalues and Eigenvectors}{chapter.11}% 253
\BOOKMARK [1][-]{section.11.9}{Definitions}{chapter.11}% 254
\BOOKMARK [1][-]{section.11.10}{Vector Calculus}{chapter.11}% 255
\BOOKMARK [1][-]{section.11.11}{Inner Product \(Dot Product\)}{chapter.11}% 256
\BOOKMARK [1][-]{section.11.12}{Outer Product}{chapter.11}% 257
\BOOKMARK [1][-]{section.11.13}{Cross Product}{chapter.11}% 258
\BOOKMARK [1][-]{section.11.14}{Scalar Triple Product}{chapter.11}% 259
\BOOKMARK [1][-]{section.11.15}{Vector Triple Product}{chapter.11}% 260
\BOOKMARK [1][-]{section.11.16}{Line, Surface, and Volume Integrals}{chapter.11}% 261
\BOOKMARK [1][-]{section.11.17}{Integration of Vectors and Matrices}{chapter.11}% 262
\BOOKMARK [1][-]{section.11.18}{Matrix Calculus}{chapter.11}% 263
\BOOKMARK [1][-]{section.11.19}{Matrix Determinant}{chapter.11}% 264
\BOOKMARK [1][-]{section.11.20}{Kronecker Product and Vec}{chapter.11}% 265
\BOOKMARK [1][-]{section.11.21}{Hadamard Product and Diag}{chapter.11}% 266
\BOOKMARK [1][-]{section.11.22}{Matrix Exponential}{chapter.11}% 267
\BOOKMARK [1][-]{section.11.23}{Vector and Matrix Derivatives}{chapter.11}% 268
\BOOKMARK [1][-]{section.11.24}{Differentials}{chapter.11}% 269
\BOOKMARK [1][-]{section.11.25}{Vector-by-vector Derivatives}{chapter.11}% 270
\BOOKMARK [1][-]{section.11.26}{Derivatives of Vectors and Matrices}{chapter.11}% 271
\BOOKMARK [2][-]{subsection.11.26.1}{Derivatives of a Vector or Matrix with Respect to a Scalar}{section.11.26}% 272
\BOOKMARK [1][-]{section.11.27}{Vector and Matrix Integrals}{chapter.11}% 273
\BOOKMARK [1][-]{section.11.28}{Some Intuitive Explanations}{chapter.11}% 274
\BOOKMARK [1][-]{section.11.29}{Eigenvalues and Singular Values}{chapter.11}% 275
\BOOKMARK [1][-]{section.11.30}{SVD, PCA, and Change of Basis}{chapter.11}% 276
\BOOKMARK [1][-]{section.11.31}{Special Square Matrices}{chapter.11}% 277
\BOOKMARK [1][-]{section.11.32}{Elementary Matrices}{chapter.11}% 278
\BOOKMARK [1][-]{section.11.33}{Permutation Matrices}{chapter.11}% 279
\BOOKMARK [1][-]{section.11.34}{Symmetric Matrices}{chapter.11}% 280
\BOOKMARK [1][-]{section.11.35}{Projection Matrices}{chapter.11}% 281
\BOOKMARK [1][-]{section.11.36}{Normal Matrix}{chapter.11}% 282
\BOOKMARK [1][-]{section.11.37}{Orthogonal Matrices}{chapter.11}% 283
\BOOKMARK [1][-]{section.11.38}{Positive Definite Matrices}{chapter.11}% 284
\BOOKMARK [1][-]{section.11.39}{Numerical Linear Algebra Algorithms}{chapter.11}% 285
\BOOKMARK [1][-]{section.11.40}{Matrix Inverse: Binomial inverse theorem, Schur Complement, Blockwise Inversion}{chapter.11}% 286
\BOOKMARK [1][-]{section.11.41}{The Ax=b Problem}{chapter.11}% 287
\BOOKMARK [1][-]{section.11.42}{Solving a Linear System of Equations}{chapter.11}% 288
\BOOKMARK [1][-]{section.11.43}{The Vector Spaces of a Matrix}{chapter.11}% 289
\BOOKMARK [1][-]{section.11.44}{The Ax=x Problem}{chapter.11}% 290
\BOOKMARK [1][-]{section.11.45}{Matrix Decomposition}{chapter.11}% 291
\BOOKMARK [1][-]{section.11.46}{Decomposition related to solving Ax= b}{chapter.11}% 292
\BOOKMARK [2][-]{subsection.11.46.1}{LU Decomposition: Schur Complement}{section.11.46}% 293
\BOOKMARK [2][-]{subsection.11.46.2}{LDU Decomposition}{section.11.46}% 294
\BOOKMARK [2][-]{subsection.11.46.3}{Rank Decomposition}{section.11.46}% 295
\BOOKMARK [2][-]{subsection.11.46.4}{Cholesky Decomposition}{section.11.46}% 296
\BOOKMARK [2][-]{subsection.11.46.5}{QR Decomposition: Givens Rotation, Householder Transformation}{section.11.46}% 297
\BOOKMARK [1][-]{section.11.47}{Decomposition related to solving Ax= x}{chapter.11}% 298
\BOOKMARK [2][-]{subsection.11.47.1}{Eigendecomposition}{section.11.47}% 299
\BOOKMARK [2][-]{subsection.11.47.2}{Jordan Decomposition}{section.11.47}% 300
\BOOKMARK [2][-]{subsection.11.47.3}{Schur Decomposition}{section.11.47}% 301
\BOOKMARK [2][-]{subsection.11.47.4}{Singular Value Decomposition \(SVD\)}{section.11.47}% 302
\BOOKMARK [2][-]{subsection.11.47.5}{QZ Decomposition}{section.11.47}% 303
\BOOKMARK [1][-]{section.11.48}{Other Decompositions}{chapter.11}% 304
\BOOKMARK [2][-]{subsection.11.48.1}{Polar Decomposition}{section.11.48}% 305
\BOOKMARK [1][-]{section.11.49}{Minors and Cofactors}{chapter.11}% 306
\BOOKMARK [1][-]{section.11.50}{Definition}{chapter.11}% 307
\BOOKMARK [1][-]{section.11.51}{The Cramer's Rule and the Adjugate Matrix}{chapter.11}% 308
\BOOKMARK [1][-]{section.11.52}{Integers and Equivalence Relations}{chapter.11}% 309
\BOOKMARK [-1][-]{part.3}{III Statistics and Machine Learning}{}% 310
\BOOKMARK [0][-]{section.11.53}{Statistics Preface}{part.3}% 311
\BOOKMARK [1][-]{section.11.54}{Collecting Data: Experiments and Surveys}{section.11.53}% 312
\BOOKMARK [1][-]{section.11.55}{Design of Experiments}{section.11.53}% 313
\BOOKMARK [1][-]{section.11.56}{Statistical Survey}{section.11.53}% 314
\BOOKMARK [1][-]{section.11.57}{Opinion Poll}{section.11.53}% 315
\BOOKMARK [1][-]{section.11.58}{Sampling}{section.11.53}% 316
\BOOKMARK [2][-]{subsection.11.58.1}{Sampling Distribution}{section.11.58}% 317
\BOOKMARK [2][-]{subsection.11.58.2}{Sampling: Stratified Sampling, Quota Sampling}{section.11.58}% 318
\BOOKMARK [2][-]{subsection.11.58.3}{Biased Sample: Spectrum Bias, Survivorship Bias}{section.11.58}% 319
\BOOKMARK [1][-]{section.11.59}{Describing Data}{section.11.53}% 320
\BOOKMARK [1][-]{section.11.60}{Average: Mean, Median, and Mode}{section.11.53}% 321
\BOOKMARK [1][-]{section.11.61}{Measures of Scale: Variance, Standard Deviation, Geometric Standard Deviation, and Median Absolute Deviation}{section.11.53}% 322
\BOOKMARK [1][-]{section.11.62}{Correlation and Dependence}{section.11.53}% 323
\BOOKMARK [1][-]{section.11.63}{Outlier}{section.11.53}% 324
\BOOKMARK [1][-]{section.11.64}{Statistical Graphics: Histogram, Frequency Distribution, Quantile, Survival Function, and Failure Rate}{section.11.53}% 325
\BOOKMARK [1][-]{section.11.65}{Filtering Data}{section.11.53}% 326
\BOOKMARK [1][-]{section.11.66}{Recursive Bayesian Estimation}{section.11.53}% 327
\BOOKMARK [2][-]{subsection.11.66.1}{Kalman Filter}{section.11.66}% 328
\BOOKMARK [2][-]{subsection.11.66.2}{Particle Filter}{section.11.66}% 329
\BOOKMARK [1][-]{section.11.67}{Moving Average}{section.11.53}% 330
\BOOKMARK [1][-]{section.11.68}{Linear Regression Models}{section.11.53}% 331
\BOOKMARK [1][-]{section.11.69}{Introduction}{section.11.53}% 332
\BOOKMARK [1][-]{section.11.70}{Simple Linear Regression}{section.11.53}% 333
\BOOKMARK [2][-]{subsection.11.70.1}{Model}{section.11.70}% 334
\BOOKMARK [2][-]{subsection.11.70.2}{Estimated Regression Function}{section.11.70}% 335
\BOOKMARK [2][-]{subsection.11.70.3}{Inference About b1 and b0}{section.11.70}% 336
\BOOKMARK [2][-]{subsection.11.70.4}{Properties of ki}{section.11.70}% 337
\BOOKMARK [2][-]{subsection.11.70.5}{Properties of ei}{section.11.70}% 338
\BOOKMARK [2][-]{subsection.11.70.6}{Properties of b1 and b0}{section.11.70}% 339
\BOOKMARK [2][-]{subsection.11.70.7}{ANOVA of Simple Linear Regression Model}{section.11.70}% 340
\BOOKMARK [1][-]{section.11.71}{Generalized Linear Regression Models}{section.11.53}% 341
\BOOKMARK [1][-]{section.11.72}{Survival Analysis}{section.11.53}% 342
\BOOKMARK [1][-]{section.11.73}{Analysis of Variance \(ANOVA\)}{section.11.53}% 343
\BOOKMARK [1][-]{section.11.74}{Multivariate Analysis}{section.11.53}% 344
\BOOKMARK [1][-]{section.11.75}{Principal Component Analysis \(PCA\)}{section.11.53}% 345
\BOOKMARK [1][-]{section.11.76}{Factor Analysis}{section.11.53}% 346
\BOOKMARK [1][-]{section.11.77}{Cluster Analysis}{section.11.53}% 347
\BOOKMARK [1][-]{section.11.78}{Discriminant Analysis}{section.11.53}% 348
\BOOKMARK [1][-]{section.11.79}{Correspondence Analysis}{section.11.53}% 349
\BOOKMARK [1][-]{section.11.80}{Canonical Correlation Analysis \(CCA\)}{section.11.53}% 350
\BOOKMARK [1][-]{section.11.81}{Multidimensional Scaling \(MDS\)}{section.11.53}% 351
\BOOKMARK [1][-]{section.11.82}{Modeling Sample Data}{section.11.53}% 352
\BOOKMARK [1][-]{section.11.83}{Density Estimation}{section.11.53}% 353
\BOOKMARK [2][-]{subsection.11.83.1}{Kernel Density Estimation}{section.11.83}% 354
\BOOKMARK [2][-]{subsection.11.83.2}{Multivariate Kernel Density Estimation}{section.11.83}% 355
\BOOKMARK [1][-]{section.11.84}{Time Series}{section.11.53}% 356
\BOOKMARK [1][-]{section.11.85}{Robust Statistics}{section.11.53}% 357
\BOOKMARK [1][-]{section.11.86}{Modeling Population Data: Statistical Inference}{section.11.53}% 358
\BOOKMARK [1][-]{section.11.87}{Bayesian Inference}{section.11.53}% 359
\BOOKMARK [2][-]{subsection.11.87.1}{Bayes' theorem, Bayes Estimator, Prior Distribution, Posterior Distribution, Conjugate Prior, and All That}{section.11.87}% 360
\BOOKMARK [1][-]{section.11.88}{Frequentist Inference}{section.11.53}% 361
\BOOKMARK [2][-]{subsection.11.88.1}{Statistical Hypothesis Testing: Null, Alternative, P-value, Significance level, power, likelihood-ratio test, goodness-of-fit, confidence interval, M-estimator, Trimmed Estimator}{section.11.88}% 362
\BOOKMARK [1][-]{section.11.89}{Non-parametric Statistics}{section.11.53}% 363
\BOOKMARK [2][-]{subsection.11.89.1}{Nonparametric Regression, Kernel Methods}{section.11.89}% 364
\BOOKMARK [1][-]{section.11.90}{Making Decisions: Decision Theory}{section.11.53}% 365
\BOOKMARK [1][-]{section.11.91}{Optimal Decision, Type I and Type II errors}{section.11.53}% 366
\BOOKMARK [1][-]{section.11.92}{Correlation and Causation}{section.11.53}% 367
\BOOKMARK [1][-]{section.11.93}{Theory of Linear Models}{section.11.53}% 368
\BOOKMARK [1][-]{section.11.94}{Linear Models, Estimable Functions, Least Squares Estimates=LSE, Normal Equations, Projections, Gauss Markov theorem, BLUE}{section.11.53}% 369
\BOOKMARK [1][-]{section.11.95}{Multivariate Normal Distribution and Distribution of Linear and Quadratic Forms}{section.11.53}% 370
\BOOKMARK [1][-]{section.11.96}{Properties of LSE and Generalized LSE}{section.11.53}% 371
\BOOKMARK [1][-]{section.11.97}{General Linear Hypothesis=GLH, Testing of GLH}{section.11.53}% 372
\BOOKMARK [1][-]{section.11.98}{Orthogonalization of Design Matrix and Canonical Reduction of GLH; Adding Variables To The Model}{section.11.53}% 373
\BOOKMARK [1][-]{section.11.99}{Correlation, Multiple Correlation and Partial Correlation}{section.11.53}% 374
\BOOKMARK [1][-]{section.11.100}{Confidence Regions and Prediction Regions}{section.11.53}% 375
\BOOKMARK [1][-]{section.11.101}{Simultaneous Confidence Sets, Bonferroni, Scheffe Projection Method, Tukey Studentized Range}{section.11.53}% 376
\BOOKMARK [1][-]{section.11.102}{Introduction to Design of Experiments, ANOVA and ANOCOVA, Factorial and Block Designs, Random, Fixed and Mixed Models, Components of Variance}{section.11.53}% 377
\BOOKMARK [1][-]{section.11.103}{Hierarchial Bayes Analysis of Variance; \(Schervish Ch. 8, 8.1,8.2\) Partial Exchangeability and Hierarchical, Models, Examples and Representations, Normal One Way ANOVA and Two Way Mixed Model ANOVA}{section.11.53}% 378
\BOOKMARK [1][-]{section.11.104}{Mathematical Statistics}{section.11.53}% 379
\BOOKMARK [1][-]{section.11.105}{Degrees of Freedom}{section.11.53}% 380
\BOOKMARK [1][-]{section.11.106}{sufficient, complete, and etc.}{section.11.53}% 381
\BOOKMARK [1][-]{section.11.107}{Likelihood Function}{section.11.53}% 382
\BOOKMARK [1][-]{section.11.108}{Exponential Family}{section.11.53}% 383
\BOOKMARK [1][-]{section.11.109}{Cramer-Rao Theorem}{section.11.53}% 384
\BOOKMARK [1][-]{section.11.110}{Data, Models, Statistics, Parameters}{section.11.53}% 385
\BOOKMARK [1][-]{section.11.111}{Distributions of Functions of a Random Variable}{section.11.53}% 386
\BOOKMARK [1][-]{section.11.112}{Decision Theory \(Bayes and Minimax Criteria, Risk Functions, Estimation and Testing in Terms of the Decision Theoretic Framework}{section.11.53}% 387
\BOOKMARK [1][-]{section.11.113}{Bayesian Models, Conjugate \(and Other\) Prior Distributions}{section.11.53}% 388
\BOOKMARK [1][-]{section.11.114}{Prediction \(Optimal MSPE and Optimal Linear MSPE\)}{section.11.53}% 389
\BOOKMARK [1][-]{section.11.115}{Sufficiency \(Factorization theorem\)}{section.11.53}% 390
\BOOKMARK [1][-]{section.11.116}{Natural Sufficient Statistics}{section.11.53}% 391
\BOOKMARK [1][-]{section.11.117}{Minimal Sufficiency}{section.11.53}% 392
\BOOKMARK [1][-]{section.11.118}{Estimation \(Least Squares, MLE, Frequency Plug-in, Method of Moments, Combinations of These\)}{section.11.53}% 393
\BOOKMARK [1][-]{section.11.119}{Exponential Families \046 Properties, Canonical Exponential Families \(\046 Fisher Information\)}{section.11.53}% 394
\BOOKMARK [1][-]{section.11.120}{Information Inequality, Fisher Information, UMVU Estimates, Cramer-Rao Lower Bound}{section.11.53}% 395
\BOOKMARK [1][-]{section.11.121}{Neyman-Pearson Testing Theory \(Form, MP Test, UMP Test, MLR Family, Likelihood Ratio Tests\)}{section.11.53}% 396
\BOOKMARK [1][-]{section.11.122}{Asymptotic Approximation / Large Sample Theory \(Consistency, Delta Method, Asymptotic Normality of MLE, Slutsky's theorem, Efficiency, Pearson's Chi-Square\)}{section.11.53}% 397
\BOOKMARK [1][-]{section.11.123}{Selected Topics}{section.11.53}% 398
\BOOKMARK [1][-]{section.11.124}{M-estimator}{section.11.53}% 399
\BOOKMARK [1][-]{section.11.125}{Sweep Operator}{section.11.53}% 400
\BOOKMARK [1][-]{section.11.126}{Information Geometry}{section.11.53}% 401
\BOOKMARK [1][-]{section.11.127}{Boostrap}{section.11.53}% 402
\BOOKMARK [1][-]{section.11.128}{Probability Preface}{section.11.53}% 403
\BOOKMARK [1][-]{section.11.129}{Elementary Theory of Probability}{section.11.53}% 404
\BOOKMARK [1][-]{section.11.130}{Combinatorial Analysis}{section.11.53}% 405
\BOOKMARK [1][-]{section.11.131}{Axioms}{section.11.53}% 406
\BOOKMARK [1][-]{section.11.132}{Binomial Coefficient and Its Applications}{section.11.53}% 407
\BOOKMARK [2][-]{subsection.11.132.1}{Binomial Coefficient}{section.11.132}% 408
\BOOKMARK [2][-]{subsection.11.132.2}{Bernoulli Distribution}{section.11.132}% 409
\BOOKMARK [2][-]{subsection.11.132.3}{The i.i.d. Case: Binomial Distribution}{section.11.132}% 410
\BOOKMARK [2][-]{subsection.11.132.4}{The Batch Mode Case: Hypergeometric Distribution}{section.11.132}% 411
\BOOKMARK [1][-]{section.11.133}{Multinomial Coefficient and Its Applications}{section.11.53}% 412
\BOOKMARK [2][-]{subsection.11.133.1}{Multinomial Coefficient}{section.11.133}% 413
\BOOKMARK [1][-]{section.11.134}{Categorical Distribution}{section.11.53}% 414
\BOOKMARK [1][-]{section.11.135}{Multinomial Distribution}{section.11.53}% 415
\BOOKMARK [1][-]{section.11.136}{Multiset Coefficient and Its Applications}{section.11.53}% 416
\BOOKMARK [2][-]{subsection.11.136.1}{Multiset Coefficient}{section.11.136}% 417
\BOOKMARK [1][-]{section.11.137}{Selected Topics}{section.11.53}% 418
\BOOKMARK [2][-]{subsection.11.137.1}{Double Factorial}{section.11.137}% 419
\BOOKMARK [2][-]{subsection.11.137.2}{Stirling Numbers}{section.11.137}% 420
\BOOKMARK [1][-]{section.11.138}{The Bertrand's Ballot prob}{section.11.53}% 421
\BOOKMARK [1][-]{section.11.139}{Catalan Number}{section.11.53}% 422
\BOOKMARK [1][-]{section.11.140}{Conditional Probability}{section.11.53}% 423
\BOOKMARK [1][-]{section.11.141}{Conditional Probability}{section.11.53}% 424
\BOOKMARK [1][-]{section.11.142}{Conditional Expectation}{section.11.53}% 425
\BOOKMARK [1][-]{section.11.143}{Conditional Independence}{section.11.53}% 426
\BOOKMARK [1][-]{section.11.144}{Probaility Space}{section.11.53}% 427
\BOOKMARK [1][-]{section.11.145}{Sample Space, Events, and Probability}{section.11.53}% 428
\BOOKMARK [1][-]{section.11.146}{Probability Axioms}{section.11.53}% 429
\BOOKMARK [2][-]{subsection.11.146.1}{Law of Total Probability}{section.11.146}% 430
\BOOKMARK [2][-]{subsection.11.146.2}{Law of Total Variance}{section.11.146}% 431
\BOOKMARK [2][-]{subsection.11.146.3}{Law of Total Covariance}{section.11.146}% 432
\BOOKMARK [2][-]{subsection.11.146.4}{Law of Total Expectation}{section.11.146}% 433
\BOOKMARK [2][-]{subsection.11.146.5}{Law of Total Cumulance}{section.11.146}% 434
\BOOKMARK [2][-]{subsection.11.146.6}{Probability Inequalities}{section.11.146}% 435
\BOOKMARK [1][-]{section.11.147}{Types of Probabilities: Frequentism and Bayesian}{section.11.53}% 436
\BOOKMARK [1][-]{section.11.148}{Random Variables}{section.11.53}% 437
\BOOKMARK [1][-]{section.11.149}{Continuous Random Variables}{section.11.53}% 438
\BOOKMARK [1][-]{section.11.150}{Discrete Random Variables}{section.11.53}% 439
\BOOKMARK [1][-]{section.11.151}{Joint Distributed Random Variables}{section.11.53}% 440
\BOOKMARK [1][-]{section.11.152}{Random Vectors/Matrices}{section.11.53}% 441
\BOOKMARK [1][-]{section.11.153}{Function of Random Variables}{section.11.53}% 442
\BOOKMARK [2][-]{subsection.11.153.1}{Transformation}{section.11.153}% 443
\BOOKMARK [2][-]{subsection.11.153.2}{Convolutions: Sum of Normally Distributed Random Variables}{section.11.153}% 444
\BOOKMARK [2][-]{subsection.11.153.3}{Product Distribution}{section.11.153}% 445
\BOOKMARK [2][-]{subsection.11.153.4}{Ratio Distribution}{section.11.153}% 446
\BOOKMARK [1][-]{section.11.154}{Useful Distributions}{section.11.53}% 447
\BOOKMARK [1][-]{section.11.155}{Discrete Distributions}{section.11.53}% 448
\BOOKMARK [2][-]{subsection.11.155.1}{Poisson Distribution}{section.11.155}% 449
\BOOKMARK [2][-]{subsection.11.155.2}{Bernoulli Distribution}{section.11.155}% 450
\BOOKMARK [2][-]{subsection.11.155.3}{Binomial Distribution}{section.11.155}% 451
\BOOKMARK [2][-]{subsection.11.155.4}{Negative Binomial Distribution}{section.11.155}% 452
\BOOKMARK [2][-]{subsection.11.155.5}{Categorical Distribution}{section.11.155}% 453
\BOOKMARK [2][-]{subsection.11.155.6}{Multinomial Distribution}{section.11.155}% 454
\BOOKMARK [2][-]{subsection.11.155.7}{Geometric Distribution}{section.11.155}% 455
\BOOKMARK [2][-]{subsection.11.155.8}{Hyper-Geometric Distribution}{section.11.155}% 456
\BOOKMARK [2][-]{subsection.11.155.9}{Poisson Distribution}{section.11.155}% 457
\BOOKMARK [1][-]{section.11.156}{Continuous Distributions}{section.11.53}% 458
\BOOKMARK [2][-]{subsection.11.156.1}{Uniform Distribution}{section.11.156}% 459
\BOOKMARK [2][-]{subsection.11.156.2}{Exponential Distribution}{section.11.156}% 460
\BOOKMARK [2][-]{subsection.11.156.3}{2 Distribution}{section.11.156}% 461
\BOOKMARK [2][-]{subsection.11.156.4}{Gaussian Distribution}{section.11.156}% 462
\BOOKMARK [2][-]{subsection.11.156.5}{Dirichlet Distribution}{section.11.156}% 463
\BOOKMARK [2][-]{subsection.11.156.6}{t Distribution}{section.11.156}% 464
\BOOKMARK [2][-]{subsection.11.156.7}{Inverse Gaussian Distribution}{section.11.156}% 465
\BOOKMARK [2][-]{subsection.11.156.8}{log-normal Distribution}{section.11.156}% 466
\BOOKMARK [2][-]{subsection.11.156.9}{Laplace Distribution}{section.11.156}% 467
\BOOKMARK [2][-]{subsection.11.156.10}{Beta Distribution}{section.11.156}% 468
\BOOKMARK [2][-]{subsection.11.156.11}{Gamma Distribution}{section.11.156}% 469
\BOOKMARK [2][-]{subsection.11.156.12}{Wishart Distribution}{section.11.156}% 470
\BOOKMARK [1][-]{section.11.157}{Quantitative Measure and Characteristic Functions}{section.11.53}% 471
\BOOKMARK [1][-]{section.11.158}{Describing Shape of a Distribution: Skewness, Kurtosis}{section.11.53}% 472
\BOOKMARK [1][-]{section.11.159}{Describing a Sample: Mean, Variance}{section.11.53}% 473
\BOOKMARK [1][-]{section.11.160}{Degrees of Freedom, Mean, Variance, and Moment, Central Moment, Cumulant, Law of the unconscious statistician}{section.11.53}% 474
\BOOKMARK [1][-]{section.11.161}{Percentile and Median}{section.11.53}% 475
\BOOKMARK [1][-]{section.11.162}{Coefficient of Variation}{section.11.53}% 476
\BOOKMARK [1][-]{section.11.163}{Covariance and Correlation}{section.11.53}% 477
\BOOKMARK [1][-]{section.11.164}{Moment Generating Function}{section.11.53}% 478
\BOOKMARK [1][-]{section.11.165}{Characteristic Function}{section.11.53}% 479
\BOOKMARK [1][-]{section.11.166}{Limit Theorems}{section.11.53}% 480
\BOOKMARK [1][-]{section.11.167}{Markov and Chebyshev Inequalities}{section.11.53}% 481
\BOOKMARK [1][-]{section.11.168}{Weak Law of Large Numbers}{section.11.53}% 482
\BOOKMARK [1][-]{section.11.169}{Central Limit theorem}{section.11.53}% 483
\BOOKMARK [1][-]{section.11.170}{Selected Topics of Probability}{section.11.53}% 484
\BOOKMARK [1][-]{section.11.171}{Indicator Variables}{section.11.53}% 485
\BOOKMARK [1][-]{section.11.172}{Ordered Statistics}{section.11.53}% 486
\BOOKMARK [1][-]{section.11.173}{Copula}{section.11.53}% 487
\BOOKMARK [1][-]{section.11.174}{coupling}{section.11.53}% 488
\BOOKMARK [1][-]{section.11.175}{The Reflection Principle}{section.11.53}% 489
\BOOKMARK [1][-]{section.11.176}{Elementary Theory of Stochastic Processes}{section.11.53}% 490
\BOOKMARK [1][-]{section.11.177}{Introduction}{section.11.53}% 491
\BOOKMARK [1][-]{section.11.178}{Markov Chains}{section.11.53}% 492
\BOOKMARK [1][-]{section.11.179}{Introduction}{section.11.53}% 493
\BOOKMARK [1][-]{section.11.180}{Discrete Time Markov Chains}{section.11.53}% 494
\BOOKMARK [2][-]{subsection.11.180.1}{Gambler's Ruin}{section.11.180}% 495
\BOOKMARK [2][-]{subsection.11.180.2}{Discrete Time Branching Processes}{section.11.180}% 496
\BOOKMARK [1][-]{section.11.181}{Continuous Time Markov Chains}{section.11.53}% 497
\BOOKMARK [1][-]{section.11.182}{Poisson Processes}{section.11.53}% 498
\BOOKMARK [1][-]{section.11.183}{Poisson Processes on the Line}{section.11.53}% 499
\BOOKMARK [1][-]{section.11.184}{Variable Rate Poisson Processes}{section.11.53}% 500
\BOOKMARK [1][-]{section.11.185}{Poisson Processes in Higher Dimensions}{section.11.53}% 501
\BOOKMARK [1][-]{section.11.186}{Renewal Theory}{section.11.53}% 502
\BOOKMARK [1][-]{section.11.187}{Renewal theory for positive lattice valued random variables as connected with Markov chains: Blackwell's renewal theorem for positive lattice valued random variables}{section.11.53}% 503
\BOOKMARK [1][-]{section.11.188}{Selected Topics of Stochastic Processes}{section.11.53}% 504
\BOOKMARK [1][-]{section.11.189}{Martingales which are functions of discrete time Markov chains}{section.11.53}% 505
\BOOKMARK [1][-]{section.11.190}{Brownian motion: Path properties, reflection principle, random walk approximation.}{section.11.53}% 506
\BOOKMARK [1][-]{section.11.191}{Random Fields}{section.11.53}% 507
\BOOKMARK [1][-]{section.11.192}{Discrete and Continuous Time Birth and Death processes}{section.11.53}% 508
\BOOKMARK [1][-]{section.11.193}{Discrete and Continuous Time Queuing processes}{section.11.53}% 509
\BOOKMARK [1][-]{section.11.194}{Finite State Space Pure Jump Processes}{section.11.53}% 510
\BOOKMARK [1][-]{section.11.195}{Infinite Server Queue}{section.11.53}% 511
\BOOKMARK [1][-]{section.11.196}{Measure-theoretical Probability}{section.11.53}% 512
\BOOKMARK [1][-]{section.11.197}{Why Do We Need Rigorous Probability Theory?}{section.11.53}% 513
\BOOKMARK [1][-]{section.11.198}{Normal Numbers}{section.11.53}% 514
\BOOKMARK [1][-]{section.11.199}{Formal Definition of Probability Space}{section.11.53}% 515
\BOOKMARK [1][-]{section.11.200}{Lecture 5 \(1/21/2015 Wednesday\): }{section.11.53}% 516
\BOOKMARK [1][-]{section.11.201}{Probability Space and Measure}{section.11.53}% 517
\BOOKMARK [1][-]{section.11.202}{Algebra of Sets}{section.11.53}% 518
\BOOKMARK [1][-]{section.11.203}{Integration Theory}{section.11.53}% 519
\BOOKMARK [1][-]{section.11.204}{Random Variables}{section.11.53}% 520
\BOOKMARK [1][-]{section.11.205}{Law of Large Numbers}{section.11.53}% 521
\BOOKMARK [1][-]{section.11.206}{Types of Convergence}{section.11.53}% 522
\BOOKMARK [1][-]{section.11.207}{Weak Law of Large Numbers \(WLLN\)}{section.11.53}% 523
\BOOKMARK [1][-]{section.11.208}{Strong Law of Large Numbers \(SLLN\)}{section.11.53}% 524
\BOOKMARK [1][-]{section.11.209}{Central Limit theorem}{section.11.53}% 525
\BOOKMARK [1][-]{section.11.210}{Some Tricks}{section.11.53}% 526
\BOOKMARK [1][-]{section.11.211}{Prove by Contraposition}{section.11.53}% 527
\BOOKMARK [1][-]{section.11.212}{Construct Finer Partition}{section.11.53}% 528
\BOOKMARK [1][-]{section.11.213}{Prove Equality}{section.11.53}% 529
\BOOKMARK [1][-]{section.11.214}{An Epsilon of Room}{section.11.53}% 530
\BOOKMARK [1][-]{section.11.215}{Interpretations of Probability}{section.11.53}% 531
\BOOKMARK [2][-]{subsection.11.215.1}{Cox's theorem}{section.11.215}% 532
\BOOKMARK [2][-]{subsection.11.215.2}{Principle of Maximum Entropy}{section.11.215}% 533
\BOOKMARK [1][-]{section.11.216}{Measure-theoretical Stochastic Processes}{section.11.53}% 534
\BOOKMARK [1][-]{section.11.217}{Machine Learning Introduction}{section.11.53}% 535
\BOOKMARK [1][-]{section.11.218}{Some Distinctions}{section.11.53}% 536
\BOOKMARK [2][-]{subsection.11.218.1}{Machine Learning v.s. Statistical Learning}{section.11.218}% 537
\BOOKMARK [2][-]{subsection.11.218.2}{Parametric v.s. Non-parametric Models}{section.11.218}% 538
\BOOKMARK [1][-]{section.11.219}{A Brief History of Machine Learning}{section.11.53}% 539
\BOOKMARK [1][-]{section.11.220}{Regression v.s. Classification}{section.11.53}% 540
\BOOKMARK [1][-]{section.11.221}{Parametric v.s. Nonparametric Models}{section.11.53}% 541
\BOOKMARK [1][-]{section.11.222}{Decision Trees}{section.11.53}% 542
\BOOKMARK [1][-]{section.11.223}{Clustering}{section.11.53}% 543
\BOOKMARK [1][-]{section.11.224}{Dimension Reduction}{section.11.53}% 544
\BOOKMARK [1][-]{section.11.225}{Graphical Models}{section.11.53}% 545
\BOOKMARK [1][-]{section.11.226}{Neural Networks}{section.11.53}% 546
\BOOKMARK [1][-]{section.11.227}{Kernel Methods}{section.11.53}% 547
\BOOKMARK [1][-]{section.11.228}{Support Vector Machines \(SVM\)}{section.11.53}% 548
\BOOKMARK [1][-]{section.11.229}{Gaussian Processes \(GP\)}{section.11.53}% 549
\BOOKMARK [1][-]{section.11.230}{Statistical Learning Theory}{section.11.53}% 550
\BOOKMARK [1][-]{section.11.231}{Latent Dirichlet allocation \(LDA\)}{section.11.53}% 551
\BOOKMARK [1][-]{section.11.232}{Principle Component Analysis \(PCA\)}{section.11.53}% 552
\BOOKMARK [1][-]{section.11.233}{Linear Discriminant Analysis \(LDA\)}{section.11.53}% 553
\BOOKMARK [1][-]{section.11.234}{Expectation Maximization \(EM\)}{section.11.53}% 554
\BOOKMARK [1][-]{section.11.235}{The EM algorithm}{section.11.53}% 555
\BOOKMARK [1][-]{section.11.236}{The ECM and ECME algorithms}{section.11.53}% 556
\BOOKMARK [1][-]{section.11.237}{The PX-EM algorithm}{section.11.53}% 557
\BOOKMARK [1][-]{section.11.238}{Expectation Propagation \(EP\)}{section.11.53}% 558
\BOOKMARK [1][-]{section.11.239}{Markov Chain Monte Carlo Methods}{section.11.53}% 559
\BOOKMARK [1][-]{section.11.240}{Introduction}{section.11.53}% 560
\BOOKMARK [1][-]{section.11.241}{Notation}{section.11.53}% 561
\BOOKMARK [1][-]{section.11.242}{Introduction}{section.11.53}% 562
\BOOKMARK [1][-]{section.11.243}{Independence Chains}{section.11.53}% 563
\BOOKMARK [1][-]{section.11.244}{Random walk chains}{section.11.53}% 564
\BOOKMARK [1][-]{section.11.245}{Gibbs sampler}{section.11.53}% 565
\BOOKMARK [1][-]{section.11.246}{Test for Convergence}{section.11.53}% 566
\BOOKMARK [1][-]{section.11.247}{How it is used}{section.11.53}% 567
\BOOKMARK [1][-]{section.11.248}{Advanced MCMC methods}{section.11.53}% 568
\BOOKMARK [2][-]{subsection.11.248.1}{Slice sampling}{section.11.248}% 569
\BOOKMARK [2][-]{subsection.11.248.2}{Reversible Jump MCMC}{section.11.248}% 570
\BOOKMARK [1][-]{section.11.249}{Introduction}{section.11.53}% 571
\BOOKMARK [2][-]{subsection.11.249.1}{Sampling Methods in General}{section.11.249}% 572
\BOOKMARK [2][-]{subsection.11.249.2}{Rejection Sampling}{section.11.249}% 573
\BOOKMARK [1][-]{section.11.250}{Markov Chains}{section.11.53}% 574
\BOOKMARK [1][-]{section.11.251}{Metropolis-Hastings Algorithm}{section.11.53}% 575
\BOOKMARK [2][-]{subsection.11.251.1}{Metropolis Algorithm}{section.11.251}% 576
\BOOKMARK [2][-]{subsection.11.251.2}{Gibbs Sampling}{section.11.251}% 577
\BOOKMARK [2][-]{subsection.11.251.3}{Collapsed Gibbs Sampling}{section.11.251}% 578
\BOOKMARK [2][-]{subsection.11.251.4}{Metropolis-Within-Gibbs}{section.11.251}% 579
\BOOKMARK [1][-]{section.11.252}{Slice Sampling}{section.11.53}% 580
\BOOKMARK [2][-]{subsection.11.252.1}{Elliptical Slice Sampling}{section.11.252}% 581
\BOOKMARK [1][-]{section.11.253}{Split-Merge Sampling}{section.11.53}% 582
\BOOKMARK [1][-]{section.11.254}{Hamiltonian Monte Carlo}{section.11.53}% 583
\BOOKMARK [1][-]{section.11.255}{Data Fusion and Particle Filter \(Sequential MCMC\)}{section.11.53}% 584
\BOOKMARK [1][-]{section.11.256}{Reversible jump MCMC}{section.11.53}% 585
\BOOKMARK [1][-]{section.11.257}{Convergence Diagnostics}{section.11.53}% 586
\BOOKMARK [1][-]{section.11.258}{Bayesian Nonparametrics}{section.11.53}% 587
\BOOKMARK [1][-]{section.11.259}{Introduction}{section.11.53}% 588
\BOOKMARK [1][-]{section.11.260}{Notation}{section.11.53}% 589
\BOOKMARK [1][-]{section.11.261}{Terminology}{section.11.53}% 590
\BOOKMARK [2][-]{subsection.11.261.1}{Parametric and nonparametric models}{section.11.261}% 591
\BOOKMARK [2][-]{subsection.11.261.2}{Bayesian and Bayesian nonparametric models}{section.11.261}% 592
\BOOKMARK [1][-]{section.11.262}{Clustering and the Dirichlet process}{section.11.53}% 593
\BOOKMARK [2][-]{subsection.11.262.1}{Finite mixture models}{section.11.262}% 594
\BOOKMARK [2][-]{subsection.11.262.2}{Bayesian mixture models}{section.11.262}% 595
\BOOKMARK [2][-]{subsection.11.262.3}{Dirichlet Process}{section.11.262}% 596
\BOOKMARK [1][-]{section.11.263}{Glossary}{section.11.53}% 597
\BOOKMARK [1][-]{section.11.264}{Useful Resources}{section.11.53}% 598
\BOOKMARK [1][-]{section.11.265}{Data Sets}{section.11.53}% 599
\BOOKMARK [1][-]{section.11.266}{Packages and Source Codes}{section.11.53}% 600
\BOOKMARK [1][-]{section.11.267}{Important Papers}{section.11.53}% 601
\BOOKMARK [-1][-]{part.4}{IV Numerical Methods and Optimization}{}% 602
\BOOKMARK [0][-]{chapter.12}{Optimization Introduction}{part.4}% 603
\BOOKMARK [0][-]{chapter.13}{Linear Programming}{part.4}% 604
\BOOKMARK [1][-]{section.13.1}{Basic Properties of Linear Programs}{chapter.13}% 605
\BOOKMARK [0][-]{chapter.14}{Unconstrained Optimization}{part.4}% 606
\BOOKMARK [1][-]{section.14.1}{Univariate Problems \(Bisection, Newton, Secant Methods\)}{chapter.14}% 607
\BOOKMARK [2][-]{subsection.14.1.1}{Bisection Method}{section.14.1}% 608
\BOOKMARK [2][-]{subsection.14.1.2}{Newton's Method}{section.14.1}% 609
\BOOKMARK [2][-]{subsection.14.1.3}{The Secant Method}{section.14.1}% 610
\BOOKMARK [1][-]{section.14.2}{Quasi-Newton Methods}{chapter.14}% 611
\BOOKMARK [0][-]{chapter.15}{Convex Optimization}{part.4}% 612
\BOOKMARK [-1][-]{part.5}{V Software Engineering and Algorithms}{}% 613
\BOOKMARK [-1][-]{part.6}{VI Interview Questions}{}% 614
\BOOKMARK [0][-]{chapter.16}{LeetCode}{part.6}% 615
\BOOKMARK [0][-]{chapter.17}{Kaggle}{part.6}% 616
\BOOKMARK [0][-]{chapter.18}{FinancialMathematicsProblems}{part.6}% 617
\BOOKMARK [0][-]{chapter.19}{FinancialStatisticsProblems}{part.6}% 618
\BOOKMARK [0][-]{chapter.20}{FinancialProgrammingProblems}{part.6}% 619
\BOOKMARK [0][-]{chapter.21}{BrainTeasers}{part.6}% 620
\BOOKMARK [1][-]{section.21.1}{Q \046 A}{chapter.21}% 621
\BOOKMARK [-1][-]{part.7}{VII Notes}{}% 622
