This is pdfTeX, Version 3.14159265-2.6-1.40.19 (MiKTeX 2.9.6800 64-bit) (preloaded format=pdflatex 2018.9.2)  7 FEB 2019 01:25
entering extended mode
**./QBook.tex
(QBook.tex
LaTeX2e <2018-04-01> patch level 5
("C:\Program Files\MiKTeX 2.9\tex\latex\base\book.cls"
Document Class: book 2014/09/29 v1.4h Standard LaTeX document class
("C:\Program Files\MiKTeX 2.9\tex\latex\base\bk10.clo"
File: bk10.clo 2014/09/29 v1.4h Standard LaTeX file (size option)
)
\c@part=\count80
\c@chapter=\count81
\c@section=\count82
\c@subsection=\count83
\c@subsubsection=\count84
\c@paragraph=\count85
\c@subparagraph=\count86
\c@figure=\count87
\c@table=\count88
\abovecaptionskip=\skip41
\belowcaptionskip=\skip42
\bibindent=\dimen102
) (LaTeXMacros.tex
("C:\Program Files\MiKTeX 2.9\tex\latex\amsfonts\amssymb.sty"
Package: amssymb 2013/01/14 v3.01 AMS font symbols

("C:\Program Files\MiKTeX 2.9\tex\latex\amsfonts\amsfonts.sty"
Package: amsfonts 2013/01/14 v3.01 Basic AMSFonts support
\@emptytoks=\toks14
\symAMSa=\mathgroup4
\symAMSb=\mathgroup5
LaTeX Font Info:    Overwriting math alphabet `\mathfrak' in version `bold'
(Font)                  U/euf/m/n --> U/euf/b/n on input line 106.
))
("C:\Program Files\MiKTeX 2.9\tex\latex\amsmath\amsmath.sty"
Package: amsmath 2017/09/02 v2.17a AMS math features
\@mathmargin=\skip43

For additional information on amsmath, use the `?' option.
("C:\Program Files\MiKTeX 2.9\tex\latex\amsmath\amstext.sty"
Package: amstext 2000/06/29 v2.01 AMS text

("C:\Program Files\MiKTeX 2.9\tex\latex\amsmath\amsgen.sty"
File: amsgen.sty 1999/11/30 v2.0 generic functions
\@emptytoks=\toks15
\ex@=\dimen103
))
("C:\Program Files\MiKTeX 2.9\tex\latex\amsmath\amsbsy.sty"
Package: amsbsy 1999/11/29 v1.2d Bold Symbols
\pmbraise@=\dimen104
)
("C:\Program Files\MiKTeX 2.9\tex\latex\amsmath\amsopn.sty"
Package: amsopn 2016/03/08 v2.02 operator names
)
\inf@bad=\count89
LaTeX Info: Redefining \frac on input line 213.
\uproot@=\count90
\leftroot@=\count91
LaTeX Info: Redefining \overline on input line 375.
\classnum@=\count92
\DOTSCASE@=\count93
LaTeX Info: Redefining \ldots on input line 472.
LaTeX Info: Redefining \dots on input line 475.
LaTeX Info: Redefining \cdots on input line 596.
\Mathstrutbox@=\box26
\strutbox@=\box27
\big@size=\dimen105
LaTeX Font Info:    Redeclaring font encoding OML on input line 712.
LaTeX Font Info:    Redeclaring font encoding OMS on input line 713.
\macc@depth=\count94
\c@MaxMatrixCols=\count95
\dotsspace@=\muskip10
\c@parentequation=\count96
\dspbrk@lvl=\count97
\tag@help=\toks16
\row@=\count98
\column@=\count99
\maxfields@=\count100
\andhelp@=\toks17
\eqnshift@=\dimen106
\alignsep@=\dimen107
\tagshift@=\dimen108
\tagwidth@=\dimen109
\totwidth@=\dimen110
\lineht@=\dimen111
\@envbody=\toks18
\multlinegap=\skip44
\multlinetaggap=\skip45
\mathdisplay@stack=\toks19
LaTeX Info: Redefining \[ on input line 2817.
LaTeX Info: Redefining \] on input line 2818.
)
("C:\Program Files\MiKTeX 2.9\tex\latex\mathtools\mathtools.sty"
Package: mathtools 2018/01/08 v1.21 mathematical typesetting tools

("C:\Program Files\MiKTeX 2.9\tex\latex\graphics\keyval.sty"
Package: keyval 2014/10/28 v1.15 key=value parser (DPC)
\KV@toks@=\toks20
)
("C:\Program Files\MiKTeX 2.9\tex\latex\tools\calc.sty"
Package: calc 2017/05/25 v4.3 Infix arithmetic (KKT,FJ)
\calc@Acount=\count101
\calc@Bcount=\count102
\calc@Adimen=\dimen112
\calc@Bdimen=\dimen113
\calc@Askip=\skip46
\calc@Bskip=\skip47
LaTeX Info: Redefining \setlength on input line 80.
LaTeX Info: Redefining \addtolength on input line 81.
\calc@Ccount=\count103
\calc@Cskip=\skip48
)
("C:\Program Files\MiKTeX 2.9\tex\latex\mathtools\mhsetup.sty"
Package: mhsetup 2017/03/31 v1.3 programming setup (MH)
)
LaTeX Info: Thecontrolsequence`\('isalreadyrobust on input line 129.
LaTeX Info: Thecontrolsequence`\)'isalreadyrobust on input line 129.
LaTeX Info: Thecontrolsequence`\['isalreadyrobust on input line 129.
LaTeX Info: Thecontrolsequence`\]'isalreadyrobust on input line 129.
\g_MT_multlinerow_int=\count104
\l_MT_multwidth_dim=\dimen114
\origjot=\skip49
\l_MT_shortvdotswithinadjustabove_dim=\dimen115
\l_MT_shortvdotswithinadjustbelow_dim=\dimen116
\l_MT_above_intertext_sep=\dimen117
\l_MT_below_intertext_sep=\dimen118
\l_MT_above_shortintertext_sep=\dimen119
\l_MT_below_shortintertext_sep=\dimen120
)
("C:\Program Files\MiKTeX 2.9\tex\latex\algorithm2e\algorithm2e.sty"
Package: algorithm2e 2017/07/18 v5.2 algorithms environments
\c@AlgoLine=\count105

("C:\Program Files\MiKTeX 2.9\tex\latex\base\ifthen.sty"
Package: ifthen 2014/09/29 v1.1c Standard LaTeX ifthen package (DPC)
)
\algocf@hangindent=\skip50

("C:\Program Files\MiKTeX 2.9\tex\latex\ifoddpage\ifoddpage.sty"
Package: ifoddpage 2016/04/23 v1.1 Conditionals for odd/even page detection
\c@checkoddpage=\count106
)
("C:\Program Files\MiKTeX 2.9\tex\latex\tools\xspace.sty"
Package: xspace 2014/10/28 v1.13 Space after command names (DPC,MH)
)
("C:\Program Files\MiKTeX 2.9\tex\latex\relsize\relsize.sty"
Package: relsize 2013/03/29 ver 4.1
)
\skiptotal=\skip51
\skiplinenumber=\skip52
\skiprule=\skip53
\skiphlne=\skip54
\skiptext=\skip55
\skiplength=\skip56
\algomargin=\skip57
\skipalgocfslide=\skip58
\algowidth=\dimen121
\inoutsize=\dimen122
\inoutindent=\dimen123
\interspacetitleruled=\dimen124
\interspacealgoruled=\dimen125
\interspacetitleboxruled=\dimen126
\algocf@ruledwidth=\skip59
\algocf@inoutbox=\box28
\algocf@inputbox=\box29
\AlCapSkip=\skip60
\AlCapHSkip=\skip61
\algoskipindent=\skip62
\algocf@nlbox=\box30
\algocf@hangingbox=\box31
\algocf@untilbox=\box32
\algocf@skipuntil=\skip63
\algocf@capbox=\box33
\algocf@lcaptionbox=\skip64
\algoheightruledefault=\skip65
\algoheightrule=\skip66
\algotitleheightruledefault=\skip67
\algotitleheightrule=\skip68
\c@algocfline=\count107
\c@algocfproc=\count108
\c@algocf=\count109
\algocf@algoframe=\box34
\algocf@algobox=\box35
)
("C:\Program Files\MiKTeX 2.9\tex\latex\algorithms\algorithmic.sty"
Package: algorithmic 2009/08/24 v0.1 Document Style `algorithmic'
\c@ALC@unique=\count110
\c@ALC@line=\count111
\c@ALC@rem=\count112
\c@ALC@depth=\count113
\ALC@tlm=\skip69
\algorithmicindent=\skip70
)
("C:\Program Files\MiKTeX 2.9\tex\latex\jknappen\mathrsfs.sty"
Package: mathrsfs 1996/01/01 Math RSFS package v1.0 (jk)
\symrsfs=\mathgroup6
)
("C:\Program Files\MiKTeX 2.9\tex\latex\paralist\paralist.sty"
Package: paralist 2017/01/22 v2.7 Extended list environments
\pltopsep=\skip71
\plpartopsep=\skip72
\plitemsep=\skip73
\plparsep=\skip74
\pl@lab=\toks21
)
("C:\Program Files\MiKTeX 2.9\tex\latex\esint\esint.sty"
Package: esint 
\symlargesymbolsA=\mathgroup7
)
("C:\Program Files\MiKTeX 2.9\tex\latex\graphics\color.sty"
Package: color 2016/07/10 v1.1e Standard LaTeX Color (DPC)

("C:\Program Files\MiKTeX 2.9\tex\latex\graphics-cfg\color.cfg"
File: color.cfg 2016/01/02 v1.6 sample color configuration
)
Package color Info: Driver file: pdftex.def on input line 147.

("C:\Program Files\MiKTeX 2.9\tex\latex\graphics-def\pdftex.def"
File: pdftex.def 2018/01/08 v1.0l Graphics/color driver for pdftex
))
("C:\Program Files\MiKTeX 2.9\tex\latex\graphics\graphicx.sty"
Package: graphicx 2017/06/01 v1.1a Enhanced LaTeX Graphics (DPC,SPQR)

("C:\Program Files\MiKTeX 2.9\tex\latex\graphics\graphics.sty"
Package: graphics 2017/06/25 v1.2c Standard LaTeX Graphics (DPC,SPQR)

("C:\Program Files\MiKTeX 2.9\tex\latex\graphics\trig.sty"
Package: trig 2016/01/03 v1.10 sin cos tan (DPC)
)
("C:\Program Files\MiKTeX 2.9\tex\latex\graphics-cfg\graphics.cfg"
File: graphics.cfg 2016/06/04 v1.11 sample graphics configuration
)
Package graphics Info: Driver file: pdftex.def on input line 99.
)
\Gin@req@height=\dimen127
\Gin@req@width=\dimen128
)
("C:\Program Files\MiKTeX 2.9\tex\latex\tools\enumerate.sty"
Package: enumerate 2015/07/23 v3.00 enumerate extensions (DPC)
\@enLab=\toks22
)
("C:\Program Files\MiKTeX 2.9\tex\latex\caption\caption.sty"
Package: caption 2018/05/01 v3.3-147 Customizing captions (AR)

("C:\Program Files\MiKTeX 2.9\tex\latex\caption\caption3.sty"
Package: caption3 2018/05/27 v1.8a caption3 kernel (AR)
Package caption3 Info: TeX engine: e-TeX on input line 64.
\captionmargin=\dimen129
\captionmargin@=\dimen130
\captionwidth=\dimen131
\caption@tempdima=\dimen132
\caption@indent=\dimen133
\caption@parindent=\dimen134
\caption@hangindent=\dimen135
)
\c@ContinuedFloat=\count114
)
("C:\Program Files\MiKTeX 2.9\tex\latex\caption\subcaption.sty"
Package: subcaption 2018/05/01 v1.1-162 Sub-captions (AR)
\c@subfigure=\count115
\c@subtable=\count116
)
("C:\Program Files\MiKTeX 2.9\tex\latex\multirow\multirow.sty"
Package: multirow 2018/08/03 v2.3 Span multiple rows of a table
\multirow@colwidth=\skip75
\multirow@cntb=\count117
\multirow@dima=\skip76
\bigstrutjot=\dimen136
)
("C:\Program Files\MiKTeX 2.9\tex\latex\tools\multicol.sty"
Package: multicol 2018/04/20 v1.8s multicolumn formatting (FMi)
\c@tracingmulticols=\count118
\mult@box=\box36
\multicol@leftmargin=\dimen137
\c@unbalance=\count119
\c@collectmore=\count120
\doublecol@number=\count121
\multicoltolerance=\count122
\multicolpretolerance=\count123
\full@width=\dimen138
\page@free=\dimen139
\premulticols=\dimen140
\postmulticols=\dimen141
\multicolsep=\skip77
\multicolbaselineskip=\skip78
\partial@page=\box37
\last@line=\box38
\maxbalancingoverflow=\dimen142
\mult@rightbox=\box39
\mult@grightbox=\box40
\mult@gfirstbox=\box41
\mult@firstbox=\box42
\@tempa=\box43
\@tempa=\box44
\@tempa=\box45
\@tempa=\box46
\@tempa=\box47
\@tempa=\box48
\@tempa=\box49
\@tempa=\box50
\@tempa=\box51
\@tempa=\box52
\@tempa=\box53
\@tempa=\box54
\@tempa=\box55
\@tempa=\box56
\@tempa=\box57
\@tempa=\box58
\@tempa=\box59
\c@columnbadness=\count124
\c@finalcolumnbadness=\count125
\last@try=\dimen143
\multicolovershoot=\dimen144
\multicolundershoot=\dimen145
\mult@nat@firstbox=\box60
\colbreak@box=\box61
\mc@col@check@num=\count126
)
("C:\Program Files\MiKTeX 2.9\tex\latex\cancel\cancel.sty"
Package: cancel 2013/04/12 v2.2 Cancel math terms
)
("C:\Program Files\MiKTeX 2.9\tex\latex\hyperref\hyperref.sty"
Package: hyperref 2018/02/06 v6.86b Hypertext links for LaTeX

("C:\Program Files\MiKTeX 2.9\tex\generic\oberdiek\hobsub-hyperref.sty"
Package: hobsub-hyperref 2016/05/16 v1.14 Bundle oberdiek, subset hyperref (HO)


("C:\Program Files\MiKTeX 2.9\tex\generic\oberdiek\hobsub-generic.sty"
Package: hobsub-generic 2016/05/16 v1.14 Bundle oberdiek, subset generic (HO)
Package: hobsub 2016/05/16 v1.14 Construct package bundles (HO)
Package: infwarerr 2016/05/16 v1.4 Providing info/warning/error messages (HO)
Package: ltxcmds 2016/05/16 v1.23 LaTeX kernel commands for general use (HO)
Package: ifluatex 2016/05/16 v1.4 Provides the ifluatex switch (HO)
Package ifluatex Info: LuaTeX not detected.
Package: ifvtex 2016/05/16 v1.6 Detect VTeX and its facilities (HO)
Package ifvtex Info: VTeX not detected.
Package: intcalc 2016/05/16 v1.2 Expandable calculations with integers (HO)
Package: ifpdf 2017/03/15 v3.2 Provides the ifpdf switch
Package: etexcmds 2016/05/16 v1.6 Avoid name clashes with e-TeX commands (HO)
Package etexcmds Info: Could not find \expanded.
(etexcmds)             That can mean that you are not using pdfTeX 1.50 or
(etexcmds)             that some package has redefined \expanded.
(etexcmds)             In the latter case, load this package earlier.
Package: kvsetkeys 2016/05/16 v1.17 Key value parser (HO)
Package: kvdefinekeys 2016/05/16 v1.4 Define keys (HO)
Package: pdftexcmds 2018/01/30 v0.27 Utility functions of pdfTeX for LuaTeX (HO
)
Package pdftexcmds Info: LuaTeX not detected.
Package pdftexcmds Info: \pdf@primitive is available.
Package pdftexcmds Info: \pdf@ifprimitive is available.
Package pdftexcmds Info: \pdfdraftmode found.
Package: pdfescape 2016/05/16 v1.14 Implements pdfTeX's escape features (HO)
Package: bigintcalc 2016/05/16 v1.4 Expandable calculations on big integers (HO
)
Package: bitset 2016/05/16 v1.2 Handle bit-vector datatype (HO)
Package: uniquecounter 2016/05/16 v1.3 Provide unlimited unique counter (HO)
)
Package hobsub Info: Skipping package `hobsub' (already loaded).
Package: letltxmacro 2016/05/16 v1.5 Let assignment for LaTeX macros (HO)
Package: hopatch 2016/05/16 v1.3 Wrapper for package hooks (HO)
Package: xcolor-patch 2016/05/16 xcolor patch
Package: atveryend 2016/05/16 v1.9 Hooks at the very end of document (HO)
Package atveryend Info: \enddocument detected (standard20110627).
Package: atbegshi 2016/06/09 v1.18 At begin shipout hook (HO)
Package: refcount 2016/05/16 v3.5 Data extraction from label references (HO)
Package: hycolor 2016/05/16 v1.8 Color options for hyperref/bookmark (HO)
)
("C:\Program Files\MiKTeX 2.9\tex\generic\ifxetex\ifxetex.sty"
Package: ifxetex 2010/09/12 v0.6 Provides ifxetex conditional
)
("C:\Program Files\MiKTeX 2.9\tex\latex\oberdiek\auxhook.sty"
Package: auxhook 2016/05/16 v1.4 Hooks for auxiliary files (HO)
)
("C:\Program Files\MiKTeX 2.9\tex\latex\oberdiek\kvoptions.sty"
Package: kvoptions 2016/05/16 v3.12 Key value format for package options (HO)
)
\@linkdim=\dimen146
\Hy@linkcounter=\count127
\Hy@pagecounter=\count128

("C:\Program Files\MiKTeX 2.9\tex\latex\hyperref\pd1enc.def"
File: pd1enc.def 2018/02/06 v6.86b Hyperref: PDFDocEncoding definition (HO)
Now handling font encoding PD1 ...
... no UTF-8 mapping file for font encoding PD1
)
\Hy@SavedSpaceFactor=\count129

("C:\Program Files\MiKTeX 2.9\tex\latex\00miktex\hyperref.cfg"
File: hyperref.cfg 2002/06/06 v1.2 hyperref configuration of TeXLive
)
Package hyperref Info: Option `colorlinks' set `true' on input line 4383.
Package hyperref Info: Hyper figures OFF on input line 4509.
Package hyperref Info: Link nesting OFF on input line 4514.
Package hyperref Info: Hyper index ON on input line 4517.
Package hyperref Info: Plain pages OFF on input line 4524.
Package hyperref Info: Backreferencing OFF on input line 4529.
Package hyperref Info: Implicit mode ON; LaTeX internals redefined.
Package hyperref Info: Bookmarks ON on input line 4762.
\c@Hy@tempcnt=\count130

("C:\Program Files\MiKTeX 2.9\tex\latex\url\url.sty"
\Urlmuskip=\muskip11
Package: url 2013/09/16  ver 3.4  Verb mode for urls, etc.
)
LaTeX Info: Redefining \url on input line 5115.
\XeTeXLinkMargin=\dimen147
\Fld@menulength=\count131
\Field@Width=\dimen148
\Fld@charsize=\dimen149
Package hyperref Info: Hyper figures OFF on input line 6369.
Package hyperref Info: Link nesting OFF on input line 6374.
Package hyperref Info: Hyper index ON on input line 6377.
Package hyperref Info: backreferencing OFF on input line 6384.
Package hyperref Info: Link coloring ON on input line 6387.
Package hyperref Info: Link coloring with OCG OFF on input line 6394.
Package hyperref Info: PDF/A mode OFF on input line 6399.
LaTeX Info: Redefining \ref on input line 6439.
LaTeX Info: Redefining \pageref on input line 6443.
\Hy@abspage=\count132
\c@Item=\count133
\c@Hfootnote=\count134
)
Package hyperref Info: Driver (autodetected): hpdftex.

("C:\Program Files\MiKTeX 2.9\tex\latex\hyperref\hpdftex.def"
File: hpdftex.def 2018/02/06 v6.86b Hyperref driver for pdfTeX
\Fld@listcount=\count135
\c@bookmark@seq@number=\count136

("C:\Program Files\MiKTeX 2.9\tex\latex\oberdiek\rerunfilecheck.sty"
Package: rerunfilecheck 2016/05/16 v1.8 Rerun checks for auxiliary files (HO)
Package uniquecounter Info: New unique counter `rerunfilecheck' on input line 2
82.
)
\Hy@SectionHShift=\skip79
)
("C:\Program Files\MiKTeX 2.9\tex\latex\base\makeidx.sty"
Package: makeidx 2014/09/29 v1.0m Standard LaTeX package
)
("C:\Program Files\MiKTeX 2.9\tex\latex\tools\array.sty"
Package: array 2018/04/30 v2.4h Tabular extension package (FMi)
\col@sep=\dimen150
\ar@mcellbox=\box62
\extrarowheight=\dimen151
\NC@list=\toks23
\extratabsurround=\skip80
\backup@length=\skip81
\ar@cellbox=\box63
)
("C:\Program Files\MiKTeX 2.9\tex\latex\pgf\utilities\pgffor.sty"
("C:\Program Files\MiKTeX 2.9\tex\latex\pgf\utilities\pgfrcs.sty"
("C:\Program Files\MiKTeX 2.9\tex\generic\pgf\utilities\pgfutil-common.tex"
\pgfutil@everybye=\toks24
\pgfutil@tempdima=\dimen152
\pgfutil@tempdimb=\dimen153

("C:\Program Files\MiKTeX 2.9\tex\generic\pgf\utilities\pgfutil-common-lists.te
x")) ("C:\Program Files\MiKTeX 2.9\tex\generic\pgf\utilities\pgfutil-latex.def"
\pgfutil@abb=\box64
("C:\Program Files\MiKTeX 2.9\tex\latex\ms\everyshi.sty"
Package: everyshi 2001/05/15 v3.00 EveryShipout Package (MS)
))
("C:\Program Files\MiKTeX 2.9\tex\generic\pgf\utilities\pgfrcs.code.tex"
("C:\Program Files\MiKTeX 2.9\tex\generic\pgf\pgf.revision.tex")
Package: pgfrcs 2019/01/05 v3.1 (3.1)
))
("C:\Program Files\MiKTeX 2.9\tex\latex\pgf\utilities\pgfkeys.sty"
("C:\Program Files\MiKTeX 2.9\tex\generic\pgf\utilities\pgfkeys.code.tex"
\pgfkeys@pathtoks=\toks25
\pgfkeys@temptoks=\toks26

("C:\Program Files\MiKTeX 2.9\tex\generic\pgf\utilities\pgfkeysfiltered.code.te
x"
\pgfkeys@tmptoks=\toks27
))) ("C:\Program Files\MiKTeX 2.9\tex\latex\pgf\math\pgfmath.sty"
("C:\Program Files\MiKTeX 2.9\tex\generic\pgf\math\pgfmath.code.tex"
("C:\Program Files\MiKTeX 2.9\tex\generic\pgf\math\pgfmathcalc.code.tex"
("C:\Program Files\MiKTeX 2.9\tex\generic\pgf\math\pgfmathutil.code.tex"
\pgf@x=\dimen154
\pgf@xa=\dimen155
\pgf@xb=\dimen156
\pgf@xc=\dimen157
\pgf@y=\dimen158
\pgf@ya=\dimen159
\pgf@yb=\dimen160
\pgf@yc=\dimen161
\c@pgf@counta=\count137
\c@pgf@countb=\count138
\c@pgf@countc=\count139
\c@pgf@countd=\count140
)
("C:\Program Files\MiKTeX 2.9\tex\generic\pgf\math\pgfmathparser.code.tex"
\pgfmath@dimen=\dimen162
\pgfmath@count=\count141
\pgfmath@box=\box65
\pgfmath@toks=\toks28
\pgfmath@stack@operand=\toks29
\pgfmath@stack@operation=\toks30
)
("C:\Program Files\MiKTeX 2.9\tex\generic\pgf\math\pgfmathfunctions.code.tex"
("C:\Program Files\MiKTeX 2.9\tex\generic\pgf\math\pgfmathfunctions.basic.code.
tex")
("C:\Program Files\MiKTeX 2.9\tex\generic\pgf\math\pgfmathfunctions.trigonometr
ic.code.tex")
("C:\Program Files\MiKTeX 2.9\tex\generic\pgf\math\pgfmathfunctions.random.code
.tex")
("C:\Program Files\MiKTeX 2.9\tex\generic\pgf\math\pgfmathfunctions.comparison.
code.tex")
("C:\Program Files\MiKTeX 2.9\tex\generic\pgf\math\pgfmathfunctions.base.code.t
ex")
("C:\Program Files\MiKTeX 2.9\tex\generic\pgf\math\pgfmathfunctions.round.code.
tex")
("C:\Program Files\MiKTeX 2.9\tex\generic\pgf\math\pgfmathfunctions.misc.code.t
ex")
("C:\Program Files\MiKTeX 2.9\tex\generic\pgf\math\pgfmathfunctions.integerarit
hmetics.code.tex")))
("C:\Program Files\MiKTeX 2.9\tex\generic\pgf\math\pgfmathfloat.code.tex"
\c@pgfmathroundto@lastzeros=\count142
)))
("C:\Program Files\MiKTeX 2.9\tex\generic\pgf\utilities\pgffor.code.tex"
Package: pgffor 2019/01/05 v3.1 (3.1)

("C:\Program Files\MiKTeX 2.9\tex\generic\pgf\math\pgfmath.code.tex")
\pgffor@iter=\dimen163
\pgffor@skip=\dimen164
\pgffor@stack=\toks31
\pgffor@toks=\toks32
))
("C:\Program Files\MiKTeX 2.9\tex\latex\ntheorem\ntheorem.sty"
Style `ntheorem', Version 1.33 <2011/08/15>
Package: ntheorem 2011/08/15 1.33
\theorem@style=\toks33
\theorem@@style=\toks34
\theorembodyfont=\toks35
\theoremnumbering=\toks36
\theorempreskipamount=\skip82
\theorempostskipamount=\skip83
\theoremframepreskipamount=\skip84
\theoremframepostskipamount=\skip85
\theoreminframepreskipamount=\skip86
\theoreminframepostskipamount=\skip87
\theorem@preskip=\toks37
\theorem@postskip=\toks38
\theorem@framepreskip=\toks39
\theorem@framepostskip=\toks40
\theorem@inframepreskip=\toks41
\theorem@inframepostskip=\toks42
\theoremindent=\dimen165
\theorem@indent=\dimen166
\theoremrightindent=\dimen167
\theorem@rightindent=\dimen168
\theoremheaderfont=\toks43
\theoremseparator=\toks44
\theoremprework=\toks45
\theorempostwork=\toks46
\theoremsymbol=\toks47
\qedsymbol=\toks48
\theoremkeyword=\toks49
\qedsymbol=\toks50
\thm@topsep=\skip88
\thm@topsepadd=\skip89
Package ntheorem Info: Option `thmmarks' loaded on input line 1175.
\c@endNonectr=\count143
\c@currNonectr=\count144
\mysavskip=\skip90
Package ntheorem Info: option `amsmath' handling for `thmmarks' loaded on input
 line 1175.
\thm@amstmpdepth=\dimen169
\tagwidth=\dimen170
)
\c@currdeffctr=\count145
\c@enddeffctr=\count146
\c@deff=\count147
\c@currthmctr=\count148
\c@endthmctr=\count149
\c@thm=\count150
\c@currpropctr=\count151
\c@endpropctr=\count152
\c@prop=\count153
\c@currlemctr=\count154
\c@endlemctr=\count155
\c@lem=\count156
\c@currcorctr=\count157
\c@endcorctr=\count158
\c@cor=\count159
\c@currrmkctr=\count160
\c@endrmkctr=\count161
\c@rmk=\count162
\c@curralgctr=\count163
\c@endalgctr=\count164
\c@alg=\count165
\c@currexctr=\count166
\c@endexctr=\count167
\c@ex=\count168
\c@currquesctr=\count169
\c@endquesctr=\count170
\c@ques=\count171
\c@curransctr=\count172
\c@endansctr=\count173
\c@ans=\count174
\c@currprobctr=\count175
\c@endprobctr=\count176
\c@prob=\count177
\c@currsolctr=\count178
\c@endsolctr=\count179
\c@sol=\count180
\c@currprofctr=\count181
\c@endprofctr=\count182
\c@prof=\count183
)
\@indexfile=\write3
\openout3 = `QBook.idx'.


Writing index file QBook.idx
(QBook.aux

LaTeX Warning: Label `Nydick' multiply defined.


LaTeX Warning: Label `Stewart' multiply defined.


LaTeX Warning: Label `Rudin' multiply defined.


LaTeX Warning: Label `Royden' multiply defined.


LaTeX Warning: Label `Kreyszig' multiply defined.


LaTeX Warning: Label `Folland' multiply defined.


LaTeX Warning: Label `Torchinsky' multiply defined.


LaTeX Warning: Label `Stewart' multiply defined.


LaTeX Warning: Label `Rudin' multiply defined.


LaTeX Warning: Label `Royden' multiply defined.


LaTeX Warning: Label `Kreyszig' multiply defined.


LaTeX Warning: Label `Folland' multiply defined.


LaTeX Warning: Label `Torchinsky' multiply defined.


LaTeX Warning: Label `Wasserman' multiply defined.


LaTeX Warning: Label `Hochster' multiply defined.


LaTeX Warning: Label `bayesian-inference advantage' multiply defined.


LaTeX Warning: Label `bayesian-inference likelihood' multiply defined.


LaTeX Warning: Label `Rossi' multiply defined.


LaTeX Warning: Label `Efron 1978' multiply defined.


LaTeX Warning: Label `Efron 2013' multiply defined.


LaTeX Warning: Label `quora CI' multiply defined.


LaTeX Warning: Label `quora diff' multiply defined.


LaTeX Warning: Label `wiki' multiply defined.


LaTeX Warning: Label `Minka' multiply defined.


LaTeX Warning: Label `Wikepedia' multiply defined.


LaTeX Warning: Label `Searle' multiply defined.


LaTeX Warning: Label `Nydick' multiply defined.


LaTeX Warning: Label `Nydick' multiply defined.


LaTeX Warning: Label `Roweis' multiply defined.


LaTeX Warning: Label `Tao' multiply defined.


LaTeX Warning: Label `Stewart' multiply defined.


LaTeX Warning: Label `Rudin' multiply defined.


LaTeX Warning: Label `Royden' multiply defined.


LaTeX Warning: Label `Kreyszig' multiply defined.


LaTeX Warning: Label `Folland' multiply defined.


LaTeX Warning: Label `Torchinsky' multiply defined.


LaTeX Warning: Label `Wasserman' multiply defined.


LaTeX Warning: Label `Hochster' multiply defined.


LaTeX Warning: Label `bayesian-inference advantage' multiply defined.


LaTeX Warning: Label `bayesian-inference likelihood' multiply defined.


LaTeX Warning: Label `Rossi' multiply defined.


LaTeX Warning: Label `Efron 1978' multiply defined.


LaTeX Warning: Label `Efron 2013' multiply defined.


LaTeX Warning: Label `quora CI' multiply defined.


LaTeX Warning: Label `quora diff' multiply defined.


LaTeX Warning: Label `wiki' multiply defined.


LaTeX Warning: Label `Minka' multiply defined.


LaTeX Warning: Label `Wikepedia' multiply defined.


LaTeX Warning: Label `Searle' multiply defined.


LaTeX Warning: Label `Nydick' multiply defined.


LaTeX Warning: Label `Nydick' multiply defined.


LaTeX Warning: Label `Roweis' multiply defined.


LaTeX Warning: Label `Tao' multiply defined.


LaTeX Warning: Label `Harrison05' multiply defined.


LaTeX Warning: Label `Rouah' multiply defined.

)
\openout1 = `QBook.aux'.

LaTeX Font Info:    Checking defaults for OML/cmm/m/it on input line 9.
LaTeX Font Info:    ... okay on input line 9.
LaTeX Font Info:    Checking defaults for T1/cmr/m/n on input line 9.
LaTeX Font Info:    ... okay on input line 9.
LaTeX Font Info:    Checking defaults for OT1/cmr/m/n on input line 9.
LaTeX Font Info:    ... okay on input line 9.
LaTeX Font Info:    Checking defaults for OMS/cmsy/m/n on input line 9.
LaTeX Font Info:    ... okay on input line 9.
LaTeX Font Info:    Checking defaults for OMX/cmex/m/n on input line 9.
LaTeX Font Info:    ... okay on input line 9.
LaTeX Font Info:    Checking defaults for U/cmr/m/n on input line 9.
LaTeX Font Info:    ... okay on input line 9.
LaTeX Font Info:    Checking defaults for PD1/pdf/m/n on input line 9.
LaTeX Font Info:    ... okay on input line 9.
 ("C:\Program Files\MiKTeX 2.9\tex\context\base\supp-pdf.mkii"
[Loading MPS to PDF converter (version 2006.09.02).]
\scratchcounter=\count184
\scratchdimen=\dimen171
\scratchbox=\box66
\nofMPsegments=\count185
\nofMParguments=\count186
\everyMPshowfont=\toks51
\MPscratchCnt=\count187
\MPscratchDim=\dimen172
\MPnumerator=\count188
\makeMPintoPDFobject=\count189
\everyMPtoPDFconversion=\toks52
) ("C:\Program Files\MiKTeX 2.9\tex\latex\oberdiek\epstopdf-base.sty"
Package: epstopdf-base 2016/05/15 v2.6 Base part for package epstopdf

("C:\Program Files\MiKTeX 2.9\tex\latex\oberdiek\grfext.sty"
Package: grfext 2016/05/16 v1.2 Manage graphics extensions (HO)
)
Package epstopdf-base Info: Redefining graphics rule for `.eps' on input line 4
38.
Package grfext Info: Graphics extension search list:
(grfext)             [.pdf,.png,.jpg,.mps,.jpeg,.jbig2,.jb2,.PDF,.PNG,.JPG,.JPE
G,.JBIG2,.JB2,.eps]
(grfext)             \AppendGraphicsExtensions on input line 456.
)
Package caption Info: Begin \AtBeginDocument code.
Package caption Info: hyperref package is loaded.
Package caption Info: End \AtBeginDocument code.
\AtBeginShipoutBox=\box67
Package hyperref Info: Link coloring ON on input line 9.

("C:\Program Files\MiKTeX 2.9\tex\latex\hyperref\nameref.sty"
Package: nameref 2016/05/21 v2.44 Cross-referencing by name of section

("C:\Program Files\MiKTeX 2.9\tex\generic\oberdiek\gettitlestring.sty"
Package: gettitlestring 2016/05/16 v1.5 Cleanup title references (HO)
)
\c@section@level=\count190
)
LaTeX Info: Redefining \ref on input line 9.
LaTeX Info: Redefining \pageref on input line 9.
LaTeX Info: Redefining \nameref on input line 9.

(QBook.out) (QBook.out)
\@outlinefile=\write4
\openout4 = `QBook.out'.

 ABD: EveryShipout initializing macros
LaTeX Font Info:    Try loading font information for U+msa on input line 12.

("C:\Program Files\MiKTeX 2.9\tex\latex\amsfonts\umsa.fd"
File: umsa.fd 2013/01/14 v3.01 AMS symbols A
)
LaTeX Font Info:    Try loading font information for U+msb on input line 12.

("C:\Program Files\MiKTeX 2.9\tex\latex\amsfonts\umsb.fd"
File: umsb.fd 2013/01/14 v3.01 AMS symbols B
)
LaTeX Font Info:    Try loading font information for U+rsfs on input line 12.

("C:\Program Files\MiKTeX 2.9\tex\latex\jknappen\ursfs.fd"
File: ursfs.fd 1998/03/24 rsfs font definition file (jk)
)
LaTeX Font Info:    Try loading font information for U+esint on input line 12.

("C:\Program Files\MiKTeX 2.9\tex\latex\esint\uesint.fd"
File: uesint.fd 
) [1


{C:/Users/tancy/AppData/Local/MiKTeX/2.9/pdftex/config/pdftex.map}] [2

] (QBook.toc [3] [4]
[5] [6] [7] [8] [9]
Overfull \hbox (3.8201pt too wide) in paragraph at lines 326--326
 [][] [][][]\OT1/cmr/m/n/10 Measures of Scale: Vari-ance, Stan-dard De-vi-a-tio
n, Ge-o-met-ric Stan- 
 []

[10]
Overfull \hbox (12.30626pt too wide) in paragraph at lines 373--373
 [][] [][][]\OT1/cmr/m/n/10 Linear Mod-els, Es-timable Func-tions, Least Square
s Es-ti-mates=LSE, 
 []

[11]
Overfull \hbox (4.7778pt too wide) detected at line 379
\OT1/cmr/m/n/10 11.100 
 []


Overfull \hbox (4.7778pt too wide) detected at line 380
\OT1/cmr/m/n/10 11.101 
 []


Overfull \hbox (19.97295pt too wide) in paragraph at lines 380--380
 [][] [][][]\OT1/cmr/m/n/10 Simultaneous Con-fi-dence Sets, Bon-fer-roni, Schef
fe Pro-jec-tion Method, 
 []


Overfull \hbox (4.7778pt too wide) detected at line 381
\OT1/cmr/m/n/10 11.102 
 []


Overfull \hbox (4.7778pt too wide) detected at line 382
\OT1/cmr/m/n/10 11.103 
 []


Overfull \hbox (4.7778pt too wide) detected at line 383
\OT1/cmr/m/n/10 11.104 
 []


Overfull \hbox (4.7778pt too wide) detected at line 384
\OT1/cmr/m/n/10 11.105 
 []


Overfull \hbox (4.7778pt too wide) detected at line 385
\OT1/cmr/m/n/10 11.106 
 []


Overfull \hbox (4.7778pt too wide) detected at line 386
\OT1/cmr/m/n/10 11.107 
 []


Overfull \hbox (4.7778pt too wide) detected at line 387
\OT1/cmr/m/n/10 11.108 
 []


Overfull \hbox (4.7778pt too wide) detected at line 388
\OT1/cmr/m/n/10 11.109 
 []


Overfull \hbox (4.7778pt too wide) detected at line 389
\OT1/cmr/m/n/10 11.110 
 []


Overfull \hbox (4.7778pt too wide) detected at line 390
\OT1/cmr/m/n/10 11.111 
 []


Overfull \hbox (4.7778pt too wide) detected at line 391
\OT1/cmr/m/n/10 11.112 
 []


Overfull \hbox (0.88945pt too wide) in paragraph at lines 391--391
 \OT1/cmr/m/n/10 Es-ti-ma-tion and Test-ing in Terms of the De-ci-sion The-o-re
tic Frame- 
 []


Overfull \hbox (4.7778pt too wide) detected at line 392
\OT1/cmr/m/n/10 11.113 
 []


Overfull \hbox (4.7778pt too wide) detected at line 393
\OT1/cmr/m/n/10 11.114 
 []


Overfull \hbox (4.7778pt too wide) detected at line 394
\OT1/cmr/m/n/10 11.115 
 []


Overfull \hbox (4.7778pt too wide) detected at line 395
\OT1/cmr/m/n/10 11.116 
 []


Overfull \hbox (4.7778pt too wide) detected at line 396
\OT1/cmr/m/n/10 11.117 
 []


Overfull \hbox (4.7778pt too wide) detected at line 397
\OT1/cmr/m/n/10 11.118 
 []


Overfull \hbox (4.7778pt too wide) detected at line 398
\OT1/cmr/m/n/10 11.119 
 []


Overfull \hbox (4.7778pt too wide) detected at line 399
\OT1/cmr/m/n/10 11.120 
 []


Overfull \hbox (4.7778pt too wide) detected at line 400
\OT1/cmr/m/n/10 11.121 
 []


Overfull \hbox (4.7778pt too wide) detected at line 401
\OT1/cmr/m/n/10 11.122 
 []


Overfull \hbox (4.7778pt too wide) detected at line 402
\OT1/cmr/m/n/10 11.123 
 []


Overfull \hbox (4.7778pt too wide) detected at line 403
\OT1/cmr/m/n/10 11.124 
 []


Overfull \hbox (4.7778pt too wide) detected at line 404
\OT1/cmr/m/n/10 11.125 
 []

[12]
Overfull \hbox (4.7778pt too wide) detected at line 405
\OT1/cmr/m/n/10 11.126 
 []


Overfull \hbox (4.7778pt too wide) detected at line 406
\OT1/cmr/m/n/10 11.127 
 []


Overfull \hbox (4.7778pt too wide) detected at line 407
\OT1/cmr/m/n/10 11.128 
 []


Overfull \hbox (4.7778pt too wide) detected at line 408
\OT1/cmr/m/n/10 11.129 
 []


Overfull \hbox (4.7778pt too wide) detected at line 409
\OT1/cmr/m/n/10 11.130 
 []


Overfull \hbox (4.7778pt too wide) detected at line 410
\OT1/cmr/m/n/10 11.131 
 []


Overfull \hbox (4.7778pt too wide) detected at line 411
\OT1/cmr/m/n/10 11.132 
 []


Overfull \hbox (3.55565pt too wide) detected at line 412
\OT1/cmr/m/n/10 11.132.1 
 []


Overfull \hbox (3.55565pt too wide) detected at line 413
\OT1/cmr/m/n/10 11.132.2 
 []


Overfull \hbox (3.55565pt too wide) detected at line 414
\OT1/cmr/m/n/10 11.132.3 
 []


Overfull \hbox (3.55565pt too wide) detected at line 415
\OT1/cmr/m/n/10 11.132.4 
 []


Overfull \hbox (4.7778pt too wide) detected at line 416
\OT1/cmr/m/n/10 11.133 
 []


Overfull \hbox (3.55565pt too wide) detected at line 417
\OT1/cmr/m/n/10 11.133.1 
 []


Overfull \hbox (4.7778pt too wide) detected at line 418
\OT1/cmr/m/n/10 11.134 
 []


Overfull \hbox (4.7778pt too wide) detected at line 419
\OT1/cmr/m/n/10 11.135 
 []


Overfull \hbox (4.7778pt too wide) detected at line 420
\OT1/cmr/m/n/10 11.136 
 []


Overfull \hbox (3.55565pt too wide) detected at line 421
\OT1/cmr/m/n/10 11.136.1 
 []


Overfull \hbox (4.7778pt too wide) detected at line 422
\OT1/cmr/m/n/10 11.137 
 []


Overfull \hbox (3.55565pt too wide) detected at line 423
\OT1/cmr/m/n/10 11.137.1 
 []


Overfull \hbox (3.55565pt too wide) detected at line 424
\OT1/cmr/m/n/10 11.137.2 
 []


Overfull \hbox (4.7778pt too wide) detected at line 425
\OT1/cmr/m/n/10 11.138 
 []


Overfull \hbox (4.7778pt too wide) detected at line 426
\OT1/cmr/m/n/10 11.139 
 []


Overfull \hbox (4.7778pt too wide) detected at line 427
\OT1/cmr/m/n/10 11.140 
 []


Overfull \hbox (4.7778pt too wide) detected at line 428
\OT1/cmr/m/n/10 11.141 
 []


Overfull \hbox (4.7778pt too wide) detected at line 429
\OT1/cmr/m/n/10 11.142 
 []


Overfull \hbox (4.7778pt too wide) detected at line 430
\OT1/cmr/m/n/10 11.143 
 []


Overfull \hbox (4.7778pt too wide) detected at line 431
\OT1/cmr/m/n/10 11.144 
 []


Overfull \hbox (4.7778pt too wide) detected at line 432
\OT1/cmr/m/n/10 11.145 
 []


Overfull \hbox (4.7778pt too wide) detected at line 433
\OT1/cmr/m/n/10 11.146 
 []


Overfull \hbox (3.55565pt too wide) detected at line 434
\OT1/cmr/m/n/10 11.146.1 
 []


Overfull \hbox (3.55565pt too wide) detected at line 435
\OT1/cmr/m/n/10 11.146.2 
 []


Overfull \hbox (3.55565pt too wide) detected at line 436
\OT1/cmr/m/n/10 11.146.3 
 []


Overfull \hbox (3.55565pt too wide) detected at line 437
\OT1/cmr/m/n/10 11.146.4 
 []


Overfull \hbox (3.55565pt too wide) detected at line 438
\OT1/cmr/m/n/10 11.146.5 
 []


Overfull \hbox (3.55565pt too wide) detected at line 439
\OT1/cmr/m/n/10 11.146.6 
 []


Overfull \hbox (4.7778pt too wide) detected at line 440
\OT1/cmr/m/n/10 11.147 
 []


Overfull \hbox (4.7778pt too wide) detected at line 441
\OT1/cmr/m/n/10 11.148 
 []


Overfull \hbox (4.7778pt too wide) detected at line 442
\OT1/cmr/m/n/10 11.149 
 []


Overfull \hbox (4.7778pt too wide) detected at line 443
\OT1/cmr/m/n/10 11.150 
 []


Overfull \hbox (4.7778pt too wide) detected at line 444
\OT1/cmr/m/n/10 11.151 
 []


Overfull \hbox (4.7778pt too wide) detected at line 445
\OT1/cmr/m/n/10 11.152 
 []


Overfull \hbox (4.7778pt too wide) detected at line 446
\OT1/cmr/m/n/10 11.153 
 []


Overfull \hbox (3.55565pt too wide) detected at line 447
\OT1/cmr/m/n/10 11.153.1 
 []


Overfull \hbox (3.55565pt too wide) detected at line 448
\OT1/cmr/m/n/10 11.153.2 
 []


Overfull \hbox (1.80624pt too wide) in paragraph at lines 448--448
 [][] [][][]\OT1/cmr/m/n/10 Convolutions: Sum of Nor-mally Dis-tributed Ran-dom
 Vari- 
 []


Overfull \hbox (3.55565pt too wide) detected at line 449
\OT1/cmr/m/n/10 11.153.3 
 []

[13]
Overfull \hbox (3.55565pt too wide) detected at line 450
\OT1/cmr/m/n/10 11.153.4 
 []


Overfull \hbox (4.7778pt too wide) detected at line 451
\OT1/cmr/m/n/10 11.154 
 []


Overfull \hbox (4.7778pt too wide) detected at line 452
\OT1/cmr/m/n/10 11.155 
 []


Overfull \hbox (3.55565pt too wide) detected at line 453
\OT1/cmr/m/n/10 11.155.1 
 []


Overfull \hbox (3.55565pt too wide) detected at line 454
\OT1/cmr/m/n/10 11.155.2 
 []


Overfull \hbox (3.55565pt too wide) detected at line 455
\OT1/cmr/m/n/10 11.155.3 
 []


Overfull \hbox (3.55565pt too wide) detected at line 456
\OT1/cmr/m/n/10 11.155.4 
 []


Overfull \hbox (3.55565pt too wide) detected at line 457
\OT1/cmr/m/n/10 11.155.5 
 []


Overfull \hbox (3.55565pt too wide) detected at line 458
\OT1/cmr/m/n/10 11.155.6 
 []


Overfull \hbox (3.55565pt too wide) detected at line 459
\OT1/cmr/m/n/10 11.155.7 
 []


Overfull \hbox (3.55565pt too wide) detected at line 460
\OT1/cmr/m/n/10 11.155.8 
 []


Overfull \hbox (3.55565pt too wide) detected at line 461
\OT1/cmr/m/n/10 11.155.9 
 []


Overfull \hbox (4.7778pt too wide) detected at line 462
\OT1/cmr/m/n/10 11.156 
 []


Overfull \hbox (3.55565pt too wide) detected at line 463
\OT1/cmr/m/n/10 11.156.1 
 []


Overfull \hbox (3.55565pt too wide) detected at line 464
\OT1/cmr/m/n/10 11.156.2 
 []


Overfull \hbox (3.55565pt too wide) detected at line 465
\OT1/cmr/m/n/10 11.156.3 
 []


Overfull \hbox (3.55565pt too wide) detected at line 466
\OT1/cmr/m/n/10 11.156.4 
 []


Overfull \hbox (3.55565pt too wide) detected at line 469
\OT1/cmr/m/n/10 11.156.5 
 []


Overfull \hbox (3.55565pt too wide) detected at line 472
\OT1/cmr/m/n/10 11.156.6 
 []


Overfull \hbox (3.55565pt too wide) detected at line 473
\OT1/cmr/m/n/10 11.156.7 
 []


Overfull \hbox (3.55565pt too wide) detected at line 474
\OT1/cmr/m/n/10 11.156.8 
 []


Overfull \hbox (3.55565pt too wide) detected at line 475
\OT1/cmr/m/n/10 11.156.9 
 []


Overfull \hbox (8.55566pt too wide) detected at line 476
\OT1/cmr/m/n/10 11.156.10 
 []


Overfull \hbox (8.55566pt too wide) detected at line 477
\OT1/cmr/m/n/10 11.156.11 
 []


Overfull \hbox (8.55566pt too wide) detected at line 478
\OT1/cmr/m/n/10 11.156.12 
 []


Overfull \hbox (4.7778pt too wide) detected at line 479
\OT1/cmr/m/n/10 11.157 
 []


Overfull \hbox (4.7778pt too wide) detected at line 480
\OT1/cmr/m/n/10 11.158 
 []


Overfull \hbox (4.7778pt too wide) detected at line 481
\OT1/cmr/m/n/10 11.159 
 []


Overfull \hbox (4.7778pt too wide) detected at line 482
\OT1/cmr/m/n/10 11.160 
 []


Overfull \hbox (4.7778pt too wide) detected at line 483
\OT1/cmr/m/n/10 11.161 
 []


Overfull \hbox (4.7778pt too wide) detected at line 484
\OT1/cmr/m/n/10 11.162 
 []


Overfull \hbox (4.7778pt too wide) detected at line 485
\OT1/cmr/m/n/10 11.163 
 []


Overfull \hbox (4.7778pt too wide) detected at line 486
\OT1/cmr/m/n/10 11.164 
 []


Overfull \hbox (4.7778pt too wide) detected at line 487
\OT1/cmr/m/n/10 11.165 
 []


Overfull \hbox (4.7778pt too wide) detected at line 488
\OT1/cmr/m/n/10 11.166 
 []


Overfull \hbox (4.7778pt too wide) detected at line 489
\OT1/cmr/m/n/10 11.167 
 []


Overfull \hbox (4.7778pt too wide) detected at line 490
\OT1/cmr/m/n/10 11.168 
 []


Overfull \hbox (4.7778pt too wide) detected at line 491
\OT1/cmr/m/n/10 11.169 
 []


Overfull \hbox (4.7778pt too wide) detected at line 492
\OT1/cmr/m/n/10 11.170 
 []


Overfull \hbox (4.7778pt too wide) detected at line 493
\OT1/cmr/m/n/10 11.171 
 []


Overfull \hbox (4.7778pt too wide) detected at line 494
\OT1/cmr/m/n/10 11.172 
 []


Overfull \hbox (4.7778pt too wide) detected at line 495
\OT1/cmr/m/n/10 11.173 
 []


Overfull \hbox (4.7778pt too wide) detected at line 496
\OT1/cmr/m/n/10 11.174 
 []


Overfull \hbox (4.7778pt too wide) detected at line 497
\OT1/cmr/m/n/10 11.175 
 []


Overfull \hbox (4.7778pt too wide) detected at line 498
\OT1/cmr/m/n/10 11.176 
 []

[14]
Overfull \hbox (4.7778pt too wide) detected at line 499
\OT1/cmr/m/n/10 11.177 
 []


Overfull \hbox (4.7778pt too wide) detected at line 500
\OT1/cmr/m/n/10 11.178 
 []


Overfull \hbox (4.7778pt too wide) detected at line 501
\OT1/cmr/m/n/10 11.179 
 []


Overfull \hbox (4.7778pt too wide) detected at line 502
\OT1/cmr/m/n/10 11.180 
 []


Overfull \hbox (3.55565pt too wide) detected at line 503
\OT1/cmr/m/n/10 11.180.1 
 []


Overfull \hbox (3.55565pt too wide) detected at line 504
\OT1/cmr/m/n/10 11.180.2 
 []


Overfull \hbox (4.7778pt too wide) detected at line 505
\OT1/cmr/m/n/10 11.181 
 []


Overfull \hbox (4.7778pt too wide) detected at line 506
\OT1/cmr/m/n/10 11.182 
 []


Overfull \hbox (4.7778pt too wide) detected at line 507
\OT1/cmr/m/n/10 11.183 
 []


Overfull \hbox (4.7778pt too wide) detected at line 508
\OT1/cmr/m/n/10 11.184 
 []


Overfull \hbox (4.7778pt too wide) detected at line 509
\OT1/cmr/m/n/10 11.185 
 []


Overfull \hbox (4.7778pt too wide) detected at line 510
\OT1/cmr/m/n/10 11.186 
 []


Overfull \hbox (4.7778pt too wide) detected at line 511
\OT1/cmr/m/n/10 11.187 
 []


Overfull \hbox (4.7778pt too wide) detected at line 512
\OT1/cmr/m/n/10 11.188 
 []


Overfull \hbox (4.7778pt too wide) detected at line 513
\OT1/cmr/m/n/10 11.189 
 []


Overfull \hbox (4.7778pt too wide) detected at line 514
\OT1/cmr/m/n/10 11.190 
 []


Overfull \hbox (4.7778pt too wide) detected at line 515
\OT1/cmr/m/n/10 11.191 
 []


Overfull \hbox (4.7778pt too wide) detected at line 516
\OT1/cmr/m/n/10 11.192 
 []


Overfull \hbox (4.7778pt too wide) detected at line 517
\OT1/cmr/m/n/10 11.193 
 []


Overfull \hbox (4.7778pt too wide) detected at line 518
\OT1/cmr/m/n/10 11.194 
 []


Overfull \hbox (4.7778pt too wide) detected at line 519
\OT1/cmr/m/n/10 11.195 
 []


Overfull \hbox (4.7778pt too wide) detected at line 520
\OT1/cmr/m/n/10 11.196 
 []


Overfull \hbox (4.7778pt too wide) detected at line 521
\OT1/cmr/m/n/10 11.197 
 []


Overfull \hbox (4.7778pt too wide) detected at line 522
\OT1/cmr/m/n/10 11.198 
 []


Overfull \hbox (4.7778pt too wide) detected at line 523
\OT1/cmr/m/n/10 11.199 
 []


Overfull \hbox (4.7778pt too wide) detected at line 524
\OT1/cmr/m/n/10 11.200 
 []


Overfull \hbox (4.7778pt too wide) detected at line 525
\OT1/cmr/m/n/10 11.201 
 []


Overfull \hbox (4.7778pt too wide) detected at line 526
\OT1/cmr/m/n/10 11.202 
 []


Overfull \hbox (4.7778pt too wide) detected at line 529
\OT1/cmr/m/n/10 11.203 
 []


Overfull \hbox (4.7778pt too wide) detected at line 530
\OT1/cmr/m/n/10 11.204 
 []


Overfull \hbox (4.7778pt too wide) detected at line 531
\OT1/cmr/m/n/10 11.205 
 []


Overfull \hbox (4.7778pt too wide) detected at line 532
\OT1/cmr/m/n/10 11.206 
 []


Overfull \hbox (4.7778pt too wide) detected at line 537
\OT1/cmr/m/n/10 11.207 
 []


Overfull \hbox (4.7778pt too wide) detected at line 538
\OT1/cmr/m/n/10 11.208 
 []


Overfull \hbox (4.7778pt too wide) detected at line 539
\OT1/cmr/m/n/10 11.209 
 []


Overfull \hbox (4.7778pt too wide) detected at line 540
\OT1/cmr/m/n/10 11.210 
 []


Overfull \hbox (4.7778pt too wide) detected at line 541
\OT1/cmr/m/n/10 11.211 
 []


Overfull \hbox (4.7778pt too wide) detected at line 542
\OT1/cmr/m/n/10 11.212 
 []


Overfull \hbox (4.7778pt too wide) detected at line 543
\OT1/cmr/m/n/10 11.213 
 []


Overfull \hbox (4.7778pt too wide) detected at line 544
\OT1/cmr/m/n/10 11.214 
 []


Overfull \hbox (4.7778pt too wide) detected at line 545
\OT1/cmr/m/n/10 11.215 
 []


Overfull \hbox (3.55565pt too wide) detected at line 546
\OT1/cmr/m/n/10 11.215.1 
 []


Overfull \hbox (3.55565pt too wide) detected at line 547
\OT1/cmr/m/n/10 11.215.2 
 []

[15]
Overfull \hbox (4.7778pt too wide) detected at line 548
\OT1/cmr/m/n/10 11.216 
 []


Overfull \hbox (4.7778pt too wide) detected at line 549
\OT1/cmr/m/n/10 11.217 
 []


Overfull \hbox (4.7778pt too wide) detected at line 550
\OT1/cmr/m/n/10 11.218 
 []


Overfull \hbox (3.55565pt too wide) detected at line 551
\OT1/cmr/m/n/10 11.218.1 
 []


Overfull \hbox (3.55565pt too wide) detected at line 552
\OT1/cmr/m/n/10 11.218.2 
 []


Overfull \hbox (4.7778pt too wide) detected at line 553
\OT1/cmr/m/n/10 11.219 
 []


Overfull \hbox (4.7778pt too wide) detected at line 554
\OT1/cmr/m/n/10 11.220 
 []


Overfull \hbox (4.7778pt too wide) detected at line 555
\OT1/cmr/m/n/10 11.221 
 []


Overfull \hbox (4.7778pt too wide) detected at line 556
\OT1/cmr/m/n/10 11.222 
 []


Overfull \hbox (4.7778pt too wide) detected at line 557
\OT1/cmr/m/n/10 11.223 
 []


Overfull \hbox (4.7778pt too wide) detected at line 558
\OT1/cmr/m/n/10 11.224 
 []


Overfull \hbox (4.7778pt too wide) detected at line 559
\OT1/cmr/m/n/10 11.225 
 []


Overfull \hbox (4.7778pt too wide) detected at line 560
\OT1/cmr/m/n/10 11.226 
 []


Overfull \hbox (4.7778pt too wide) detected at line 561
\OT1/cmr/m/n/10 11.227 
 []


Overfull \hbox (4.7778pt too wide) detected at line 562
\OT1/cmr/m/n/10 11.228 
 []


Overfull \hbox (4.7778pt too wide) detected at line 563
\OT1/cmr/m/n/10 11.229 
 []


Overfull \hbox (4.7778pt too wide) detected at line 564
\OT1/cmr/m/n/10 11.230 
 []


Overfull \hbox (4.7778pt too wide) detected at line 565
\OT1/cmr/m/n/10 11.231 
 []


Overfull \hbox (4.7778pt too wide) detected at line 566
\OT1/cmr/m/n/10 11.232 
 []


Overfull \hbox (4.7778pt too wide) detected at line 567
\OT1/cmr/m/n/10 11.233 
 []


Overfull \hbox (4.7778pt too wide) detected at line 568
\OT1/cmr/m/n/10 11.234 
 []


Overfull \hbox (4.7778pt too wide) detected at line 569
\OT1/cmr/m/n/10 11.235 
 []


Overfull \hbox (4.7778pt too wide) detected at line 570
\OT1/cmr/m/n/10 11.236 
 []


Overfull \hbox (4.7778pt too wide) detected at line 571
\OT1/cmr/m/n/10 11.237 
 []


Overfull \hbox (4.7778pt too wide) detected at line 572
\OT1/cmr/m/n/10 11.238 
 []


Overfull \hbox (4.7778pt too wide) detected at line 573
\OT1/cmr/m/n/10 11.239 
 []


Overfull \hbox (4.7778pt too wide) detected at line 574
\OT1/cmr/m/n/10 11.240 
 []


Overfull \hbox (4.7778pt too wide) detected at line 575
\OT1/cmr/m/n/10 11.241 
 []


Overfull \hbox (4.7778pt too wide) detected at line 576
\OT1/cmr/m/n/10 11.242 
 []


Overfull \hbox (4.7778pt too wide) detected at line 577
\OT1/cmr/m/n/10 11.243 
 []


Overfull \hbox (4.7778pt too wide) detected at line 578
\OT1/cmr/m/n/10 11.244 
 []


Overfull \hbox (4.7778pt too wide) detected at line 579
\OT1/cmr/m/n/10 11.245 
 []


Overfull \hbox (4.7778pt too wide) detected at line 580
\OT1/cmr/m/n/10 11.246 
 []


Overfull \hbox (4.7778pt too wide) detected at line 581
\OT1/cmr/m/n/10 11.247 
 []


Overfull \hbox (4.7778pt too wide) detected at line 582
\OT1/cmr/m/n/10 11.248 
 []


Overfull \hbox (3.55565pt too wide) detected at line 583
\OT1/cmr/m/n/10 11.248.1 
 []


Overfull \hbox (3.55565pt too wide) detected at line 584
\OT1/cmr/m/n/10 11.248.2 
 []


Overfull \hbox (4.7778pt too wide) detected at line 585
\OT1/cmr/m/n/10 11.249 
 []


Overfull \hbox (3.55565pt too wide) detected at line 586
\OT1/cmr/m/n/10 11.249.1 
 []


Overfull \hbox (3.55565pt too wide) detected at line 589
\OT1/cmr/m/n/10 11.249.2 
 []


Overfull \hbox (4.7778pt too wide) detected at line 590
\OT1/cmr/m/n/10 11.250 
 []


Overfull \hbox (4.7778pt too wide) detected at line 591
\OT1/cmr/m/n/10 11.251 
 []


Overfull \hbox (3.55565pt too wide) detected at line 592
\OT1/cmr/m/n/10 11.251.1 
 []


Overfull \hbox (3.55565pt too wide) detected at line 593
\OT1/cmr/m/n/10 11.251.2 
 []


Overfull \hbox (3.55565pt too wide) detected at line 594
\OT1/cmr/m/n/10 11.251.3 
 []


Overfull \hbox (3.55565pt too wide) detected at line 595
\OT1/cmr/m/n/10 11.251.4 
 []

[16]
Overfull \hbox (4.7778pt too wide) detected at line 596
\OT1/cmr/m/n/10 11.252 
 []


Overfull \hbox (3.55565pt too wide) detected at line 597
\OT1/cmr/m/n/10 11.252.1 
 []


Overfull \hbox (4.7778pt too wide) detected at line 598
\OT1/cmr/m/n/10 11.253 
 []


Overfull \hbox (4.7778pt too wide) detected at line 599
\OT1/cmr/m/n/10 11.254 
 []


Overfull \hbox (4.7778pt too wide) detected at line 600
\OT1/cmr/m/n/10 11.255 
 []


Overfull \hbox (4.7778pt too wide) detected at line 601
\OT1/cmr/m/n/10 11.256 
 []


Overfull \hbox (4.7778pt too wide) detected at line 602
\OT1/cmr/m/n/10 11.257 
 []


Overfull \hbox (4.7778pt too wide) detected at line 603
\OT1/cmr/m/n/10 11.258 
 []


Overfull \hbox (4.7778pt too wide) detected at line 604
\OT1/cmr/m/n/10 11.259 
 []


Overfull \hbox (4.7778pt too wide) detected at line 605
\OT1/cmr/m/n/10 11.260 
 []


Overfull \hbox (4.7778pt too wide) detected at line 606
\OT1/cmr/m/n/10 11.261 
 []


Overfull \hbox (3.55565pt too wide) detected at line 607
\OT1/cmr/m/n/10 11.261.1 
 []


Overfull \hbox (3.55565pt too wide) detected at line 608
\OT1/cmr/m/n/10 11.261.2 
 []


Overfull \hbox (4.7778pt too wide) detected at line 609
\OT1/cmr/m/n/10 11.262 
 []


Overfull \hbox (3.55565pt too wide) detected at line 610
\OT1/cmr/m/n/10 11.262.1 
 []


Overfull \hbox (3.55565pt too wide) detected at line 611
\OT1/cmr/m/n/10 11.262.2 
 []


Overfull \hbox (3.55565pt too wide) detected at line 612
\OT1/cmr/m/n/10 11.262.3 
 []


Overfull \hbox (4.7778pt too wide) detected at line 613
\OT1/cmr/m/n/10 11.263 
 []


Overfull \hbox (4.7778pt too wide) detected at line 614
\OT1/cmr/m/n/10 11.264 
 []


Overfull \hbox (4.7778pt too wide) detected at line 615
\OT1/cmr/m/n/10 11.265 
 []


Overfull \hbox (4.7778pt too wide) detected at line 616
\OT1/cmr/m/n/10 11.266 
 []


Overfull \hbox (4.7778pt too wide) detected at line 617
\OT1/cmr/m/n/10 11.267 
 []

[17])
\tf@toc=\write5
\openout5 = `QBook.toc'.

 (preface.tex [18]) [19

] [20

] [21] [22]
(Quantitative_Finance/Quantitative_Finance.tex
Chapter 1.
[23

] [24

]
Chapter 2.

Package hyperref Warning: Token not allowed in a PDF string (PDFDocEncoding):
(hyperref)                removing `math shift' on input line 13.


Package hyperref Warning: Token not allowed in a PDF string (PDFDocEncoding):
(hyperref)                removing `\sigma' on input line 13.


Package hyperref Warning: Token not allowed in a PDF string (PDFDocEncoding):
(hyperref)                removing `math shift' on input line 13.

[25]
Overfull \hbox (6.53448pt too wide) detected at line 50
[]
 []


Overfull \hbox (12.53294pt too wide) detected at line 65
[]
 []

[26]
Overfull \hbox (49.22409pt too wide) detected at line 71
[]
 []


Overfull \hbox (17.72081pt too wide) detected at line 79
[]
 []


Package hyperref Warning: Token not allowed in a PDF string (PDFDocEncoding):
(hyperref)                removing `math shift' on input line 112.


Package hyperref Warning: Token not allowed in a PDF string (PDFDocEncoding):
(hyperref)                removing `\chi' on input line 112.


Package hyperref Warning: Token not allowed in a PDF string (PDFDocEncoding):
(hyperref)                removing `superscript' on input line 112.


Package hyperref Warning: Token not allowed in a PDF string (PDFDocEncoding):
(hyperref)                removing `math shift' on input line 112.

[27] [28]
Chapter 3.
[29

] [30

]
Chapter 4.
[31] [32

]
Chapter 5.

Underfull \vbox (badness 10000) has occurred while \output is active []

 [33]
Overfull \vbox (9.69435pt too high) has occurred while \output is active []


[34] [35] [36

]
Chapter 6.
[37] [38

]
Chapter 7.
)
Underfull \vbox (badness 10000) has occurred while \output is active []

 [39]
Overfull \vbox (51.0274pt too high) has occurred while \output is active []


[40] [41

] [42] (Mathematics/Mathematics.tex
(Mathematics/Analysis/Calculus/Calculus.tex
Chapter 8.
Package hyperref Info: bookmark level for unknown thm defaults to 0 on input li
ne 4.

Overfull \hbox (55.16193pt too wide) in paragraph at lines 25--27
[]\OT1/cmr/bx/n/10 Alternating Se-ries Test. \OT1/cmr/m/n/10 If the al-ter-nat-
ing se-ries $[][](\OMS/cmsy/m/n/10  \OT1/cmr/m/n/10 1)[]\OML/cmm/m/it/10 b[]; \
OT1/cmr/m/n/10 (\OML/cmm/m/it/10 b[] >
 []

) (Mathematics/Analysis/AdvancedCalculus/AdvancedCalculus.tex [43

] [44]
Chapter 9.

Package hyperref Warning: Token not allowed in a PDF string (PDFDocEncoding):
(hyperref)                removing `math shift' on input line 3.


Package hyperref Warning: Token not allowed in a PDF string (PDFDocEncoding):
(hyperref)                removing `\mathop' on input line 3.


Package hyperref Warning: Token not allowed in a PDF string (PDFDocEncoding):
(hyperref)                removing `\mathgroup' on input line 3.


Package hyperref Warning: Token not allowed in a PDF string (PDFDocEncoding):
(hyperref)                removing `\symoperators' on input line 3.


Package hyperref Warning: Token not allowed in a PDF string (PDFDocEncoding):
(hyperref)                \kern 1.66702pt
(hyperref)                removed on input line 3.


Package hyperref Warning: Token not allowed in a PDF string (PDFDocEncoding):
(hyperref)                removing `\nmlimits@' on input line 3.


Package hyperref Warning: Token not allowed in a PDF string (PDFDocEncoding):
(hyperref)                removing `math shift' on input line 3.


Package hyperref Warning: Token not allowed in a PDF string (PDFDocEncoding):
(hyperref)                removing `math shift' on input line 3.


Package hyperref Warning: Token not allowed in a PDF string (PDFDocEncoding):
(hyperref)                removing `\mathop' on input line 3.


Package hyperref Warning: Token not allowed in a PDF string (PDFDocEncoding):
(hyperref)                removing `\mathgroup' on input line 3.


Package hyperref Warning: Token not allowed in a PDF string (PDFDocEncoding):
(hyperref)                removing `\symoperators' on input line 3.


Package hyperref Warning: Token not allowed in a PDF string (PDFDocEncoding):
(hyperref)                \kern 1.66702pt
(hyperref)                removed on input line 3.


Package hyperref Warning: Token not allowed in a PDF string (PDFDocEncoding):
(hyperref)                removing `\nmlimits@' on input line 3.


Package hyperref Warning: Token not allowed in a PDF string (PDFDocEncoding):
(hyperref)                removing `math shift' on input line 3.

Package hyperref Info: bookmark level for unknown deff defaults to 0 on input l
ine 4.
Package hyperref Info: bookmark level for unknown prop defaults to 0 on input l
ine 13.

Package hyperref Warning: Token not allowed in a PDF string (PDFDocEncoding):
(hyperref)                removing `math shift' on input line 22.


Package hyperref Warning: Token not allowed in a PDF string (PDFDocEncoding):
(hyperref)                removing `superscript' on input line 22.


Package hyperref Warning: Token not allowed in a PDF string (PDFDocEncoding):
(hyperref)                removing `math shift' on input line 22.

Package hyperref Info: bookmark level for unknown ex defaults to 0 on input lin
e 31.
[45

]

Package hyperref Warning: Token not allowed in a PDF string (PDFDocEncoding):
(hyperref)                removing `math shift' on input line 38.


Package hyperref Warning: Token not allowed in a PDF string (PDFDocEncoding):
(hyperref)                removing `superscript' on input line 38.


Package hyperref Warning: Token not allowed in a PDF string (PDFDocEncoding):
(hyperref)                removing `math shift' on input line 38.

[46] (Mathematics/Analysis/AdvancedCalculus/Chapter1.tex)
(Mathematics/Analysis/AdvancedCalculus/Chapter2.tex [47]

LaTeX Warning: The counter will not be printed.
             The label is:  on input line 20.

[48]
Overfull \hbox (21.75012pt too wide) in paragraph at lines 50--51
[]$\OML/cmm/m/it/10 A$ \OT1/cmr/m/n/10 is in-fi-nite if and only if $\OML/cmm/m
/it/10 A$ \OT1/cmr/m/n/10 is equiv-a-lent to one of its $[]$. 
 []

Package hyperref Info: bookmark level for unknown cor defaults to 0 on input li
ne 66.
[49] [50]
LaTeX Font Info:    Try loading font information for OMS+cmr on input line 141.

 ("C:\Program Files\MiKTeX 2.9\tex\latex\base\omscmr.fd"
File: omscmr.fd 2014/09/29 v2.5h Standard LaTeX font definitions
)
LaTeX Font Info:    Font shape `OMS/cmr/m/n' in size <10> not available
(Font)              Font shape `OMS/cmsy/m/n' tried instead on input line 141.
 [51]
[52]) (Mathematics/Analysis/AdvancedCalculus/Chapter3.tex
Overfull \hbox (7.39827pt too wide) in paragraph at lines 25--26
[]\OT1/cmr/m/n/10 Suppose $\OMS/cmsy/m/n/10 f\OML/cmm/m/it/10 s[]\OMS/cmsy/m/n/
10 g\OML/cmm/m/it/10 ; \OMS/cmsy/m/n/10 f\OML/cmm/m/it/10 t[]\OMS/cmsy/m/n/10 g
$ \OT1/cmr/m/n/10 are com-plex se-quences, and $[][]\OMS/cmsy/m/n/10 f\OML/cmm/
m/it/10 s[]\OMS/cmsy/m/n/10 g \OT1/cmr/m/n/10 =
 []

[53] [54] [55] [56] [57]

Package hyperref Warning: Token not allowed in a PDF string (PDFDocEncoding):
(hyperref)                removing `math shift' on input line 201.


Package hyperref Warning: Token not allowed in a PDF string (PDFDocEncoding):
(hyperref)                removing `math shift' on input line 201.

[58] [59] [60] [61]) (Mathematics/Analysis/AdvancedCalculus/Chapter4.tex

LaTeX Warning: Reference `def:function limit' on page 62 undefined on input lin
e 11.

[62]
Overfull \hbox (5.5345pt too wide) in paragraph at lines 19--19
[]\OT1/cmr/m/n/10 Suppose $\OML/cmm/m/it/10 E \OMS/cmsy/m/n/10  \OML/cmm/m/it/
10 X$\OT1/cmr/m/n/10 , a met-ric space, $\OML/cmm/m/it/10 p$ \OT1/cmr/m/n/10 is
 a limit point of $\OML/cmm/m/it/10 E; f[]g$
 []

[63] [64] [65]) (Mathematics/Analysis/AdvancedCalculus/Chapter5.tex [66]

LaTeX Warning: Reference `def:function limit' on page 67 undefined on input lin
e 6.

[67]

LaTeX Warning: Command \textquoteleft invalid in math mode on input line 69.

[68]) (Mathematics/Analysis/AdvancedCalculus/Chapter6.tex [69] [70] [71])
(Mathematics/Analysis/AdvancedCalculus/Chapter7.tex [72] [73] [74] [75])
(Mathematics/Analysis/AdvancedCalculus/Chapter8.tex)
(Mathematics/Analysis/AdvancedCalculus/Chapter9.tex)
(Mathematics/Analysis/AdvancedCalculus/Excercises.tex
Package hyperref Info: bookmark level for unknown prob defaults to 0 on input l
ine 3.


LaTeX Warning: Reference `theo:convergent seq' on page 76 undefined on input li
ne 6.

)) (Mathematics/Analysis/RealAnalysis/RealAnalysis.tex [76]
Chapter 10.

Overfull \hbox (0.49301pt too wide) in paragraph at lines 24--24
[]\OT1/cmr/bx/n/14.4 Measurable Sets and Mea-sur-able Func-tions 
 []

) (Mathematics/Algebra/LinearAlgebra/LinearAlgebra.tex [77

] [78]
(Mathematics/Algebra/LinearAlgebra/I_Theory.tex [79] [80

]
Chapter 11.

LaTeX Warning: The counter will not be printed.
             The label is: (-) on input line 24.

[81] [82]
Package hyperref Info: bookmark level for unknown rmk defaults to 0 on input li
ne 108.
 [83]
(Mathematics/Algebra/LinearAlgebra/Chapters/Vector_Matrix_Derivatives.tex
Underfull \vbox (badness 8075) has occurred while \output is active []

 [84]
Underfull \vbox (badness 1259) has occurred while \output is active []

 [85]
Overfull \hbox (78.50426pt too wide) detected at line 60
[]
 []

[86]
Package hyperref Info: bookmark level for unknown prof defaults to 0 on input l
ine 79.

Overfull \hbox (33.05804pt too wide) detected at line 83
[]
 []

[87] [88])) (Mathematics/Algebra/LinearAlgebra/II_Techniques.tex
Overfull \hbox (2.09735pt too wide) in paragraph at lines 6--7
[]\OT1/cmr/m/n/10 Left mul-ti-pli-ca-tion (pre-multiplication) by an el-e-men-t
ary ma-
 []

[89] [90]

LaTeX Warning: Reference `fig:rotation' on page 91 undefined on input line 85.

[91]

Package hyperref Warning: Token not allowed in a PDF string (PDFDocEncoding):
(hyperref)                removing `math shift' on input line 170.


Package hyperref Warning: Token not allowed in a PDF string (PDFDocEncoding):
(hyperref)                removing `math shift' on input line 170.

[92]

Package hyperref Warning: Token not allowed in a PDF string (PDFDocEncoding):
(hyperref)                removing `math shift' on input line 217.


Package hyperref Warning: Token not allowed in a PDF string (PDFDocEncoding):
(hyperref)                removing `\lambda' on input line 217.


Package hyperref Warning: Token not allowed in a PDF string (PDFDocEncoding):
(hyperref)                removing `math shift' on input line 217.


Package hyperref Warning: Token not allowed in a PDF string (PDFDocEncoding):
(hyperref)                removing `math shift' on input line 220.


Package hyperref Warning: Token not allowed in a PDF string (PDFDocEncoding):
(hyperref)                removing `math shift' on input line 220.

[93] [94]
Overfull \hbox (4.90549pt too wide) in paragraph at lines 318--318
[]\OT1/cmr/bx/n/12 QR De-com-po-si-tion: Givens Ro-ta-tion, House-holder
 []

[95]

Package hyperref Warning: Token not allowed in a PDF string (PDFDocEncoding):
(hyperref)                removing `math shift' on input line 326.


Package hyperref Warning: Token not allowed in a PDF string (PDFDocEncoding):
(hyperref)                removing `\lambda' on input line 326.


Package hyperref Warning: Token not allowed in a PDF string (PDFDocEncoding):
(hyperref)                removing `math shift' on input line 326.

) (Mathematics/Algebra/LinearAlgebra/III_Topics.tex

Package amsmath Warning: Foreign command \atopwithdelims;
(amsmath)                \frac or \genfrac should be used instead
(amsmath)                 on input line 5.

[96] [97])) (Mathematics/Algebra/Abstract_Algebra/Abstract_Algebra.tex [98]))
[99] [100

] [101] [102] (Statistics/Statistics.tex
(Statistics/Statistics/Statistics.tex

Package hyperref Warning: Difference (2) between bookmark levels is greater 
(hyperref)                than one, level fixed on input line 1.


Overfull \hbox (4.81467pt too wide) in paragraph at lines 43--43
[]\OT1/cmr/bx/n/14.4 Measures of Scale: Vari-ance, Stan-dard De-
 []


Overfull \hbox (11.59625pt too wide) in paragraph at lines 46--46
[]\OT1/cmr/bx/n/14.4 Statistical Graph-ics: His-togram, Fre-quency
 []


Overfull \hbox (11.09442pt too wide) in paragraph at lines 46--46
\OT1/cmr/bx/n/14.4 Dis-tri-bu-tion, Quan-tile, Sur-vival Func-tion, and Fail-
 []

[103]
Underfull \vbox (badness 10000) has occurred while \output is active []

 [104]
Overfull \vbox (104.73566pt too high) has occurred while \output is active []


[105]

Package hyperref Warning: Token not allowed in a PDF string (PDFDocEncoding):
(hyperref)                removing `math shift' on input line 85.


Package hyperref Warning: Token not allowed in a PDF string (PDFDocEncoding):
(hyperref)                removing `subscript' on input line 85.


Package hyperref Warning: Token not allowed in a PDF string (PDFDocEncoding):
(hyperref)                removing `math shift' on input line 85.


Package hyperref Warning: Token not allowed in a PDF string (PDFDocEncoding):
(hyperref)                removing `math shift' on input line 85.


Package hyperref Warning: Token not allowed in a PDF string (PDFDocEncoding):
(hyperref)                removing `subscript' on input line 85.


Package hyperref Warning: Token not allowed in a PDF string (PDFDocEncoding):
(hyperref)                removing `math shift' on input line 85.

[106]

Package hyperref Warning: Token not allowed in a PDF string (PDFDocEncoding):
(hyperref)                removing `math shift' on input line 112.


Package hyperref Warning: Token not allowed in a PDF string (PDFDocEncoding):
(hyperref)                removing `subscript' on input line 112.


Package hyperref Warning: Token not allowed in a PDF string (PDFDocEncoding):
(hyperref)                removing `math shift' on input line 112.


Overfull \hbox (14.77077pt too wide) detected at line 120
\OML/cmm/m/it/10 E\OT1/cmr/m/n/10 (\OML/cmm/m/it/10 b[]\OT1/cmr/m/n/10 ) = \OML
/cmm/m/it/10 E [] \OT1/cmr/m/n/10 = \OML/cmm/m/it/10 E [] \OT1/cmr/m/n/10 = \OM
L/cmm/m/it/10 E [] \OT1/cmr/m/n/10 = \OML/cmm/m/it/10 []
 []


Package hyperref Warning: Token not allowed in a PDF string (PDFDocEncoding):
(hyperref)                removing `math shift' on input line 124.


Package hyperref Warning: Token not allowed in a PDF string (PDFDocEncoding):
(hyperref)                removing `subscript' on input line 124.


Package hyperref Warning: Token not allowed in a PDF string (PDFDocEncoding):
(hyperref)                removing `math shift' on input line 124.


Package hyperref Warning: Token not allowed in a PDF string (PDFDocEncoding):
(hyperref)                removing `math shift' on input line 132.


Package hyperref Warning: Token not allowed in a PDF string (PDFDocEncoding):
(hyperref)                removing `subscript' on input line 132.


Package hyperref Warning: Token not allowed in a PDF string (PDFDocEncoding):
(hyperref)                removing `math shift' on input line 132.


Package hyperref Warning: Token not allowed in a PDF string (PDFDocEncoding):
(hyperref)                removing `math shift' on input line 132.


Package hyperref Warning: Token not allowed in a PDF string (PDFDocEncoding):
(hyperref)                removing `subscript' on input line 132.


Package hyperref Warning: Token not allowed in a PDF string (PDFDocEncoding):
(hyperref)                removing `math shift' on input line 132.

[107]
Overfull \hbox (24.91315pt too wide) detected at line 152
\OML/cmm/m/it/10 E\OT1/cmr/m/n/10 (\OML/cmm/m/it/10 b[]\OT1/cmr/m/n/10 ) = \OML
/cmm/m/it/10 E [] \OT1/cmr/m/n/10 = \OML/cmm/m/it/10 E [] \OT1/cmr/m/n/10 = \OM
L/cmm/m/it/10 E [] \OT1/cmr/m/n/10 = \OML/cmm/m/it/10 []
 []

[108]
Underfull \vbox (badness 1308) has occurred while \output is active []

 [109]
Overfull \hbox (32.89029pt too wide) in paragraph at lines 264--264
\OT1/cmr/bx/n/12 P-value, Sig-nif-i-cance level, power, likelihood-ratio test, 
goodness-
 []


Underfull \vbox (badness 4505) has occurred while \output is active []

 [110]
Underfull \vbox (badness 10000) has occurred while \output is active []

 [111]
Overfull \vbox (134.63841pt too high) has occurred while \output is active []


[112]
Overfull \hbox (4.63797pt too wide) in paragraph at lines 282--282
[]\OT1/cmr/bx/n/14.4 Linear Mod-els, Es-timable Func-tions, Least
 []


Overfull \hbox (4.83795pt too wide) in paragraph at lines 283--283
[]\OT1/cmr/bx/n/14.4 Multivariate Nor-mal Dis-tri-bu-tion and Dis-
 []


Overfull \hbox (5.70122pt too wide) in paragraph at lines 287--287
[]\OT1/cmr/bx/n/14.4 Correlation, Mul-ti-ple Cor-re-la-tion and Par-
 []


Overfull \hbox (2.1562pt too wide) in paragraph at lines 290--290
\OT1/cmr/bx/n/14.4 ANOVA and ANOCOVA, Fac-to-rial and Block De-
 []


Underfull \vbox (badness 10000) has occurred while \output is active []

 [113]
Underfull \vbox (badness 10000) has occurred while \output is active []

 [114]
Overfull \vbox (222.24431pt too high) has occurred while \output is active []


[115]
Overfull \hbox (9.12962pt too wide) in paragraph at lines 314--314
[]\OT1/cmr/bx/n/14.4 Decision The-ory (Bayes and Min-i-max Cri-
 []


Overfull \hbox (1.22292pt too wide) in paragraph at lines 315--315
[]\OT1/cmr/bx/n/14.4 Bayesian Mod-els, Con-ju-gate (and Other)
 []


Overfull \hbox (15.2979pt too wide) in paragraph at lines 321--321
[]\OT1/cmr/bx/n/14.4 Exponential Fam-i-lies & Prop-er-ties, Canon-
 []


Overfull \hbox (8.8146pt too wide) in paragraph at lines 322--322
\OT1/cmr/bx/n/14.4 tion, UMVU Es-ti-mates, Cramer-Rao Lower Bound 
 []


Overfull \hbox (3.08961pt too wide) in paragraph at lines 324--324
[]\OT1/cmr/bx/n/14.4 Asymptotic Ap-prox-i-ma-tion / Large Sam-
 []

) (Statistics/Probability/Probability.tex
Underfull \vbox (badness 10000) has occurred while \output is active []

 [116]
Underfull \vbox (badness 10000) has occurred while \output is active []

 [117]
Overfull \vbox (175.14684pt too high) has occurred while \output is active []


[118]
(Statistics/Probability/Elementary_Theory_of_Probability/Combinatorial_Analysis
.tex
Overfull \hbox (2.37125pt too wide) in paragraph at lines 23--23
[]\OT1/cmr/bx/n/14.4 Binomial Co-ef-fi-cient and Its Ap-pli-ca-tions 
 []

[119] [120] [121] [122] [123] [124])
(Statistics/Probability/Elementary_Theory_of_Probability/Conditional_Probabilit
y.tex [125])
(Statistics/Probability/Elementary_Theory_of_Probability/Probaility_Space.tex
[126])
(Statistics/Probability/Elementary_Theory_of_Probability/Random_Variables.tex
Underfull \vbox (badness 4217) has occurred while \output is active []

 [127]
Overfull \hbox (3.3098pt too wide) in paragraph at lines 9--9
[]\OT1/cmr/bx/n/12 Convolutions: Sum of Nor-mally Dis-tributed Ran-
 []

)
(Statistics/Probability/Elementary_Theory_of_Probability/Useful_Distributions.t
ex

Package hyperref Warning: Token not allowed in a PDF string (PDFDocEncoding):
(hyperref)                removing `math shift' on input line 15.


Package hyperref Warning: Token not allowed in a PDF string (PDFDocEncoding):
(hyperref)                removing `\chi' on input line 15.


Package hyperref Warning: Token not allowed in a PDF string (PDFDocEncoding):
(hyperref)                removing `superscript' on input line 15.


Package hyperref Warning: Token not allowed in a PDF string (PDFDocEncoding):
(hyperref)                removing `math shift' on input line 15.


Underfull \vbox (badness 10000) has occurred while \output is active []

 [128]
Underfull \vbox (badness 10000) has occurred while \output is active []

 [129]
Overfull \vbox (90.73012pt too high) has occurred while \output is active []


[130]
Overfull \hbox (119.38287pt too wide) detected at line 30
[]
 []

[131]

Package hyperref Warning: Token not allowed in a PDF string (PDFDocEncoding):
(hyperref)                removing `math shift' on input line 82.


Package hyperref Warning: Token not allowed in a PDF string (PDFDocEncoding):
(hyperref)                removing `math shift' on input line 82.

)
(Statistics/Probability/Elementary_Theory_of_Probability/Quantitative_Measure_a
nd_Characteristic_Functions.tex
Overfull \hbox (8.37126pt too wide) in paragraph at lines 2--2
[]\OT1/cmr/bx/n/14.4 Describing Shape of a Dis-tri-bu-tion: Skew-
 []


Overfull \hbox (5.21135pt too wide) in paragraph at lines 4--4
[]\OT1/cmr/bx/n/14.4 Degrees of Free-dom, Mean, Vari-ance, and
 []

) (Statistics/Probability/Elementary_Theory_of_Probability/Limit_Theorems.tex
Underfull \vbox (badness 10000) has occurred while \output is active []

 [132]
Overfull \hbox (21.43141pt too wide) has occurred while \output is active
\OT1/cmr/m/sl/10 11.157.  QUANTITATIVE MEASURE AND CHARACTERISTIC FUNCTIONS \OT
1/cmr/m/n/10 133
 []

[133])
(Statistics/Probability/Elementary_Theory_of_Probability/Selected_Topics_of_Pro
bability.tex)
Overfull \hbox (15.13469pt too wide) in paragraph at lines 15--15
[]\OT1/cmr/bx/n/14.4 Elementary The-ory of Stochas-tic Pro-cesses 
 []


(Statistics/Probability/Elementary_Theory_of_Stochastic_Processes/Introduction.
tex
Underfull \vbox (badness 10000) has occurred while \output is active []

 [134]
Overfull \hbox (139.58743pt too wide) in paragraph at lines 11--17
 [][] 
 []

[135])
(Statistics/Probability/Elementary_Theory_of_Stochastic_Processes/Markov_Chains
.tex)
(Statistics/Probability/Elementary_Theory_of_Stochastic_Processes/Poisson_Proce
sses.tex)
(Statistics/Probability/Elementary_Theory_of_Stochastic_Processes/Renewal_Theor
y.tex)
(Statistics/Probability/Elementary_Theory_of_Stochastic_Processes/Selected_Topi
cs_of_Stochastic_Processes.tex)
Underfull \vbox (badness 10000) has occurred while \output is active []

 [136]
Underfull \vbox (badness 10000) has occurred while \output is active []

 [137]
Overfull \vbox (153.16623pt too high) has occurred while \output is active []


[138]
Package hyperref Info: bookmark level for unknown lem defaults to 0 on input li
ne 53.

Underfull \hbox (badness 10000) in paragraph at lines 57--58

 []


Overfull \hbox (11.2825pt too wide) in paragraph at lines 59--60
[]\OT1/cmr/m/n/10 Case 1: $\OMS/cmsy/m/n/10 9\OML/cmm/m/it/10 k; s:t:\OT1/cmr/m
/n/10 (\OML/cmm/m/it/10 a; b\OT1/cmr/m/n/10 ] = ((\OML/cmm/m/it/10 k \OMS/cmsy/
m/n/10   \OT1/cmr/m/n/10 1)2[]\OML/cmm/m/it/10 ; k\OT1/cmr/m/n/10 2[]]$. Since 
$(\OML/cmm/m/it/10 k \OMS/cmsy/m/n/10   \OT1/cmr/m/n/10 1)2[] = 0\OML/cmm/m/it/
10 :d[]d[] [] d[]\OT1/cmr/m/n/10 000 [] $, 
 []


Overfull \hbox (76.91132pt too wide) detected at line 62
[]
 []

[139] [140] [141] [142] [143]
Overfull \hbox (3.25806pt too wide) in paragraph at lines 273--273
[]\OT1/cmr/bx/n/14.4 Measure-theoretical Stochas-tic Pro-cesses 
 []

)) (MachineLearning/MachineLearning.tex [144]
Overfull \hbox (5.99707pt too wide) in paragraph at lines 29--30
[][][]$\OT1/cmtt/m/n/10 http : / / en . wikipedia . org / wiki / Timeline _ of 
_ artificial _ intelligence$[][] 
 []

(MachineLearning/Chapters/Graphical_Models.tex)
Underfull \vbox (badness 10000) has occurred while \output is active []

 [145]
[146] [147]
Overfull \hbox (5.61061pt too wide) in paragraph at lines 123--124
[]\OT1/cmr/m/n/10 The MCMC sam-pling strat-egy is to con-struct an ir-re-ducibl
e, ape-ri-odic Markov
 []

[148] [149] [150]
Overfull \hbox (70.55565pt too wide) in paragraph at lines 234--235
[]\OT1/cmr/m/n/10 A \OT1/cmr/m/it/10 Markov chain \OT1/cmr/m/n/10 is a col-lec-
tion of ran-dom vari-ables $\OMS/cmsy/m/n/10 f\OML/cmm/m/it/10 X[]; X[]; X[]; [
] \OMS/cmsy/m/n/10 g$\OT1/cmr/m/n/10 ,
 []


Overfull \hbox (0.58916pt too wide) in paragraph at lines 241--242
[]\OT1/cmr/m/n/10 A dis-tri-bu-tion over the states of a ho-mo-ge-neous[][][][]
[] Markov
 []

[151]
Overfull \hbox (17.77364pt too wide) detected at line 269
[]
 []


Overfull \hbox (17.77364pt too wide) detected at line 273
[]
 []

[152]
Overfull \hbox (74.7993pt too wide) detected at line 315
[]
 []

[153]
Overfull \hbox (9.8773pt too wide) in paragraph at lines 327--328
\OT1/cmr/m/n/10 di-tional dis-tri-bu-tion $\OML/cmm/m/it/10 Q\OT1/cmr/m/n/10 (\
OML/cmm/m/it/10 X[]\OMS/cmsy/m/n/10 j\OT1/cmr/bx/n/10 X[]\OT1/cmr/m/n/10 )$ is 
known, where $\OT1/cmr/bx/n/10 X[] \OT1/cmr/m/n/10 = (\OML/cmm/m/it/10 X[]; [] 
 ; X[]; X[]; X[]\OT1/cmr/m/n/10 )$.
 []


Underfull \vbox (badness 10000) has occurred while \output is active []

 [154]
[155] [156] [157]) [158] [159

] [160] (Optimization/Optimization.tex
Chapter 12.
[161

] [162

]
Chapter 13.
[163] [164

]
Chapter 14.
[165] [166]
Chapter 15.
) [167

] [168

] [169] [170] [171

] [172] (Interview/Interview.tex
(Interview/LeetCode.tex
Chapter 16.
) (Interview/Kaggle.tex [173

] [174

]
Chapter 17.
) (Interview/FinancialMathematicsProblems.tex [175] [176

]
Chapter 18.

Overfull \hbox (40.116pt too wide) in paragraph at lines 1--1
[]\OT1/cmr/bx/n/24.88 FinancialMathematicsProblems  
 []

) (Interview/FinancialStatisticsProblems.tex [177] [178

]
Chapter 19.
) (Interview/FinancialProgrammingProblems.tex [179] [180

]
Chapter 20.

Overfull \hbox (49.23288pt too wide) in paragraph at lines 1--1
[]\OT1/cmr/bx/n/24.88 FinancialProgrammingProblems  
 []

) (Interview/BrainTeasers.tex [181] [182

]
Chapter 21.
)
Package hyperref Info: bookmark level for unknown ques defaults to 0 on input l
ine 8.
Package hyperref Info: bookmark level for unknown ans defaults to 0 on input li
ne 9.
 [183] [184]
Overfull \hbox (0.66812pt too wide) in paragraph at lines 109--111
[]\OT1/cmr/m/n/10 What are Learn-ing, Ma-chine Learn-ing, Data Min-ing, Statis-

 []

[185]) [186] [187

] [188]
Underfull \hbox (badness 10000) in paragraph at lines 45--46
[][][]$\OT1/cmtt/m/n/10 http : / / normaldeviate . wordpress . com / 2012 / 11 
/ 17 /
 []


Overfull \hbox (157.0515pt too wide) in paragraph at lines 46--47
[][][]$\OT1/cmtt/m/n/10 http : / / www . quora . com / What-[]is-[]the-[]differ
ence-[]between-[]Bayesian-[]and-[]frequentist-[]statisticians$[][] 
 []


Underfull \hbox (badness 10000) in paragraph at lines 48--49
[][][]$\OT1/cmtt/m/n/10 http : / / www . bayesian-[]inference . com / likelihoo
d #
 []


Underfull \hbox (badness 10000) in paragraph at lines 52--53
[][][]$\OT1/cmtt/m/n/10 http : / / www . quora . com / Statistics-[]academic-[]
discipline /
 []


Overfull \hbox (157.0515pt too wide) in paragraph at lines 53--54
[][][]$\OT1/cmtt/m/n/10 http : / / www . quora . com / What-[]is-[]the-[]differ
ence-[]between-[]Bayesian-[]and-[]frequentist-[]statisticians$[][] 
 []


Underfull \hbox (badness 10000) in paragraph at lines 54--55
[][][]$\OT1/cmtt/m/n/10 http : / / en . wikipedia . org / wiki / Confidence _ i
nterval # Meaning _
 []

[189

]pdfTeX warning (ext4): destination with the same identifier (name{cite.Stewart
}) has been already used, duplicate ignored
<to be read again> 
                   \relax 
l.65 \bibitem{Stewart}
                       James Stewart {\em{Calsulus - Early Transcendentals}}...
pdfTeX warning (ext4): destination with the same identifier (name{cite.Rudin}) 
has been already used, duplicate ignored
<to be read again> 
                   \relax 
l.66 \bibitem{Rudin}
                     Walter Rudin {\em{Principles of Mathematical Analysis}}...
pdfTeX warning (ext4): destination with the same identifier (name{cite.Royden})
 has been already used, duplicate ignored
<to be read again> 
                   \relax 
l.67 \bibitem{Royden}
                      H. L. Royden {\em{Real Analysis}}. Pearson Eduction, I...
pdfTeX warning (ext4): destination with the same identifier (name{cite.Kreyszig
}) has been already used, duplicate ignored
<to be read again> 
                   \relax 
l.68 \bibitem{Kreyszig}
                        Erwin Kreyszig {\em{Introductory Functional Analysis...
pdfTeX warning (ext4): destination with the same identifier (name{cite.Folland}
) has been already used, duplicate ignored
<to be read again> 
                   \relax 
l.69 \bibitem{Folland}
                       Gerald B. Folland {\em{Real Analysis: Modern Techniqu...
pdfTeX warning (ext4): destination with the same identifier (name{cite.Torchins
ky}) has been already used, duplicate ignored
<to be read again> 
                   \relax 
l.70 \bibitem{Torchinsky}
                          Alberto Torchinsky {\em{Real Variables}}. Westview...
pdfTeX warning (ext4): destination with the same identifier (name{cite.Stewart}
) has been already used, duplicate ignored
<to be read again> 
                   \relax 
l.72 \bibitem{Stewart}
                       James Stewart {\em{Calsulus - Early Transcendentals}}...
pdfTeX warning (ext4): destination with the same identifier (name{cite.Rudin}) 
has been already used, duplicate ignored
<to be read again> 
                   \relax 
l.73 \bibitem{Rudin}
                     Walter Rudin {\em{Principles of Mathematical Analysis}}...
pdfTeX warning (ext4): destination with the same identifier (name{cite.Royden})
 has been already used, duplicate ignored
<to be read again> 
                   \relax 
l.74 \bibitem{Royden}
                      H. L. Royden {\em{Real Analysis}}. Pearson Eduction, I...
pdfTeX warning (ext4): destination with the same identifier (name{cite.Kreyszig
}) has been already used, duplicate ignored
<to be read again> 
                   \relax 
l.75 \bibitem{Kreyszig}
                        Erwin Kreyszig {\em{Introductory Functional Analysis...
pdfTeX warning (ext4): destination with the same identifier (name{cite.Folland}
) has been already used, duplicate ignored
<to be read again> 
                   \relax 
l.76 \bibitem{Folland}
                       Gerald B. Folland {\em{Real Analysis: Modern Techniqu...
[190pdfTeX warning (ext4): destination with the same identifier (name{cite.Nydi
ck}) has been already used, duplicate ignored

\AtBegShi@Output ...ipout \box \AtBeginShipoutBox 
                                                  \fi \fi 
l.77 \bibitem{Torchinsky}
                          Alberto Torchinsky {\em{Real Variables}}. Westview...
]pdfTeX warning (ext4): destination with the same identifier (name{cite.Torchin
sky}) has been already used, duplicate ignored
<to be read again> 
                   \relax 
l.77 \bibitem{Torchinsky}
                          Alberto Torchinsky {\em{Real Variables}}. Westview...
pdfTeX warning (ext4): destination with the same identifier (name{cite.Wasserma
n}) has been already used, duplicate ignored
<to be read again> 
                   \relax 
l.79 \bibitem{Wasserman}
                         {\url{http://normaldeviate.wordpress.com/2012/11/17...

Underfull \hbox (badness 10000) in paragraph at lines 79--80
[][][]$\OT1/cmtt/m/n/10 http : / / normaldeviate . wordpress . com / 2012 / 11 
/ 17 /
 []

pdfTeX warning (ext4): destination with the same identifier (name{cite.Hochster
}) has been already used, duplicate ignored
<to be read again> 
                   \relax 
l.80 \bibitem{Hochster}
                        {\url{http://www.quora.com/What-is-the-difference-be...

Overfull \hbox (157.0515pt too wide) in paragraph at lines 80--81
[][][]$\OT1/cmtt/m/n/10 http : / / www . quora . com / What-[]is-[]the-[]differ
ence-[]between-[]Bayesian-[]and-[]frequentist-[]statisticians$[][] 
 []

pdfTeX warning (ext4): destination with the same identifier (name{cite.bayesian
-inference\040advantage}) has been already used, duplicate ignored
<to be read again> 
                   \relax 
l.81 \bibitem{bayesian-inference advantage}
                                            {\url{http://www.bayesian-infere...
pdfTeX warning (ext4): destination with the same identifier (name{cite.bayesian
-inference\040likelihood}) has been already used, duplicate ignored
<to be read again> 
                   \relax 
l.82 \bibitem{bayesian-inference likelihood}
                                             {\url{http://www.bayesian-infer...

Underfull \hbox (badness 10000) in paragraph at lines 82--83
[][][]$\OT1/cmtt/m/n/10 http : / / www . bayesian-[]inference . com / likelihoo
d #
 []

pdfTeX warning (ext4): destination with the same identifier (name{cite.Rossi}) 
has been already used, duplicate ignored
<to be read again> 
                   \relax 
l.83 \bibitem{Rossi}
                     Rossi P, Allenby G, McCulloch R. {\emph{Bayesian Statis...
pdfTeX warning (ext4): destination with the same identifier (name{cite.Efron\04
01978}) has been already used, duplicate ignored
<to be read again> 
                   \relax 
l.84 \bibitem{Efron 1978}
                          Efron, Bradley. {\emph{Controversies in the Founda...
pdfTeX warning (ext4): destination with the same identifier (name{cite.Efron\04
02013}) has been already used, duplicate ignored
<to be read again> 
                   \relax 
l.85 \bibitem{Efron 2013}
                          Efron, Bradley. {\emph{A 250-year Argument: Belief...
pdfTeX warning (ext4): destination with the same identifier (name{cite.quora\04
0CI}) has been already used, duplicate ignored
<to be read again> 
                   \relax 
l.86 \bibitem{quora CI}
                        {\url{http://www.quora.com/Statistics-academic-disci...

Underfull \hbox (badness 10000) in paragraph at lines 86--87
[][][]$\OT1/cmtt/m/n/10 http : / / www . quora . com / Statistics-[]academic-[]
discipline /
 []

pdfTeX warning (ext4): destination with the same identifier (name{cite.quora\04
0diff}) has been already used, duplicate ignored
<to be read again> 
                   \relax 
l.87 \bibitem{quora diff}
                          {\url{http://www.quora.com/What-is-the-difference-...

Overfull \hbox (157.0515pt too wide) in paragraph at lines 87--88
[][][]$\OT1/cmtt/m/n/10 http : / / www . quora . com / What-[]is-[]the-[]differ
ence-[]between-[]Bayesian-[]and-[]frequentist-[]statisticians$[][] 
 []

pdfTeX warning (ext4): destination with the same identifier (name{cite.wiki}) h
as been already used, duplicate ignored
<to be read again> 
                   \relax 
l.88 \bibitem{wiki}
                    {\url{http://en.wikipedia.org/wiki/Confidence_interval#M...

Underfull \hbox (badness 10000) in paragraph at lines 88--89
[][][]$\OT1/cmtt/m/n/10 http : / / en . wikipedia . org / wiki / Confidence _ i
nterval # Meaning _
 []

pdfTeX warning (ext4): destination with the same identifier (name{cite.Minka}) 
has been already used, duplicate ignored
<to be read again> 
                   \relax 
l.90 \bibitem{Minka}
                     Thomas P. Minka. {\em{Old and New Matrix Algebra Useful...
pdfTeX warning (ext4): destination with the same identifier (name{cite.Wikepedi
a}) has been already used, duplicate ignored
<to be read again> 
                   \relax 
l.91 \bibitem{Wikepedia}
                         \url{http://en.wikipedia.org/wiki/Matrix_calculus}....
pdfTeX warning (ext4): destination with the same identifier (name{cite.Searle})
 has been already used, duplicate ignored
<to be read again> 
                   \relax 
l.92 \bibitem{Searle}
                      S. R. Searle and H. V. Henderson. {\em{A Primer on Dif...
pdfTeX warning (ext4): destination with the same identifier (name{cite.Nydick})
 has been already used, duplicate ignored
<to be read again> 
                   \relax 
l.93 \bibitem{Nydick}
                      Steven W. Nydick. {\em{A Different(ial) Way Matrix Der...
pdfTeX warning (ext4): destination with the same identifier (name{cite.Nydick})
 has been already used, duplicate ignored
<to be read again> 
                   \relax 
l.94 \bibitem{Nydick}
                      Steven W. Nydick. {\em{With(out) A Trace Matrix Deriva...
pdfTeX warning (ext4): destination with the same identifier (name{cite.Roweis})
 has been already used, duplicate ignored
<to be read again> 
                   \relax 
l.95 \bibitem{Roweis}
                      Sam Roweis. {\em{Matrix Identities}}. June 1999.pdfTeX wa
rning (ext4): destination with the same identifier (name{cite.Tao}) has been al
ready used, duplicate ignored
<to be read again> 
                   \relax 
l.96 \bibitem{Tao}
                   Terry Tao. {\em{Matrix identities as derivatives of deter...
pdfTeX warning (ext4): destination with the same identifier (name{cite.Stewart}
) has been already used, duplicate ignored
<to be read again> 
                   \relax 
l.97 \bibitem{Stewart}
                       James Stewart {\em{Calsulus - Early Transcendentals}}...
[191]pdfTeX warning (ext4): destination with the same identifier (name{cite.Rud
in}) has been already used, duplicate ignored
<to be read again> 
                   \relax 
l.98 \bibitem{Rudin}
                     Walter Rudin {\em{Principles of Mathematical Analysis}}...
pdfTeX warning (ext4): destination with the same identifier (name{cite.Royden})
 has been already used, duplicate ignored
<to be read again> 
                   \relax 
l.99 \bibitem{Royden}
                      H. L. Royden {\em{Real Analysis}}. Pearson Eduction, I...
pdfTeX warning (ext4): destination with the same identifier (name{cite.Kreyszig
}) has been already used, duplicate ignored
<to be read again> 
                   \relax 
l.100 \bibitem{Kreyszig}
                         Erwin Kreyszig {\em{Introductory Functional Analysi...
pdfTeX warning (ext4): destination with the same identifier (name{cite.Folland}
) has been already used, duplicate ignored
<to be read again> 
                   \relax 
l.101 \bibitem{Folland}
                        Gerald B. Folland {\em{Real Analysis: Modern Techniq...
pdfTeX warning (ext4): destination with the same identifier (name{cite.Torchins
ky}) has been already used, duplicate ignored
<to be read again> 
                   \relax 
l.102 \bibitem{Torchinsky}
                           Alberto Torchinsky {\em{Real Variables}}. Westvie...
pdfTeX warning (ext4): destination with the same identifier (name{cite.Wasserma
n}) has been already used, duplicate ignored
<to be read again> 
                   \relax 
l.104 \bibitem{Wasserman}
                          {\url{http://normaldeviate.wordpress.com/2012/11/1...

Underfull \hbox (badness 10000) in paragraph at lines 104--105
[][][]$\OT1/cmtt/m/n/10 http : / / normaldeviate . wordpress . com / 2012 / 11 
/ 17 /
 []

pdfTeX warning (ext4): destination with the same identifier (name{cite.Hochster
}) has been already used, duplicate ignored
<to be read again> 
                   \relax 
l.105 \bibitem{Hochster}
                         {\url{http://www.quora.com/What-is-the-difference-b...

Overfull \hbox (157.0515pt too wide) in paragraph at lines 105--106
[][][]$\OT1/cmtt/m/n/10 http : / / www . quora . com / What-[]is-[]the-[]differ
ence-[]between-[]Bayesian-[]and-[]frequentist-[]statisticians$[][] 
 []

pdfTeX warning (ext4): destination with the same identifier (name{cite.bayesian
-inference\040advantage}) has been already used, duplicate ignored
<to be read again> 
                   \relax 
l.106 \bibitem{bayesian-inference advantage}
                                             {\url{http://www.bayesian-infer...
pdfTeX warning (ext4): destination with the same identifier (name{cite.bayesian
-inference\040likelihood}) has been already used, duplicate ignored
<to be read again> 
                   \relax 
l.107 \bibitem{bayesian-inference likelihood}
                                              {\url{http://www.bayesian-infe...

Underfull \hbox (badness 10000) in paragraph at lines 107--108
[][][]$\OT1/cmtt/m/n/10 http : / / www . bayesian-[]inference . com / likelihoo
d #
 []

pdfTeX warning (ext4): destination with the same identifier (name{cite.Rossi}) 
has been already used, duplicate ignored
<to be read again> 
                   \relax 
l.108 \bibitem{Rossi}
                      Rossi P, Allenby G, McCulloch R. {\emph{Bayesian Stati...
pdfTeX warning (ext4): destination with the same identifier (name{cite.Efron\04
01978}) has been already used, duplicate ignored
<to be read again> 
                   \relax 
l.109 \bibitem{Efron 1978}
                           Efron, Bradley. {\emph{Controversies in the Found...
pdfTeX warning (ext4): destination with the same identifier (name{cite.Efron\04
02013}) has been already used, duplicate ignored
<to be read again> 
                   \relax 
l.110 \bibitem{Efron 2013}
                           Efron, Bradley. {\emph{A 250-year Argument: Belie...
pdfTeX warning (ext4): destination with the same identifier (name{cite.quora\04
0CI}) has been already used, duplicate ignored
<to be read again> 
                   \relax 
l.111 \bibitem{quora CI}
                         {\url{http://www.quora.com/Statistics-academic-disc...

Underfull \hbox (badness 10000) in paragraph at lines 111--112
[][][]$\OT1/cmtt/m/n/10 http : / / www . quora . com / Statistics-[]academic-[]
discipline /
 []

pdfTeX warning (ext4): destination with the same identifier (name{cite.quora\04
0diff}) has been already used, duplicate ignored
<to be read again> 
                   \relax 
l.112 \bibitem{quora diff}
                           {\url{http://www.quora.com/What-is-the-difference...

Overfull \hbox (157.0515pt too wide) in paragraph at lines 112--113
[][][]$\OT1/cmtt/m/n/10 http : / / www . quora . com / What-[]is-[]the-[]differ
ence-[]between-[]Bayesian-[]and-[]frequentist-[]statisticians$[][] 
 []

pdfTeX warning (ext4): destination with the same identifier (name{cite.wiki}) h
as been already used, duplicate ignored
<to be read again> 
                   \relax 
l.113 \bibitem{wiki}
                     {\url{http://en.wikipedia.org/wiki/Confidence_interval#...

Underfull \hbox (badness 10000) in paragraph at lines 113--114
[][][]$\OT1/cmtt/m/n/10 http : / / en . wikipedia . org / wiki / Confidence _ i
nterval # Meaning _
 []

pdfTeX warning (ext4): destination with the same identifier (name{cite.Minka}) 
has been already used, duplicate ignored
<to be read again> 
                   \relax 
l.115 \bibitem{Minka}
                      Thomas P. Minka. {\em{Old and New Matrix Algebra Usefu...
pdfTeX warning (ext4): destination with the same identifier (name{cite.Wikepedi
a}) has been already used, duplicate ignored
<to be read again> 
                   \relax 
l.116 \bibitem{Wikepedia}
                          \url{http://en.wikipedia.org/wiki/Matrix_calculus}...
pdfTeX warning (ext4): destination with the same identifier (name{cite.Searle})
 has been already used, duplicate ignored
<to be read again> 
                   \relax 
l.117 \bibitem{Searle}
                       S. R. Searle and H. V. Henderson. {\em{A Primer on Di...
pdfTeX warning (ext4): destination with the same identifier (name{cite.Nydick})
 has been already used, duplicate ignored
<to be read again> 
                   \relax 
l.118 \bibitem{Nydick}
                       Steven W. Nydick. {\em{A Different(ial) Way Matrix De...
[192]pdfTeX warning (ext4): destination with the same identifier (name{cite.Nyd
ick}) has been already used, duplicate ignored
<to be read again> 
                   \relax 
l.119 \bibitem{Nydick}
                       Steven W. Nydick. {\em{With(out) A Trace Matrix Deriv...
pdfTeX warning (ext4): destination with the same identifier (name{cite.Roweis})
 has been already used, duplicate ignored
<to be read again> 
                   \relax 
l.120 \bibitem{Roweis}
                       Sam Roweis. {\em{Matrix Identities}}. June 1999.pdfTeX w
arning (ext4): destination with the same identifier (name{cite.Tao}) has been a
lready used, duplicate ignored
<to be read again> 
                   \relax 
l.121 \bibitem{Tao}
                    Terry Tao. {\em{Matrix identities as derivatives of dete...
pdfTeX warning (ext4): destination with the same identifier (name{cite.Harrison
05}) has been already used, duplicate ignored
<to be read again> 
                   \relax 
l.122 \bibitem{Harrison05}
                           P. G. Harrison. {\em{Sloppy Derivations of It\^o'...
pdfTeX warning (ext4): destination with the same identifier (name{cite.Rouah}) 
has been already used, duplicate ignored
<to be read again> 
                   \relax 
l.123 \bibitem{Rouah}
                      Fabrice Douglas Rouah. {\em{Heuristic Derivation of th...
(QBook.ind [193] [194


])
\tf@thm=\write6
\openout6 = `QBook.thm'.

Package atveryend Info: Empty hook `BeforeClearDocument' on input line 128.
Package atveryend Info: Empty hook `AfterLastShipout' on input line 128.
 (QBook.aux)
Package atveryend Info: Executing hook `AtVeryEndDocument' on input line 128.
Package atveryend Info: Executing hook `AtEndAfterFileList' on input line 128.
Package rerunfilecheck Info: File `QBook.out' has not changed.
(rerunfilecheck)             Checksum: 66856BD08329D2473D08491FBB49FC20;49585.


LaTeX Warning: There were undefined references.


LaTeX Warning: There were multiply-defined labels.

Package atveryend Info: Empty hook `AtVeryVeryEnd' on input line 128.
 )
(\end occurred inside a group at level 3)

### simple group (level 3) entered at line 87 ({)
### simple group (level 2) entered at line 3 ({)
### simple group (level 1) entered at line 257 ({)
### bottom level 
Here is how much of TeX's memory you used:
 17486 strings out of 492973
 295464 string characters out of 3135933
 346938 words of memory out of 3000000
 19252 multiletter control sequences out of 15000+200000
 20532 words of font info for 84 fonts, out of 3000000 for 9000
 1141 hyphenation exceptions out of 8191
 42i,20n,40p,1494b,764s stack positions out of 5000i,500n,10000p,200000b,50000s
 <C:\Users\tancy\AppData\Local\MiKTeX\2.9\fonts\pk\ljfour\publi
c\esint\dpi600\esint10.pk><C:/Program Files/MiKTeX 2.9/fonts/type1/public/amsfo
nts/cm/cmbx10.pfb><C:/Program Files/MiKTeX 2.9/fonts/type1/public/amsfonts/cm/c
mbx12.pfb><C:/Program Files/MiKTeX 2.9/fonts/type1/public/amsfonts/cm/cmbx6.pfb
><C:/Program Files/MiKTeX 2.9/fonts/type1/public/amsfonts/cm/cmbx7.pfb><C:/Prog
ram Files/MiKTeX 2.9/fonts/type1/public/amsfonts/cm/cmbx8.pfb><C:/Program Files
/MiKTeX 2.9/fonts/type1/public/amsfonts/cm/cmbxti10.pfb><C:/Program Files/MiKTe
X 2.9/fonts/type1/public/amsfonts/cm/cmex10.pfb><C:/Program Files/MiKTeX 2.9/fo
nts/type1/public/amsfonts/cmextra/cmex7.pfb><C:/Program Files/MiKTeX 2.9/fonts/
type1/public/amsfonts/cm/cmmi10.pfb><C:/Program Files/MiKTeX 2.9/fonts/type1/pu
blic/amsfonts/cm/cmmi12.pfb><C:/Program Files/MiKTeX 2.9/fonts/type1/public/ams
fonts/cm/cmmi5.pfb><C:/Program Files/MiKTeX 2.9/fonts/type1/public/amsfonts/cm/
cmmi6.pfb><C:/Program Files/MiKTeX 2.9/fonts/type1/public/amsfonts/cm/cmmi7.pfb
><C:/Program Files/MiKTeX 2.9/fonts/type1/public/amsfonts/cm/cmmi8.pfb><C:/Prog
ram Files/MiKTeX 2.9/fonts/type1/public/amsfonts/cm/cmmib10.pfb><C:/Program Fil
es/MiKTeX 2.9/fonts/type1/public/amsfonts/cmextra/cmmib7.pfb><C:/Program Files/
MiKTeX 2.9/fonts/type1/public/amsfonts/cm/cmr10.pfb><C:/Program Files/MiKTeX 2.
9/fonts/type1/public/amsfonts/cm/cmr12.pfb><C:/Program Files/MiKTeX 2.9/fonts/t
ype1/public/amsfonts/cm/cmr17.pfb><C:/Program Files/MiKTeX 2.9/fonts/type1/publ
ic/amsfonts/cm/cmr5.pfb><C:/Program Files/MiKTeX 2.9/fonts/type1/public/amsfont
s/cm/cmr6.pfb><C:/Program Files/MiKTeX 2.9/fonts/type1/public/amsfonts/cm/cmr7.
pfb><C:/Program Files/MiKTeX 2.9/fonts/type1/public/amsfonts/cm/cmr8.pfb><C:/Pr
ogram Files/MiKTeX 2.9/fonts/type1/public/amsfonts/cm/cmsl10.pfb><C:/Program Fi
les/MiKTeX 2.9/fonts/type1/public/amsfonts/cm/cmsy10.pfb><C:/Program Files/MiKT
eX 2.9/fonts/type1/public/amsfonts/cm/cmsy5.pfb><C:/Program Files/MiKTeX 2.9/fo
nts/type1/public/amsfonts/cm/cmsy7.pfb><C:/Program Files/MiKTeX 2.9/fonts/type1
/public/amsfonts/cm/cmsy8.pfb><C:/Program Files/MiKTeX 2.9/fonts/type1/public/a
msfonts/cm/cmti10.pfb><C:/Program Files/MiKTeX 2.9/fonts/type1/public/amsfonts/
cm/cmti8.pfb><C:/Program Files/MiKTeX 2.9/fonts/type1/public/amsfonts/cm/cmtt10
.pfb><C:/Program Files/MiKTeX 2.9/fonts/type1/public/amsfonts/symbols/msam10.pf
b><C:/Program Files/MiKTeX 2.9/fonts/type1/public/amsfonts/symbols/msbm10.pfb><
C:/Program Files/MiKTeX 2.9/fonts/type1/public/amsfonts/symbols/msbm7.pfb><C:/P
rogram Files/MiKTeX 2.9/fonts/type1/public/rsfs/rsfs10.pfb>
Output written on QBook.pdf (194 pages, 1328931 bytes).
PDF statistics:
 5409 PDF objects out of 6186 (max. 8388607)
 1678 named destinations out of 1728 (max. 500000)
 4977 words of extra memory for PDF output out of 10000 (max. 10000000)

